running egg_info
creating ../../../build/project1_pubsub/project1_pubsub.egg-info
writing ../../../build/project1_pubsub/project1_pubsub.egg-info/PKG-INFO
writing dependency_links to ../../../build/project1_pubsub/project1_pubsub.egg-info/dependency_links.txt
writing entry points to ../../../build/project1_pubsub/project1_pubsub.egg-info/entry_points.txt
writing requirements to ../../../build/project1_pubsub/project1_pubsub.egg-info/requires.txt
writing top-level names to ../../../build/project1_pubsub/project1_pubsub.egg-info/top_level.txt
writing manifest file '../../../build/project1_pubsub/project1_pubsub.egg-info/SOURCES.txt'
reading manifest file '../../../build/project1_pubsub/project1_pubsub.egg-info/SOURCES.txt'
writing manifest file '../../../build/project1_pubsub/project1_pubsub.egg-info/SOURCES.txt'
running build
running build_py
creating /home/samuel/ros2_humble/CSCE452-samuel.fafel/build/project1_pubsub/build
creating /home/samuel/ros2_humble/CSCE452-samuel.fafel/build/project1_pubsub/build/lib
creating /home/samuel/ros2_humble/CSCE452-samuel.fafel/build/project1_pubsub/build/lib/project1_pubsub
copying project1_pubsub/__init__.py -> /home/samuel/ros2_humble/CSCE452-samuel.fafel/build/project1_pubsub/build/lib/project1_pubsub
copying project1_pubsub/project1.py -> /home/samuel/ros2_humble/CSCE452-samuel.fafel/build/project1_pubsub/build/lib/project1_pubsub
running install
running install_lib
creating /home/samuel/ros2_humble/CSCE452-samuel.fafel/install/project1_pubsub/lib/python3.10/site-packages/project1_pubsub
copying /home/samuel/ros2_humble/CSCE452-samuel.fafel/build/project1_pubsub/build/lib/project1_pubsub/__init__.py -> /home/samuel/ros2_humble/CSCE452-samuel.fafel/install/project1_pubsub/lib/python3.10/site-packages/project1_pubsub
copying /home/samuel/ros2_humble/CSCE452-samuel.fafel/build/project1_pubsub/build/lib/project1_pubsub/project1.py -> /home/samuel/ros2_humble/CSCE452-samuel.fafel/install/project1_pubsub/lib/python3.10/site-packages/project1_pubsub
byte-compiling /home/samuel/ros2_humble/CSCE452-samuel.fafel/install/project1_pubsub/lib/python3.10/site-packages/project1_pubsub/__init__.py to __init__.cpython-310.pyc
byte-compiling /home/samuel/ros2_humble/CSCE452-samuel.fafel/install/project1_pubsub/lib/python3.10/site-packages/project1_pubsub/project1.py to project1.cpython-310.pyc
running install_data
creating /home/samuel/ros2_humble/CSCE452-samuel.fafel/install/project1_pubsub/share/ament_index
creating /home/samuel/ros2_humble/CSCE452-samuel.fafel/install/project1_pubsub/share/ament_index/resource_index
creating /home/samuel/ros2_humble/CSCE452-samuel.fafel/install/project1_pubsub/share/ament_index/resource_index/packages
copying resource/project1_pubsub -> /home/samuel/ros2_humble/CSCE452-samuel.fafel/install/project1_pubsub/share/ament_index/resource_index/packages
copying package.xml -> /home/samuel/ros2_humble/CSCE452-samuel.fafel/install/project1_pubsub/share/project1_pubsub
running install_egg_info
Copying ../../../build/project1_pubsub/project1_pubsub.egg-info to /home/samuel/ros2_humble/CSCE452-samuel.fafel/install/project1_pubsub/lib/python3.10/site-packages/project1_pubsub-0.0.0-py3.10.egg-info
running install_scripts
Installing controller script to /home/samuel/ros2_humble/CSCE452-samuel.fafel/install/project1_pubsub/lib/project1_pubsub
writing list of installed files to '/home/samuel/ros2_humble/CSCE452-samuel.fafel/build/project1_pubsub/install.log'
