[1.921s] Invoking command in '/home/samuel/ros2_humble/CSCE452-samuel.fafel/project1_ws/src/project1_pubsub': PYTHONPATH=/home/samuel/ros2_humble/CSCE452-samuel.fafel/build/project1_pubsub/prefix_override:/home/samuel/ros2_humble/CSCE452-samuel.fafel/install/project1_pubsub/lib/python3.10/site-packages:${PYTHONPATH} /usr/bin/python3 setup.py egg_info --egg-base ../../../build/project1_pubsub build --build-base /home/samuel/ros2_humble/CSCE452-samuel.fafel/build/project1_pubsub/build install --record /home/samuel/ros2_humble/CSCE452-samuel.fafel/build/project1_pubsub/install.log --single-version-externally-managed
[2.312s] running egg_info
[2.313s] creating ../../../build/project1_pubsub/project1_pubsub.egg-info
[2.313s] writing ../../../build/project1_pubsub/project1_pubsub.egg-info/PKG-INFO
[2.314s] writing dependency_links to ../../../build/project1_pubsub/project1_pubsub.egg-info/dependency_links.txt
[2.314s] writing entry points to ../../../build/project1_pubsub/project1_pubsub.egg-info/entry_points.txt
[2.314s] writing requirements to ../../../build/project1_pubsub/project1_pubsub.egg-info/requires.txt
[2.314s] writing top-level names to ../../../build/project1_pubsub/project1_pubsub.egg-info/top_level.txt
[2.314s] writing manifest file '../../../build/project1_pubsub/project1_pubsub.egg-info/SOURCES.txt'
[2.315s] reading manifest file '../../../build/project1_pubsub/project1_pubsub.egg-info/SOURCES.txt'
[2.316s] writing manifest file '../../../build/project1_pubsub/project1_pubsub.egg-info/SOURCES.txt'
[2.316s] running build
[2.316s] running build_py
[2.316s] creating /home/samuel/ros2_humble/CSCE452-samuel.fafel/build/project1_pubsub/build
[2.317s] creating /home/samuel/ros2_humble/CSCE452-samuel.fafel/build/project1_pubsub/build/lib
[2.317s] creating /home/samuel/ros2_humble/CSCE452-samuel.fafel/build/project1_pubsub/build/lib/project1_pubsub
[2.317s] copying project1_pubsub/__init__.py -> /home/samuel/ros2_humble/CSCE452-samuel.fafel/build/project1_pubsub/build/lib/project1_pubsub
[2.317s] copying project1_pubsub/project1.py -> /home/samuel/ros2_humble/CSCE452-samuel.fafel/build/project1_pubsub/build/lib/project1_pubsub
[2.318s] running install
[2.318s] /usr/lib/python3/dist-packages/setuptools/command/install.py:34: SetuptoolsDeprecationWarning: setup.py install is deprecated. Use build and pip and other standards-based tools.
[2.318s]   warnings.warn(
[2.318s] running install_lib
[2.318s] creating /home/samuel/ros2_humble/CSCE452-samuel.fafel/install/project1_pubsub/lib/python3.10/site-packages/project1_pubsub
[2.318s] copying /home/samuel/ros2_humble/CSCE452-samuel.fafel/build/project1_pubsub/build/lib/project1_pubsub/__init__.py -> /home/samuel/ros2_humble/CSCE452-samuel.fafel/install/project1_pubsub/lib/python3.10/site-packages/project1_pubsub
[2.318s] copying /home/samuel/ros2_humble/CSCE452-samuel.fafel/build/project1_pubsub/build/lib/project1_pubsub/project1.py -> /home/samuel/ros2_humble/CSCE452-samuel.fafel/install/project1_pubsub/lib/python3.10/site-packages/project1_pubsub
[2.320s] byte-compiling /home/samuel/ros2_humble/CSCE452-samuel.fafel/install/project1_pubsub/lib/python3.10/site-packages/project1_pubsub/__init__.py to __init__.cpython-310.pyc
[2.320s] byte-compiling /home/samuel/ros2_humble/CSCE452-samuel.fafel/install/project1_pubsub/lib/python3.10/site-packages/project1_pubsub/project1.py to project1.cpython-310.pyc
[2.320s] running install_data
[2.321s] creating /home/samuel/ros2_humble/CSCE452-samuel.fafel/install/project1_pubsub/share/ament_index
[2.321s] creating /home/samuel/ros2_humble/CSCE452-samuel.fafel/install/project1_pubsub/share/ament_index/resource_index
[2.321s] creating /home/samuel/ros2_humble/CSCE452-samuel.fafel/install/project1_pubsub/share/ament_index/resource_index/packages
[2.321s] copying resource/project1_pubsub -> /home/samuel/ros2_humble/CSCE452-samuel.fafel/install/project1_pubsub/share/ament_index/resource_index/packages
[2.321s] copying package.xml -> /home/samuel/ros2_humble/CSCE452-samuel.fafel/install/project1_pubsub/share/project1_pubsub
[2.321s] running install_egg_info
[2.327s] Copying ../../../build/project1_pubsub/project1_pubsub.egg-info to /home/samuel/ros2_humble/CSCE452-samuel.fafel/install/project1_pubsub/lib/python3.10/site-packages/project1_pubsub-0.0.0-py3.10.egg-info
[2.327s] running install_scripts
[2.362s] Installing controller script to /home/samuel/ros2_humble/CSCE452-samuel.fafel/install/project1_pubsub/lib/project1_pubsub
[2.363s] writing list of installed files to '/home/samuel/ros2_humble/CSCE452-samuel.fafel/build/project1_pubsub/install.log'
[2.481s] Invoked command in '/home/samuel/ros2_humble/CSCE452-samuel.fafel/project1_ws/src/project1_pubsub' returned '0': PYTHONPATH=/home/samuel/ros2_humble/CSCE452-samuel.fafel/build/project1_pubsub/prefix_override:/home/samuel/ros2_humble/CSCE452-samuel.fafel/install/project1_pubsub/lib/python3.10/site-packages:${PYTHONPATH} /usr/bin/python3 setup.py egg_info --egg-base ../../../build/project1_pubsub build --build-base /home/samuel/ros2_humble/CSCE452-samuel.fafel/build/project1_pubsub/build install --record /home/samuel/ros2_humble/CSCE452-samuel.fafel/build/project1_pubsub/install.log --single-version-externally-managed
