[1.758s] DEBUG:colcon:Command line arguments: ['/usr/bin/colcon', 'build']
[1.759s] DEBUG:colcon:Parsed command line arguments: Namespace(log_base=None, log_level=None, verb_name='build', build_base='build', install_base='install', merge_install=False, symlink_install=False, test_result_base=None, continue_on_error=False, executor='parallel', parallel_workers=8, event_handlers=None, ignore_user_meta=False, metas=['./colcon.meta'], base_paths=['.'], packages_ignore=None, packages_ignore_regex=None, paths=None, packages_up_to=None, packages_up_to_regex=None, packages_above=None, packages_above_and_dependencies=None, packages_above_depth=None, packages_select_by_dep=None, packages_skip_by_dep=None, packages_skip_up_to=None, packages_select_build_failed=False, packages_skip_build_finished=False, packages_select_test_failures=False, packages_skip_test_passed=False, packages_select=None, packages_skip=None, packages_select_regex=None, packages_skip_regex=None, packages_start=None, packages_end=None, allow_overriding=[], cmake_args=None, cmake_target=None, cmake_target_skip_unavailable=False, cmake_clean_cache=False, cmake_clean_first=False, cmake_force_configure=False, ament_cmake_args=None, catkin_cmake_args=None, catkin_skip_building_tests=False, verb_parser=<colcon_defaults.argument_parser.defaults.DefaultArgumentsDecorator object at 0x7fdccd1f30d0>, verb_extension=<colcon_core.verb.build.BuildVerb object at 0x7fdccd0f95d0>, main=<bound method BuildVerb.main of <colcon_core.verb.build.BuildVerb object at 0x7fdccd0f95d0>>)
[1.860s] Level 1:colcon.colcon_core.package_discovery:discover_packages(colcon_meta) check parameters
[1.860s] Level 1:colcon.colcon_core.package_discovery:discover_packages(recursive) check parameters
[1.860s] Level 1:colcon.colcon_core.package_discovery:discover_packages(ignore) check parameters
[1.860s] Level 1:colcon.colcon_core.package_discovery:discover_packages(path) check parameters
[1.860s] Level 1:colcon.colcon_core.package_discovery:discover_packages(colcon_meta) discover
[1.860s] Level 1:colcon.colcon_core.package_discovery:discover_packages(recursive) discover
[1.860s] INFO:colcon.colcon_core.package_discovery:Crawling recursively for packages in '/home/samuel/ros2_humble/CSCE452-samuel.fafel/project3_ws/src/project3/project3'
[1.860s] Level 1:colcon.colcon_core.package_identification:_identify(.) by extensions ['ignore', 'ignore_ament_install']
[1.860s] Level 1:colcon.colcon_core.package_identification:_identify(.) by extension 'ignore'
[1.860s] Level 1:colcon.colcon_core.package_identification:_identify(.) by extension 'ignore_ament_install'
[1.860s] Level 1:colcon.colcon_core.package_identification:_identify(.) by extensions ['colcon_pkg']
[1.860s] Level 1:colcon.colcon_core.package_identification:_identify(.) by extension 'colcon_pkg'
[1.860s] Level 1:colcon.colcon_core.package_identification:_identify(.) by extensions ['colcon_meta']
[1.860s] Level 1:colcon.colcon_core.package_identification:_identify(.) by extension 'colcon_meta'
[1.861s] Level 1:colcon.colcon_core.package_identification:_identify(.) by extensions ['ros']
[1.861s] Level 1:colcon.colcon_core.package_identification:_identify(.) by extension 'ros'
[1.872s] Level 1:colcon.colcon_core.package_identification:_identify(.) by extensions ['cmake', 'python']
[1.872s] Level 1:colcon.colcon_core.package_identification:_identify(.) by extension 'cmake'
[1.872s] Level 1:colcon.colcon_core.package_identification:_identify(.) by extension 'python'
[1.872s] Level 1:colcon.colcon_core.package_identification:_identify(.) by extensions ['python_setup_py']
[1.872s] Level 1:colcon.colcon_core.package_identification:_identify(.) by extension 'python_setup_py'
[1.872s] Level 1:colcon.colcon_core.package_identification:_identify(bags) by extensions ['ignore', 'ignore_ament_install']
[1.872s] Level 1:colcon.colcon_core.package_identification:_identify(bags) by extension 'ignore'
[1.872s] Level 1:colcon.colcon_core.package_identification:_identify(bags) by extension 'ignore_ament_install'
[1.872s] Level 1:colcon.colcon_core.package_identification:_identify(bags) by extensions ['colcon_pkg']
[1.872s] Level 1:colcon.colcon_core.package_identification:_identify(bags) by extension 'colcon_pkg'
[1.872s] Level 1:colcon.colcon_core.package_identification:_identify(bags) by extensions ['colcon_meta']
[1.872s] Level 1:colcon.colcon_core.package_identification:_identify(bags) by extension 'colcon_meta'
[1.872s] Level 1:colcon.colcon_core.package_identification:_identify(bags) by extensions ['ros']
[1.873s] Level 1:colcon.colcon_core.package_identification:_identify(bags) by extension 'ros'
[1.873s] Level 1:colcon.colcon_core.package_identification:_identify(bags) by extensions ['cmake', 'python']
[1.873s] Level 1:colcon.colcon_core.package_identification:_identify(bags) by extension 'cmake'
[1.873s] Level 1:colcon.colcon_core.package_identification:_identify(bags) by extension 'python'
[1.873s] Level 1:colcon.colcon_core.package_identification:_identify(bags) by extensions ['python_setup_py']
[1.873s] Level 1:colcon.colcon_core.package_identification:_identify(bags) by extension 'python_setup_py'
[1.873s] Level 1:colcon.colcon_core.package_identification:_identify(bags/example1) by extensions ['ignore', 'ignore_ament_install']
[1.873s] Level 1:colcon.colcon_core.package_identification:_identify(bags/example1) by extension 'ignore'
[1.873s] Level 1:colcon.colcon_core.package_identification:_identify(bags/example1) by extension 'ignore_ament_install'
[1.873s] Level 1:colcon.colcon_core.package_identification:_identify(bags/example1) by extensions ['colcon_pkg']
[1.873s] Level 1:colcon.colcon_core.package_identification:_identify(bags/example1) by extension 'colcon_pkg'
[1.873s] Level 1:colcon.colcon_core.package_identification:_identify(bags/example1) by extensions ['colcon_meta']
[1.873s] Level 1:colcon.colcon_core.package_identification:_identify(bags/example1) by extension 'colcon_meta'
[1.873s] Level 1:colcon.colcon_core.package_identification:_identify(bags/example1) by extensions ['ros']
[1.873s] Level 1:colcon.colcon_core.package_identification:_identify(bags/example1) by extension 'ros'
[1.873s] Level 1:colcon.colcon_core.package_identification:_identify(bags/example1) by extensions ['cmake', 'python']
[1.873s] Level 1:colcon.colcon_core.package_identification:_identify(bags/example1) by extension 'cmake'
[1.873s] Level 1:colcon.colcon_core.package_identification:_identify(bags/example1) by extension 'python'
[1.873s] Level 1:colcon.colcon_core.package_identification:_identify(bags/example1) by extensions ['python_setup_py']
[1.873s] Level 1:colcon.colcon_core.package_identification:_identify(bags/example1) by extension 'python_setup_py'
[1.873s] Level 1:colcon.colcon_core.package_identification:_identify(bags/example2) by extensions ['ignore', 'ignore_ament_install']
[1.873s] Level 1:colcon.colcon_core.package_identification:_identify(bags/example2) by extension 'ignore'
[1.874s] Level 1:colcon.colcon_core.package_identification:_identify(bags/example2) by extension 'ignore_ament_install'
[1.874s] Level 1:colcon.colcon_core.package_identification:_identify(bags/example2) by extensions ['colcon_pkg']
[1.874s] Level 1:colcon.colcon_core.package_identification:_identify(bags/example2) by extension 'colcon_pkg'
[1.874s] Level 1:colcon.colcon_core.package_identification:_identify(bags/example2) by extensions ['colcon_meta']
[1.874s] Level 1:colcon.colcon_core.package_identification:_identify(bags/example2) by extension 'colcon_meta'
[1.874s] Level 1:colcon.colcon_core.package_identification:_identify(bags/example2) by extensions ['ros']
[1.874s] Level 1:colcon.colcon_core.package_identification:_identify(bags/example2) by extension 'ros'
[1.874s] Level 1:colcon.colcon_core.package_identification:_identify(bags/example2) by extensions ['cmake', 'python']
[1.874s] Level 1:colcon.colcon_core.package_identification:_identify(bags/example2) by extension 'cmake'
[1.874s] Level 1:colcon.colcon_core.package_identification:_identify(bags/example2) by extension 'python'
[1.874s] Level 1:colcon.colcon_core.package_identification:_identify(bags/example2) by extensions ['python_setup_py']
[1.874s] Level 1:colcon.colcon_core.package_identification:_identify(bags/example2) by extension 'python_setup_py'
[1.874s] Level 1:colcon.colcon_core.package_identification:_identify(bags/example3) by extensions ['ignore', 'ignore_ament_install']
[1.874s] Level 1:colcon.colcon_core.package_identification:_identify(bags/example3) by extension 'ignore'
[1.874s] Level 1:colcon.colcon_core.package_identification:_identify(bags/example3) by extension 'ignore_ament_install'
[1.874s] Level 1:colcon.colcon_core.package_identification:_identify(bags/example3) by extensions ['colcon_pkg']
[1.874s] Level 1:colcon.colcon_core.package_identification:_identify(bags/example3) by extension 'colcon_pkg'
[1.874s] Level 1:colcon.colcon_core.package_identification:_identify(bags/example3) by extensions ['colcon_meta']
[1.874s] Level 1:colcon.colcon_core.package_identification:_identify(bags/example3) by extension 'colcon_meta'
[1.874s] Level 1:colcon.colcon_core.package_identification:_identify(bags/example3) by extensions ['ros']
[1.874s] Level 1:colcon.colcon_core.package_identification:_identify(bags/example3) by extension 'ros'
[1.874s] Level 1:colcon.colcon_core.package_identification:_identify(bags/example3) by extensions ['cmake', 'python']
[1.874s] Level 1:colcon.colcon_core.package_identification:_identify(bags/example3) by extension 'cmake'
[1.874s] Level 1:colcon.colcon_core.package_identification:_identify(bags/example3) by extension 'python'
[1.874s] Level 1:colcon.colcon_core.package_identification:_identify(bags/example3) by extensions ['python_setup_py']
[1.875s] Level 1:colcon.colcon_core.package_identification:_identify(bags/example3) by extension 'python_setup_py'
[1.875s] Level 1:colcon.colcon_core.package_identification:_identify(bags/example4) by extensions ['ignore', 'ignore_ament_install']
[1.875s] Level 1:colcon.colcon_core.package_identification:_identify(bags/example4) by extension 'ignore'
[1.875s] Level 1:colcon.colcon_core.package_identification:_identify(bags/example4) by extension 'ignore_ament_install'
[1.875s] Level 1:colcon.colcon_core.package_identification:_identify(bags/example4) by extensions ['colcon_pkg']
[1.875s] Level 1:colcon.colcon_core.package_identification:_identify(bags/example4) by extension 'colcon_pkg'
[1.875s] Level 1:colcon.colcon_core.package_identification:_identify(bags/example4) by extensions ['colcon_meta']
[1.875s] Level 1:colcon.colcon_core.package_identification:_identify(bags/example4) by extension 'colcon_meta'
[1.875s] Level 1:colcon.colcon_core.package_identification:_identify(bags/example4) by extensions ['ros']
[1.875s] Level 1:colcon.colcon_core.package_identification:_identify(bags/example4) by extension 'ros'
[1.875s] Level 1:colcon.colcon_core.package_identification:_identify(bags/example4) by extensions ['cmake', 'python']
[1.875s] Level 1:colcon.colcon_core.package_identification:_identify(bags/example4) by extension 'cmake'
[1.875s] Level 1:colcon.colcon_core.package_identification:_identify(bags/example4) by extension 'python'
[1.875s] Level 1:colcon.colcon_core.package_identification:_identify(bags/example4) by extensions ['python_setup_py']
[1.875s] Level 1:colcon.colcon_core.package_identification:_identify(bags/example4) by extension 'python_setup_py'
[1.875s] Level 1:colcon.colcon_core.package_identification:_identify(bags/example5) by extensions ['ignore', 'ignore_ament_install']
[1.875s] Level 1:colcon.colcon_core.package_identification:_identify(bags/example5) by extension 'ignore'
[1.875s] Level 1:colcon.colcon_core.package_identification:_identify(bags/example5) by extension 'ignore_ament_install'
[1.875s] Level 1:colcon.colcon_core.package_identification:_identify(bags/example5) by extensions ['colcon_pkg']
[1.875s] Level 1:colcon.colcon_core.package_identification:_identify(bags/example5) by extension 'colcon_pkg'
[1.875s] Level 1:colcon.colcon_core.package_identification:_identify(bags/example5) by extensions ['colcon_meta']
[1.875s] Level 1:colcon.colcon_core.package_identification:_identify(bags/example5) by extension 'colcon_meta'
[1.876s] Level 1:colcon.colcon_core.package_identification:_identify(bags/example5) by extensions ['ros']
[1.876s] Level 1:colcon.colcon_core.package_identification:_identify(bags/example5) by extension 'ros'
[1.876s] Level 1:colcon.colcon_core.package_identification:_identify(bags/example5) by extensions ['cmake', 'python']
[1.876s] Level 1:colcon.colcon_core.package_identification:_identify(bags/example5) by extension 'cmake'
[1.876s] Level 1:colcon.colcon_core.package_identification:_identify(bags/example5) by extension 'python'
[1.876s] Level 1:colcon.colcon_core.package_identification:_identify(bags/example5) by extensions ['python_setup_py']
[1.876s] Level 1:colcon.colcon_core.package_identification:_identify(bags/example5) by extension 'python_setup_py'
[1.876s] Level 1:colcon.colcon_core.package_identification:_identify(bags/example6) by extensions ['ignore', 'ignore_ament_install']
[1.876s] Level 1:colcon.colcon_core.package_identification:_identify(bags/example6) by extension 'ignore'
[1.876s] Level 1:colcon.colcon_core.package_identification:_identify(bags/example6) by extension 'ignore_ament_install'
[1.876s] Level 1:colcon.colcon_core.package_identification:_identify(bags/example6) by extensions ['colcon_pkg']
[1.876s] Level 1:colcon.colcon_core.package_identification:_identify(bags/example6) by extension 'colcon_pkg'
[1.876s] Level 1:colcon.colcon_core.package_identification:_identify(bags/example6) by extensions ['colcon_meta']
[1.876s] Level 1:colcon.colcon_core.package_identification:_identify(bags/example6) by extension 'colcon_meta'
[1.876s] Level 1:colcon.colcon_core.package_identification:_identify(bags/example6) by extensions ['ros']
[1.876s] Level 1:colcon.colcon_core.package_identification:_identify(bags/example6) by extension 'ros'
[1.876s] Level 1:colcon.colcon_core.package_identification:_identify(bags/example6) by extensions ['cmake', 'python']
[1.876s] Level 1:colcon.colcon_core.package_identification:_identify(bags/example6) by extension 'cmake'
[1.876s] Level 1:colcon.colcon_core.package_identification:_identify(bags/example6) by extension 'python'
[1.876s] Level 1:colcon.colcon_core.package_identification:_identify(bags/example6) by extensions ['python_setup_py']
[1.876s] Level 1:colcon.colcon_core.package_identification:_identify(bags/example6) by extension 'python_setup_py'
[1.876s] Level 1:colcon.colcon_core.package_identification:_identify(bags/example7) by extensions ['ignore', 'ignore_ament_install']
[1.877s] Level 1:colcon.colcon_core.package_identification:_identify(bags/example7) by extension 'ignore'
[1.877s] Level 1:colcon.colcon_core.package_identification:_identify(bags/example7) by extension 'ignore_ament_install'
[1.877s] Level 1:colcon.colcon_core.package_identification:_identify(bags/example7) by extensions ['colcon_pkg']
[1.877s] Level 1:colcon.colcon_core.package_identification:_identify(bags/example7) by extension 'colcon_pkg'
[1.877s] Level 1:colcon.colcon_core.package_identification:_identify(bags/example7) by extensions ['colcon_meta']
[1.877s] Level 1:colcon.colcon_core.package_identification:_identify(bags/example7) by extension 'colcon_meta'
[1.877s] Level 1:colcon.colcon_core.package_identification:_identify(bags/example7) by extensions ['ros']
[1.877s] Level 1:colcon.colcon_core.package_identification:_identify(bags/example7) by extension 'ros'
[1.877s] Level 1:colcon.colcon_core.package_identification:_identify(bags/example7) by extensions ['cmake', 'python']
[1.877s] Level 1:colcon.colcon_core.package_identification:_identify(bags/example7) by extension 'cmake'
[1.877s] Level 1:colcon.colcon_core.package_identification:_identify(bags/example7) by extension 'python'
[1.877s] Level 1:colcon.colcon_core.package_identification:_identify(bags/example7) by extensions ['python_setup_py']
[1.877s] Level 1:colcon.colcon_core.package_identification:_identify(bags/example7) by extension 'python_setup_py'
[1.877s] Level 1:colcon.colcon_core.package_identification:_identify(bags/example8) by extensions ['ignore', 'ignore_ament_install']
[1.877s] Level 1:colcon.colcon_core.package_identification:_identify(bags/example8) by extension 'ignore'
[1.877s] Level 1:colcon.colcon_core.package_identification:_identify(bags/example8) by extension 'ignore_ament_install'
[1.877s] Level 1:colcon.colcon_core.package_identification:_identify(bags/example8) by extensions ['colcon_pkg']
[1.877s] Level 1:colcon.colcon_core.package_identification:_identify(bags/example8) by extension 'colcon_pkg'
[1.877s] Level 1:colcon.colcon_core.package_identification:_identify(bags/example8) by extensions ['colcon_meta']
[1.877s] Level 1:colcon.colcon_core.package_identification:_identify(bags/example8) by extension 'colcon_meta'
[1.877s] Level 1:colcon.colcon_core.package_identification:_identify(bags/example8) by extensions ['ros']
[1.877s] Level 1:colcon.colcon_core.package_identification:_identify(bags/example8) by extension 'ros'
[1.877s] Level 1:colcon.colcon_core.package_identification:_identify(bags/example8) by extensions ['cmake', 'python']
[1.877s] Level 1:colcon.colcon_core.package_identification:_identify(bags/example8) by extension 'cmake'
[1.878s] Level 1:colcon.colcon_core.package_identification:_identify(bags/example8) by extension 'python'
[1.878s] Level 1:colcon.colcon_core.package_identification:_identify(bags/example8) by extensions ['python_setup_py']
[1.878s] Level 1:colcon.colcon_core.package_identification:_identify(bags/example8) by extension 'python_setup_py'
[1.878s] Level 1:colcon.colcon_core.package_identification:_identify(bags/example9) by extensions ['ignore', 'ignore_ament_install']
[1.878s] Level 1:colcon.colcon_core.package_identification:_identify(bags/example9) by extension 'ignore'
[1.878s] Level 1:colcon.colcon_core.package_identification:_identify(bags/example9) by extension 'ignore_ament_install'
[1.878s] Level 1:colcon.colcon_core.package_identification:_identify(bags/example9) by extensions ['colcon_pkg']
[1.878s] Level 1:colcon.colcon_core.package_identification:_identify(bags/example9) by extension 'colcon_pkg'
[1.878s] Level 1:colcon.colcon_core.package_identification:_identify(bags/example9) by extensions ['colcon_meta']
[1.878s] Level 1:colcon.colcon_core.package_identification:_identify(bags/example9) by extension 'colcon_meta'
[1.878s] Level 1:colcon.colcon_core.package_identification:_identify(bags/example9) by extensions ['ros']
[1.878s] Level 1:colcon.colcon_core.package_identification:_identify(bags/example9) by extension 'ros'
[1.878s] Level 1:colcon.colcon_core.package_identification:_identify(bags/example9) by extensions ['cmake', 'python']
[1.878s] Level 1:colcon.colcon_core.package_identification:_identify(bags/example9) by extension 'cmake'
[1.878s] Level 1:colcon.colcon_core.package_identification:_identify(bags/example9) by extension 'python'
[1.878s] Level 1:colcon.colcon_core.package_identification:_identify(bags/example9) by extensions ['python_setup_py']
[1.878s] Level 1:colcon.colcon_core.package_identification:_identify(bags/example9) by extension 'python_setup_py'
[1.878s] Level 1:colcon.colcon_core.package_identification:_identify(bags/outputs) by extensions ['ignore', 'ignore_ament_install']
[1.878s] Level 1:colcon.colcon_core.package_identification:_identify(bags/outputs) by extension 'ignore'
[1.878s] Level 1:colcon.colcon_core.package_identification:_identify(bags/outputs) by extension 'ignore_ament_install'
[1.878s] Level 1:colcon.colcon_core.package_identification:_identify(bags/outputs) by extensions ['colcon_pkg']
[1.878s] Level 1:colcon.colcon_core.package_identification:_identify(bags/outputs) by extension 'colcon_pkg'
[1.878s] Level 1:colcon.colcon_core.package_identification:_identify(bags/outputs) by extensions ['colcon_meta']
[1.879s] Level 1:colcon.colcon_core.package_identification:_identify(bags/outputs) by extension 'colcon_meta'
[1.879s] Level 1:colcon.colcon_core.package_identification:_identify(bags/outputs) by extensions ['ros']
[1.879s] Level 1:colcon.colcon_core.package_identification:_identify(bags/outputs) by extension 'ros'
[1.879s] Level 1:colcon.colcon_core.package_identification:_identify(bags/outputs) by extensions ['cmake', 'python']
[1.879s] Level 1:colcon.colcon_core.package_identification:_identify(bags/outputs) by extension 'cmake'
[1.879s] Level 1:colcon.colcon_core.package_identification:_identify(bags/outputs) by extension 'python'
[1.879s] Level 1:colcon.colcon_core.package_identification:_identify(bags/outputs) by extensions ['python_setup_py']
[1.879s] Level 1:colcon.colcon_core.package_identification:_identify(bags/outputs) by extension 'python_setup_py'
[1.879s] Level 1:colcon.colcon_core.package_identification:_identify(build) by extensions ['ignore', 'ignore_ament_install']
[1.879s] Level 1:colcon.colcon_core.package_identification:_identify(build) by extension 'ignore'
[1.879s] Level 1:colcon.colcon_core.package_identification:_identify(build) ignored
[1.879s] Level 1:colcon.colcon_core.package_identification:_identify(install) by extensions ['ignore', 'ignore_ament_install']
[1.879s] Level 1:colcon.colcon_core.package_identification:_identify(install) by extension 'ignore'
[1.879s] Level 1:colcon.colcon_core.package_identification:_identify(install) ignored
[1.879s] Level 1:colcon.colcon_core.package_identification:_identify(log) by extensions ['ignore', 'ignore_ament_install']
[1.879s] Level 1:colcon.colcon_core.package_identification:_identify(log) by extension 'ignore'
[1.879s] Level 1:colcon.colcon_core.package_identification:_identify(log) ignored
[1.879s] Level 1:colcon.colcon_core.package_discovery:discover_packages(recursive) using defaults
[1.879s] Level 1:colcon.colcon_core.package_discovery:discover_packages(ignore) discover
[1.879s] Level 1:colcon.colcon_core.package_discovery:discover_packages(ignore) using defaults
[1.879s] Level 1:colcon.colcon_core.package_discovery:discover_packages(path) discover
[1.880s] Level 1:colcon.colcon_core.package_discovery:discover_packages(path) using defaults
[2.044s] Level 1:colcon.colcon_core.package_discovery:discover_packages(prefix_path) check parameters
[2.044s] Level 1:colcon.colcon_core.package_discovery:discover_packages(prefix_path) discover
[2.113s] DEBUG:colcon.colcon_installed_package_information.package_discovery:Found 344 installed packages in /home/samuel/ros2_humble/install
[2.115s] Level 1:colcon.colcon_core.package_discovery:discover_packages(prefix_path) using defaults
[2.206s] INFO:colcon.colcon_core.executor:Executing jobs using 'parallel' executor
[2.233s] DEBUG:colcon.colcon_parallel_executor.executor.parallel:run_until_complete
[2.233s] DEBUG:colcon.colcon_parallel_executor.executor.parallel:closing loop
[2.233s] DEBUG:colcon.colcon_parallel_executor.executor.parallel:loop closed
[2.233s] DEBUG:colcon.colcon_parallel_executor.executor.parallel:run_until_complete finished with '0'
[2.233s] DEBUG:colcon.colcon_core.event_reactor:joining thread
[2.271s] INFO:colcon.colcon_core.plugin_system:Skipping extension 'colcon_notification.desktop_notification.terminal_notifier': Not used on non-Darwin systems
[2.271s] INFO:colcon.colcon_core.plugin_system:Skipping extension 'colcon_notification.desktop_notification.win32': Not used on non-Windows systems
[2.271s] INFO:colcon.colcon_notification.desktop_notification:Sending desktop notification using 'notify2'
[2.280s] DEBUG:colcon.colcon_core.event_reactor:joined thread
[2.314s] INFO:colcon.colcon_core.plugin_system:Skipping extension 'colcon_core.shell.bat': Not used on non-Windows systems
[2.314s] INFO:colcon.colcon_core.shell:Creating prefix script '/home/samuel/ros2_humble/CSCE452-samuel.fafel/project3_ws/src/project3/project3/install/local_setup.ps1'
[2.315s] INFO:colcon.colcon_core.shell:Creating prefix util module '/home/samuel/ros2_humble/CSCE452-samuel.fafel/project3_ws/src/project3/project3/install/_local_setup_util_ps1.py'
[2.316s] INFO:colcon.colcon_core.shell:Creating prefix chain script '/home/samuel/ros2_humble/CSCE452-samuel.fafel/project3_ws/src/project3/project3/install/setup.ps1'
[2.362s] INFO:colcon.colcon_core.shell:Creating prefix script '/home/samuel/ros2_humble/CSCE452-samuel.fafel/project3_ws/src/project3/project3/install/local_setup.sh'
[2.363s] INFO:colcon.colcon_core.shell:Creating prefix util module '/home/samuel/ros2_humble/CSCE452-samuel.fafel/project3_ws/src/project3/project3/install/_local_setup_util_sh.py'
[2.364s] INFO:colcon.colcon_core.shell:Creating prefix chain script '/home/samuel/ros2_humble/CSCE452-samuel.fafel/project3_ws/src/project3/project3/install/setup.sh'
[2.404s] INFO:colcon.colcon_core.shell:Creating prefix script '/home/samuel/ros2_humble/CSCE452-samuel.fafel/project3_ws/src/project3/project3/install/local_setup.bash'
[2.405s] INFO:colcon.colcon_core.shell:Creating prefix chain script '/home/samuel/ros2_humble/CSCE452-samuel.fafel/project3_ws/src/project3/project3/install/setup.bash'
[2.444s] INFO:colcon.colcon_core.shell:Creating prefix script '/home/samuel/ros2_humble/CSCE452-samuel.fafel/project3_ws/src/project3/project3/install/local_setup.zsh'
[2.445s] INFO:colcon.colcon_core.shell:Creating prefix chain script '/home/samuel/ros2_humble/CSCE452-samuel.fafel/project3_ws/src/project3/project3/install/setup.zsh'
