running egg_info
writing ../../build/project1_pubsub/project1_pubsub.egg-info/PKG-INFO
writing dependency_links to ../../build/project1_pubsub/project1_pubsub.egg-info/dependency_links.txt
writing entry points to ../../build/project1_pubsub/project1_pubsub.egg-info/entry_points.txt
writing requirements to ../../build/project1_pubsub/project1_pubsub.egg-info/requires.txt
writing top-level names to ../../build/project1_pubsub/project1_pubsub.egg-info/top_level.txt
reading manifest file '../../build/project1_pubsub/project1_pubsub.egg-info/SOURCES.txt'
writing manifest file '../../build/project1_pubsub/project1_pubsub.egg-info/SOURCES.txt'
running build
running build_py
copying project1_pubsub/project1.py -> /home/samuel/ros2_humble/workspaces/project1_ws/build/project1_pubsub/build/lib/project1_pubsub
running install
/usr/lib/python3/dist-packages/setuptools/command/install.py:34: SetuptoolsDeprecationWarning: setup.py install is deprecated. Use build and pip and other standards-based tools.
  warnings.warn(
running install_lib
copying /home/samuel/ros2_humble/workspaces/project1_ws/build/project1_pubsub/build/lib/project1_pubsub/project1.py -> /home/samuel/ros2_humble/workspaces/project1_ws/install/project1_pubsub/lib/python3.10/site-packages/project1_pubsub
byte-compiling /home/samuel/ros2_humble/workspaces/project1_ws/install/project1_pubsub/lib/python3.10/site-packages/project1_pubsub/project1.py to project1.cpython-310.pyc
running install_data
copying package.xml -> /home/samuel/ros2_humble/workspaces/project1_ws/install/project1_pubsub/share/project1_pubsub
running install_egg_info
removing '/home/samuel/ros2_humble/workspaces/project1_ws/install/project1_pubsub/lib/python3.10/site-packages/project1_pubsub-0.0.0-py3.10.egg-info' (and everything under it)
Copying ../../build/project1_pubsub/project1_pubsub.egg-info to /home/samuel/ros2_humble/workspaces/project1_ws/install/project1_pubsub/lib/python3.10/site-packages/project1_pubsub-0.0.0-py3.10.egg-info
running install_scripts
writing list of installed files to '/home/samuel/ros2_humble/workspaces/project1_ws/build/project1_pubsub/install.log'
