[1.060s] Invoking command in '/home/samuel/ros2_humble/workspaces/project1_ws/src/project1_pubsub': PYTHONPATH=/home/samuel/ros2_humble/workspaces/project1_ws/build/project1_pubsub/prefix_override:/home/samuel/ros2_humble/workspaces/project1_ws/install/project1_pubsub/lib/python3.10/site-packages:${PYTHONPATH} /usr/bin/python3 setup.py egg_info --egg-base ../../build/project1_pubsub build --build-base /home/samuel/ros2_humble/workspaces/project1_ws/build/project1_pubsub/build install --record /home/samuel/ros2_humble/workspaces/project1_ws/build/project1_pubsub/install.log --single-version-externally-managed
[1.451s] running egg_info
[1.452s] writing ../../build/project1_pubsub/project1_pubsub.egg-info/PKG-INFO
[1.452s] writing dependency_links to ../../build/project1_pubsub/project1_pubsub.egg-info/dependency_links.txt
[1.452s] writing entry points to ../../build/project1_pubsub/project1_pubsub.egg-info/entry_points.txt
[1.452s] writing requirements to ../../build/project1_pubsub/project1_pubsub.egg-info/requires.txt
[1.452s] writing top-level names to ../../build/project1_pubsub/project1_pubsub.egg-info/top_level.txt
[1.454s] reading manifest file '../../build/project1_pubsub/project1_pubsub.egg-info/SOURCES.txt'
[1.454s] writing manifest file '../../build/project1_pubsub/project1_pubsub.egg-info/SOURCES.txt'
[1.455s] running build
[1.455s] running build_py
[1.455s] copying project1_pubsub/project1.py -> /home/samuel/ros2_humble/workspaces/project1_ws/build/project1_pubsub/build/lib/project1_pubsub
[1.455s] running install
[1.455s] /usr/lib/python3/dist-packages/setuptools/command/install.py:34: SetuptoolsDeprecationWarning: setup.py install is deprecated. Use build and pip and other standards-based tools.
[1.455s]   warnings.warn(
[1.455s] running install_lib
[1.456s] copying /home/samuel/ros2_humble/workspaces/project1_ws/build/project1_pubsub/build/lib/project1_pubsub/project1.py -> /home/samuel/ros2_humble/workspaces/project1_ws/install/project1_pubsub/lib/python3.10/site-packages/project1_pubsub
[1.458s] byte-compiling /home/samuel/ros2_humble/workspaces/project1_ws/install/project1_pubsub/lib/python3.10/site-packages/project1_pubsub/project1.py to project1.cpython-310.pyc
[1.459s] running install_data
[1.459s] copying package.xml -> /home/samuel/ros2_humble/workspaces/project1_ws/install/project1_pubsub/share/project1_pubsub
[1.459s] running install_egg_info
[1.462s] removing '/home/samuel/ros2_humble/workspaces/project1_ws/install/project1_pubsub/lib/python3.10/site-packages/project1_pubsub-0.0.0-py3.10.egg-info' (and everything under it)
[1.462s] Copying ../../build/project1_pubsub/project1_pubsub.egg-info to /home/samuel/ros2_humble/workspaces/project1_ws/install/project1_pubsub/lib/python3.10/site-packages/project1_pubsub-0.0.0-py3.10.egg-info
[1.463s] running install_scripts
[1.499s] writing list of installed files to '/home/samuel/ros2_humble/workspaces/project1_ws/build/project1_pubsub/install.log'
[1.520s] Invoked command in '/home/samuel/ros2_humble/workspaces/project1_ws/src/project1_pubsub' returned '0': PYTHONPATH=/home/samuel/ros2_humble/workspaces/project1_ws/build/project1_pubsub/prefix_override:/home/samuel/ros2_humble/workspaces/project1_ws/install/project1_pubsub/lib/python3.10/site-packages:${PYTHONPATH} /usr/bin/python3 setup.py egg_info --egg-base ../../build/project1_pubsub build --build-base /home/samuel/ros2_humble/workspaces/project1_ws/build/project1_pubsub/build install --record /home/samuel/ros2_humble/workspaces/project1_ws/build/project1_pubsub/install.log --single-version-externally-managed
