running egg_info
creating ../../build/project4/project4.egg-info
writing ../../build/project4/project4.egg-info/PKG-INFO
writing dependency_links to ../../build/project4/project4.egg-info/dependency_links.txt
writing entry points to ../../build/project4/project4.egg-info/entry_points.txt
writing requirements to ../../build/project4/project4.egg-info/requires.txt
writing top-level names to ../../build/project4/project4.egg-info/top_level.txt
writing manifest file '../../build/project4/project4.egg-info/SOURCES.txt'
reading manifest file '../../build/project4/project4.egg-info/SOURCES.txt'
writing manifest file '../../build/project4/project4.egg-info/SOURCES.txt'
running build
running build_py
creating /home/samuel/ros2_humble/CSCE452-samuel.fafel/project4_ws/build/project4/build
creating /home/samuel/ros2_humble/CSCE452-samuel.fafel/project4_ws/build/project4/build/lib
creating /home/samuel/ros2_humble/CSCE452-samuel.fafel/project4_ws/build/project4/build/lib/project4
copying project4/__init__.py -> /home/samuel/ros2_humble/CSCE452-samuel.fafel/project4_ws/build/project4/build/lib/project4
running install
running install_lib
creating /home/samuel/ros2_humble/CSCE452-samuel.fafel/project4_ws/install/project4/lib/python3.10/site-packages/project4
copying /home/samuel/ros2_humble/CSCE452-samuel.fafel/project4_ws/build/project4/build/lib/project4/__init__.py -> /home/samuel/ros2_humble/CSCE452-samuel.fafel/project4_ws/install/project4/lib/python3.10/site-packages/project4
byte-compiling /home/samuel/ros2_humble/CSCE452-samuel.fafel/project4_ws/install/project4/lib/python3.10/site-packages/project4/__init__.py to __init__.cpython-310.pyc
running install_data
creating /home/samuel/ros2_humble/CSCE452-samuel.fafel/project4_ws/install/project4/share/ament_index
creating /home/samuel/ros2_humble/CSCE452-samuel.fafel/project4_ws/install/project4/share/ament_index/resource_index
creating /home/samuel/ros2_humble/CSCE452-samuel.fafel/project4_ws/install/project4/share/ament_index/resource_index/packages
copying resource/project4 -> /home/samuel/ros2_humble/CSCE452-samuel.fafel/project4_ws/install/project4/share/ament_index/resource_index/packages
copying package.xml -> /home/samuel/ros2_humble/CSCE452-samuel.fafel/project4_ws/install/project4/share/project4
running install_egg_info
Copying ../../build/project4/project4.egg-info to /home/samuel/ros2_humble/CSCE452-samuel.fafel/project4_ws/install/project4/lib/python3.10/site-packages/project4-0.0.0-py3.10.egg-info
running install_scripts
writing list of installed files to '/home/samuel/ros2_humble/CSCE452-samuel.fafel/project4_ws/build/project4/install.log'
