[2.445s] DEBUG:colcon:Command line arguments: ['/usr/bin/colcon', 'build']
[2.445s] DEBUG:colcon:Parsed command line arguments: Namespace(log_base=None, log_level=None, verb_name='build', build_base='build', install_base='install', merge_install=False, symlink_install=False, test_result_base=None, continue_on_error=False, executor='parallel', parallel_workers=8, event_handlers=None, ignore_user_meta=False, metas=['./colcon.meta'], base_paths=['.'], packages_ignore=None, packages_ignore_regex=None, paths=None, packages_up_to=None, packages_up_to_regex=None, packages_above=None, packages_above_and_dependencies=None, packages_above_depth=None, packages_select_by_dep=None, packages_skip_by_dep=None, packages_skip_up_to=None, packages_select_build_failed=False, packages_skip_build_finished=False, packages_select_test_failures=False, packages_skip_test_passed=False, packages_select=None, packages_skip=None, packages_select_regex=None, packages_skip_regex=None, packages_start=None, packages_end=None, allow_overriding=[], cmake_args=None, cmake_target=None, cmake_target_skip_unavailable=False, cmake_clean_cache=False, cmake_clean_first=False, cmake_force_configure=False, ament_cmake_args=None, catkin_cmake_args=None, catkin_skip_building_tests=False, verb_parser=<colcon_defaults.argument_parser.defaults.DefaultArgumentsDecorator object at 0x7fd08de39a20>, verb_extension=<colcon_core.verb.build.BuildVerb object at 0x7fd08ec0f220>, main=<bound method BuildVerb.main of <colcon_core.verb.build.BuildVerb object at 0x7fd08ec0f220>>)
[2.544s] Level 1:colcon.colcon_core.package_discovery:discover_packages(colcon_meta) check parameters
[2.544s] Level 1:colcon.colcon_core.package_discovery:discover_packages(recursive) check parameters
[2.544s] Level 1:colcon.colcon_core.package_discovery:discover_packages(ignore) check parameters
[2.544s] Level 1:colcon.colcon_core.package_discovery:discover_packages(path) check parameters
[2.544s] Level 1:colcon.colcon_core.package_discovery:discover_packages(colcon_meta) discover
[2.544s] Level 1:colcon.colcon_core.package_discovery:discover_packages(recursive) discover
[2.544s] INFO:colcon.colcon_core.package_discovery:Crawling recursively for packages in '/home/samuel/ros2_humble/CSCE452-samuel.fafel/project2_ws'
[2.544s] Level 1:colcon.colcon_core.package_identification:_identify(.) by extensions ['ignore', 'ignore_ament_install']
[2.544s] Level 1:colcon.colcon_core.package_identification:_identify(.) by extension 'ignore'
[2.544s] Level 1:colcon.colcon_core.package_identification:_identify(.) by extension 'ignore_ament_install'
[2.544s] Level 1:colcon.colcon_core.package_identification:_identify(.) by extensions ['colcon_pkg']
[2.544s] Level 1:colcon.colcon_core.package_identification:_identify(.) by extension 'colcon_pkg'
[2.544s] Level 1:colcon.colcon_core.package_identification:_identify(.) by extensions ['colcon_meta']
[2.545s] Level 1:colcon.colcon_core.package_identification:_identify(.) by extension 'colcon_meta'
[2.545s] Level 1:colcon.colcon_core.package_identification:_identify(.) by extensions ['ros']
[2.545s] Level 1:colcon.colcon_core.package_identification:_identify(.) by extension 'ros'
[2.556s] Level 1:colcon.colcon_core.package_identification:_identify(.) by extensions ['cmake', 'python']
[2.556s] Level 1:colcon.colcon_core.package_identification:_identify(.) by extension 'cmake'
[2.556s] Level 1:colcon.colcon_core.package_identification:_identify(.) by extension 'python'
[2.557s] Level 1:colcon.colcon_core.package_identification:_identify(.) by extensions ['python_setup_py']
[2.557s] Level 1:colcon.colcon_core.package_identification:_identify(.) by extension 'python_setup_py'
[2.557s] Level 1:colcon.colcon_core.package_identification:_identify(build) by extensions ['ignore', 'ignore_ament_install']
[2.557s] Level 1:colcon.colcon_core.package_identification:_identify(build) by extension 'ignore'
[2.557s] Level 1:colcon.colcon_core.package_identification:_identify(build) ignored
[2.557s] Level 1:colcon.colcon_core.package_identification:_identify(install) by extensions ['ignore', 'ignore_ament_install']
[2.557s] Level 1:colcon.colcon_core.package_identification:_identify(install) by extension 'ignore'
[2.557s] Level 1:colcon.colcon_core.package_identification:_identify(install) ignored
[2.557s] Level 1:colcon.colcon_core.package_identification:_identify(log) by extensions ['ignore', 'ignore_ament_install']
[2.557s] Level 1:colcon.colcon_core.package_identification:_identify(log) by extension 'ignore'
[2.557s] Level 1:colcon.colcon_core.package_identification:_identify(log) ignored
[2.558s] Level 1:colcon.colcon_core.package_identification:_identify(src) by extensions ['ignore', 'ignore_ament_install']
[2.558s] Level 1:colcon.colcon_core.package_identification:_identify(src) by extension 'ignore'
[2.558s] Level 1:colcon.colcon_core.package_identification:_identify(src) by extension 'ignore_ament_install'
[2.558s] Level 1:colcon.colcon_core.package_identification:_identify(src) by extensions ['colcon_pkg']
[2.558s] Level 1:colcon.colcon_core.package_identification:_identify(src) by extension 'colcon_pkg'
[2.558s] Level 1:colcon.colcon_core.package_identification:_identify(src) by extensions ['colcon_meta']
[2.558s] Level 1:colcon.colcon_core.package_identification:_identify(src) by extension 'colcon_meta'
[2.558s] Level 1:colcon.colcon_core.package_identification:_identify(src) by extensions ['ros']
[2.558s] Level 1:colcon.colcon_core.package_identification:_identify(src) by extension 'ros'
[2.558s] Level 1:colcon.colcon_core.package_identification:_identify(src) by extensions ['cmake', 'python']
[2.558s] Level 1:colcon.colcon_core.package_identification:_identify(src) by extension 'cmake'
[2.558s] Level 1:colcon.colcon_core.package_identification:_identify(src) by extension 'python'
[2.558s] Level 1:colcon.colcon_core.package_identification:_identify(src) by extensions ['python_setup_py']
[2.558s] Level 1:colcon.colcon_core.package_identification:_identify(src) by extension 'python_setup_py'
[2.558s] Level 1:colcon.colcon_core.package_identification:_identify(src/build) by extensions ['ignore', 'ignore_ament_install']
[2.559s] Level 1:colcon.colcon_core.package_identification:_identify(src/build) by extension 'ignore'
[2.559s] Level 1:colcon.colcon_core.package_identification:_identify(src/build) ignored
[2.559s] Level 1:colcon.colcon_core.package_identification:_identify(src/install) by extensions ['ignore', 'ignore_ament_install']
[2.559s] Level 1:colcon.colcon_core.package_identification:_identify(src/install) by extension 'ignore'
[2.559s] Level 1:colcon.colcon_core.package_identification:_identify(src/install) ignored
[2.559s] Level 1:colcon.colcon_core.package_identification:_identify(src/log) by extensions ['ignore', 'ignore_ament_install']
[2.559s] Level 1:colcon.colcon_core.package_identification:_identify(src/log) by extension 'ignore'
[2.559s] Level 1:colcon.colcon_core.package_identification:_identify(src/log) ignored
[2.559s] Level 1:colcon.colcon_core.package_identification:_identify(src/project2_tam) by extensions ['ignore', 'ignore_ament_install']
[2.559s] Level 1:colcon.colcon_core.package_identification:_identify(src/project2_tam) by extension 'ignore'
[2.559s] Level 1:colcon.colcon_core.package_identification:_identify(src/project2_tam) by extension 'ignore_ament_install'
[2.560s] Level 1:colcon.colcon_core.package_identification:_identify(src/project2_tam) by extensions ['colcon_pkg']
[2.560s] Level 1:colcon.colcon_core.package_identification:_identify(src/project2_tam) by extension 'colcon_pkg'
[2.560s] Level 1:colcon.colcon_core.package_identification:_identify(src/project2_tam) by extensions ['colcon_meta']
[2.560s] Level 1:colcon.colcon_core.package_identification:_identify(src/project2_tam) by extension 'colcon_meta'
[2.560s] Level 1:colcon.colcon_core.package_identification:_identify(src/project2_tam) by extensions ['ros']
[2.560s] Level 1:colcon.colcon_core.package_identification:_identify(src/project2_tam) by extension 'ros'
[2.562s] DEBUG:colcon.colcon_core.package_identification:Package 'src/project2_tam' with type 'ros.ament_python' and name 'project2_tam'
[2.562s] Level 1:colcon.colcon_core.package_discovery:discover_packages(recursive) using defaults
[2.562s] Level 1:colcon.colcon_core.package_discovery:discover_packages(ignore) discover
[2.562s] Level 1:colcon.colcon_core.package_discovery:discover_packages(ignore) using defaults
[2.562s] Level 1:colcon.colcon_core.package_discovery:discover_packages(path) discover
[2.562s] Level 1:colcon.colcon_core.package_discovery:discover_packages(path) using defaults
[2.719s] Level 1:colcon.colcon_core.package_discovery:discover_packages(prefix_path) check parameters
[2.719s] Level 1:colcon.colcon_core.package_discovery:discover_packages(prefix_path) discover
[2.779s] DEBUG:colcon.colcon_installed_package_information.package_discovery:Found 0 installed packages in /home/samuel/ros2_humble/CSCE452-samuel.fafel/project2_ws/src/project2_tam/project2_tam/install
[2.810s] DEBUG:colcon.colcon_installed_package_information.package_discovery:Found 344 installed packages in /home/samuel/ros2_humble/install
[2.836s] DEBUG:colcon.colcon_installed_package_information.package_discovery:Found 1 installed packages in /home/samuel/ros2_humble/CSCE452-samuel.fafel/project2_ws/install
[2.836s] Level 1:colcon.colcon_core.package_discovery:discover_packages(prefix_path) using defaults
[2.934s] Level 5:colcon.colcon_core.verb:set package 'project2_tam' build argument 'cmake_args' from command line to 'None'
[2.934s] Level 5:colcon.colcon_core.verb:set package 'project2_tam' build argument 'cmake_target' from command line to 'None'
[2.934s] Level 5:colcon.colcon_core.verb:set package 'project2_tam' build argument 'cmake_target_skip_unavailable' from command line to 'False'
[2.934s] Level 5:colcon.colcon_core.verb:set package 'project2_tam' build argument 'cmake_clean_cache' from command line to 'False'
[2.934s] Level 5:colcon.colcon_core.verb:set package 'project2_tam' build argument 'cmake_clean_first' from command line to 'False'
[2.934s] Level 5:colcon.colcon_core.verb:set package 'project2_tam' build argument 'cmake_force_configure' from command line to 'False'
[2.935s] Level 5:colcon.colcon_core.verb:set package 'project2_tam' build argument 'ament_cmake_args' from command line to 'None'
[2.935s] Level 5:colcon.colcon_core.verb:set package 'project2_tam' build argument 'catkin_cmake_args' from command line to 'None'
[2.935s] Level 5:colcon.colcon_core.verb:set package 'project2_tam' build argument 'catkin_skip_building_tests' from command line to 'False'
[2.935s] DEBUG:colcon.colcon_core.verb:Building package 'project2_tam' with the following arguments: {'ament_cmake_args': None, 'build_base': '/home/samuel/ros2_humble/CSCE452-samuel.fafel/project2_ws/build/project2_tam', 'catkin_cmake_args': None, 'catkin_skip_building_tests': False, 'cmake_args': None, 'cmake_clean_cache': False, 'cmake_clean_first': False, 'cmake_force_configure': False, 'cmake_target': None, 'cmake_target_skip_unavailable': False, 'install_base': '/home/samuel/ros2_humble/CSCE452-samuel.fafel/project2_ws/install/project2_tam', 'merge_install': False, 'path': '/home/samuel/ros2_humble/CSCE452-samuel.fafel/project2_ws/src/project2_tam', 'symlink_install': False, 'test_result_base': None}
[2.959s] INFO:colcon.colcon_core.executor:Executing jobs using 'parallel' executor
[2.986s] DEBUG:colcon.colcon_parallel_executor.executor.parallel:run_until_complete
[2.986s] INFO:colcon.colcon_ros.task.ament_python.build:Building ROS package in '/home/samuel/ros2_humble/CSCE452-samuel.fafel/project2_ws/src/project2_tam' with build type 'ament_python'
[2.986s] Level 1:colcon.colcon_core.shell:create_environment_hook('project2_tam', 'ament_prefix_path')
[3.017s] INFO:colcon.colcon_core.plugin_system:Skipping extension 'colcon_core.shell.bat': Not used on non-Windows systems
[3.018s] INFO:colcon.colcon_core.shell:Creating environment hook '/home/samuel/ros2_humble/CSCE452-samuel.fafel/project2_ws/install/project2_tam/share/project2_tam/hook/ament_prefix_path.ps1'
[3.018s] INFO:colcon.colcon_core.shell:Creating environment descriptor '/home/samuel/ros2_humble/CSCE452-samuel.fafel/project2_ws/install/project2_tam/share/project2_tam/hook/ament_prefix_path.dsv'
[3.019s] INFO:colcon.colcon_core.shell:Creating environment hook '/home/samuel/ros2_humble/CSCE452-samuel.fafel/project2_ws/install/project2_tam/share/project2_tam/hook/ament_prefix_path.sh'
[3.047s] INFO:colcon.colcon_core.shell:Skip shell extension 'powershell' for command environment: Not usable outside of PowerShell
[3.047s] DEBUG:colcon.colcon_core.shell:Skip shell extension 'dsv' for command environment
[3.590s] INFO:colcon.colcon_core.task.python.build:Building Python package in '/home/samuel/ros2_humble/CSCE452-samuel.fafel/project2_ws/src/project2_tam'
[3.619s] INFO:colcon.colcon_core.shell:Skip shell extension 'powershell' for command environment: Not usable outside of PowerShell
[3.619s] DEBUG:colcon.colcon_core.shell:Skip shell extension 'dsv' for command environment
[4.317s] DEBUG:colcon.colcon_core.event_handler.log_command:Invoking command in '/home/samuel/ros2_humble/CSCE452-samuel.fafel/project2_ws/src/project2_tam': PYTHONPATH=/home/samuel/ros2_humble/CSCE452-samuel.fafel/project2_ws/build/project2_tam/prefix_override:/home/samuel/ros2_humble/CSCE452-samuel.fafel/project2_ws/install/project2_tam/lib/python3.10/site-packages:${PYTHONPATH} /usr/bin/python3 setup.py egg_info --egg-base ../../build/project2_tam build --build-base /home/samuel/ros2_humble/CSCE452-samuel.fafel/project2_ws/build/project2_tam/build install --record /home/samuel/ros2_humble/CSCE452-samuel.fafel/project2_ws/build/project2_tam/install.log --single-version-externally-managed
[4.792s] DEBUG:colcon.colcon_core.event_handler.log_command:Invoked command in '/home/samuel/ros2_humble/CSCE452-samuel.fafel/project2_ws/src/project2_tam' returned '0': PYTHONPATH=/home/samuel/ros2_humble/CSCE452-samuel.fafel/project2_ws/build/project2_tam/prefix_override:/home/samuel/ros2_humble/CSCE452-samuel.fafel/project2_ws/install/project2_tam/lib/python3.10/site-packages:${PYTHONPATH} /usr/bin/python3 setup.py egg_info --egg-base ../../build/project2_tam build --build-base /home/samuel/ros2_humble/CSCE452-samuel.fafel/project2_ws/build/project2_tam/build install --record /home/samuel/ros2_humble/CSCE452-samuel.fafel/project2_ws/build/project2_tam/install.log --single-version-externally-managed
[4.825s] Level 1:colcon.colcon_core.environment:checking '/home/samuel/ros2_humble/CSCE452-samuel.fafel/project2_ws/install/project2_tam' for CMake module files
[4.825s] Level 1:colcon.colcon_core.environment:checking '/home/samuel/ros2_humble/CSCE452-samuel.fafel/project2_ws/install/project2_tam' for CMake config files
[4.826s] Level 1:colcon.colcon_core.environment:checking '/home/samuel/ros2_humble/CSCE452-samuel.fafel/project2_ws/install/project2_tam/lib'
[4.826s] Level 1:colcon.colcon_core.environment:checking '/home/samuel/ros2_humble/CSCE452-samuel.fafel/project2_ws/install/project2_tam/bin'
[4.826s] Level 1:colcon.colcon_core.environment:checking '/home/samuel/ros2_humble/CSCE452-samuel.fafel/project2_ws/install/project2_tam/lib/pkgconfig/project2_tam.pc'
[4.826s] Level 1:colcon.colcon_core.environment:checking '/home/samuel/ros2_humble/CSCE452-samuel.fafel/project2_ws/install/project2_tam/lib/python3.10/site-packages'
[4.827s] Level 1:colcon.colcon_core.shell:create_environment_hook('project2_tam', 'pythonpath')
[4.855s] INFO:colcon.colcon_core.shell:Creating environment hook '/home/samuel/ros2_humble/CSCE452-samuel.fafel/project2_ws/install/project2_tam/share/project2_tam/hook/pythonpath.ps1'
[4.855s] INFO:colcon.colcon_core.shell:Creating environment descriptor '/home/samuel/ros2_humble/CSCE452-samuel.fafel/project2_ws/install/project2_tam/share/project2_tam/hook/pythonpath.dsv'
[4.855s] INFO:colcon.colcon_core.shell:Creating environment hook '/home/samuel/ros2_humble/CSCE452-samuel.fafel/project2_ws/install/project2_tam/share/project2_tam/hook/pythonpath.sh'
[4.856s] Level 1:colcon.colcon_core.environment:checking '/home/samuel/ros2_humble/CSCE452-samuel.fafel/project2_ws/install/project2_tam/bin'
[4.856s] Level 1:colcon.colcon_core.environment:create_environment_scripts_only(project2_tam)
[4.882s] INFO:colcon.colcon_core.shell:Creating package script '/home/samuel/ros2_humble/CSCE452-samuel.fafel/project2_ws/install/project2_tam/share/project2_tam/package.ps1'
[4.883s] INFO:colcon.colcon_core.shell:Creating package descriptor '/home/samuel/ros2_humble/CSCE452-samuel.fafel/project2_ws/install/project2_tam/share/project2_tam/package.dsv'
[4.883s] INFO:colcon.colcon_core.shell:Creating package script '/home/samuel/ros2_humble/CSCE452-samuel.fafel/project2_ws/install/project2_tam/share/project2_tam/package.sh'
[4.884s] INFO:colcon.colcon_core.shell:Creating package script '/home/samuel/ros2_humble/CSCE452-samuel.fafel/project2_ws/install/project2_tam/share/project2_tam/package.bash'
[4.884s] INFO:colcon.colcon_core.shell:Creating package script '/home/samuel/ros2_humble/CSCE452-samuel.fafel/project2_ws/install/project2_tam/share/project2_tam/package.zsh'
[4.885s] Level 1:colcon.colcon_core.environment:create_file_with_runtime_dependencies(/home/samuel/ros2_humble/CSCE452-samuel.fafel/project2_ws/install/project2_tam/share/colcon-core/packages/project2_tam)
[4.885s] DEBUG:colcon.colcon_parallel_executor.executor.parallel:closing loop
[4.886s] DEBUG:colcon.colcon_parallel_executor.executor.parallel:loop closed
[4.886s] DEBUG:colcon.colcon_parallel_executor.executor.parallel:run_until_complete finished with '0'
[4.886s] DEBUG:colcon.colcon_core.event_reactor:joining thread
[4.925s] INFO:colcon.colcon_core.plugin_system:Skipping extension 'colcon_notification.desktop_notification.terminal_notifier': Not used on non-Darwin systems
[4.925s] INFO:colcon.colcon_core.plugin_system:Skipping extension 'colcon_notification.desktop_notification.win32': Not used on non-Windows systems
[4.925s] INFO:colcon.colcon_notification.desktop_notification:Sending desktop notification using 'notify2'
[4.934s] DEBUG:colcon.colcon_core.event_reactor:joined thread
[4.964s] INFO:colcon.colcon_core.shell:Creating prefix script '/home/samuel/ros2_humble/CSCE452-samuel.fafel/project2_ws/install/local_setup.ps1'
[4.964s] INFO:colcon.colcon_core.shell:Creating prefix util module '/home/samuel/ros2_humble/CSCE452-samuel.fafel/project2_ws/install/_local_setup_util_ps1.py'
[4.965s] INFO:colcon.colcon_core.shell:Creating prefix chain script '/home/samuel/ros2_humble/CSCE452-samuel.fafel/project2_ws/install/setup.ps1'
[5.006s] INFO:colcon.colcon_core.shell:Creating prefix script '/home/samuel/ros2_humble/CSCE452-samuel.fafel/project2_ws/install/local_setup.sh'
[5.006s] INFO:colcon.colcon_core.shell:Creating prefix util module '/home/samuel/ros2_humble/CSCE452-samuel.fafel/project2_ws/install/_local_setup_util_sh.py'
[5.007s] INFO:colcon.colcon_core.shell:Creating prefix chain script '/home/samuel/ros2_humble/CSCE452-samuel.fafel/project2_ws/install/setup.sh'
[5.047s] INFO:colcon.colcon_core.shell:Creating prefix script '/home/samuel/ros2_humble/CSCE452-samuel.fafel/project2_ws/install/local_setup.bash'
[5.047s] INFO:colcon.colcon_core.shell:Creating prefix chain script '/home/samuel/ros2_humble/CSCE452-samuel.fafel/project2_ws/install/setup.bash'
[5.085s] INFO:colcon.colcon_core.shell:Creating prefix script '/home/samuel/ros2_humble/CSCE452-samuel.fafel/project2_ws/install/local_setup.zsh'
[5.086s] INFO:colcon.colcon_core.shell:Creating prefix chain script '/home/samuel/ros2_humble/CSCE452-samuel.fafel/project2_ws/install/setup.zsh'
