/home/samuel/ros2_humble/CSCE452-samuel.fafel/project2_ws/src/install/project2_tam/lib/python3.10/site-packages/project2_tam/background.py
/home/samuel/ros2_humble/CSCE452-samuel.fafel/project2_ws/src/install/project2_tam/lib/python3.10/site-packages/project2_tam/tam_logo.py
/home/samuel/ros2_humble/CSCE452-samuel.fafel/project2_ws/src/install/project2_tam/lib/python3.10/site-packages/project2_tam/draw_tam.py
/home/samuel/ros2_humble/CSCE452-samuel.fafel/project2_ws/src/install/project2_tam/lib/python3.10/site-packages/project2_tam/__init__.py
/home/samuel/ros2_humble/CSCE452-samuel.fafel/project2_ws/src/install/project2_tam/lib/python3.10/site-packages/project2_tam/project2.py
/home/samuel/ros2_humble/CSCE452-samuel.fafel/project2_ws/src/install/project2_tam/lib/python3.10/site-packages/project2_tam/__pycache__/background.cpython-310.pyc
/home/samuel/ros2_humble/CSCE452-samuel.fafel/project2_ws/src/install/project2_tam/lib/python3.10/site-packages/project2_tam/__pycache__/tam_logo.cpython-310.pyc
/home/samuel/ros2_humble/CSCE452-samuel.fafel/project2_ws/src/install/project2_tam/lib/python3.10/site-packages/project2_tam/__pycache__/draw_tam.cpython-310.pyc
/home/samuel/ros2_humble/CSCE452-samuel.fafel/project2_ws/src/install/project2_tam/lib/python3.10/site-packages/project2_tam/__pycache__/__init__.cpython-310.pyc
/home/samuel/ros2_humble/CSCE452-samuel.fafel/project2_ws/src/install/project2_tam/lib/python3.10/site-packages/project2_tam/__pycache__/project2.cpython-310.pyc
/home/samuel/ros2_humble/CSCE452-samuel.fafel/project2_ws/src/install/project2_tam/share/ament_index/resource_index/packages/project2_tam
/home/samuel/ros2_humble/CSCE452-samuel.fafel/project2_ws/src/install/project2_tam/share/project2_tam/package.xml
/home/samuel/ros2_humble/CSCE452-samuel.fafel/project2_ws/src/install/project2_tam/lib/python3.10/site-packages/project2_tam-0.0.0-py3.10.egg-info/top_level.txt
/home/samuel/ros2_humble/CSCE452-samuel.fafel/project2_ws/src/install/project2_tam/lib/python3.10/site-packages/project2_tam-0.0.0-py3.10.egg-info/dependency_links.txt
/home/samuel/ros2_humble/CSCE452-samuel.fafel/project2_ws/src/install/project2_tam/lib/python3.10/site-packages/project2_tam-0.0.0-py3.10.egg-info/entry_points.txt
/home/samuel/ros2_humble/CSCE452-samuel.fafel/project2_ws/src/install/project2_tam/lib/python3.10/site-packages/project2_tam-0.0.0-py3.10.egg-info/zip-safe
/home/samuel/ros2_humble/CSCE452-samuel.fafel/project2_ws/src/install/project2_tam/lib/python3.10/site-packages/project2_tam-0.0.0-py3.10.egg-info/PKG-INFO
/home/samuel/ros2_humble/CSCE452-samuel.fafel/project2_ws/src/install/project2_tam/lib/python3.10/site-packages/project2_tam-0.0.0-py3.10.egg-info/requires.txt
/home/samuel/ros2_humble/CSCE452-samuel.fafel/project2_ws/src/install/project2_tam/lib/python3.10/site-packages/project2_tam-0.0.0-py3.10.egg-info/SOURCES.txt
/home/samuel/ros2_humble/CSCE452-samuel.fafel/project2_ws/src/install/project2_tam/lib/project2_tam/background
/home/samuel/ros2_humble/CSCE452-samuel.fafel/project2_ws/src/install/project2_tam/lib/project2_tam/project2
/home/samuel/ros2_humble/CSCE452-samuel.fafel/project2_ws/src/install/project2_tam/lib/project2_tam/tam_logo
