running egg_info
writing ../../build/project4/project4.egg-info/PKG-INFO
writing dependency_links to ../../build/project4/project4.egg-info/dependency_links.txt
writing entry points to ../../build/project4/project4.egg-info/entry_points.txt
writing requirements to ../../build/project4/project4.egg-info/requires.txt
writing top-level names to ../../build/project4/project4.egg-info/top_level.txt
reading manifest file '../../build/project4/project4.egg-info/SOURCES.txt'
writing manifest file '../../build/project4/project4.egg-info/SOURCES.txt'
running build
running build_py
running install
running install_lib
running install_data
running install_egg_info
removing '/home/samuel/ros2_humble/CSCE452-samuel.fafel/project4_ws/install/project4/lib/python3.10/site-packages/project4-0.0.0-py3.10.egg-info' (and everything under it)
Copying ../../build/project4/project4.egg-info to /home/samuel/ros2_humble/CSCE452-samuel.fafel/project4_ws/install/project4/lib/python3.10/site-packages/project4-0.0.0-py3.10.egg-info
running install_scripts
Installing robot_state_publisher script to /home/samuel/ros2_humble/CSCE452-samuel.fafel/project4_ws/install/project4/lib/project4
Installing simulator script to /home/samuel/ros2_humble/CSCE452-samuel.fafel/project4_ws/install/project4/lib/project4
Installing velocity_translator script to /home/samuel/ros2_humble/CSCE452-samuel.fafel/project4_ws/install/project4/lib/project4
writing list of installed files to '/home/samuel/ros2_humble/CSCE452-samuel.fafel/project4_ws/build/project4/install.log'
