[1.811s] Invoking command in '/home/samuel/ros2_humble/CSCE452-samuel.fafel/project2_ws/src/project2_tam': PYTHONPATH=/home/samuel/ros2_humble/CSCE452-samuel.fafel/build/project2_tam/prefix_override:/home/samuel/ros2_humble/CSCE452-samuel.fafel/install/project2_tam/lib/python3.10/site-packages:${PYTHONPATH} /usr/bin/python3 setup.py egg_info --egg-base ../../../build/project2_tam build --build-base /home/samuel/ros2_humble/CSCE452-samuel.fafel/build/project2_tam/build install --record /home/samuel/ros2_humble/CSCE452-samuel.fafel/build/project2_tam/install.log --single-version-externally-managed
[2.215s] running egg_info
[2.216s] writing ../../../build/project2_tam/project2_tam.egg-info/PKG-INFO
[2.216s] writing dependency_links to ../../../build/project2_tam/project2_tam.egg-info/dependency_links.txt
[2.216s] writing entry points to ../../../build/project2_tam/project2_tam.egg-info/entry_points.txt
[2.217s] writing requirements to ../../../build/project2_tam/project2_tam.egg-info/requires.txt
[2.217s] writing top-level names to ../../../build/project2_tam/project2_tam.egg-info/top_level.txt
[2.219s] reading manifest file '../../../build/project2_tam/project2_tam.egg-info/SOURCES.txt'
[2.220s] writing manifest file '../../../build/project2_tam/project2_tam.egg-info/SOURCES.txt'
[2.220s] running build
[2.220s] running build_py
[2.221s] running install
[2.221s] /usr/lib/python3/dist-packages/setuptools/command/install.py:34: SetuptoolsDeprecationWarning: setup.py install is deprecated. Use build and pip and other standards-based tools.
[2.221s]   warnings.warn(
[2.221s] running install_lib
[2.224s] running install_data
[2.224s] running install_egg_info
[2.227s] removing '/home/samuel/ros2_humble/CSCE452-samuel.fafel/install/project2_tam/lib/python3.10/site-packages/project2_tam-0.0.0-py3.10.egg-info' (and everything under it)
[2.228s] Copying ../../../build/project2_tam/project2_tam.egg-info to /home/samuel/ros2_humble/CSCE452-samuel.fafel/install/project2_tam/lib/python3.10/site-packages/project2_tam-0.0.0-py3.10.egg-info
[2.228s] running install_scripts
[2.263s] Installing background script to /home/samuel/ros2_humble/CSCE452-samuel.fafel/install/project2_tam/lib/project2_tam
[2.263s] Installing project2 script to /home/samuel/ros2_humble/CSCE452-samuel.fafel/install/project2_tam/lib/project2_tam
[2.263s] Installing tam_logo script to /home/samuel/ros2_humble/CSCE452-samuel.fafel/install/project2_tam/lib/project2_tam
[2.263s] writing list of installed files to '/home/samuel/ros2_humble/CSCE452-samuel.fafel/build/project2_tam/install.log'
[2.372s] Invoked command in '/home/samuel/ros2_humble/CSCE452-samuel.fafel/project2_ws/src/project2_tam' returned '0': PYTHONPATH=/home/samuel/ros2_humble/CSCE452-samuel.fafel/build/project2_tam/prefix_override:/home/samuel/ros2_humble/CSCE452-samuel.fafel/install/project2_tam/lib/python3.10/site-packages:${PYTHONPATH} /usr/bin/python3 setup.py egg_info --egg-base ../../../build/project2_tam build --build-base /home/samuel/ros2_humble/CSCE452-samuel.fafel/build/project2_tam/build install --record /home/samuel/ros2_humble/CSCE452-samuel.fafel/build/project2_tam/install.log --single-version-externally-managed
