[2.748s] DEBUG:colcon:Command line arguments: ['/usr/bin/colcon', 'build']
[2.749s] DEBUG:colcon:Parsed command line arguments: Namespace(log_base=None, log_level=None, verb_name='build', build_base='build', install_base='install', merge_install=False, symlink_install=False, test_result_base=None, continue_on_error=False, executor='parallel', parallel_workers=8, event_handlers=None, ignore_user_meta=False, metas=['./colcon.meta'], base_paths=['.'], packages_ignore=None, packages_ignore_regex=None, paths=None, packages_up_to=None, packages_up_to_regex=None, packages_above=None, packages_above_and_dependencies=None, packages_above_depth=None, packages_select_by_dep=None, packages_skip_by_dep=None, packages_skip_up_to=None, packages_select_build_failed=False, packages_skip_build_finished=False, packages_select_test_failures=False, packages_skip_test_passed=False, packages_select=None, packages_skip=None, packages_select_regex=None, packages_skip_regex=None, packages_start=None, packages_end=None, allow_overriding=[], cmake_args=None, cmake_target=None, cmake_target_skip_unavailable=False, cmake_clean_cache=False, cmake_clean_first=False, cmake_force_configure=False, ament_cmake_args=None, catkin_cmake_args=None, catkin_skip_building_tests=False, verb_parser=<colcon_defaults.argument_parser.defaults.DefaultArgumentsDecorator object at 0x7fea856efbb0>, verb_extension=<colcon_core.verb.build.BuildVerb object at 0x7fea855be560>, main=<bound method BuildVerb.main of <colcon_core.verb.build.BuildVerb object at 0x7fea855be560>>)
[2.913s] Level 1:colcon.colcon_core.package_discovery:discover_packages(colcon_meta) check parameters
[2.913s] Level 1:colcon.colcon_core.package_discovery:discover_packages(recursive) check parameters
[2.913s] Level 1:colcon.colcon_core.package_discovery:discover_packages(ignore) check parameters
[2.913s] Level 1:colcon.colcon_core.package_discovery:discover_packages(path) check parameters
[2.913s] Level 1:colcon.colcon_core.package_discovery:discover_packages(colcon_meta) discover
[2.913s] Level 1:colcon.colcon_core.package_discovery:discover_packages(recursive) discover
[2.913s] INFO:colcon.colcon_core.package_discovery:Crawling recursively for packages in '/home/samuel/ros2_humble/CSCE452-samuel.fafel/project4_ws'
[2.913s] Level 1:colcon.colcon_core.package_identification:_identify(.) by extensions ['ignore', 'ignore_ament_install']
[2.913s] Level 1:colcon.colcon_core.package_identification:_identify(.) by extension 'ignore'
[2.913s] Level 1:colcon.colcon_core.package_identification:_identify(.) by extension 'ignore_ament_install'
[2.913s] Level 1:colcon.colcon_core.package_identification:_identify(.) by extensions ['colcon_pkg']
[2.914s] Level 1:colcon.colcon_core.package_identification:_identify(.) by extension 'colcon_pkg'
[2.914s] Level 1:colcon.colcon_core.package_identification:_identify(.) by extensions ['colcon_meta']
[2.914s] Level 1:colcon.colcon_core.package_identification:_identify(.) by extension 'colcon_meta'
[2.914s] Level 1:colcon.colcon_core.package_identification:_identify(.) by extensions ['ros']
[2.914s] Level 1:colcon.colcon_core.package_identification:_identify(.) by extension 'ros'
[2.931s] Level 1:colcon.colcon_core.package_identification:_identify(.) by extensions ['cmake', 'python']
[2.931s] Level 1:colcon.colcon_core.package_identification:_identify(.) by extension 'cmake'
[2.931s] Level 1:colcon.colcon_core.package_identification:_identify(.) by extension 'python'
[2.931s] Level 1:colcon.colcon_core.package_identification:_identify(.) by extensions ['python_setup_py']
[2.931s] Level 1:colcon.colcon_core.package_identification:_identify(.) by extension 'python_setup_py'
[2.931s] Level 1:colcon.colcon_core.package_identification:_identify(build) by extensions ['ignore', 'ignore_ament_install']
[2.931s] Level 1:colcon.colcon_core.package_identification:_identify(build) by extension 'ignore'
[2.931s] Level 1:colcon.colcon_core.package_identification:_identify(build) ignored
[2.932s] Level 1:colcon.colcon_core.package_identification:_identify(install) by extensions ['ignore', 'ignore_ament_install']
[2.932s] Level 1:colcon.colcon_core.package_identification:_identify(install) by extension 'ignore'
[2.932s] Level 1:colcon.colcon_core.package_identification:_identify(install) ignored
[2.932s] Level 1:colcon.colcon_core.package_identification:_identify(log) by extensions ['ignore', 'ignore_ament_install']
[2.932s] Level 1:colcon.colcon_core.package_identification:_identify(log) by extension 'ignore'
[2.932s] Level 1:colcon.colcon_core.package_identification:_identify(log) ignored
[2.932s] Level 1:colcon.colcon_core.package_identification:_identify(src) by extensions ['ignore', 'ignore_ament_install']
[2.932s] Level 1:colcon.colcon_core.package_identification:_identify(src) by extension 'ignore'
[2.932s] Level 1:colcon.colcon_core.package_identification:_identify(src) by extension 'ignore_ament_install'
[2.932s] Level 1:colcon.colcon_core.package_identification:_identify(src) by extensions ['colcon_pkg']
[2.932s] Level 1:colcon.colcon_core.package_identification:_identify(src) by extension 'colcon_pkg'
[2.932s] Level 1:colcon.colcon_core.package_identification:_identify(src) by extensions ['colcon_meta']
[2.932s] Level 1:colcon.colcon_core.package_identification:_identify(src) by extension 'colcon_meta'
[2.932s] Level 1:colcon.colcon_core.package_identification:_identify(src) by extensions ['ros']
[2.932s] Level 1:colcon.colcon_core.package_identification:_identify(src) by extension 'ros'
[2.933s] Level 1:colcon.colcon_core.package_identification:_identify(src) by extensions ['cmake', 'python']
[2.933s] Level 1:colcon.colcon_core.package_identification:_identify(src) by extension 'cmake'
[2.933s] Level 1:colcon.colcon_core.package_identification:_identify(src) by extension 'python'
[2.933s] Level 1:colcon.colcon_core.package_identification:_identify(src) by extensions ['python_setup_py']
[2.933s] Level 1:colcon.colcon_core.package_identification:_identify(src) by extension 'python_setup_py'
[2.933s] Level 1:colcon.colcon_core.package_identification:_identify(src/project4) by extensions ['ignore', 'ignore_ament_install']
[2.933s] Level 1:colcon.colcon_core.package_identification:_identify(src/project4) by extension 'ignore'
[2.933s] Level 1:colcon.colcon_core.package_identification:_identify(src/project4) by extension 'ignore_ament_install'
[2.933s] Level 1:colcon.colcon_core.package_identification:_identify(src/project4) by extensions ['colcon_pkg']
[2.933s] Level 1:colcon.colcon_core.package_identification:_identify(src/project4) by extension 'colcon_pkg'
[2.933s] Level 1:colcon.colcon_core.package_identification:_identify(src/project4) by extensions ['colcon_meta']
[2.933s] Level 1:colcon.colcon_core.package_identification:_identify(src/project4) by extension 'colcon_meta'
[2.933s] Level 1:colcon.colcon_core.package_identification:_identify(src/project4) by extensions ['ros']
[2.933s] Level 1:colcon.colcon_core.package_identification:_identify(src/project4) by extension 'ros'
[2.937s] DEBUG:colcon.colcon_core.package_identification:Package 'src/project4' with type 'ros.ament_python' and name 'project4'
[2.937s] Level 1:colcon.colcon_core.package_discovery:discover_packages(recursive) using defaults
[2.937s] Level 1:colcon.colcon_core.package_discovery:discover_packages(ignore) discover
[2.937s] Level 1:colcon.colcon_core.package_discovery:discover_packages(ignore) using defaults
[2.937s] Level 1:colcon.colcon_core.package_discovery:discover_packages(path) discover
[2.937s] Level 1:colcon.colcon_core.package_discovery:discover_packages(path) using defaults
[3.204s] Level 1:colcon.colcon_core.package_discovery:discover_packages(prefix_path) check parameters
[3.204s] Level 1:colcon.colcon_core.package_discovery:discover_packages(prefix_path) discover
[3.314s] DEBUG:colcon.colcon_installed_package_information.package_discovery:Found 344 installed packages in /home/samuel/ros2_humble/install
[3.317s] Level 1:colcon.colcon_core.package_discovery:discover_packages(prefix_path) using defaults
[3.641s] Level 5:colcon.colcon_core.verb:set package 'project4' build argument 'cmake_args' from command line to 'None'
[3.641s] Level 5:colcon.colcon_core.verb:set package 'project4' build argument 'cmake_target' from command line to 'None'
[3.641s] Level 5:colcon.colcon_core.verb:set package 'project4' build argument 'cmake_target_skip_unavailable' from command line to 'False'
[3.641s] Level 5:colcon.colcon_core.verb:set package 'project4' build argument 'cmake_clean_cache' from command line to 'False'
[3.641s] Level 5:colcon.colcon_core.verb:set package 'project4' build argument 'cmake_clean_first' from command line to 'False'
[3.641s] Level 5:colcon.colcon_core.verb:set package 'project4' build argument 'cmake_force_configure' from command line to 'False'
[3.641s] Level 5:colcon.colcon_core.verb:set package 'project4' build argument 'ament_cmake_args' from command line to 'None'
[3.641s] Level 5:colcon.colcon_core.verb:set package 'project4' build argument 'catkin_cmake_args' from command line to 'None'
[3.642s] Level 5:colcon.colcon_core.verb:set package 'project4' build argument 'catkin_skip_building_tests' from command line to 'False'
[3.642s] DEBUG:colcon.colcon_core.verb:Building package 'project4' with the following arguments: {'ament_cmake_args': None, 'build_base': '/home/samuel/ros2_humble/CSCE452-samuel.fafel/project4_ws/build/project4', 'catkin_cmake_args': None, 'catkin_skip_building_tests': False, 'cmake_args': None, 'cmake_clean_cache': False, 'cmake_clean_first': False, 'cmake_force_configure': False, 'cmake_target': None, 'cmake_target_skip_unavailable': False, 'install_base': '/home/samuel/ros2_humble/CSCE452-samuel.fafel/project4_ws/install/project4', 'merge_install': False, 'path': '/home/samuel/ros2_humble/CSCE452-samuel.fafel/project4_ws/src/project4', 'symlink_install': False, 'test_result_base': None}
[3.679s] INFO:colcon.colcon_core.executor:Executing jobs using 'parallel' executor
[3.718s] DEBUG:colcon.colcon_parallel_executor.executor.parallel:run_until_complete
[3.719s] INFO:colcon.colcon_ros.task.ament_python.build:Building ROS package in '/home/samuel/ros2_humble/CSCE452-samuel.fafel/project4_ws/src/project4' with build type 'ament_python'
[3.719s] Level 1:colcon.colcon_core.shell:create_environment_hook('project4', 'ament_prefix_path')
[3.771s] INFO:colcon.colcon_core.plugin_system:Skipping extension 'colcon_core.shell.bat': Not used on non-Windows systems
[3.771s] INFO:colcon.colcon_core.shell:Creating environment hook '/home/samuel/ros2_humble/CSCE452-samuel.fafel/project4_ws/install/project4/share/project4/hook/ament_prefix_path.ps1'
[3.772s] INFO:colcon.colcon_core.shell:Creating environment descriptor '/home/samuel/ros2_humble/CSCE452-samuel.fafel/project4_ws/install/project4/share/project4/hook/ament_prefix_path.dsv'
[3.773s] INFO:colcon.colcon_core.shell:Creating environment hook '/home/samuel/ros2_humble/CSCE452-samuel.fafel/project4_ws/install/project4/share/project4/hook/ament_prefix_path.sh'
[3.813s] INFO:colcon.colcon_core.shell:Skip shell extension 'powershell' for command environment: Not usable outside of PowerShell
[3.814s] DEBUG:colcon.colcon_core.shell:Skip shell extension 'dsv' for command environment
[4.701s] INFO:colcon.colcon_core.task.python.build:Building Python package in '/home/samuel/ros2_humble/CSCE452-samuel.fafel/project4_ws/src/project4'
[4.741s] INFO:colcon.colcon_core.shell:Skip shell extension 'powershell' for command environment: Not usable outside of PowerShell
[4.741s] DEBUG:colcon.colcon_core.shell:Skip shell extension 'dsv' for command environment
[5.825s] DEBUG:colcon.colcon_core.event_handler.log_command:Invoking command in '/home/samuel/ros2_humble/CSCE452-samuel.fafel/project4_ws/src/project4': PYTHONPATH=/home/samuel/ros2_humble/CSCE452-samuel.fafel/project4_ws/build/project4/prefix_override:/home/samuel/ros2_humble/CSCE452-samuel.fafel/project4_ws/install/project4/lib/python3.10/site-packages:${PYTHONPATH} /usr/bin/python3 setup.py egg_info --egg-base ../../build/project4 build --build-base /home/samuel/ros2_humble/CSCE452-samuel.fafel/project4_ws/build/project4/build install --record /home/samuel/ros2_humble/CSCE452-samuel.fafel/project4_ws/build/project4/install.log --single-version-externally-managed
[6.296s] DEBUG:colcon.colcon_core.event_handler.log_command:Invoked command in '/home/samuel/ros2_humble/CSCE452-samuel.fafel/project4_ws/src/project4' returned '0': PYTHONPATH=/home/samuel/ros2_humble/CSCE452-samuel.fafel/project4_ws/build/project4/prefix_override:/home/samuel/ros2_humble/CSCE452-samuel.fafel/project4_ws/install/project4/lib/python3.10/site-packages:${PYTHONPATH} /usr/bin/python3 setup.py egg_info --egg-base ../../build/project4 build --build-base /home/samuel/ros2_humble/CSCE452-samuel.fafel/project4_ws/build/project4/build install --record /home/samuel/ros2_humble/CSCE452-samuel.fafel/project4_ws/build/project4/install.log --single-version-externally-managed
[6.335s] Level 1:colcon.colcon_core.environment:checking '/home/samuel/ros2_humble/CSCE452-samuel.fafel/project4_ws/install/project4' for CMake module files
[6.335s] Level 1:colcon.colcon_core.environment:checking '/home/samuel/ros2_humble/CSCE452-samuel.fafel/project4_ws/install/project4' for CMake config files
[6.336s] Level 1:colcon.colcon_core.environment:checking '/home/samuel/ros2_humble/CSCE452-samuel.fafel/project4_ws/install/project4/lib'
[6.336s] Level 1:colcon.colcon_core.environment:checking '/home/samuel/ros2_humble/CSCE452-samuel.fafel/project4_ws/install/project4/bin'
[6.336s] Level 1:colcon.colcon_core.environment:checking '/home/samuel/ros2_humble/CSCE452-samuel.fafel/project4_ws/install/project4/lib/pkgconfig/project4.pc'
[6.336s] Level 1:colcon.colcon_core.environment:checking '/home/samuel/ros2_humble/CSCE452-samuel.fafel/project4_ws/install/project4/lib/python3.10/site-packages'
[6.336s] Level 1:colcon.colcon_core.shell:create_environment_hook('project4', 'pythonpath')
[6.366s] INFO:colcon.colcon_core.shell:Creating environment hook '/home/samuel/ros2_humble/CSCE452-samuel.fafel/project4_ws/install/project4/share/project4/hook/pythonpath.ps1'
[6.366s] INFO:colcon.colcon_core.shell:Creating environment descriptor '/home/samuel/ros2_humble/CSCE452-samuel.fafel/project4_ws/install/project4/share/project4/hook/pythonpath.dsv'
[6.366s] INFO:colcon.colcon_core.shell:Creating environment hook '/home/samuel/ros2_humble/CSCE452-samuel.fafel/project4_ws/install/project4/share/project4/hook/pythonpath.sh'
[6.367s] Level 1:colcon.colcon_core.environment:checking '/home/samuel/ros2_humble/CSCE452-samuel.fafel/project4_ws/install/project4/bin'
[6.367s] Level 1:colcon.colcon_core.environment:create_environment_scripts_only(project4)
[6.396s] INFO:colcon.colcon_core.shell:Creating package script '/home/samuel/ros2_humble/CSCE452-samuel.fafel/project4_ws/install/project4/share/project4/package.ps1'
[6.397s] INFO:colcon.colcon_core.shell:Creating package descriptor '/home/samuel/ros2_humble/CSCE452-samuel.fafel/project4_ws/install/project4/share/project4/package.dsv'
[6.398s] INFO:colcon.colcon_core.shell:Creating package script '/home/samuel/ros2_humble/CSCE452-samuel.fafel/project4_ws/install/project4/share/project4/package.sh'
[6.399s] INFO:colcon.colcon_core.shell:Creating package script '/home/samuel/ros2_humble/CSCE452-samuel.fafel/project4_ws/install/project4/share/project4/package.bash'
[6.400s] INFO:colcon.colcon_core.shell:Creating package script '/home/samuel/ros2_humble/CSCE452-samuel.fafel/project4_ws/install/project4/share/project4/package.zsh'
[6.401s] Level 1:colcon.colcon_core.environment:create_file_with_runtime_dependencies(/home/samuel/ros2_humble/CSCE452-samuel.fafel/project4_ws/install/project4/share/colcon-core/packages/project4)
[6.401s] DEBUG:colcon.colcon_parallel_executor.executor.parallel:closing loop
[6.401s] DEBUG:colcon.colcon_parallel_executor.executor.parallel:loop closed
[6.401s] DEBUG:colcon.colcon_parallel_executor.executor.parallel:run_until_complete finished with '0'
[6.401s] DEBUG:colcon.colcon_core.event_reactor:joining thread
[6.482s] INFO:colcon.colcon_core.plugin_system:Skipping extension 'colcon_notification.desktop_notification.terminal_notifier': Not used on non-Darwin systems
[6.482s] INFO:colcon.colcon_core.plugin_system:Skipping extension 'colcon_notification.desktop_notification.win32': Not used on non-Windows systems
[6.482s] INFO:colcon.colcon_notification.desktop_notification:Sending desktop notification using 'notify2'
[6.494s] DEBUG:colcon.colcon_core.event_reactor:joined thread
[6.522s] INFO:colcon.colcon_core.shell:Creating prefix script '/home/samuel/ros2_humble/CSCE452-samuel.fafel/project4_ws/install/local_setup.ps1'
[6.523s] INFO:colcon.colcon_core.shell:Creating prefix util module '/home/samuel/ros2_humble/CSCE452-samuel.fafel/project4_ws/install/_local_setup_util_ps1.py'
[6.524s] INFO:colcon.colcon_core.shell:Creating prefix chain script '/home/samuel/ros2_humble/CSCE452-samuel.fafel/project4_ws/install/setup.ps1'
[6.566s] INFO:colcon.colcon_core.shell:Creating prefix script '/home/samuel/ros2_humble/CSCE452-samuel.fafel/project4_ws/install/local_setup.sh'
[6.566s] INFO:colcon.colcon_core.shell:Creating prefix util module '/home/samuel/ros2_humble/CSCE452-samuel.fafel/project4_ws/install/_local_setup_util_sh.py'
[6.566s] INFO:colcon.colcon_core.shell:Creating prefix chain script '/home/samuel/ros2_humble/CSCE452-samuel.fafel/project4_ws/install/setup.sh'
[6.607s] INFO:colcon.colcon_core.shell:Creating prefix script '/home/samuel/ros2_humble/CSCE452-samuel.fafel/project4_ws/install/local_setup.bash'
[6.607s] INFO:colcon.colcon_core.shell:Creating prefix chain script '/home/samuel/ros2_humble/CSCE452-samuel.fafel/project4_ws/install/setup.bash'
[6.646s] INFO:colcon.colcon_core.shell:Creating prefix script '/home/samuel/ros2_humble/CSCE452-samuel.fafel/project4_ws/install/local_setup.zsh'
[6.647s] INFO:colcon.colcon_core.shell:Creating prefix chain script '/home/samuel/ros2_humble/CSCE452-samuel.fafel/project4_ws/install/setup.zsh'
