[1.380s] Invoking command in '/home/samuel/ros2_humble/CSCE452-samuel.fafel/project2_ws/src/project2_tam': PYTHONPATH=/home/samuel/ros2_humble/CSCE452-samuel.fafel/project2_ws/build/project2_tam/prefix_override:/home/samuel/ros2_humble/CSCE452-samuel.fafel/project2_ws/install/project2_tam/lib/python3.10/site-packages:${PYTHONPATH} /usr/bin/python3 setup.py egg_info --egg-base ../../build/project2_tam build --build-base /home/samuel/ros2_humble/CSCE452-samuel.fafel/project2_ws/build/project2_tam/build install --record /home/samuel/ros2_humble/CSCE452-samuel.fafel/project2_ws/build/project2_tam/install.log --single-version-externally-managed
[1.793s] running egg_info
[1.793s] writing ../../build/project2_tam/project2_tam.egg-info/PKG-INFO
[1.794s] writing dependency_links to ../../build/project2_tam/project2_tam.egg-info/dependency_links.txt
[1.794s] writing entry points to ../../build/project2_tam/project2_tam.egg-info/entry_points.txt
[1.794s] writing requirements to ../../build/project2_tam/project2_tam.egg-info/requires.txt
[1.794s] writing top-level names to ../../build/project2_tam/project2_tam.egg-info/top_level.txt
[1.795s] reading manifest file '../../build/project2_tam/project2_tam.egg-info/SOURCES.txt'
[1.796s] writing manifest file '../../build/project2_tam/project2_tam.egg-info/SOURCES.txt'
[1.797s] running build
[1.797s] running build_py
[1.797s] copying project2_tam/project2.py -> /home/samuel/ros2_humble/CSCE452-samuel.fafel/project2_ws/build/project2_tam/build/lib/project2_tam
[1.798s] running install
[1.798s] /usr/lib/python3/dist-packages/setuptools/command/install.py:34: SetuptoolsDeprecationWarning: setup.py install is deprecated. Use build and pip and other standards-based tools.
[1.798s]   warnings.warn(
[1.798s] running install_lib
[1.799s] copying /home/samuel/ros2_humble/CSCE452-samuel.fafel/project2_ws/build/project2_tam/build/lib/project2_tam/project2.py -> /home/samuel/ros2_humble/CSCE452-samuel.fafel/project2_ws/install/project2_tam/lib/python3.10/site-packages/project2_tam
[1.801s] byte-compiling /home/samuel/ros2_humble/CSCE452-samuel.fafel/project2_ws/install/project2_tam/lib/python3.10/site-packages/project2_tam/project2.py to project2.cpython-310.pyc
[1.803s] running install_data
[1.803s] running install_egg_info
[1.806s] removing '/home/samuel/ros2_humble/CSCE452-samuel.fafel/project2_ws/install/project2_tam/lib/python3.10/site-packages/project2_tam-0.0.0-py3.10.egg-info' (and everything under it)
[1.807s] Copying ../../build/project2_tam/project2_tam.egg-info to /home/samuel/ros2_humble/CSCE452-samuel.fafel/project2_ws/install/project2_tam/lib/python3.10/site-packages/project2_tam-0.0.0-py3.10.egg-info
[1.807s] running install_scripts
[1.843s] Installing project2 script to /home/samuel/ros2_humble/CSCE452-samuel.fafel/project2_ws/install/project2_tam/lib/project2_tam
[1.843s] writing list of installed files to '/home/samuel/ros2_humble/CSCE452-samuel.fafel/project2_ws/build/project2_tam/install.log'
[1.861s] Invoked command in '/home/samuel/ros2_humble/CSCE452-samuel.fafel/project2_ws/src/project2_tam' returned '0': PYTHONPATH=/home/samuel/ros2_humble/CSCE452-samuel.fafel/project2_ws/build/project2_tam/prefix_override:/home/samuel/ros2_humble/CSCE452-samuel.fafel/project2_ws/install/project2_tam/lib/python3.10/site-packages:${PYTHONPATH} /usr/bin/python3 setup.py egg_info --egg-base ../../build/project2_tam build --build-base /home/samuel/ros2_humble/CSCE452-samuel.fafel/project2_ws/build/project2_tam/build install --record /home/samuel/ros2_humble/CSCE452-samuel.fafel/project2_ws/build/project2_tam/install.log --single-version-externally-managed
