[2.748s] DEBUG:colcon:Command line arguments: ['/usr/bin/colcon', 'build']
[2.748s] DEBUG:colcon:Parsed command line arguments: Namespace(log_base=None, log_level=None, verb_name='build', build_base='build', install_base='install', merge_install=False, symlink_install=False, test_result_base=None, continue_on_error=False, executor='parallel', parallel_workers=8, event_handlers=None, ignore_user_meta=False, metas=['./colcon.meta'], base_paths=['.'], packages_ignore=None, packages_ignore_regex=None, paths=None, packages_up_to=None, packages_up_to_regex=None, packages_above=None, packages_above_and_dependencies=None, packages_above_depth=None, packages_select_by_dep=None, packages_skip_by_dep=None, packages_skip_up_to=None, packages_select_build_failed=False, packages_skip_build_finished=False, packages_select_test_failures=False, packages_skip_test_passed=False, packages_select=None, packages_skip=None, packages_select_regex=None, packages_skip_regex=None, packages_start=None, packages_end=None, allow_overriding=[], cmake_args=None, cmake_target=None, cmake_target_skip_unavailable=False, cmake_clean_cache=False, cmake_clean_first=False, cmake_force_configure=False, ament_cmake_args=None, catkin_cmake_args=None, catkin_skip_building_tests=False, verb_parser=<colcon_defaults.argument_parser.defaults.DefaultArgumentsDecorator object at 0x7f615f13ad10>, verb_extension=<colcon_core.verb.build.BuildVerb object at 0x7f615fee0e80>, main=<bound method BuildVerb.main of <colcon_core.verb.build.BuildVerb object at 0x7f615fee0e80>>)
[2.900s] Level 1:colcon.colcon_core.package_discovery:discover_packages(colcon_meta) check parameters
[2.900s] Level 1:colcon.colcon_core.package_discovery:discover_packages(recursive) check parameters
[2.900s] Level 1:colcon.colcon_core.package_discovery:discover_packages(ignore) check parameters
[2.900s] Level 1:colcon.colcon_core.package_discovery:discover_packages(path) check parameters
[2.900s] Level 1:colcon.colcon_core.package_discovery:discover_packages(colcon_meta) discover
[2.900s] Level 1:colcon.colcon_core.package_discovery:discover_packages(recursive) discover
[2.901s] INFO:colcon.colcon_core.package_discovery:Crawling recursively for packages in '/home/samuel/ros2_humble/CSCE452-samuel.fafel'
[2.901s] Level 1:colcon.colcon_core.package_identification:_identify(.) by extensions ['ignore', 'ignore_ament_install']
[2.901s] Level 1:colcon.colcon_core.package_identification:_identify(.) by extension 'ignore'
[2.901s] Level 1:colcon.colcon_core.package_identification:_identify(.) by extension 'ignore_ament_install'
[2.901s] Level 1:colcon.colcon_core.package_identification:_identify(.) by extensions ['colcon_pkg']
[2.901s] Level 1:colcon.colcon_core.package_identification:_identify(.) by extension 'colcon_pkg'
[2.901s] Level 1:colcon.colcon_core.package_identification:_identify(.) by extensions ['colcon_meta']
[2.901s] Level 1:colcon.colcon_core.package_identification:_identify(.) by extension 'colcon_meta'
[2.901s] Level 1:colcon.colcon_core.package_identification:_identify(.) by extensions ['ros']
[2.901s] Level 1:colcon.colcon_core.package_identification:_identify(.) by extension 'ros'
[2.919s] Level 1:colcon.colcon_core.package_identification:_identify(.) by extensions ['cmake', 'python']
[2.919s] Level 1:colcon.colcon_core.package_identification:_identify(.) by extension 'cmake'
[2.920s] Level 1:colcon.colcon_core.package_identification:_identify(.) by extension 'python'
[2.920s] Level 1:colcon.colcon_core.package_identification:_identify(.) by extensions ['python_setup_py']
[2.920s] Level 1:colcon.colcon_core.package_identification:_identify(.) by extension 'python_setup_py'
[2.920s] Level 1:colcon.colcon_core.package_identification:_identify(build) by extensions ['ignore', 'ignore_ament_install']
[2.920s] Level 1:colcon.colcon_core.package_identification:_identify(build) by extension 'ignore'
[2.920s] Level 1:colcon.colcon_core.package_identification:_identify(build) ignored
[2.920s] Level 1:colcon.colcon_core.package_identification:_identify(install) by extensions ['ignore', 'ignore_ament_install']
[2.920s] Level 1:colcon.colcon_core.package_identification:_identify(install) by extension 'ignore'
[2.920s] Level 1:colcon.colcon_core.package_identification:_identify(install) ignored
[2.920s] Level 1:colcon.colcon_core.package_identification:_identify(log) by extensions ['ignore', 'ignore_ament_install']
[2.920s] Level 1:colcon.colcon_core.package_identification:_identify(log) by extension 'ignore'
[2.920s] Level 1:colcon.colcon_core.package_identification:_identify(log) ignored
[2.921s] Level 1:colcon.colcon_core.package_identification:_identify(project1_ws) by extensions ['ignore', 'ignore_ament_install']
[2.921s] Level 1:colcon.colcon_core.package_identification:_identify(project1_ws) by extension 'ignore'
[2.921s] Level 1:colcon.colcon_core.package_identification:_identify(project1_ws) by extension 'ignore_ament_install'
[2.921s] Level 1:colcon.colcon_core.package_identification:_identify(project1_ws) by extensions ['colcon_pkg']
[2.921s] Level 1:colcon.colcon_core.package_identification:_identify(project1_ws) by extension 'colcon_pkg'
[2.921s] Level 1:colcon.colcon_core.package_identification:_identify(project1_ws) by extensions ['colcon_meta']
[2.921s] Level 1:colcon.colcon_core.package_identification:_identify(project1_ws) by extension 'colcon_meta'
[2.921s] Level 1:colcon.colcon_core.package_identification:_identify(project1_ws) by extensions ['ros']
[2.921s] Level 1:colcon.colcon_core.package_identification:_identify(project1_ws) by extension 'ros'
[2.921s] Level 1:colcon.colcon_core.package_identification:_identify(project1_ws) by extensions ['cmake', 'python']
[2.921s] Level 1:colcon.colcon_core.package_identification:_identify(project1_ws) by extension 'cmake'
[2.921s] Level 1:colcon.colcon_core.package_identification:_identify(project1_ws) by extension 'python'
[2.921s] Level 1:colcon.colcon_core.package_identification:_identify(project1_ws) by extensions ['python_setup_py']
[2.921s] Level 1:colcon.colcon_core.package_identification:_identify(project1_ws) by extension 'python_setup_py'
[2.921s] Level 1:colcon.colcon_core.package_identification:_identify(project1_ws/build) by extensions ['ignore', 'ignore_ament_install']
[2.922s] Level 1:colcon.colcon_core.package_identification:_identify(project1_ws/build) by extension 'ignore'
[2.922s] Level 1:colcon.colcon_core.package_identification:_identify(project1_ws/build) ignored
[2.922s] Level 1:colcon.colcon_core.package_identification:_identify(project1_ws/install) by extensions ['ignore', 'ignore_ament_install']
[2.922s] Level 1:colcon.colcon_core.package_identification:_identify(project1_ws/install) by extension 'ignore'
[2.922s] Level 1:colcon.colcon_core.package_identification:_identify(project1_ws/install) ignored
[2.922s] Level 1:colcon.colcon_core.package_identification:_identify(project1_ws/log) by extensions ['ignore', 'ignore_ament_install']
[2.922s] Level 1:colcon.colcon_core.package_identification:_identify(project1_ws/log) by extension 'ignore'
[2.922s] Level 1:colcon.colcon_core.package_identification:_identify(project1_ws/log) ignored
[2.922s] Level 1:colcon.colcon_core.package_identification:_identify(project1_ws/src) by extensions ['ignore', 'ignore_ament_install']
[2.922s] Level 1:colcon.colcon_core.package_identification:_identify(project1_ws/src) by extension 'ignore'
[2.922s] Level 1:colcon.colcon_core.package_identification:_identify(project1_ws/src) by extension 'ignore_ament_install'
[2.922s] Level 1:colcon.colcon_core.package_identification:_identify(project1_ws/src) by extensions ['colcon_pkg']
[2.922s] Level 1:colcon.colcon_core.package_identification:_identify(project1_ws/src) by extension 'colcon_pkg'
[2.923s] Level 1:colcon.colcon_core.package_identification:_identify(project1_ws/src) by extensions ['colcon_meta']
[2.923s] Level 1:colcon.colcon_core.package_identification:_identify(project1_ws/src) by extension 'colcon_meta'
[2.923s] Level 1:colcon.colcon_core.package_identification:_identify(project1_ws/src) by extensions ['ros']
[2.923s] Level 1:colcon.colcon_core.package_identification:_identify(project1_ws/src) by extension 'ros'
[2.923s] Level 1:colcon.colcon_core.package_identification:_identify(project1_ws/src) by extensions ['cmake', 'python']
[2.923s] Level 1:colcon.colcon_core.package_identification:_identify(project1_ws/src) by extension 'cmake'
[2.923s] Level 1:colcon.colcon_core.package_identification:_identify(project1_ws/src) by extension 'python'
[2.923s] Level 1:colcon.colcon_core.package_identification:_identify(project1_ws/src) by extensions ['python_setup_py']
[2.923s] Level 1:colcon.colcon_core.package_identification:_identify(project1_ws/src) by extension 'python_setup_py'
[2.923s] Level 1:colcon.colcon_core.package_identification:_identify(project1_ws/src/project1_pubsub) by extensions ['ignore', 'ignore_ament_install']
[2.923s] Level 1:colcon.colcon_core.package_identification:_identify(project1_ws/src/project1_pubsub) by extension 'ignore'
[2.923s] Level 1:colcon.colcon_core.package_identification:_identify(project1_ws/src/project1_pubsub) by extension 'ignore_ament_install'
[2.923s] Level 1:colcon.colcon_core.package_identification:_identify(project1_ws/src/project1_pubsub) by extensions ['colcon_pkg']
[2.923s] Level 1:colcon.colcon_core.package_identification:_identify(project1_ws/src/project1_pubsub) by extension 'colcon_pkg'
[2.923s] Level 1:colcon.colcon_core.package_identification:_identify(project1_ws/src/project1_pubsub) by extensions ['colcon_meta']
[2.923s] Level 1:colcon.colcon_core.package_identification:_identify(project1_ws/src/project1_pubsub) by extension 'colcon_meta'
[2.924s] Level 1:colcon.colcon_core.package_identification:_identify(project1_ws/src/project1_pubsub) by extensions ['ros']
[2.924s] Level 1:colcon.colcon_core.package_identification:_identify(project1_ws/src/project1_pubsub) by extension 'ros'
[2.927s] DEBUG:colcon.colcon_core.package_identification:Package 'project1_ws/src/project1_pubsub' with type 'ros.ament_python' and name 'project1_pubsub'
[2.927s] Level 1:colcon.colcon_core.package_identification:_identify(project2_ws) by extensions ['ignore', 'ignore_ament_install']
[2.927s] Level 1:colcon.colcon_core.package_identification:_identify(project2_ws) by extension 'ignore'
[2.927s] Level 1:colcon.colcon_core.package_identification:_identify(project2_ws) by extension 'ignore_ament_install'
[2.927s] Level 1:colcon.colcon_core.package_identification:_identify(project2_ws) by extensions ['colcon_pkg']
[2.927s] Level 1:colcon.colcon_core.package_identification:_identify(project2_ws) by extension 'colcon_pkg'
[2.927s] Level 1:colcon.colcon_core.package_identification:_identify(project2_ws) by extensions ['colcon_meta']
[2.927s] Level 1:colcon.colcon_core.package_identification:_identify(project2_ws) by extension 'colcon_meta'
[2.927s] Level 1:colcon.colcon_core.package_identification:_identify(project2_ws) by extensions ['ros']
[2.927s] Level 1:colcon.colcon_core.package_identification:_identify(project2_ws) by extension 'ros'
[2.927s] Level 1:colcon.colcon_core.package_identification:_identify(project2_ws) by extensions ['cmake', 'python']
[2.927s] Level 1:colcon.colcon_core.package_identification:_identify(project2_ws) by extension 'cmake'
[2.927s] Level 1:colcon.colcon_core.package_identification:_identify(project2_ws) by extension 'python'
[2.927s] Level 1:colcon.colcon_core.package_identification:_identify(project2_ws) by extensions ['python_setup_py']
[2.927s] Level 1:colcon.colcon_core.package_identification:_identify(project2_ws) by extension 'python_setup_py'
[2.927s] Level 1:colcon.colcon_core.package_identification:_identify(project2_ws/build) by extensions ['ignore', 'ignore_ament_install']
[2.928s] Level 1:colcon.colcon_core.package_identification:_identify(project2_ws/build) by extension 'ignore'
[2.928s] Level 1:colcon.colcon_core.package_identification:_identify(project2_ws/build) ignored
[2.928s] Level 1:colcon.colcon_core.package_identification:_identify(project2_ws/install) by extensions ['ignore', 'ignore_ament_install']
[2.928s] Level 1:colcon.colcon_core.package_identification:_identify(project2_ws/install) by extension 'ignore'
[2.928s] Level 1:colcon.colcon_core.package_identification:_identify(project2_ws/install) ignored
[2.928s] Level 1:colcon.colcon_core.package_identification:_identify(project2_ws/log) by extensions ['ignore', 'ignore_ament_install']
[2.928s] Level 1:colcon.colcon_core.package_identification:_identify(project2_ws/log) by extension 'ignore'
[2.928s] Level 1:colcon.colcon_core.package_identification:_identify(project2_ws/log) ignored
[2.928s] Level 1:colcon.colcon_core.package_identification:_identify(project2_ws/src) by extensions ['ignore', 'ignore_ament_install']
[2.928s] Level 1:colcon.colcon_core.package_identification:_identify(project2_ws/src) by extension 'ignore'
[2.928s] Level 1:colcon.colcon_core.package_identification:_identify(project2_ws/src) by extension 'ignore_ament_install'
[2.928s] Level 1:colcon.colcon_core.package_identification:_identify(project2_ws/src) by extensions ['colcon_pkg']
[2.929s] Level 1:colcon.colcon_core.package_identification:_identify(project2_ws/src) by extension 'colcon_pkg'
[2.929s] Level 1:colcon.colcon_core.package_identification:_identify(project2_ws/src) by extensions ['colcon_meta']
[2.929s] Level 1:colcon.colcon_core.package_identification:_identify(project2_ws/src) by extension 'colcon_meta'
[2.929s] Level 1:colcon.colcon_core.package_identification:_identify(project2_ws/src) by extensions ['ros']
[2.929s] Level 1:colcon.colcon_core.package_identification:_identify(project2_ws/src) by extension 'ros'
[2.929s] Level 1:colcon.colcon_core.package_identification:_identify(project2_ws/src) by extensions ['cmake', 'python']
[2.929s] Level 1:colcon.colcon_core.package_identification:_identify(project2_ws/src) by extension 'cmake'
[2.929s] Level 1:colcon.colcon_core.package_identification:_identify(project2_ws/src) by extension 'python'
[2.929s] Level 1:colcon.colcon_core.package_identification:_identify(project2_ws/src) by extensions ['python_setup_py']
[2.929s] Level 1:colcon.colcon_core.package_identification:_identify(project2_ws/src) by extension 'python_setup_py'
[2.929s] Level 1:colcon.colcon_core.package_identification:_identify(project2_ws/src/build) by extensions ['ignore', 'ignore_ament_install']
[2.929s] Level 1:colcon.colcon_core.package_identification:_identify(project2_ws/src/build) by extension 'ignore'
[2.929s] Level 1:colcon.colcon_core.package_identification:_identify(project2_ws/src/build) ignored
[2.929s] Level 1:colcon.colcon_core.package_identification:_identify(project2_ws/src/install) by extensions ['ignore', 'ignore_ament_install']
[2.929s] Level 1:colcon.colcon_core.package_identification:_identify(project2_ws/src/install) by extension 'ignore'
[2.930s] Level 1:colcon.colcon_core.package_identification:_identify(project2_ws/src/install) ignored
[2.930s] Level 1:colcon.colcon_core.package_identification:_identify(project2_ws/src/log) by extensions ['ignore', 'ignore_ament_install']
[2.930s] Level 1:colcon.colcon_core.package_identification:_identify(project2_ws/src/log) by extension 'ignore'
[2.930s] Level 1:colcon.colcon_core.package_identification:_identify(project2_ws/src/log) ignored
[2.930s] Level 1:colcon.colcon_core.package_identification:_identify(project2_ws/src/project2_tam) by extensions ['ignore', 'ignore_ament_install']
[2.930s] Level 1:colcon.colcon_core.package_identification:_identify(project2_ws/src/project2_tam) by extension 'ignore'
[2.930s] Level 1:colcon.colcon_core.package_identification:_identify(project2_ws/src/project2_tam) by extension 'ignore_ament_install'
[2.930s] Level 1:colcon.colcon_core.package_identification:_identify(project2_ws/src/project2_tam) by extensions ['colcon_pkg']
[2.930s] Level 1:colcon.colcon_core.package_identification:_identify(project2_ws/src/project2_tam) by extension 'colcon_pkg'
[2.930s] Level 1:colcon.colcon_core.package_identification:_identify(project2_ws/src/project2_tam) by extensions ['colcon_meta']
[2.930s] Level 1:colcon.colcon_core.package_identification:_identify(project2_ws/src/project2_tam) by extension 'colcon_meta'
[2.930s] Level 1:colcon.colcon_core.package_identification:_identify(project2_ws/src/project2_tam) by extensions ['ros']
[2.930s] Level 1:colcon.colcon_core.package_identification:_identify(project2_ws/src/project2_tam) by extension 'ros'
[2.931s] DEBUG:colcon.colcon_core.package_identification:Package 'project2_ws/src/project2_tam' with type 'ros.ament_python' and name 'project2_tam'
[2.931s] Level 1:colcon.colcon_core.package_discovery:discover_packages(recursive) using defaults
[2.931s] Level 1:colcon.colcon_core.package_discovery:discover_packages(ignore) discover
[2.931s] Level 1:colcon.colcon_core.package_discovery:discover_packages(ignore) using defaults
[2.931s] Level 1:colcon.colcon_core.package_discovery:discover_packages(path) discover
[2.931s] Level 1:colcon.colcon_core.package_discovery:discover_packages(path) using defaults
[3.172s] Level 1:colcon.colcon_core.package_discovery:discover_packages(prefix_path) check parameters
[3.172s] Level 1:colcon.colcon_core.package_discovery:discover_packages(prefix_path) discover
[3.235s] DEBUG:colcon.colcon_installed_package_information.package_discovery:Found 1 installed packages in /home/samuel/ros2_humble/CSCE452-samuel.fafel/project2_ws/install
[3.261s] DEBUG:colcon.colcon_installed_package_information.package_discovery:Found 0 installed packages in /home/samuel/ros2_humble/CSCE452-samuel.fafel/project2_ws/src/project2_tam/project2_tam/install
[3.293s] DEBUG:colcon.colcon_installed_package_information.package_discovery:Found 344 installed packages in /home/samuel/ros2_humble/install
[3.295s] Level 1:colcon.colcon_core.package_discovery:discover_packages(prefix_path) using defaults
[3.403s] Level 5:colcon.colcon_core.verb:set package 'project1_pubsub' build argument 'cmake_args' from command line to 'None'
[3.403s] Level 5:colcon.colcon_core.verb:set package 'project1_pubsub' build argument 'cmake_target' from command line to 'None'
[3.403s] Level 5:colcon.colcon_core.verb:set package 'project1_pubsub' build argument 'cmake_target_skip_unavailable' from command line to 'False'
[3.403s] Level 5:colcon.colcon_core.verb:set package 'project1_pubsub' build argument 'cmake_clean_cache' from command line to 'False'
[3.403s] Level 5:colcon.colcon_core.verb:set package 'project1_pubsub' build argument 'cmake_clean_first' from command line to 'False'
[3.403s] Level 5:colcon.colcon_core.verb:set package 'project1_pubsub' build argument 'cmake_force_configure' from command line to 'False'
[3.403s] Level 5:colcon.colcon_core.verb:set package 'project1_pubsub' build argument 'ament_cmake_args' from command line to 'None'
[3.403s] Level 5:colcon.colcon_core.verb:set package 'project1_pubsub' build argument 'catkin_cmake_args' from command line to 'None'
[3.403s] Level 5:colcon.colcon_core.verb:set package 'project1_pubsub' build argument 'catkin_skip_building_tests' from command line to 'False'
[3.403s] DEBUG:colcon.colcon_core.verb:Building package 'project1_pubsub' with the following arguments: {'ament_cmake_args': None, 'build_base': '/home/samuel/ros2_humble/CSCE452-samuel.fafel/build/project1_pubsub', 'catkin_cmake_args': None, 'catkin_skip_building_tests': False, 'cmake_args': None, 'cmake_clean_cache': False, 'cmake_clean_first': False, 'cmake_force_configure': False, 'cmake_target': None, 'cmake_target_skip_unavailable': False, 'install_base': '/home/samuel/ros2_humble/CSCE452-samuel.fafel/install/project1_pubsub', 'merge_install': False, 'path': '/home/samuel/ros2_humble/CSCE452-samuel.fafel/project1_ws/src/project1_pubsub', 'symlink_install': False, 'test_result_base': None}
[3.430s] Level 5:colcon.colcon_core.verb:set package 'project2_tam' build argument 'cmake_args' from command line to 'None'
[3.430s] Level 5:colcon.colcon_core.verb:set package 'project2_tam' build argument 'cmake_target' from command line to 'None'
[3.430s] Level 5:colcon.colcon_core.verb:set package 'project2_tam' build argument 'cmake_target_skip_unavailable' from command line to 'False'
[3.430s] Level 5:colcon.colcon_core.verb:set package 'project2_tam' build argument 'cmake_clean_cache' from command line to 'False'
[3.430s] Level 5:colcon.colcon_core.verb:set package 'project2_tam' build argument 'cmake_clean_first' from command line to 'False'
[3.430s] Level 5:colcon.colcon_core.verb:set package 'project2_tam' build argument 'cmake_force_configure' from command line to 'False'
[3.430s] Level 5:colcon.colcon_core.verb:set package 'project2_tam' build argument 'ament_cmake_args' from command line to 'None'
[3.430s] Level 5:colcon.colcon_core.verb:set package 'project2_tam' build argument 'catkin_cmake_args' from command line to 'None'
[3.430s] Level 5:colcon.colcon_core.verb:set package 'project2_tam' build argument 'catkin_skip_building_tests' from command line to 'False'
[3.430s] DEBUG:colcon.colcon_core.verb:Building package 'project2_tam' with the following arguments: {'ament_cmake_args': None, 'build_base': '/home/samuel/ros2_humble/CSCE452-samuel.fafel/build/project2_tam', 'catkin_cmake_args': None, 'catkin_skip_building_tests': False, 'cmake_args': None, 'cmake_clean_cache': False, 'cmake_clean_first': False, 'cmake_force_configure': False, 'cmake_target': None, 'cmake_target_skip_unavailable': False, 'install_base': '/home/samuel/ros2_humble/CSCE452-samuel.fafel/install/project2_tam', 'merge_install': False, 'path': '/home/samuel/ros2_humble/CSCE452-samuel.fafel/project2_ws/src/project2_tam', 'symlink_install': False, 'test_result_base': None}
[3.455s] INFO:colcon.colcon_core.executor:Executing jobs using 'parallel' executor
[3.482s] DEBUG:colcon.colcon_parallel_executor.executor.parallel:run_until_complete
[3.482s] INFO:colcon.colcon_ros.task.ament_python.build:Building ROS package in '/home/samuel/ros2_humble/CSCE452-samuel.fafel/project1_ws/src/project1_pubsub' with build type 'ament_python'
[3.482s] Level 1:colcon.colcon_core.shell:create_environment_hook('project1_pubsub', 'ament_prefix_path')
[3.516s] INFO:colcon.colcon_core.plugin_system:Skipping extension 'colcon_core.shell.bat': Not used on non-Windows systems
[3.516s] INFO:colcon.colcon_core.shell:Creating environment hook '/home/samuel/ros2_humble/CSCE452-samuel.fafel/install/project1_pubsub/share/project1_pubsub/hook/ament_prefix_path.ps1'
[3.516s] INFO:colcon.colcon_core.shell:Creating environment descriptor '/home/samuel/ros2_humble/CSCE452-samuel.fafel/install/project1_pubsub/share/project1_pubsub/hook/ament_prefix_path.dsv'
[3.517s] INFO:colcon.colcon_core.shell:Creating environment hook '/home/samuel/ros2_humble/CSCE452-samuel.fafel/install/project1_pubsub/share/project1_pubsub/hook/ament_prefix_path.sh'
[3.546s] INFO:colcon.colcon_core.shell:Skip shell extension 'powershell' for command environment: Not usable outside of PowerShell
[3.547s] DEBUG:colcon.colcon_core.shell:Skip shell extension 'dsv' for command environment
[3.675s] INFO:colcon.colcon_ros.task.ament_python.build:Building ROS package in '/home/samuel/ros2_humble/CSCE452-samuel.fafel/project2_ws/src/project2_tam' with build type 'ament_python'
[3.675s] Level 1:colcon.colcon_core.shell:create_environment_hook('project2_tam', 'ament_prefix_path')
[3.706s] INFO:colcon.colcon_core.shell:Creating environment hook '/home/samuel/ros2_humble/CSCE452-samuel.fafel/install/project2_tam/share/project2_tam/hook/ament_prefix_path.ps1'
[3.707s] INFO:colcon.colcon_core.shell:Creating environment descriptor '/home/samuel/ros2_humble/CSCE452-samuel.fafel/install/project2_tam/share/project2_tam/hook/ament_prefix_path.dsv'
[3.707s] INFO:colcon.colcon_core.shell:Creating environment hook '/home/samuel/ros2_humble/CSCE452-samuel.fafel/install/project2_tam/share/project2_tam/hook/ament_prefix_path.sh'
[3.759s] INFO:colcon.colcon_core.shell:Skip shell extension 'powershell' for command environment: Not usable outside of PowerShell
[3.759s] DEBUG:colcon.colcon_core.shell:Skip shell extension 'dsv' for command environment
[4.298s] INFO:colcon.colcon_core.task.python.build:Building Python package in '/home/samuel/ros2_humble/CSCE452-samuel.fafel/project1_ws/src/project1_pubsub'
[4.327s] INFO:colcon.colcon_core.shell:Skip shell extension 'powershell' for command environment: Not usable outside of PowerShell
[4.327s] DEBUG:colcon.colcon_core.shell:Skip shell extension 'dsv' for command environment
[4.870s] INFO:colcon.colcon_core.task.python.build:Building Python package in '/home/samuel/ros2_humble/CSCE452-samuel.fafel/project2_ws/src/project2_tam'
[4.900s] INFO:colcon.colcon_core.shell:Skip shell extension 'powershell' for command environment: Not usable outside of PowerShell
[4.900s] DEBUG:colcon.colcon_core.shell:Skip shell extension 'dsv' for command environment
[5.606s] DEBUG:colcon.colcon_core.event_handler.log_command:Invoking command in '/home/samuel/ros2_humble/CSCE452-samuel.fafel/project2_ws/src/project2_tam': PYTHONPATH=/home/samuel/ros2_humble/CSCE452-samuel.fafel/build/project2_tam/prefix_override:/home/samuel/ros2_humble/CSCE452-samuel.fafel/install/project2_tam/lib/python3.10/site-packages:${PYTHONPATH} /usr/bin/python3 setup.py egg_info --egg-base ../../../build/project2_tam build --build-base /home/samuel/ros2_humble/CSCE452-samuel.fafel/build/project2_tam/build install --record /home/samuel/ros2_humble/CSCE452-samuel.fafel/build/project2_tam/install.log --single-version-externally-managed
[5.616s] DEBUG:colcon.colcon_core.event_handler.log_command:Invoking command in '/home/samuel/ros2_humble/CSCE452-samuel.fafel/project1_ws/src/project1_pubsub': PYTHONPATH=/home/samuel/ros2_humble/CSCE452-samuel.fafel/build/project1_pubsub/prefix_override:/home/samuel/ros2_humble/CSCE452-samuel.fafel/install/project1_pubsub/lib/python3.10/site-packages:${PYTHONPATH} /usr/bin/python3 setup.py egg_info --egg-base ../../../build/project1_pubsub build --build-base /home/samuel/ros2_humble/CSCE452-samuel.fafel/build/project1_pubsub/build install --record /home/samuel/ros2_humble/CSCE452-samuel.fafel/build/project1_pubsub/install.log --single-version-externally-managed
[6.088s] DEBUG:colcon.colcon_core.event_handler.log_command:Invoked command in '/home/samuel/ros2_humble/CSCE452-samuel.fafel/project2_ws/src/project2_tam' returned '0': PYTHONPATH=/home/samuel/ros2_humble/CSCE452-samuel.fafel/build/project2_tam/prefix_override:/home/samuel/ros2_humble/CSCE452-samuel.fafel/install/project2_tam/lib/python3.10/site-packages:${PYTHONPATH} /usr/bin/python3 setup.py egg_info --egg-base ../../../build/project2_tam build --build-base /home/samuel/ros2_humble/CSCE452-samuel.fafel/build/project2_tam/build install --record /home/samuel/ros2_humble/CSCE452-samuel.fafel/build/project2_tam/install.log --single-version-externally-managed
[6.122s] Level 1:colcon.colcon_core.environment:checking '/home/samuel/ros2_humble/CSCE452-samuel.fafel/install/project2_tam' for CMake module files
[6.123s] Level 1:colcon.colcon_core.environment:checking '/home/samuel/ros2_humble/CSCE452-samuel.fafel/install/project2_tam' for CMake config files
[6.123s] Level 1:colcon.colcon_core.environment:checking '/home/samuel/ros2_humble/CSCE452-samuel.fafel/install/project2_tam/lib'
[6.124s] Level 1:colcon.colcon_core.environment:checking '/home/samuel/ros2_humble/CSCE452-samuel.fafel/install/project2_tam/bin'
[6.124s] Level 1:colcon.colcon_core.environment:checking '/home/samuel/ros2_humble/CSCE452-samuel.fafel/install/project2_tam/lib/pkgconfig/project2_tam.pc'
[6.124s] Level 1:colcon.colcon_core.environment:checking '/home/samuel/ros2_humble/CSCE452-samuel.fafel/install/project2_tam/lib/python3.10/site-packages'
[6.124s] Level 1:colcon.colcon_core.shell:create_environment_hook('project2_tam', 'pythonpath')
[6.153s] INFO:colcon.colcon_core.shell:Creating environment hook '/home/samuel/ros2_humble/CSCE452-samuel.fafel/install/project2_tam/share/project2_tam/hook/pythonpath.ps1'
[6.153s] INFO:colcon.colcon_core.shell:Creating environment descriptor '/home/samuel/ros2_humble/CSCE452-samuel.fafel/install/project2_tam/share/project2_tam/hook/pythonpath.dsv'
[6.154s] INFO:colcon.colcon_core.shell:Creating environment hook '/home/samuel/ros2_humble/CSCE452-samuel.fafel/install/project2_tam/share/project2_tam/hook/pythonpath.sh'
[6.154s] Level 1:colcon.colcon_core.environment:checking '/home/samuel/ros2_humble/CSCE452-samuel.fafel/install/project2_tam/bin'
[6.154s] Level 1:colcon.colcon_core.environment:create_environment_scripts_only(project2_tam)
[6.183s] INFO:colcon.colcon_core.shell:Creating package script '/home/samuel/ros2_humble/CSCE452-samuel.fafel/install/project2_tam/share/project2_tam/package.ps1'
[6.184s] INFO:colcon.colcon_core.shell:Creating package descriptor '/home/samuel/ros2_humble/CSCE452-samuel.fafel/install/project2_tam/share/project2_tam/package.dsv'
[6.184s] INFO:colcon.colcon_core.shell:Creating package script '/home/samuel/ros2_humble/CSCE452-samuel.fafel/install/project2_tam/share/project2_tam/package.sh'
[6.185s] INFO:colcon.colcon_core.shell:Creating package script '/home/samuel/ros2_humble/CSCE452-samuel.fafel/install/project2_tam/share/project2_tam/package.bash'
[6.186s] INFO:colcon.colcon_core.shell:Creating package script '/home/samuel/ros2_humble/CSCE452-samuel.fafel/install/project2_tam/share/project2_tam/package.zsh'
[6.186s] Level 1:colcon.colcon_core.environment:create_file_with_runtime_dependencies(/home/samuel/ros2_humble/CSCE452-samuel.fafel/install/project2_tam/share/colcon-core/packages/project2_tam)
[6.188s] DEBUG:colcon.colcon_core.event_handler.log_command:Invoked command in '/home/samuel/ros2_humble/CSCE452-samuel.fafel/project1_ws/src/project1_pubsub' returned '0': PYTHONPATH=/home/samuel/ros2_humble/CSCE452-samuel.fafel/build/project1_pubsub/prefix_override:/home/samuel/ros2_humble/CSCE452-samuel.fafel/install/project1_pubsub/lib/python3.10/site-packages:${PYTHONPATH} /usr/bin/python3 setup.py egg_info --egg-base ../../../build/project1_pubsub build --build-base /home/samuel/ros2_humble/CSCE452-samuel.fafel/build/project1_pubsub/build install --record /home/samuel/ros2_humble/CSCE452-samuel.fafel/build/project1_pubsub/install.log --single-version-externally-managed
[6.216s] Level 1:colcon.colcon_core.environment:checking '/home/samuel/ros2_humble/CSCE452-samuel.fafel/install/project1_pubsub' for CMake module files
[6.217s] Level 1:colcon.colcon_core.environment:checking '/home/samuel/ros2_humble/CSCE452-samuel.fafel/install/project1_pubsub' for CMake config files
[6.217s] Level 1:colcon.colcon_core.environment:checking '/home/samuel/ros2_humble/CSCE452-samuel.fafel/install/project1_pubsub/lib'
[6.217s] Level 1:colcon.colcon_core.environment:checking '/home/samuel/ros2_humble/CSCE452-samuel.fafel/install/project1_pubsub/bin'
[6.217s] Level 1:colcon.colcon_core.environment:checking '/home/samuel/ros2_humble/CSCE452-samuel.fafel/install/project1_pubsub/lib/pkgconfig/project1_pubsub.pc'
[6.217s] Level 1:colcon.colcon_core.environment:checking '/home/samuel/ros2_humble/CSCE452-samuel.fafel/install/project1_pubsub/lib/python3.10/site-packages'
[6.218s] Level 1:colcon.colcon_core.shell:create_environment_hook('project1_pubsub', 'pythonpath')
[6.247s] INFO:colcon.colcon_core.shell:Creating environment hook '/home/samuel/ros2_humble/CSCE452-samuel.fafel/install/project1_pubsub/share/project1_pubsub/hook/pythonpath.ps1'
[6.248s] INFO:colcon.colcon_core.shell:Creating environment descriptor '/home/samuel/ros2_humble/CSCE452-samuel.fafel/install/project1_pubsub/share/project1_pubsub/hook/pythonpath.dsv'
[6.248s] INFO:colcon.colcon_core.shell:Creating environment hook '/home/samuel/ros2_humble/CSCE452-samuel.fafel/install/project1_pubsub/share/project1_pubsub/hook/pythonpath.sh'
[6.248s] Level 1:colcon.colcon_core.environment:checking '/home/samuel/ros2_humble/CSCE452-samuel.fafel/install/project1_pubsub/bin'
[6.248s] Level 1:colcon.colcon_core.environment:create_environment_scripts_only(project1_pubsub)
[6.276s] INFO:colcon.colcon_core.shell:Creating package script '/home/samuel/ros2_humble/CSCE452-samuel.fafel/install/project1_pubsub/share/project1_pubsub/package.ps1'
[6.277s] INFO:colcon.colcon_core.shell:Creating package descriptor '/home/samuel/ros2_humble/CSCE452-samuel.fafel/install/project1_pubsub/share/project1_pubsub/package.dsv'
[6.277s] INFO:colcon.colcon_core.shell:Creating package script '/home/samuel/ros2_humble/CSCE452-samuel.fafel/install/project1_pubsub/share/project1_pubsub/package.sh'
[6.278s] INFO:colcon.colcon_core.shell:Creating package script '/home/samuel/ros2_humble/CSCE452-samuel.fafel/install/project1_pubsub/share/project1_pubsub/package.bash'
[6.278s] INFO:colcon.colcon_core.shell:Creating package script '/home/samuel/ros2_humble/CSCE452-samuel.fafel/install/project1_pubsub/share/project1_pubsub/package.zsh'
[6.278s] Level 1:colcon.colcon_core.environment:create_file_with_runtime_dependencies(/home/samuel/ros2_humble/CSCE452-samuel.fafel/install/project1_pubsub/share/colcon-core/packages/project1_pubsub)
[6.279s] DEBUG:colcon.colcon_parallel_executor.executor.parallel:closing loop
[6.279s] DEBUG:colcon.colcon_parallel_executor.executor.parallel:loop closed
[6.279s] DEBUG:colcon.colcon_parallel_executor.executor.parallel:run_until_complete finished with '0'
[6.279s] DEBUG:colcon.colcon_core.event_reactor:joining thread
[6.318s] INFO:colcon.colcon_core.plugin_system:Skipping extension 'colcon_notification.desktop_notification.terminal_notifier': Not used on non-Darwin systems
[6.318s] INFO:colcon.colcon_core.plugin_system:Skipping extension 'colcon_notification.desktop_notification.win32': Not used on non-Windows systems
[6.318s] INFO:colcon.colcon_notification.desktop_notification:Sending desktop notification using 'notify2'
[6.327s] DEBUG:colcon.colcon_core.event_reactor:joined thread
[6.358s] INFO:colcon.colcon_core.shell:Creating prefix script '/home/samuel/ros2_humble/CSCE452-samuel.fafel/install/local_setup.ps1'
[6.359s] INFO:colcon.colcon_core.shell:Creating prefix util module '/home/samuel/ros2_humble/CSCE452-samuel.fafel/install/_local_setup_util_ps1.py'
[6.360s] INFO:colcon.colcon_core.shell:Creating prefix chain script '/home/samuel/ros2_humble/CSCE452-samuel.fafel/install/setup.ps1'
[6.403s] INFO:colcon.colcon_core.shell:Creating prefix script '/home/samuel/ros2_humble/CSCE452-samuel.fafel/install/local_setup.sh'
[6.404s] INFO:colcon.colcon_core.shell:Creating prefix util module '/home/samuel/ros2_humble/CSCE452-samuel.fafel/install/_local_setup_util_sh.py'
[6.404s] INFO:colcon.colcon_core.shell:Creating prefix chain script '/home/samuel/ros2_humble/CSCE452-samuel.fafel/install/setup.sh'
[6.447s] INFO:colcon.colcon_core.shell:Creating prefix script '/home/samuel/ros2_humble/CSCE452-samuel.fafel/install/local_setup.bash'
[6.448s] INFO:colcon.colcon_core.shell:Creating prefix chain script '/home/samuel/ros2_humble/CSCE452-samuel.fafel/install/setup.bash'
[6.489s] INFO:colcon.colcon_core.shell:Creating prefix script '/home/samuel/ros2_humble/CSCE452-samuel.fafel/install/local_setup.zsh'
[6.490s] INFO:colcon.colcon_core.shell:Creating prefix chain script '/home/samuel/ros2_humble/CSCE452-samuel.fafel/install/setup.zsh'
