[1.731s] DEBUG:colcon:Command line arguments: ['/usr/bin/colcon', 'build']
[1.731s] DEBUG:colcon:Parsed command line arguments: Namespace(log_base=None, log_level=None, verb_name='build', build_base='build', install_base='install', merge_install=False, symlink_install=False, test_result_base=None, continue_on_error=False, executor='parallel', parallel_workers=8, event_handlers=None, ignore_user_meta=False, metas=['./colcon.meta'], base_paths=['.'], packages_ignore=None, packages_ignore_regex=None, paths=None, packages_up_to=None, packages_up_to_regex=None, packages_above=None, packages_above_and_dependencies=None, packages_above_depth=None, packages_select_by_dep=None, packages_skip_by_dep=None, packages_skip_up_to=None, packages_select_build_failed=False, packages_skip_build_finished=False, packages_select_test_failures=False, packages_skip_test_passed=False, packages_select=None, packages_skip=None, packages_select_regex=None, packages_skip_regex=None, packages_start=None, packages_end=None, allow_overriding=[], cmake_args=None, cmake_target=None, cmake_target_skip_unavailable=False, cmake_clean_cache=False, cmake_clean_first=False, cmake_force_configure=False, ament_cmake_args=None, catkin_cmake_args=None, catkin_skip_building_tests=False, verb_parser=<colcon_defaults.argument_parser.defaults.DefaultArgumentsDecorator object at 0x7f21ef933910>, verb_extension=<colcon_core.verb.build.BuildVerb object at 0x7f21f05ee0e0>, main=<bound method BuildVerb.main of <colcon_core.verb.build.BuildVerb object at 0x7f21f05ee0e0>>)
[1.844s] Level 1:colcon.colcon_core.package_discovery:discover_packages(colcon_meta) check parameters
[1.844s] Level 1:colcon.colcon_core.package_discovery:discover_packages(recursive) check parameters
[1.844s] Level 1:colcon.colcon_core.package_discovery:discover_packages(ignore) check parameters
[1.844s] Level 1:colcon.colcon_core.package_discovery:discover_packages(path) check parameters
[1.844s] Level 1:colcon.colcon_core.package_discovery:discover_packages(colcon_meta) discover
[1.844s] Level 1:colcon.colcon_core.package_discovery:discover_packages(recursive) discover
[1.844s] INFO:colcon.colcon_core.package_discovery:Crawling recursively for packages in '/home/samuel/ros2_humble/workspaces/project2_ws/src/project2_tam'
[1.844s] Level 1:colcon.colcon_core.package_identification:_identify(.) by extensions ['ignore', 'ignore_ament_install']
[1.844s] Level 1:colcon.colcon_core.package_identification:_identify(.) by extension 'ignore'
[1.844s] Level 1:colcon.colcon_core.package_identification:_identify(.) by extension 'ignore_ament_install'
[1.844s] Level 1:colcon.colcon_core.package_identification:_identify(.) by extensions ['colcon_pkg']
[1.844s] Level 1:colcon.colcon_core.package_identification:_identify(.) by extension 'colcon_pkg'
[1.844s] Level 1:colcon.colcon_core.package_identification:_identify(.) by extensions ['colcon_meta']
[1.844s] Level 1:colcon.colcon_core.package_identification:_identify(.) by extension 'colcon_meta'
[1.844s] Level 1:colcon.colcon_core.package_identification:_identify(.) by extensions ['ros']
[1.844s] Level 1:colcon.colcon_core.package_identification:_identify(.) by extension 'ros'
[1.858s] DEBUG:colcon.colcon_core.package_identification:Package '.' with type 'ros.ament_python' and name 'project2_tam'
[1.858s] Level 1:colcon.colcon_core.package_discovery:discover_packages(recursive) using defaults
[1.858s] Level 1:colcon.colcon_core.package_discovery:discover_packages(ignore) discover
[1.859s] Level 1:colcon.colcon_core.package_discovery:discover_packages(ignore) using defaults
[1.859s] Level 1:colcon.colcon_core.package_discovery:discover_packages(path) discover
[1.859s] Level 1:colcon.colcon_core.package_discovery:discover_packages(path) using defaults
[2.021s] Level 1:colcon.colcon_core.package_discovery:discover_packages(prefix_path) check parameters
[2.021s] Level 1:colcon.colcon_core.package_discovery:discover_packages(prefix_path) discover
[2.082s] DEBUG:colcon.colcon_installed_package_information.package_discovery:Found 2 installed packages in /home/samuel/ros2_humble/workspaces/project1_ws/install
[2.113s] DEBUG:colcon.colcon_installed_package_information.package_discovery:Found 344 installed packages in /home/samuel/ros2_humble/install
[2.115s] Level 1:colcon.colcon_core.package_discovery:discover_packages(prefix_path) using defaults
[2.260s] Level 5:colcon.colcon_core.verb:set package 'project2_tam' build argument 'cmake_args' from command line to 'None'
[2.260s] Level 5:colcon.colcon_core.verb:set package 'project2_tam' build argument 'cmake_target' from command line to 'None'
[2.260s] Level 5:colcon.colcon_core.verb:set package 'project2_tam' build argument 'cmake_target_skip_unavailable' from command line to 'False'
[2.260s] Level 5:colcon.colcon_core.verb:set package 'project2_tam' build argument 'cmake_clean_cache' from command line to 'False'
[2.260s] Level 5:colcon.colcon_core.verb:set package 'project2_tam' build argument 'cmake_clean_first' from command line to 'False'
[2.260s] Level 5:colcon.colcon_core.verb:set package 'project2_tam' build argument 'cmake_force_configure' from command line to 'False'
[2.260s] Level 5:colcon.colcon_core.verb:set package 'project2_tam' build argument 'ament_cmake_args' from command line to 'None'
[2.260s] Level 5:colcon.colcon_core.verb:set package 'project2_tam' build argument 'catkin_cmake_args' from command line to 'None'
[2.260s] Level 5:colcon.colcon_core.verb:set package 'project2_tam' build argument 'catkin_skip_building_tests' from command line to 'False'
[2.261s] DEBUG:colcon.colcon_core.verb:Building package 'project2_tam' with the following arguments: {'ament_cmake_args': None, 'build_base': '/home/samuel/ros2_humble/workspaces/project2_ws/src/project2_tam/build/project2_tam', 'catkin_cmake_args': None, 'catkin_skip_building_tests': False, 'cmake_args': None, 'cmake_clean_cache': False, 'cmake_clean_first': False, 'cmake_force_configure': False, 'cmake_target': None, 'cmake_target_skip_unavailable': False, 'install_base': '/home/samuel/ros2_humble/workspaces/project2_ws/src/project2_tam/install/project2_tam', 'merge_install': False, 'path': '/home/samuel/ros2_humble/workspaces/project2_ws/src/project2_tam', 'symlink_install': False, 'test_result_base': None}
[2.285s] INFO:colcon.colcon_core.executor:Executing jobs using 'parallel' executor
[2.310s] DEBUG:colcon.colcon_parallel_executor.executor.parallel:run_until_complete
[2.310s] INFO:colcon.colcon_ros.task.ament_python.build:Building ROS package in '/home/samuel/ros2_humble/workspaces/project2_ws/src/project2_tam' with build type 'ament_python'
[2.311s] Level 1:colcon.colcon_core.shell:create_environment_hook('project2_tam', 'ament_prefix_path')
[2.346s] INFO:colcon.colcon_core.plugin_system:Skipping extension 'colcon_core.shell.bat': Not used on non-Windows systems
[2.346s] INFO:colcon.colcon_core.shell:Creating environment hook '/home/samuel/ros2_humble/workspaces/project2_ws/src/project2_tam/install/project2_tam/share/project2_tam/hook/ament_prefix_path.ps1'
[2.347s] INFO:colcon.colcon_core.shell:Creating environment descriptor '/home/samuel/ros2_humble/workspaces/project2_ws/src/project2_tam/install/project2_tam/share/project2_tam/hook/ament_prefix_path.dsv'
[2.347s] INFO:colcon.colcon_core.shell:Creating environment hook '/home/samuel/ros2_humble/workspaces/project2_ws/src/project2_tam/install/project2_tam/share/project2_tam/hook/ament_prefix_path.sh'
[2.377s] INFO:colcon.colcon_core.shell:Skip shell extension 'powershell' for command environment: Not usable outside of PowerShell
[2.377s] DEBUG:colcon.colcon_core.shell:Skip shell extension 'dsv' for command environment
[2.896s] INFO:colcon.colcon_core.task.python.build:Building Python package in '/home/samuel/ros2_humble/workspaces/project2_ws/src/project2_tam'
[2.924s] INFO:colcon.colcon_core.shell:Skip shell extension 'powershell' for command environment: Not usable outside of PowerShell
[2.924s] DEBUG:colcon.colcon_core.shell:Skip shell extension 'dsv' for command environment
[3.617s] DEBUG:colcon.colcon_core.event_handler.log_command:Invoking command in '/home/samuel/ros2_humble/workspaces/project2_ws/src/project2_tam': PYTHONPATH=/home/samuel/ros2_humble/workspaces/project2_ws/src/project2_tam/build/project2_tam/prefix_override:/home/samuel/ros2_humble/workspaces/project2_ws/src/project2_tam/install/project2_tam/lib/python3.10/site-packages:${PYTHONPATH} /usr/bin/python3 setup.py egg_info --egg-base build/project2_tam build --build-base /home/samuel/ros2_humble/workspaces/project2_ws/src/project2_tam/build/project2_tam/build install --record /home/samuel/ros2_humble/workspaces/project2_ws/src/project2_tam/build/project2_tam/install.log --single-version-externally-managed
[4.086s] DEBUG:colcon.colcon_core.event_handler.log_command:Invoked command in '/home/samuel/ros2_humble/workspaces/project2_ws/src/project2_tam' returned '0': PYTHONPATH=/home/samuel/ros2_humble/workspaces/project2_ws/src/project2_tam/build/project2_tam/prefix_override:/home/samuel/ros2_humble/workspaces/project2_ws/src/project2_tam/install/project2_tam/lib/python3.10/site-packages:${PYTHONPATH} /usr/bin/python3 setup.py egg_info --egg-base build/project2_tam build --build-base /home/samuel/ros2_humble/workspaces/project2_ws/src/project2_tam/build/project2_tam/build install --record /home/samuel/ros2_humble/workspaces/project2_ws/src/project2_tam/build/project2_tam/install.log --single-version-externally-managed
[4.146s] Level 1:colcon.colcon_core.environment:checking '/home/samuel/ros2_humble/workspaces/project2_ws/src/project2_tam/install/project2_tam' for CMake module files
[4.147s] Level 1:colcon.colcon_core.environment:checking '/home/samuel/ros2_humble/workspaces/project2_ws/src/project2_tam/install/project2_tam' for CMake config files
[4.147s] Level 1:colcon.colcon_core.environment:checking '/home/samuel/ros2_humble/workspaces/project2_ws/src/project2_tam/install/project2_tam/lib'
[4.147s] Level 1:colcon.colcon_core.environment:checking '/home/samuel/ros2_humble/workspaces/project2_ws/src/project2_tam/install/project2_tam/bin'
[4.147s] Level 1:colcon.colcon_core.environment:checking '/home/samuel/ros2_humble/workspaces/project2_ws/src/project2_tam/install/project2_tam/lib/pkgconfig/project2_tam.pc'
[4.148s] Level 1:colcon.colcon_core.environment:checking '/home/samuel/ros2_humble/workspaces/project2_ws/src/project2_tam/install/project2_tam/lib/python3.10/site-packages'
[4.148s] Level 1:colcon.colcon_core.shell:create_environment_hook('project2_tam', 'pythonpath')
[4.176s] INFO:colcon.colcon_core.shell:Creating environment hook '/home/samuel/ros2_humble/workspaces/project2_ws/src/project2_tam/install/project2_tam/share/project2_tam/hook/pythonpath.ps1'
[4.176s] INFO:colcon.colcon_core.shell:Creating environment descriptor '/home/samuel/ros2_humble/workspaces/project2_ws/src/project2_tam/install/project2_tam/share/project2_tam/hook/pythonpath.dsv'
[4.177s] INFO:colcon.colcon_core.shell:Creating environment hook '/home/samuel/ros2_humble/workspaces/project2_ws/src/project2_tam/install/project2_tam/share/project2_tam/hook/pythonpath.sh'
[4.177s] Level 1:colcon.colcon_core.environment:checking '/home/samuel/ros2_humble/workspaces/project2_ws/src/project2_tam/install/project2_tam/bin'
[4.177s] Level 1:colcon.colcon_core.environment:create_environment_scripts_only(project2_tam)
[4.206s] INFO:colcon.colcon_core.shell:Creating package script '/home/samuel/ros2_humble/workspaces/project2_ws/src/project2_tam/install/project2_tam/share/project2_tam/package.ps1'
[4.207s] INFO:colcon.colcon_core.shell:Creating package descriptor '/home/samuel/ros2_humble/workspaces/project2_ws/src/project2_tam/install/project2_tam/share/project2_tam/package.dsv'
[4.208s] INFO:colcon.colcon_core.shell:Creating package script '/home/samuel/ros2_humble/workspaces/project2_ws/src/project2_tam/install/project2_tam/share/project2_tam/package.sh'
[4.208s] INFO:colcon.colcon_core.shell:Creating package script '/home/samuel/ros2_humble/workspaces/project2_ws/src/project2_tam/install/project2_tam/share/project2_tam/package.bash'
[4.209s] INFO:colcon.colcon_core.shell:Creating package script '/home/samuel/ros2_humble/workspaces/project2_ws/src/project2_tam/install/project2_tam/share/project2_tam/package.zsh'
[4.210s] Level 1:colcon.colcon_core.environment:create_file_with_runtime_dependencies(/home/samuel/ros2_humble/workspaces/project2_ws/src/project2_tam/install/project2_tam/share/colcon-core/packages/project2_tam)
[4.210s] DEBUG:colcon.colcon_parallel_executor.executor.parallel:closing loop
[4.211s] DEBUG:colcon.colcon_parallel_executor.executor.parallel:loop closed
[4.211s] DEBUG:colcon.colcon_parallel_executor.executor.parallel:run_until_complete finished with '0'
[4.211s] DEBUG:colcon.colcon_core.event_reactor:joining thread
[4.255s] INFO:colcon.colcon_core.plugin_system:Skipping extension 'colcon_notification.desktop_notification.terminal_notifier': Not used on non-Darwin systems
[4.255s] INFO:colcon.colcon_core.plugin_system:Skipping extension 'colcon_notification.desktop_notification.win32': Not used on non-Windows systems
[4.255s] INFO:colcon.colcon_notification.desktop_notification:Sending desktop notification using 'notify2'
[4.265s] DEBUG:colcon.colcon_core.event_reactor:joined thread
[4.294s] INFO:colcon.colcon_core.shell:Creating prefix script '/home/samuel/ros2_humble/workspaces/project2_ws/src/project2_tam/install/local_setup.ps1'
[4.295s] INFO:colcon.colcon_core.shell:Creating prefix util module '/home/samuel/ros2_humble/workspaces/project2_ws/src/project2_tam/install/_local_setup_util_ps1.py'
[4.296s] INFO:colcon.colcon_core.shell:Creating prefix chain script '/home/samuel/ros2_humble/workspaces/project2_ws/src/project2_tam/install/setup.ps1'
[4.337s] INFO:colcon.colcon_core.shell:Creating prefix script '/home/samuel/ros2_humble/workspaces/project2_ws/src/project2_tam/install/local_setup.sh'
[4.338s] INFO:colcon.colcon_core.shell:Creating prefix util module '/home/samuel/ros2_humble/workspaces/project2_ws/src/project2_tam/install/_local_setup_util_sh.py'
[4.338s] INFO:colcon.colcon_core.shell:Creating prefix chain script '/home/samuel/ros2_humble/workspaces/project2_ws/src/project2_tam/install/setup.sh'
[4.379s] INFO:colcon.colcon_core.shell:Creating prefix script '/home/samuel/ros2_humble/workspaces/project2_ws/src/project2_tam/install/local_setup.bash'
[4.379s] INFO:colcon.colcon_core.shell:Creating prefix chain script '/home/samuel/ros2_humble/workspaces/project2_ws/src/project2_tam/install/setup.bash'
[4.421s] INFO:colcon.colcon_core.shell:Creating prefix script '/home/samuel/ros2_humble/workspaces/project2_ws/src/project2_tam/install/local_setup.zsh'
[4.421s] INFO:colcon.colcon_core.shell:Creating prefix chain script '/home/samuel/ros2_humble/workspaces/project2_ws/src/project2_tam/install/setup.zsh'
