[1.343s] Invoking command in '/home/samuel/ros2_humble/CSCE452-samuel.fafel/project2_ws/src/project2_tam': PYTHONPATH=/home/samuel/ros2_humble/CSCE452-samuel.fafel/project2_ws/build/project2_tam/prefix_override:/home/samuel/ros2_humble/CSCE452-samuel.fafel/project2_ws/install/project2_tam/lib/python3.10/site-packages:${PYTHONPATH} /usr/bin/python3 setup.py egg_info --egg-base ../../build/project2_tam build --build-base /home/samuel/ros2_humble/CSCE452-samuel.fafel/project2_ws/build/project2_tam/build install --record /home/samuel/ros2_humble/CSCE452-samuel.fafel/project2_ws/build/project2_tam/install.log --single-version-externally-managed
[1.733s] running egg_info
[1.734s] writing ../../build/project2_tam/project2_tam.egg-info/PKG-INFO
[1.735s] writing dependency_links to ../../build/project2_tam/project2_tam.egg-info/dependency_links.txt
[1.735s] writing entry points to ../../build/project2_tam/project2_tam.egg-info/entry_points.txt
[1.735s] writing requirements to ../../build/project2_tam/project2_tam.egg-info/requires.txt
[1.735s] writing top-level names to ../../build/project2_tam/project2_tam.egg-info/top_level.txt
[1.737s] reading manifest file '../../build/project2_tam/project2_tam.egg-info/SOURCES.txt'
[1.739s] writing manifest file '../../build/project2_tam/project2_tam.egg-info/SOURCES.txt'
[1.739s] running build
[1.739s] running build_py
[1.739s] copying project2_tam/movement.py -> /home/samuel/ros2_humble/CSCE452-samuel.fafel/project2_ws/build/project2_tam/build/lib/project2_tam
[1.739s] copying project2_tam/teleporter.py -> /home/samuel/ros2_humble/CSCE452-samuel.fafel/project2_ws/build/project2_tam/build/lib/project2_tam
[1.739s] copying project2_tam/steering.py -> /home/samuel/ros2_humble/CSCE452-samuel.fafel/project2_ws/build/project2_tam/build/lib/project2_tam
[1.740s] copying project2_tam/project2.py -> /home/samuel/ros2_humble/CSCE452-samuel.fafel/project2_ws/build/project2_tam/build/lib/project2_tam
[1.740s] running install
[1.740s] /usr/lib/python3/dist-packages/setuptools/command/install.py:34: SetuptoolsDeprecationWarning: setup.py install is deprecated. Use build and pip and other standards-based tools.
[1.740s]   warnings.warn(
[1.741s] running install_lib
[1.742s] copying /home/samuel/ros2_humble/CSCE452-samuel.fafel/project2_ws/build/project2_tam/build/lib/project2_tam/movement.py -> /home/samuel/ros2_humble/CSCE452-samuel.fafel/project2_ws/install/project2_tam/lib/python3.10/site-packages/project2_tam
[1.742s] copying /home/samuel/ros2_humble/CSCE452-samuel.fafel/project2_ws/build/project2_tam/build/lib/project2_tam/teleporter.py -> /home/samuel/ros2_humble/CSCE452-samuel.fafel/project2_ws/install/project2_tam/lib/python3.10/site-packages/project2_tam
[1.742s] copying /home/samuel/ros2_humble/CSCE452-samuel.fafel/project2_ws/build/project2_tam/build/lib/project2_tam/steering.py -> /home/samuel/ros2_humble/CSCE452-samuel.fafel/project2_ws/install/project2_tam/lib/python3.10/site-packages/project2_tam
[1.743s] copying /home/samuel/ros2_humble/CSCE452-samuel.fafel/project2_ws/build/project2_tam/build/lib/project2_tam/project2.py -> /home/samuel/ros2_humble/CSCE452-samuel.fafel/project2_ws/install/project2_tam/lib/python3.10/site-packages/project2_tam
[1.746s] byte-compiling /home/samuel/ros2_humble/CSCE452-samuel.fafel/project2_ws/install/project2_tam/lib/python3.10/site-packages/project2_tam/movement.py to movement.cpython-310.pyc
[1.747s] byte-compiling /home/samuel/ros2_humble/CSCE452-samuel.fafel/project2_ws/install/project2_tam/lib/python3.10/site-packages/project2_tam/teleporter.py to teleporter.cpython-310.pyc
[1.748s] byte-compiling /home/samuel/ros2_humble/CSCE452-samuel.fafel/project2_ws/install/project2_tam/lib/python3.10/site-packages/project2_tam/steering.py to steering.cpython-310.pyc
[1.748s] byte-compiling /home/samuel/ros2_humble/CSCE452-samuel.fafel/project2_ws/install/project2_tam/lib/python3.10/site-packages/project2_tam/project2.py to project2.cpython-310.pyc
[1.750s] running install_data
[1.751s] running install_egg_info
[1.756s] removing '/home/samuel/ros2_humble/CSCE452-samuel.fafel/project2_ws/install/project2_tam/lib/python3.10/site-packages/project2_tam-0.0.0-py3.10.egg-info' (and everything under it)
[1.756s] Copying ../../build/project2_tam/project2_tam.egg-info to /home/samuel/ros2_humble/CSCE452-samuel.fafel/project2_ws/install/project2_tam/lib/python3.10/site-packages/project2_tam-0.0.0-py3.10.egg-info
[1.757s] running install_scripts
[1.791s] Installing project2 script to /home/samuel/ros2_humble/CSCE452-samuel.fafel/project2_ws/install/project2_tam/lib/project2_tam
[1.791s] writing list of installed files to '/home/samuel/ros2_humble/CSCE452-samuel.fafel/project2_ws/build/project2_tam/install.log'
[1.809s] Invoked command in '/home/samuel/ros2_humble/CSCE452-samuel.fafel/project2_ws/src/project2_tam' returned '0': PYTHONPATH=/home/samuel/ros2_humble/CSCE452-samuel.fafel/project2_ws/build/project2_tam/prefix_override:/home/samuel/ros2_humble/CSCE452-samuel.fafel/project2_ws/install/project2_tam/lib/python3.10/site-packages:${PYTHONPATH} /usr/bin/python3 setup.py egg_info --egg-base ../../build/project2_tam build --build-base /home/samuel/ros2_humble/CSCE452-samuel.fafel/project2_ws/build/project2_tam/build install --record /home/samuel/ros2_humble/CSCE452-samuel.fafel/project2_ws/build/project2_tam/install.log --single-version-externally-managed
