[1.340s] Invoking command in '/home/samuel/ros2_humble/CSCE452-samuel.fafel/project2_ws/src/project2_tam': PYTHONPATH=/home/samuel/ros2_humble/CSCE452-samuel.fafel/project2_ws/src/build/project2_tam/prefix_override:/home/samuel/ros2_humble/CSCE452-samuel.fafel/project2_ws/src/install/project2_tam/lib/python3.10/site-packages:${PYTHONPATH} /usr/bin/python3 setup.py egg_info --egg-base ../build/project2_tam build --build-base /home/samuel/ros2_humble/CSCE452-samuel.fafel/project2_ws/src/build/project2_tam/build install --record /home/samuel/ros2_humble/CSCE452-samuel.fafel/project2_ws/src/build/project2_tam/install.log --single-version-externally-managed
[1.744s] running egg_info
[1.744s] creating ../build/project2_tam/project2_tam.egg-info
[1.745s] writing ../build/project2_tam/project2_tam.egg-info/PKG-INFO
[1.745s] writing dependency_links to ../build/project2_tam/project2_tam.egg-info/dependency_links.txt
[1.745s] writing entry points to ../build/project2_tam/project2_tam.egg-info/entry_points.txt
[1.745s] writing requirements to ../build/project2_tam/project2_tam.egg-info/requires.txt
[1.745s] writing top-level names to ../build/project2_tam/project2_tam.egg-info/top_level.txt
[1.745s] writing manifest file '../build/project2_tam/project2_tam.egg-info/SOURCES.txt'
[1.747s] reading manifest file '../build/project2_tam/project2_tam.egg-info/SOURCES.txt'
[1.747s] writing manifest file '../build/project2_tam/project2_tam.egg-info/SOURCES.txt'
[1.747s] running build
[1.748s] running build_py
[1.748s] creating /home/samuel/ros2_humble/CSCE452-samuel.fafel/project2_ws/src/build/project2_tam/build
[1.748s] creating /home/samuel/ros2_humble/CSCE452-samuel.fafel/project2_ws/src/build/project2_tam/build/lib
[1.748s] creating /home/samuel/ros2_humble/CSCE452-samuel.fafel/project2_ws/src/build/project2_tam/build/lib/project2_tam
[1.748s] copying project2_tam/background.py -> /home/samuel/ros2_humble/CSCE452-samuel.fafel/project2_ws/src/build/project2_tam/build/lib/project2_tam
[1.748s] copying project2_tam/tam_logo.py -> /home/samuel/ros2_humble/CSCE452-samuel.fafel/project2_ws/src/build/project2_tam/build/lib/project2_tam
[1.749s] copying project2_tam/draw_tam.py -> /home/samuel/ros2_humble/CSCE452-samuel.fafel/project2_ws/src/build/project2_tam/build/lib/project2_tam
[1.749s] copying project2_tam/__init__.py -> /home/samuel/ros2_humble/CSCE452-samuel.fafel/project2_ws/src/build/project2_tam/build/lib/project2_tam
[1.749s] copying project2_tam/project2.py -> /home/samuel/ros2_humble/CSCE452-samuel.fafel/project2_ws/src/build/project2_tam/build/lib/project2_tam
[1.749s] running install
[1.749s] /usr/lib/python3/dist-packages/setuptools/command/install.py:34: SetuptoolsDeprecationWarning: setup.py install is deprecated. Use build and pip and other standards-based tools.
[1.749s]   warnings.warn(
[1.749s] running install_lib
[1.749s] creating /home/samuel/ros2_humble/CSCE452-samuel.fafel/project2_ws/src/install/project2_tam/lib/python3.10/site-packages/project2_tam
[1.749s] copying /home/samuel/ros2_humble/CSCE452-samuel.fafel/project2_ws/src/build/project2_tam/build/lib/project2_tam/background.py -> /home/samuel/ros2_humble/CSCE452-samuel.fafel/project2_ws/src/install/project2_tam/lib/python3.10/site-packages/project2_tam
[1.750s] copying /home/samuel/ros2_humble/CSCE452-samuel.fafel/project2_ws/src/build/project2_tam/build/lib/project2_tam/tam_logo.py -> /home/samuel/ros2_humble/CSCE452-samuel.fafel/project2_ws/src/install/project2_tam/lib/python3.10/site-packages/project2_tam
[1.750s] copying /home/samuel/ros2_humble/CSCE452-samuel.fafel/project2_ws/src/build/project2_tam/build/lib/project2_tam/draw_tam.py -> /home/samuel/ros2_humble/CSCE452-samuel.fafel/project2_ws/src/install/project2_tam/lib/python3.10/site-packages/project2_tam
[1.750s] copying /home/samuel/ros2_humble/CSCE452-samuel.fafel/project2_ws/src/build/project2_tam/build/lib/project2_tam/__init__.py -> /home/samuel/ros2_humble/CSCE452-samuel.fafel/project2_ws/src/install/project2_tam/lib/python3.10/site-packages/project2_tam
[1.750s] copying /home/samuel/ros2_humble/CSCE452-samuel.fafel/project2_ws/src/build/project2_tam/build/lib/project2_tam/project2.py -> /home/samuel/ros2_humble/CSCE452-samuel.fafel/project2_ws/src/install/project2_tam/lib/python3.10/site-packages/project2_tam
[1.752s] byte-compiling /home/samuel/ros2_humble/CSCE452-samuel.fafel/project2_ws/src/install/project2_tam/lib/python3.10/site-packages/project2_tam/background.py to background.cpython-310.pyc
[1.753s] byte-compiling /home/samuel/ros2_humble/CSCE452-samuel.fafel/project2_ws/src/install/project2_tam/lib/python3.10/site-packages/project2_tam/tam_logo.py to tam_logo.cpython-310.pyc
[1.754s] byte-compiling /home/samuel/ros2_humble/CSCE452-samuel.fafel/project2_ws/src/install/project2_tam/lib/python3.10/site-packages/project2_tam/draw_tam.py to draw_tam.cpython-310.pyc
[1.754s] byte-compiling /home/samuel/ros2_humble/CSCE452-samuel.fafel/project2_ws/src/install/project2_tam/lib/python3.10/site-packages/project2_tam/__init__.py to __init__.cpython-310.pyc
[1.754s] byte-compiling /home/samuel/ros2_humble/CSCE452-samuel.fafel/project2_ws/src/install/project2_tam/lib/python3.10/site-packages/project2_tam/project2.py to project2.cpython-310.pyc
[1.755s] running install_data
[1.756s] creating /home/samuel/ros2_humble/CSCE452-samuel.fafel/project2_ws/src/install/project2_tam/share/ament_index
[1.756s] creating /home/samuel/ros2_humble/CSCE452-samuel.fafel/project2_ws/src/install/project2_tam/share/ament_index/resource_index
[1.756s] creating /home/samuel/ros2_humble/CSCE452-samuel.fafel/project2_ws/src/install/project2_tam/share/ament_index/resource_index/packages
[1.756s] copying resource/project2_tam -> /home/samuel/ros2_humble/CSCE452-samuel.fafel/project2_ws/src/install/project2_tam/share/ament_index/resource_index/packages
[1.756s] copying package.xml -> /home/samuel/ros2_humble/CSCE452-samuel.fafel/project2_ws/src/install/project2_tam/share/project2_tam
[1.756s] running install_egg_info
[1.759s] Copying ../build/project2_tam/project2_tam.egg-info to /home/samuel/ros2_humble/CSCE452-samuel.fafel/project2_ws/src/install/project2_tam/lib/python3.10/site-packages/project2_tam-0.0.0-py3.10.egg-info
[1.759s] running install_scripts
[1.794s] Installing background script to /home/samuel/ros2_humble/CSCE452-samuel.fafel/project2_ws/src/install/project2_tam/lib/project2_tam
[1.794s] Installing project2 script to /home/samuel/ros2_humble/CSCE452-samuel.fafel/project2_ws/src/install/project2_tam/lib/project2_tam
[1.794s] Installing tam_logo script to /home/samuel/ros2_humble/CSCE452-samuel.fafel/project2_ws/src/install/project2_tam/lib/project2_tam
[1.794s] writing list of installed files to '/home/samuel/ros2_humble/CSCE452-samuel.fafel/project2_ws/src/build/project2_tam/install.log'
[1.811s] Invoked command in '/home/samuel/ros2_humble/CSCE452-samuel.fafel/project2_ws/src/project2_tam' returned '0': PYTHONPATH=/home/samuel/ros2_humble/CSCE452-samuel.fafel/project2_ws/src/build/project2_tam/prefix_override:/home/samuel/ros2_humble/CSCE452-samuel.fafel/project2_ws/src/install/project2_tam/lib/python3.10/site-packages:${PYTHONPATH} /usr/bin/python3 setup.py egg_info --egg-base ../build/project2_tam build --build-base /home/samuel/ros2_humble/CSCE452-samuel.fafel/project2_ws/src/build/project2_tam/build install --record /home/samuel/ros2_humble/CSCE452-samuel.fafel/project2_ws/src/build/project2_tam/install.log --single-version-externally-managed
