[1.715s] Invoking command in '/home/samuel/ros2_humble/CSCE452-samuel.fafel/project4_ws/src/project4': PYTHONPATH=/home/samuel/ros2_humble/CSCE452-samuel.fafel/project4_ws/build/project4/prefix_override:/home/samuel/ros2_humble/CSCE452-samuel.fafel/project4_ws/install/project4/lib/python3.10/site-packages:${PYTHONPATH} /usr/bin/python3 setup.py egg_info --egg-base ../../build/project4 build --build-base /home/samuel/ros2_humble/CSCE452-samuel.fafel/project4_ws/build/project4/build install --record /home/samuel/ros2_humble/CSCE452-samuel.fafel/project4_ws/build/project4/install.log --single-version-externally-managed
[2.271s] running egg_info
[2.272s] writing ../../build/project4/project4.egg-info/PKG-INFO
[2.273s] writing dependency_links to ../../build/project4/project4.egg-info/dependency_links.txt
[2.273s] writing entry points to ../../build/project4/project4.egg-info/entry_points.txt
[2.273s] writing requirements to ../../build/project4/project4.egg-info/requires.txt
[2.273s] writing top-level names to ../../build/project4/project4.egg-info/top_level.txt
[2.275s] reading manifest file '../../build/project4/project4.egg-info/SOURCES.txt'
[2.276s] writing manifest file '../../build/project4/project4.egg-info/SOURCES.txt'
[2.277s] running build
[2.277s] running build_py
[2.277s] copying project4/simulator.py -> /home/samuel/ros2_humble/CSCE452-samuel.fafel/project4_ws/build/project4/build/lib/project4
[2.278s] running install
[2.278s] /usr/lib/python3/dist-packages/setuptools/command/install.py:34: SetuptoolsDeprecationWarning: setup.py install is deprecated. Use build and pip and other standards-based tools.
[2.278s]   warnings.warn(
[2.278s] running install_lib
[2.279s] copying /home/samuel/ros2_humble/CSCE452-samuel.fafel/project4_ws/build/project4/build/lib/project4/simulator.py -> /home/samuel/ros2_humble/CSCE452-samuel.fafel/project4_ws/install/project4/lib/python3.10/site-packages/project4
[2.283s] byte-compiling /home/samuel/ros2_humble/CSCE452-samuel.fafel/project4_ws/install/project4/lib/python3.10/site-packages/project4/simulator.py to simulator.cpython-310.pyc
[2.285s] running install_data
[2.286s] running install_egg_info
[2.290s] removing '/home/samuel/ros2_humble/CSCE452-samuel.fafel/project4_ws/install/project4/lib/python3.10/site-packages/project4-0.0.0-py3.10.egg-info' (and everything under it)
[2.290s] Copying ../../build/project4/project4.egg-info to /home/samuel/ros2_humble/CSCE452-samuel.fafel/project4_ws/install/project4/lib/python3.10/site-packages/project4-0.0.0-py3.10.egg-info
[2.291s] running install_scripts
[2.341s] Installing robot_state_publisher script to /home/samuel/ros2_humble/CSCE452-samuel.fafel/project4_ws/install/project4/lib/project4
[2.341s] Installing simulator script to /home/samuel/ros2_humble/CSCE452-samuel.fafel/project4_ws/install/project4/lib/project4
[2.341s] Installing velocity_translator script to /home/samuel/ros2_humble/CSCE452-samuel.fafel/project4_ws/install/project4/lib/project4
[2.342s] writing list of installed files to '/home/samuel/ros2_humble/CSCE452-samuel.fafel/project4_ws/build/project4/install.log'
[2.365s] Invoked command in '/home/samuel/ros2_humble/CSCE452-samuel.fafel/project4_ws/src/project4' returned '0': PYTHONPATH=/home/samuel/ros2_humble/CSCE452-samuel.fafel/project4_ws/build/project4/prefix_override:/home/samuel/ros2_humble/CSCE452-samuel.fafel/project4_ws/install/project4/lib/python3.10/site-packages:${PYTHONPATH} /usr/bin/python3 setup.py egg_info --egg-base ../../build/project4 build --build-base /home/samuel/ros2_humble/CSCE452-samuel.fafel/project4_ws/build/project4/build install --record /home/samuel/ros2_humble/CSCE452-samuel.fafel/project4_ws/build/project4/install.log --single-version-externally-managed
