[2.002s] DEBUG:colcon:Command line arguments: ['/usr/bin/colcon', 'build']
[2.002s] DEBUG:colcon:Parsed command line arguments: Namespace(log_base=None, log_level=None, verb_name='build', build_base='build', install_base='install', merge_install=False, symlink_install=False, test_result_base=None, continue_on_error=False, executor='parallel', parallel_workers=8, event_handlers=None, ignore_user_meta=False, metas=['./colcon.meta'], base_paths=['.'], packages_ignore=None, packages_ignore_regex=None, paths=None, packages_up_to=None, packages_up_to_regex=None, packages_above=None, packages_above_and_dependencies=None, packages_above_depth=None, packages_select_by_dep=None, packages_skip_by_dep=None, packages_skip_up_to=None, packages_select_build_failed=False, packages_skip_build_finished=False, packages_select_test_failures=False, packages_skip_test_passed=False, packages_select=None, packages_skip=None, packages_select_regex=None, packages_skip_regex=None, packages_start=None, packages_end=None, allow_overriding=[], cmake_args=None, cmake_target=None, cmake_target_skip_unavailable=False, cmake_clean_cache=False, cmake_clean_first=False, cmake_force_configure=False, ament_cmake_args=None, catkin_cmake_args=None, catkin_skip_building_tests=False, verb_parser=<colcon_defaults.argument_parser.defaults.DefaultArgumentsDecorator object at 0x7fbd6c4528f0>, verb_extension=<colcon_core.verb.build.BuildVerb object at 0x7fbd6d4fc9a0>, main=<bound method BuildVerb.main of <colcon_core.verb.build.BuildVerb object at 0x7fbd6d4fc9a0>>)
[2.103s] Level 1:colcon.colcon_core.package_discovery:discover_packages(colcon_meta) check parameters
[2.103s] Level 1:colcon.colcon_core.package_discovery:discover_packages(recursive) check parameters
[2.103s] Level 1:colcon.colcon_core.package_discovery:discover_packages(ignore) check parameters
[2.103s] Level 1:colcon.colcon_core.package_discovery:discover_packages(path) check parameters
[2.104s] Level 1:colcon.colcon_core.package_discovery:discover_packages(colcon_meta) discover
[2.104s] Level 1:colcon.colcon_core.package_discovery:discover_packages(recursive) discover
[2.104s] INFO:colcon.colcon_core.package_discovery:Crawling recursively for packages in '/home/samuel/ros2_humble/CSCE452-samuel.fafel/project3_ws'
[2.104s] Level 1:colcon.colcon_core.package_identification:_identify(.) by extensions ['ignore', 'ignore_ament_install']
[2.104s] Level 1:colcon.colcon_core.package_identification:_identify(.) by extension 'ignore'
[2.104s] Level 1:colcon.colcon_core.package_identification:_identify(.) by extension 'ignore_ament_install'
[2.104s] Level 1:colcon.colcon_core.package_identification:_identify(.) by extensions ['colcon_pkg']
[2.104s] Level 1:colcon.colcon_core.package_identification:_identify(.) by extension 'colcon_pkg'
[2.104s] Level 1:colcon.colcon_core.package_identification:_identify(.) by extensions ['colcon_meta']
[2.104s] Level 1:colcon.colcon_core.package_identification:_identify(.) by extension 'colcon_meta'
[2.104s] Level 1:colcon.colcon_core.package_identification:_identify(.) by extensions ['ros']
[2.104s] Level 1:colcon.colcon_core.package_identification:_identify(.) by extension 'ros'
[2.115s] Level 1:colcon.colcon_core.package_identification:_identify(.) by extensions ['cmake', 'python']
[2.115s] Level 1:colcon.colcon_core.package_identification:_identify(.) by extension 'cmake'
[2.115s] Level 1:colcon.colcon_core.package_identification:_identify(.) by extension 'python'
[2.115s] Level 1:colcon.colcon_core.package_identification:_identify(.) by extensions ['python_setup_py']
[2.115s] Level 1:colcon.colcon_core.package_identification:_identify(.) by extension 'python_setup_py'
[2.115s] Level 1:colcon.colcon_core.package_identification:_identify(build) by extensions ['ignore', 'ignore_ament_install']
[2.116s] Level 1:colcon.colcon_core.package_identification:_identify(build) by extension 'ignore'
[2.116s] Level 1:colcon.colcon_core.package_identification:_identify(build) ignored
[2.116s] Level 1:colcon.colcon_core.package_identification:_identify(install) by extensions ['ignore', 'ignore_ament_install']
[2.116s] Level 1:colcon.colcon_core.package_identification:_identify(install) by extension 'ignore'
[2.116s] Level 1:colcon.colcon_core.package_identification:_identify(install) ignored
[2.116s] Level 1:colcon.colcon_core.package_identification:_identify(log) by extensions ['ignore', 'ignore_ament_install']
[2.116s] Level 1:colcon.colcon_core.package_identification:_identify(log) by extension 'ignore'
[2.116s] Level 1:colcon.colcon_core.package_identification:_identify(log) ignored
[2.116s] Level 1:colcon.colcon_core.package_identification:_identify(src) by extensions ['ignore', 'ignore_ament_install']
[2.116s] Level 1:colcon.colcon_core.package_identification:_identify(src) by extension 'ignore'
[2.116s] Level 1:colcon.colcon_core.package_identification:_identify(src) by extension 'ignore_ament_install'
[2.116s] Level 1:colcon.colcon_core.package_identification:_identify(src) by extensions ['colcon_pkg']
[2.116s] Level 1:colcon.colcon_core.package_identification:_identify(src) by extension 'colcon_pkg'
[2.116s] Level 1:colcon.colcon_core.package_identification:_identify(src) by extensions ['colcon_meta']
[2.116s] Level 1:colcon.colcon_core.package_identification:_identify(src) by extension 'colcon_meta'
[2.116s] Level 1:colcon.colcon_core.package_identification:_identify(src) by extensions ['ros']
[2.116s] Level 1:colcon.colcon_core.package_identification:_identify(src) by extension 'ros'
[2.116s] Level 1:colcon.colcon_core.package_identification:_identify(src) by extensions ['cmake', 'python']
[2.116s] Level 1:colcon.colcon_core.package_identification:_identify(src) by extension 'cmake'
[2.116s] Level 1:colcon.colcon_core.package_identification:_identify(src) by extension 'python'
[2.117s] Level 1:colcon.colcon_core.package_identification:_identify(src) by extensions ['python_setup_py']
[2.117s] Level 1:colcon.colcon_core.package_identification:_identify(src) by extension 'python_setup_py'
[2.117s] Level 1:colcon.colcon_core.package_identification:_identify(src/project3) by extensions ['ignore', 'ignore_ament_install']
[2.117s] Level 1:colcon.colcon_core.package_identification:_identify(src/project3) by extension 'ignore'
[2.117s] Level 1:colcon.colcon_core.package_identification:_identify(src/project3) by extension 'ignore_ament_install'
[2.117s] Level 1:colcon.colcon_core.package_identification:_identify(src/project3) by extensions ['colcon_pkg']
[2.117s] Level 1:colcon.colcon_core.package_identification:_identify(src/project3) by extension 'colcon_pkg'
[2.117s] Level 1:colcon.colcon_core.package_identification:_identify(src/project3) by extensions ['colcon_meta']
[2.117s] Level 1:colcon.colcon_core.package_identification:_identify(src/project3) by extension 'colcon_meta'
[2.117s] Level 1:colcon.colcon_core.package_identification:_identify(src/project3) by extensions ['ros']
[2.117s] Level 1:colcon.colcon_core.package_identification:_identify(src/project3) by extension 'ros'
[2.119s] DEBUG:colcon.colcon_core.package_identification:Package 'src/project3' with type 'ros.ament_python' and name 'project3'
[2.119s] Level 1:colcon.colcon_core.package_discovery:discover_packages(recursive) using defaults
[2.119s] Level 1:colcon.colcon_core.package_discovery:discover_packages(ignore) discover
[2.119s] Level 1:colcon.colcon_core.package_discovery:discover_packages(ignore) using defaults
[2.119s] Level 1:colcon.colcon_core.package_discovery:discover_packages(path) discover
[2.120s] Level 1:colcon.colcon_core.package_discovery:discover_packages(path) using defaults
[2.293s] Level 1:colcon.colcon_core.package_discovery:discover_packages(prefix_path) check parameters
[2.293s] Level 1:colcon.colcon_core.package_discovery:discover_packages(prefix_path) discover
[2.364s] DEBUG:colcon.colcon_installed_package_information.package_discovery:Found 1 installed packages in /home/samuel/ros2_humble/CSCE452-samuel.fafel/project3_ws/install
[2.397s] DEBUG:colcon.colcon_installed_package_information.package_discovery:Found 344 installed packages in /home/samuel/ros2_humble/install
[2.399s] Level 1:colcon.colcon_core.package_discovery:discover_packages(prefix_path) using defaults
[2.494s] Level 5:colcon.colcon_core.verb:set package 'project3' build argument 'cmake_args' from command line to 'None'
[2.494s] Level 5:colcon.colcon_core.verb:set package 'project3' build argument 'cmake_target' from command line to 'None'
[2.494s] Level 5:colcon.colcon_core.verb:set package 'project3' build argument 'cmake_target_skip_unavailable' from command line to 'False'
[2.494s] Level 5:colcon.colcon_core.verb:set package 'project3' build argument 'cmake_clean_cache' from command line to 'False'
[2.494s] Level 5:colcon.colcon_core.verb:set package 'project3' build argument 'cmake_clean_first' from command line to 'False'
[2.494s] Level 5:colcon.colcon_core.verb:set package 'project3' build argument 'cmake_force_configure' from command line to 'False'
[2.494s] Level 5:colcon.colcon_core.verb:set package 'project3' build argument 'ament_cmake_args' from command line to 'None'
[2.494s] Level 5:colcon.colcon_core.verb:set package 'project3' build argument 'catkin_cmake_args' from command line to 'None'
[2.494s] Level 5:colcon.colcon_core.verb:set package 'project3' build argument 'catkin_skip_building_tests' from command line to 'False'
[2.494s] DEBUG:colcon.colcon_core.verb:Building package 'project3' with the following arguments: {'ament_cmake_args': None, 'build_base': '/home/samuel/ros2_humble/CSCE452-samuel.fafel/project3_ws/build/project3', 'catkin_cmake_args': None, 'catkin_skip_building_tests': False, 'cmake_args': None, 'cmake_clean_cache': False, 'cmake_clean_first': False, 'cmake_force_configure': False, 'cmake_target': None, 'cmake_target_skip_unavailable': False, 'install_base': '/home/samuel/ros2_humble/CSCE452-samuel.fafel/project3_ws/install/project3', 'merge_install': False, 'path': '/home/samuel/ros2_humble/CSCE452-samuel.fafel/project3_ws/src/project3', 'symlink_install': False, 'test_result_base': None}
[2.521s] INFO:colcon.colcon_core.executor:Executing jobs using 'parallel' executor
[2.550s] DEBUG:colcon.colcon_parallel_executor.executor.parallel:run_until_complete
[2.550s] INFO:colcon.colcon_ros.task.ament_python.build:Building ROS package in '/home/samuel/ros2_humble/CSCE452-samuel.fafel/project3_ws/src/project3' with build type 'ament_python'
[2.550s] Level 1:colcon.colcon_core.shell:create_environment_hook('project3', 'ament_prefix_path')
[2.586s] INFO:colcon.colcon_core.plugin_system:Skipping extension 'colcon_core.shell.bat': Not used on non-Windows systems
[2.587s] INFO:colcon.colcon_core.shell:Creating environment hook '/home/samuel/ros2_humble/CSCE452-samuel.fafel/project3_ws/install/project3/share/project3/hook/ament_prefix_path.ps1'
[2.588s] INFO:colcon.colcon_core.shell:Creating environment descriptor '/home/samuel/ros2_humble/CSCE452-samuel.fafel/project3_ws/install/project3/share/project3/hook/ament_prefix_path.dsv'
[2.588s] INFO:colcon.colcon_core.shell:Creating environment hook '/home/samuel/ros2_humble/CSCE452-samuel.fafel/project3_ws/install/project3/share/project3/hook/ament_prefix_path.sh'
[2.622s] INFO:colcon.colcon_core.shell:Skip shell extension 'powershell' for command environment: Not usable outside of PowerShell
[2.622s] DEBUG:colcon.colcon_core.shell:Skip shell extension 'dsv' for command environment
[3.188s] INFO:colcon.colcon_core.task.python.build:Building Python package in '/home/samuel/ros2_humble/CSCE452-samuel.fafel/project3_ws/src/project3'
[3.217s] INFO:colcon.colcon_core.shell:Skip shell extension 'powershell' for command environment: Not usable outside of PowerShell
[3.217s] DEBUG:colcon.colcon_core.shell:Skip shell extension 'dsv' for command environment
[3.933s] DEBUG:colcon.colcon_core.event_handler.log_command:Invoking command in '/home/samuel/ros2_humble/CSCE452-samuel.fafel/project3_ws/src/project3': PYTHONPATH=/home/samuel/ros2_humble/CSCE452-samuel.fafel/project3_ws/build/project3/prefix_override:/home/samuel/ros2_humble/CSCE452-samuel.fafel/project3_ws/install/project3/lib/python3.10/site-packages:${PYTHONPATH} /usr/bin/python3 setup.py egg_info --egg-base ../../build/project3 build --build-base /home/samuel/ros2_humble/CSCE452-samuel.fafel/project3_ws/build/project3/build install --record /home/samuel/ros2_humble/CSCE452-samuel.fafel/project3_ws/build/project3/install.log --single-version-externally-managed
[4.441s] DEBUG:colcon.colcon_core.event_handler.log_command:Invoked command in '/home/samuel/ros2_humble/CSCE452-samuel.fafel/project3_ws/src/project3' returned '0': PYTHONPATH=/home/samuel/ros2_humble/CSCE452-samuel.fafel/project3_ws/build/project3/prefix_override:/home/samuel/ros2_humble/CSCE452-samuel.fafel/project3_ws/install/project3/lib/python3.10/site-packages:${PYTHONPATH} /usr/bin/python3 setup.py egg_info --egg-base ../../build/project3 build --build-base /home/samuel/ros2_humble/CSCE452-samuel.fafel/project3_ws/build/project3/build install --record /home/samuel/ros2_humble/CSCE452-samuel.fafel/project3_ws/build/project3/install.log --single-version-externally-managed
[4.493s] Level 1:colcon.colcon_core.environment:checking '/home/samuel/ros2_humble/CSCE452-samuel.fafel/project3_ws/install/project3' for CMake module files
[4.493s] Level 1:colcon.colcon_core.environment:checking '/home/samuel/ros2_humble/CSCE452-samuel.fafel/project3_ws/install/project3' for CMake config files
[4.494s] Level 1:colcon.colcon_core.environment:checking '/home/samuel/ros2_humble/CSCE452-samuel.fafel/project3_ws/install/project3/lib'
[4.494s] Level 1:colcon.colcon_core.environment:checking '/home/samuel/ros2_humble/CSCE452-samuel.fafel/project3_ws/install/project3/bin'
[4.494s] Level 1:colcon.colcon_core.environment:checking '/home/samuel/ros2_humble/CSCE452-samuel.fafel/project3_ws/install/project3/lib/pkgconfig/project3.pc'
[4.494s] Level 1:colcon.colcon_core.environment:checking '/home/samuel/ros2_humble/CSCE452-samuel.fafel/project3_ws/install/project3/lib/python3.10/site-packages'
[4.494s] Level 1:colcon.colcon_core.shell:create_environment_hook('project3', 'pythonpath')
[4.522s] INFO:colcon.colcon_core.shell:Creating environment hook '/home/samuel/ros2_humble/CSCE452-samuel.fafel/project3_ws/install/project3/share/project3/hook/pythonpath.ps1'
[4.523s] INFO:colcon.colcon_core.shell:Creating environment descriptor '/home/samuel/ros2_humble/CSCE452-samuel.fafel/project3_ws/install/project3/share/project3/hook/pythonpath.dsv'
[4.523s] INFO:colcon.colcon_core.shell:Creating environment hook '/home/samuel/ros2_humble/CSCE452-samuel.fafel/project3_ws/install/project3/share/project3/hook/pythonpath.sh'
[4.523s] Level 1:colcon.colcon_core.environment:checking '/home/samuel/ros2_humble/CSCE452-samuel.fafel/project3_ws/install/project3/bin'
[4.523s] Level 1:colcon.colcon_core.environment:create_environment_scripts_only(project3)
[4.551s] INFO:colcon.colcon_core.shell:Creating package script '/home/samuel/ros2_humble/CSCE452-samuel.fafel/project3_ws/install/project3/share/project3/package.ps1'
[4.552s] INFO:colcon.colcon_core.shell:Creating package descriptor '/home/samuel/ros2_humble/CSCE452-samuel.fafel/project3_ws/install/project3/share/project3/package.dsv'
[4.553s] INFO:colcon.colcon_core.shell:Creating package script '/home/samuel/ros2_humble/CSCE452-samuel.fafel/project3_ws/install/project3/share/project3/package.sh'
[4.553s] INFO:colcon.colcon_core.shell:Creating package script '/home/samuel/ros2_humble/CSCE452-samuel.fafel/project3_ws/install/project3/share/project3/package.bash'
[4.554s] INFO:colcon.colcon_core.shell:Creating package script '/home/samuel/ros2_humble/CSCE452-samuel.fafel/project3_ws/install/project3/share/project3/package.zsh'
[4.554s] Level 1:colcon.colcon_core.environment:create_file_with_runtime_dependencies(/home/samuel/ros2_humble/CSCE452-samuel.fafel/project3_ws/install/project3/share/colcon-core/packages/project3)
[4.555s] DEBUG:colcon.colcon_parallel_executor.executor.parallel:closing loop
[4.555s] DEBUG:colcon.colcon_parallel_executor.executor.parallel:loop closed
[4.555s] DEBUG:colcon.colcon_parallel_executor.executor.parallel:run_until_complete finished with '0'
[4.555s] DEBUG:colcon.colcon_core.event_reactor:joining thread
[4.596s] INFO:colcon.colcon_core.plugin_system:Skipping extension 'colcon_notification.desktop_notification.terminal_notifier': Not used on non-Darwin systems
[4.596s] INFO:colcon.colcon_core.plugin_system:Skipping extension 'colcon_notification.desktop_notification.win32': Not used on non-Windows systems
[4.596s] INFO:colcon.colcon_notification.desktop_notification:Sending desktop notification using 'notify2'
[4.605s] DEBUG:colcon.colcon_core.event_reactor:joined thread
[4.635s] INFO:colcon.colcon_core.shell:Creating prefix script '/home/samuel/ros2_humble/CSCE452-samuel.fafel/project3_ws/install/local_setup.ps1'
[4.635s] INFO:colcon.colcon_core.shell:Creating prefix util module '/home/samuel/ros2_humble/CSCE452-samuel.fafel/project3_ws/install/_local_setup_util_ps1.py'
[4.637s] INFO:colcon.colcon_core.shell:Creating prefix chain script '/home/samuel/ros2_humble/CSCE452-samuel.fafel/project3_ws/install/setup.ps1'
[4.679s] INFO:colcon.colcon_core.shell:Creating prefix script '/home/samuel/ros2_humble/CSCE452-samuel.fafel/project3_ws/install/local_setup.sh'
[4.679s] INFO:colcon.colcon_core.shell:Creating prefix util module '/home/samuel/ros2_humble/CSCE452-samuel.fafel/project3_ws/install/_local_setup_util_sh.py'
[4.680s] INFO:colcon.colcon_core.shell:Creating prefix chain script '/home/samuel/ros2_humble/CSCE452-samuel.fafel/project3_ws/install/setup.sh'
[4.720s] INFO:colcon.colcon_core.shell:Creating prefix script '/home/samuel/ros2_humble/CSCE452-samuel.fafel/project3_ws/install/local_setup.bash'
[4.720s] INFO:colcon.colcon_core.shell:Creating prefix chain script '/home/samuel/ros2_humble/CSCE452-samuel.fafel/project3_ws/install/setup.bash'
[4.758s] INFO:colcon.colcon_core.shell:Creating prefix script '/home/samuel/ros2_humble/CSCE452-samuel.fafel/project3_ws/install/local_setup.zsh'
[4.759s] INFO:colcon.colcon_core.shell:Creating prefix chain script '/home/samuel/ros2_humble/CSCE452-samuel.fafel/project3_ws/install/setup.zsh'
