[1.688s] DEBUG:colcon:Command line arguments: ['/usr/bin/colcon', 'build']
[1.688s] DEBUG:colcon:Parsed command line arguments: Namespace(log_base=None, log_level=None, verb_name='build', build_base='build', install_base='install', merge_install=False, symlink_install=False, test_result_base=None, continue_on_error=False, executor='parallel', parallel_workers=8, event_handlers=None, ignore_user_meta=False, metas=['./colcon.meta'], base_paths=['.'], packages_ignore=None, packages_ignore_regex=None, paths=None, packages_up_to=None, packages_up_to_regex=None, packages_above=None, packages_above_and_dependencies=None, packages_above_depth=None, packages_select_by_dep=None, packages_skip_by_dep=None, packages_skip_up_to=None, packages_select_build_failed=False, packages_skip_build_finished=False, packages_select_test_failures=False, packages_skip_test_passed=False, packages_select=None, packages_skip=None, packages_select_regex=None, packages_skip_regex=None, packages_start=None, packages_end=None, allow_overriding=[], cmake_args=None, cmake_target=None, cmake_target_skip_unavailable=False, cmake_clean_cache=False, cmake_clean_first=False, cmake_force_configure=False, ament_cmake_args=None, catkin_cmake_args=None, catkin_skip_building_tests=False, verb_parser=<colcon_defaults.argument_parser.defaults.DefaultArgumentsDecorator object at 0x7f4d1b5387f0>, verb_extension=<colcon_core.verb.build.BuildVerb object at 0x7f4d1c2ce4d0>, main=<bound method BuildVerb.main of <colcon_core.verb.build.BuildVerb object at 0x7f4d1c2ce4d0>>)
[1.786s] Level 1:colcon.colcon_core.package_discovery:discover_packages(colcon_meta) check parameters
[1.786s] Level 1:colcon.colcon_core.package_discovery:discover_packages(recursive) check parameters
[1.786s] Level 1:colcon.colcon_core.package_discovery:discover_packages(ignore) check parameters
[1.786s] Level 1:colcon.colcon_core.package_discovery:discover_packages(path) check parameters
[1.786s] Level 1:colcon.colcon_core.package_discovery:discover_packages(colcon_meta) discover
[1.786s] Level 1:colcon.colcon_core.package_discovery:discover_packages(recursive) discover
[1.786s] INFO:colcon.colcon_core.package_discovery:Crawling recursively for packages in '/home/samuel/ros2_humble/workspaces/project1_ws'
[1.786s] Level 1:colcon.colcon_core.package_identification:_identify(.) by extensions ['ignore', 'ignore_ament_install']
[1.786s] Level 1:colcon.colcon_core.package_identification:_identify(.) by extension 'ignore'
[1.786s] Level 1:colcon.colcon_core.package_identification:_identify(.) by extension 'ignore_ament_install'
[1.786s] Level 1:colcon.colcon_core.package_identification:_identify(.) by extensions ['colcon_pkg']
[1.786s] Level 1:colcon.colcon_core.package_identification:_identify(.) by extension 'colcon_pkg'
[1.786s] Level 1:colcon.colcon_core.package_identification:_identify(.) by extensions ['colcon_meta']
[1.786s] Level 1:colcon.colcon_core.package_identification:_identify(.) by extension 'colcon_meta'
[1.786s] Level 1:colcon.colcon_core.package_identification:_identify(.) by extensions ['ros']
[1.786s] Level 1:colcon.colcon_core.package_identification:_identify(.) by extension 'ros'
[1.798s] Level 1:colcon.colcon_core.package_identification:_identify(.) by extensions ['cmake', 'python']
[1.798s] Level 1:colcon.colcon_core.package_identification:_identify(.) by extension 'cmake'
[1.798s] Level 1:colcon.colcon_core.package_identification:_identify(.) by extension 'python'
[1.798s] Level 1:colcon.colcon_core.package_identification:_identify(.) by extensions ['python_setup_py']
[1.798s] Level 1:colcon.colcon_core.package_identification:_identify(.) by extension 'python_setup_py'
[1.798s] Level 1:colcon.colcon_core.package_identification:_identify(build) by extensions ['ignore', 'ignore_ament_install']
[1.798s] Level 1:colcon.colcon_core.package_identification:_identify(build) by extension 'ignore'
[1.798s] Level 1:colcon.colcon_core.package_identification:_identify(build) ignored
[1.799s] Level 1:colcon.colcon_core.package_identification:_identify(install) by extensions ['ignore', 'ignore_ament_install']
[1.799s] Level 1:colcon.colcon_core.package_identification:_identify(install) by extension 'ignore'
[1.799s] Level 1:colcon.colcon_core.package_identification:_identify(install) ignored
[1.799s] Level 1:colcon.colcon_core.package_identification:_identify(log) by extensions ['ignore', 'ignore_ament_install']
[1.799s] Level 1:colcon.colcon_core.package_identification:_identify(log) by extension 'ignore'
[1.799s] Level 1:colcon.colcon_core.package_identification:_identify(log) ignored
[1.799s] Level 1:colcon.colcon_core.package_identification:_identify(src) by extensions ['ignore', 'ignore_ament_install']
[1.799s] Level 1:colcon.colcon_core.package_identification:_identify(src) by extension 'ignore'
[1.799s] Level 1:colcon.colcon_core.package_identification:_identify(src) by extension 'ignore_ament_install'
[1.799s] Level 1:colcon.colcon_core.package_identification:_identify(src) by extensions ['colcon_pkg']
[1.799s] Level 1:colcon.colcon_core.package_identification:_identify(src) by extension 'colcon_pkg'
[1.799s] Level 1:colcon.colcon_core.package_identification:_identify(src) by extensions ['colcon_meta']
[1.799s] Level 1:colcon.colcon_core.package_identification:_identify(src) by extension 'colcon_meta'
[1.799s] Level 1:colcon.colcon_core.package_identification:_identify(src) by extensions ['ros']
[1.799s] Level 1:colcon.colcon_core.package_identification:_identify(src) by extension 'ros'
[1.799s] Level 1:colcon.colcon_core.package_identification:_identify(src) by extensions ['cmake', 'python']
[1.799s] Level 1:colcon.colcon_core.package_identification:_identify(src) by extension 'cmake'
[1.799s] Level 1:colcon.colcon_core.package_identification:_identify(src) by extension 'python'
[1.799s] Level 1:colcon.colcon_core.package_identification:_identify(src) by extensions ['python_setup_py']
[1.799s] Level 1:colcon.colcon_core.package_identification:_identify(src) by extension 'python_setup_py'
[1.800s] Level 1:colcon.colcon_core.package_identification:_identify(src/project1_pubsub) by extensions ['ignore', 'ignore_ament_install']
[1.800s] Level 1:colcon.colcon_core.package_identification:_identify(src/project1_pubsub) by extension 'ignore'
[1.800s] Level 1:colcon.colcon_core.package_identification:_identify(src/project1_pubsub) by extension 'ignore_ament_install'
[1.800s] Level 1:colcon.colcon_core.package_identification:_identify(src/project1_pubsub) by extensions ['colcon_pkg']
[1.800s] Level 1:colcon.colcon_core.package_identification:_identify(src/project1_pubsub) by extension 'colcon_pkg'
[1.800s] Level 1:colcon.colcon_core.package_identification:_identify(src/project1_pubsub) by extensions ['colcon_meta']
[1.800s] Level 1:colcon.colcon_core.package_identification:_identify(src/project1_pubsub) by extension 'colcon_meta'
[1.800s] Level 1:colcon.colcon_core.package_identification:_identify(src/project1_pubsub) by extensions ['ros']
[1.800s] Level 1:colcon.colcon_core.package_identification:_identify(src/project1_pubsub) by extension 'ros'
[1.802s] DEBUG:colcon.colcon_core.package_identification:Package 'src/project1_pubsub' with type 'ros.ament_python' and name 'project1_pubsub'
[1.802s] Level 1:colcon.colcon_core.package_identification:_identify(src/ros_tutorials) by extensions ['ignore', 'ignore_ament_install']
[1.802s] Level 1:colcon.colcon_core.package_identification:_identify(src/ros_tutorials) by extension 'ignore'
[1.802s] Level 1:colcon.colcon_core.package_identification:_identify(src/ros_tutorials) by extension 'ignore_ament_install'
[1.802s] Level 1:colcon.colcon_core.package_identification:_identify(src/ros_tutorials) by extensions ['colcon_pkg']
[1.802s] Level 1:colcon.colcon_core.package_identification:_identify(src/ros_tutorials) by extension 'colcon_pkg'
[1.802s] Level 1:colcon.colcon_core.package_identification:_identify(src/ros_tutorials) by extensions ['colcon_meta']
[1.802s] Level 1:colcon.colcon_core.package_identification:_identify(src/ros_tutorials) by extension 'colcon_meta'
[1.802s] Level 1:colcon.colcon_core.package_identification:_identify(src/ros_tutorials) by extensions ['ros']
[1.802s] Level 1:colcon.colcon_core.package_identification:_identify(src/ros_tutorials) by extension 'ros'
[1.802s] Level 1:colcon.colcon_core.package_identification:_identify(src/ros_tutorials) by extensions ['cmake', 'python']
[1.802s] Level 1:colcon.colcon_core.package_identification:_identify(src/ros_tutorials) by extension 'cmake'
[1.802s] Level 1:colcon.colcon_core.package_identification:_identify(src/ros_tutorials) by extension 'python'
[1.802s] Level 1:colcon.colcon_core.package_identification:_identify(src/ros_tutorials) by extensions ['python_setup_py']
[1.802s] Level 1:colcon.colcon_core.package_identification:_identify(src/ros_tutorials) by extension 'python_setup_py'
[1.802s] Level 1:colcon.colcon_core.package_identification:_identify(src/ros_tutorials/ros_tutorials) by extensions ['ignore', 'ignore_ament_install']
[1.803s] Level 1:colcon.colcon_core.package_identification:_identify(src/ros_tutorials/ros_tutorials) by extension 'ignore'
[1.803s] Level 1:colcon.colcon_core.package_identification:_identify(src/ros_tutorials/ros_tutorials) ignored
[1.803s] Level 1:colcon.colcon_core.package_identification:_identify(src/ros_tutorials/roscpp_tutorials) by extensions ['ignore', 'ignore_ament_install']
[1.803s] Level 1:colcon.colcon_core.package_identification:_identify(src/ros_tutorials/roscpp_tutorials) by extension 'ignore'
[1.803s] Level 1:colcon.colcon_core.package_identification:_identify(src/ros_tutorials/roscpp_tutorials) ignored
[1.803s] Level 1:colcon.colcon_core.package_identification:_identify(src/ros_tutorials/rospy_tutorials) by extensions ['ignore', 'ignore_ament_install']
[1.803s] Level 1:colcon.colcon_core.package_identification:_identify(src/ros_tutorials/rospy_tutorials) by extension 'ignore'
[1.803s] Level 1:colcon.colcon_core.package_identification:_identify(src/ros_tutorials/rospy_tutorials) ignored
[1.803s] Level 1:colcon.colcon_core.package_identification:_identify(src/ros_tutorials/turtlesim) by extensions ['ignore', 'ignore_ament_install']
[1.803s] Level 1:colcon.colcon_core.package_identification:_identify(src/ros_tutorials/turtlesim) by extension 'ignore'
[1.803s] Level 1:colcon.colcon_core.package_identification:_identify(src/ros_tutorials/turtlesim) by extension 'ignore_ament_install'
[1.803s] Level 1:colcon.colcon_core.package_identification:_identify(src/ros_tutorials/turtlesim) by extensions ['colcon_pkg']
[1.803s] Level 1:colcon.colcon_core.package_identification:_identify(src/ros_tutorials/turtlesim) by extension 'colcon_pkg'
[1.803s] Level 1:colcon.colcon_core.package_identification:_identify(src/ros_tutorials/turtlesim) by extensions ['colcon_meta']
[1.803s] Level 1:colcon.colcon_core.package_identification:_identify(src/ros_tutorials/turtlesim) by extension 'colcon_meta'
[1.803s] Level 1:colcon.colcon_core.package_identification:_identify(src/ros_tutorials/turtlesim) by extensions ['ros']
[1.803s] Level 1:colcon.colcon_core.package_identification:_identify(src/ros_tutorials/turtlesim) by extension 'ros'
[1.804s] DEBUG:colcon.colcon_core.package_identification:Package 'src/ros_tutorials/turtlesim' with type 'ros.ament_cmake' and name 'turtlesim'
[1.804s] Level 1:colcon.colcon_core.package_discovery:discover_packages(recursive) using defaults
[1.804s] Level 1:colcon.colcon_core.package_discovery:discover_packages(ignore) discover
[1.804s] Level 1:colcon.colcon_core.package_discovery:discover_packages(ignore) using defaults
[1.804s] Level 1:colcon.colcon_core.package_discovery:discover_packages(path) discover
[1.804s] Level 1:colcon.colcon_core.package_discovery:discover_packages(path) using defaults
[1.961s] Level 1:colcon.colcon_core.package_discovery:discover_packages(prefix_path) check parameters
[1.961s] Level 1:colcon.colcon_core.package_discovery:discover_packages(prefix_path) discover
[2.022s] DEBUG:colcon.colcon_installed_package_information.package_discovery:Found 2 installed packages in /home/samuel/ros2_humble/workspaces/project1_ws/install
[2.052s] DEBUG:colcon.colcon_installed_package_information.package_discovery:Found 344 installed packages in /home/samuel/ros2_humble/install
[2.054s] Level 1:colcon.colcon_core.package_discovery:discover_packages(prefix_path) using defaults
[2.148s] Level 5:colcon.colcon_core.verb:set package 'turtlesim' build argument 'cmake_args' from command line to 'None'
[2.148s] Level 5:colcon.colcon_core.verb:set package 'turtlesim' build argument 'cmake_target' from command line to 'None'
[2.148s] Level 5:colcon.colcon_core.verb:set package 'turtlesim' build argument 'cmake_target_skip_unavailable' from command line to 'False'
[2.148s] Level 5:colcon.colcon_core.verb:set package 'turtlesim' build argument 'cmake_clean_cache' from command line to 'False'
[2.148s] Level 5:colcon.colcon_core.verb:set package 'turtlesim' build argument 'cmake_clean_first' from command line to 'False'
[2.148s] Level 5:colcon.colcon_core.verb:set package 'turtlesim' build argument 'cmake_force_configure' from command line to 'False'
[2.148s] Level 5:colcon.colcon_core.verb:set package 'turtlesim' build argument 'ament_cmake_args' from command line to 'None'
[2.148s] Level 5:colcon.colcon_core.verb:set package 'turtlesim' build argument 'catkin_cmake_args' from command line to 'None'
[2.148s] Level 5:colcon.colcon_core.verb:set package 'turtlesim' build argument 'catkin_skip_building_tests' from command line to 'False'
[2.148s] DEBUG:colcon.colcon_core.verb:Building package 'turtlesim' with the following arguments: {'ament_cmake_args': None, 'build_base': '/home/samuel/ros2_humble/workspaces/project1_ws/build/turtlesim', 'catkin_cmake_args': None, 'catkin_skip_building_tests': False, 'cmake_args': None, 'cmake_clean_cache': False, 'cmake_clean_first': False, 'cmake_force_configure': False, 'cmake_target': None, 'cmake_target_skip_unavailable': False, 'install_base': '/home/samuel/ros2_humble/workspaces/project1_ws/install/turtlesim', 'merge_install': False, 'path': '/home/samuel/ros2_humble/workspaces/project1_ws/src/ros_tutorials/turtlesim', 'symlink_install': False, 'test_result_base': None}
[2.176s] Level 5:colcon.colcon_core.verb:set package 'project1_pubsub' build argument 'cmake_args' from command line to 'None'
[2.176s] Level 5:colcon.colcon_core.verb:set package 'project1_pubsub' build argument 'cmake_target' from command line to 'None'
[2.176s] Level 5:colcon.colcon_core.verb:set package 'project1_pubsub' build argument 'cmake_target_skip_unavailable' from command line to 'False'
[2.176s] Level 5:colcon.colcon_core.verb:set package 'project1_pubsub' build argument 'cmake_clean_cache' from command line to 'False'
[2.176s] Level 5:colcon.colcon_core.verb:set package 'project1_pubsub' build argument 'cmake_clean_first' from command line to 'False'
[2.176s] Level 5:colcon.colcon_core.verb:set package 'project1_pubsub' build argument 'cmake_force_configure' from command line to 'False'
[2.176s] Level 5:colcon.colcon_core.verb:set package 'project1_pubsub' build argument 'ament_cmake_args' from command line to 'None'
[2.176s] Level 5:colcon.colcon_core.verb:set package 'project1_pubsub' build argument 'catkin_cmake_args' from command line to 'None'
[2.176s] Level 5:colcon.colcon_core.verb:set package 'project1_pubsub' build argument 'catkin_skip_building_tests' from command line to 'False'
[2.176s] DEBUG:colcon.colcon_core.verb:Building package 'project1_pubsub' with the following arguments: {'ament_cmake_args': None, 'build_base': '/home/samuel/ros2_humble/workspaces/project1_ws/build/project1_pubsub', 'catkin_cmake_args': None, 'catkin_skip_building_tests': False, 'cmake_args': None, 'cmake_clean_cache': False, 'cmake_clean_first': False, 'cmake_force_configure': False, 'cmake_target': None, 'cmake_target_skip_unavailable': False, 'install_base': '/home/samuel/ros2_humble/workspaces/project1_ws/install/project1_pubsub', 'merge_install': False, 'path': '/home/samuel/ros2_humble/workspaces/project1_ws/src/project1_pubsub', 'symlink_install': False, 'test_result_base': None}
[2.201s] INFO:colcon.colcon_core.executor:Executing jobs using 'parallel' executor
[2.227s] DEBUG:colcon.colcon_parallel_executor.executor.parallel:run_until_complete
[2.227s] INFO:colcon.colcon_ros.task.ament_cmake.build:Building ROS package in '/home/samuel/ros2_humble/workspaces/project1_ws/src/ros_tutorials/turtlesim' with build type 'ament_cmake'
[2.227s] INFO:colcon.colcon_cmake.task.cmake.build:Building CMake package in '/home/samuel/ros2_humble/workspaces/project1_ws/src/ros_tutorials/turtlesim'
[2.262s] INFO:colcon.colcon_core.plugin_system:Skipping extension 'colcon_core.shell.bat': Not used on non-Windows systems
[2.262s] INFO:colcon.colcon_core.shell:Skip shell extension 'powershell' for command environment: Not usable outside of PowerShell
[2.262s] DEBUG:colcon.colcon_core.shell:Skip shell extension 'dsv' for command environment
[2.371s] DEBUG:colcon.colcon_core.event_handler.log_command:Invoking command in '/home/samuel/ros2_humble/workspaces/project1_ws/build/turtlesim': CMAKE_PREFIX_PATH=${CMAKE_PREFIX_PATH}:/home/samuel/ros2_humble/workspaces/project1_ws/install/project1_pubsub:/home/samuel/ros2_humble/install/rqt_bag_plugins:/home/samuel/ros2_humble/install/rqt_bag:/home/samuel/ros2_humble/install/ros2bag:/home/samuel/ros2_humble/install/tracetools_test:/home/samuel/ros2_humble/install/tracetools_launch:/home/samuel/ros2_humble/install/topic_monitor:/home/samuel/ros2_humble/install/tf2_tools:/home/samuel/ros2_humble/install/examples_tf2_py:/home/samuel/ros2_humble/install/tf2_ros_py:/home/samuel/ros2_humble/install/sros2:/home/samuel/ros2_humble/install/rqt_topic:/home/samuel/ros2_humble/install/rqt_srv:/home/samuel/ros2_humble/install/rqt_shell:/home/samuel/ros2_humble/install/rqt_service_caller:/home/samuel/ros2_humble/install/rqt_reconfigure:/home/samuel/ros2_humble/install/rqt_py_console:/home/samuel/ros2_humble/install/rqt_publisher:/home/samuel/ros2_humble/install/rqt_plot:/home/samuel/ros2_humble/install/rqt_action:/home/samuel/ros2_humble/install/rqt_msg:/home/samuel/ros2_humble/install/rqt_console:/home/samuel/ros2_humble/install/rqt:/home/samuel/ros2_humble/install/rqt_graph:/home/samuel/ros2_humble/install/rqt_gui_py:/home/samuel/ros2_humble/install/rqt_gui:/home/samuel/ros2_humble/install/ros2trace:/home/samuel/ros2_humble/install/ros2topic:/home/samuel/ros2_humble/install/ros2test:/home/samuel/ros2_humble/install/ros2component:/home/samuel/ros2_humble/install/ros2param:/home/samuel/ros2_humble/install/ros2lifecycle:/home/samuel/ros2_humble/install/ros2service:/home/samuel/ros2_humble/install/ros2run:/home/samuel/ros2_humble/install/ros2launch:/home/samuel/ros2_humble/install/ros2pkg:/home/samuel/ros2_humble/install/ros2node:/home/samuel/ros2_humble/install/ros2multicast:/home/samuel/ros2_humble/install/ros2interface:/home/samuel/ros2_humble/install/ros2doctor:/home/samuel/ros2_humble/install/ros2action:/home/samuel/ros2_humble/install/ros2cli:/home/samuel/ros2_humble/install/quality_of_service_demo_py:/home/samuel/ros2_humble/install/lifecycle_py:/home/samuel/ros2_humble/install/launch_testing_ros:/home/samuel/ros2_humble/install/launch_ros:/home/samuel/ros2_humble/install/examples_rclpy_pointcloud_publisher:/home/samuel/ros2_humble/install/examples_rclpy_minimal_subscriber:/home/samuel/ros2_humble/install/examples_rclpy_minimal_service:/home/samuel/ros2_humble/install/examples_rclpy_minimal_publisher:/home/samuel/ros2_humble/install/examples_rclpy_minimal_client:/home/samuel/ros2_humble/install/examples_rclpy_minimal_action_server:/home/samuel/ros2_humble/install/examples_rclpy_minimal_action_client:/home/samuel/ros2_humble/install/examples_rclpy_guard_conditions:/home/samuel/ros2_humble/install/examples_rclpy_executors:/home/samuel/ros2_humble/install/demo_nodes_py:/home/samuel/ros2_humble/install/action_tutorials_py:/home/samuel/ros2_humble/install/ament_uncrustify:/home/samuel/ros2_humble/install/tracetools_trace:/home/samuel/ros2_humble/install/tracetools_read:/home/samuel/ros2_humble/install/test_tracetools_launch:/home/samuel/ros2_humble/install/test_launch_ros:/home/samuel/ros2_humble/install/sensor_msgs_py:/home/samuel/ros2_humble/install/rpyutils:/home/samuel/ros2_humble/install/rosidl_runtime_py:/home/samuel/ros2_humble/install/rosidl_cli:/home/samuel/ros2_humble/install/launch_pytest:/home/samuel/ros2_humble/install/launch_testing:/home/samuel/ros2_humble/install/launch_yaml:/home/samuel/ros2_humble/install/launch_xml:/home/samuel/ros2_humble/install/launch:/home/samuel/ros2_humble/install/osrf_pycommon:/home/samuel/ros2_humble/install/launch_testing_examples:/home/samuel/ros2_humble/install/domain_coordinator:/home/samuel/ros2_humble/install/ament_xmllint:/home/samuel/ros2_humble/install/ament_pyflakes:/home/samuel/ros2_humble/install/ament_pycodestyle:/home/samuel/ros2_humble/install/ament_pep257:/home/samuel/ros2_humble/install/ament_pclint:/home/samuel/ros2_humble/install/ament_package:/home/samuel/ros2_humble/install/ament_mypy:/home/samuel/ros2_humble/install/ament_lint_cmake:/home/samuel/ros2_humble/install/ament_flake8:/home/samuel/ros2_humble/install/ament_copyright:/home/samuel/ros2_humble/install/ament_lint:/home/samuel/ros2_humble/install/ament_index_python:/home/samuel/ros2_humble/install/ament_cpplint:/home/samuel/ros2_humble/install/ament_cppcheck:/home/samuel/ros2_humble/install/ament_clang_tidy:/home/samuel/ros2_humble/install/ament_clang_format /usr/bin/cmake --build /home/samuel/ros2_humble/workspaces/project1_ws/build/turtlesim -- -j8 -l8
[3.217s] DEBUG:colcon.colcon_core.event_handler.log_command:Invoked command in '/home/samuel/ros2_humble/workspaces/project1_ws/build/turtlesim' returned '0': CMAKE_PREFIX_PATH=${CMAKE_PREFIX_PATH}:/home/samuel/ros2_humble/workspaces/project1_ws/install/project1_pubsub:/home/samuel/ros2_humble/install/rqt_bag_plugins:/home/samuel/ros2_humble/install/rqt_bag:/home/samuel/ros2_humble/install/ros2bag:/home/samuel/ros2_humble/install/tracetools_test:/home/samuel/ros2_humble/install/tracetools_launch:/home/samuel/ros2_humble/install/topic_monitor:/home/samuel/ros2_humble/install/tf2_tools:/home/samuel/ros2_humble/install/examples_tf2_py:/home/samuel/ros2_humble/install/tf2_ros_py:/home/samuel/ros2_humble/install/sros2:/home/samuel/ros2_humble/install/rqt_topic:/home/samuel/ros2_humble/install/rqt_srv:/home/samuel/ros2_humble/install/rqt_shell:/home/samuel/ros2_humble/install/rqt_service_caller:/home/samuel/ros2_humble/install/rqt_reconfigure:/home/samuel/ros2_humble/install/rqt_py_console:/home/samuel/ros2_humble/install/rqt_publisher:/home/samuel/ros2_humble/install/rqt_plot:/home/samuel/ros2_humble/install/rqt_action:/home/samuel/ros2_humble/install/rqt_msg:/home/samuel/ros2_humble/install/rqt_console:/home/samuel/ros2_humble/install/rqt:/home/samuel/ros2_humble/install/rqt_graph:/home/samuel/ros2_humble/install/rqt_gui_py:/home/samuel/ros2_humble/install/rqt_gui:/home/samuel/ros2_humble/install/ros2trace:/home/samuel/ros2_humble/install/ros2topic:/home/samuel/ros2_humble/install/ros2test:/home/samuel/ros2_humble/install/ros2component:/home/samuel/ros2_humble/install/ros2param:/home/samuel/ros2_humble/install/ros2lifecycle:/home/samuel/ros2_humble/install/ros2service:/home/samuel/ros2_humble/install/ros2run:/home/samuel/ros2_humble/install/ros2launch:/home/samuel/ros2_humble/install/ros2pkg:/home/samuel/ros2_humble/install/ros2node:/home/samuel/ros2_humble/install/ros2multicast:/home/samuel/ros2_humble/install/ros2interface:/home/samuel/ros2_humble/install/ros2doctor:/home/samuel/ros2_humble/install/ros2action:/home/samuel/ros2_humble/install/ros2cli:/home/samuel/ros2_humble/install/quality_of_service_demo_py:/home/samuel/ros2_humble/install/lifecycle_py:/home/samuel/ros2_humble/install/launch_testing_ros:/home/samuel/ros2_humble/install/launch_ros:/home/samuel/ros2_humble/install/examples_rclpy_pointcloud_publisher:/home/samuel/ros2_humble/install/examples_rclpy_minimal_subscriber:/home/samuel/ros2_humble/install/examples_rclpy_minimal_service:/home/samuel/ros2_humble/install/examples_rclpy_minimal_publisher:/home/samuel/ros2_humble/install/examples_rclpy_minimal_client:/home/samuel/ros2_humble/install/examples_rclpy_minimal_action_server:/home/samuel/ros2_humble/install/examples_rclpy_minimal_action_client:/home/samuel/ros2_humble/install/examples_rclpy_guard_conditions:/home/samuel/ros2_humble/install/examples_rclpy_executors:/home/samuel/ros2_humble/install/demo_nodes_py:/home/samuel/ros2_humble/install/action_tutorials_py:/home/samuel/ros2_humble/install/ament_uncrustify:/home/samuel/ros2_humble/install/tracetools_trace:/home/samuel/ros2_humble/install/tracetools_read:/home/samuel/ros2_humble/install/test_tracetools_launch:/home/samuel/ros2_humble/install/test_launch_ros:/home/samuel/ros2_humble/install/sensor_msgs_py:/home/samuel/ros2_humble/install/rpyutils:/home/samuel/ros2_humble/install/rosidl_runtime_py:/home/samuel/ros2_humble/install/rosidl_cli:/home/samuel/ros2_humble/install/launch_pytest:/home/samuel/ros2_humble/install/launch_testing:/home/samuel/ros2_humble/install/launch_yaml:/home/samuel/ros2_humble/install/launch_xml:/home/samuel/ros2_humble/install/launch:/home/samuel/ros2_humble/install/osrf_pycommon:/home/samuel/ros2_humble/install/launch_testing_examples:/home/samuel/ros2_humble/install/domain_coordinator:/home/samuel/ros2_humble/install/ament_xmllint:/home/samuel/ros2_humble/install/ament_pyflakes:/home/samuel/ros2_humble/install/ament_pycodestyle:/home/samuel/ros2_humble/install/ament_pep257:/home/samuel/ros2_humble/install/ament_pclint:/home/samuel/ros2_humble/install/ament_package:/home/samuel/ros2_humble/install/ament_mypy:/home/samuel/ros2_humble/install/ament_lint_cmake:/home/samuel/ros2_humble/install/ament_flake8:/home/samuel/ros2_humble/install/ament_copyright:/home/samuel/ros2_humble/install/ament_lint:/home/samuel/ros2_humble/install/ament_index_python:/home/samuel/ros2_humble/install/ament_cpplint:/home/samuel/ros2_humble/install/ament_cppcheck:/home/samuel/ros2_humble/install/ament_clang_tidy:/home/samuel/ros2_humble/install/ament_clang_format /usr/bin/cmake --build /home/samuel/ros2_humble/workspaces/project1_ws/build/turtlesim -- -j8 -l8
[4.235s] DEBUG:colcon.colcon_core.event_handler.log_command:Invoking command in '/home/samuel/ros2_humble/workspaces/project1_ws/build/turtlesim': CMAKE_PREFIX_PATH=${CMAKE_PREFIX_PATH}:/home/samuel/ros2_humble/workspaces/project1_ws/install/project1_pubsub:/home/samuel/ros2_humble/install/rqt_bag_plugins:/home/samuel/ros2_humble/install/rqt_bag:/home/samuel/ros2_humble/install/ros2bag:/home/samuel/ros2_humble/install/tracetools_test:/home/samuel/ros2_humble/install/tracetools_launch:/home/samuel/ros2_humble/install/topic_monitor:/home/samuel/ros2_humble/install/tf2_tools:/home/samuel/ros2_humble/install/examples_tf2_py:/home/samuel/ros2_humble/install/tf2_ros_py:/home/samuel/ros2_humble/install/sros2:/home/samuel/ros2_humble/install/rqt_topic:/home/samuel/ros2_humble/install/rqt_srv:/home/samuel/ros2_humble/install/rqt_shell:/home/samuel/ros2_humble/install/rqt_service_caller:/home/samuel/ros2_humble/install/rqt_reconfigure:/home/samuel/ros2_humble/install/rqt_py_console:/home/samuel/ros2_humble/install/rqt_publisher:/home/samuel/ros2_humble/install/rqt_plot:/home/samuel/ros2_humble/install/rqt_action:/home/samuel/ros2_humble/install/rqt_msg:/home/samuel/ros2_humble/install/rqt_console:/home/samuel/ros2_humble/install/rqt:/home/samuel/ros2_humble/install/rqt_graph:/home/samuel/ros2_humble/install/rqt_gui_py:/home/samuel/ros2_humble/install/rqt_gui:/home/samuel/ros2_humble/install/ros2trace:/home/samuel/ros2_humble/install/ros2topic:/home/samuel/ros2_humble/install/ros2test:/home/samuel/ros2_humble/install/ros2component:/home/samuel/ros2_humble/install/ros2param:/home/samuel/ros2_humble/install/ros2lifecycle:/home/samuel/ros2_humble/install/ros2service:/home/samuel/ros2_humble/install/ros2run:/home/samuel/ros2_humble/install/ros2launch:/home/samuel/ros2_humble/install/ros2pkg:/home/samuel/ros2_humble/install/ros2node:/home/samuel/ros2_humble/install/ros2multicast:/home/samuel/ros2_humble/install/ros2interface:/home/samuel/ros2_humble/install/ros2doctor:/home/samuel/ros2_humble/install/ros2action:/home/samuel/ros2_humble/install/ros2cli:/home/samuel/ros2_humble/install/quality_of_service_demo_py:/home/samuel/ros2_humble/install/lifecycle_py:/home/samuel/ros2_humble/install/launch_testing_ros:/home/samuel/ros2_humble/install/launch_ros:/home/samuel/ros2_humble/install/examples_rclpy_pointcloud_publisher:/home/samuel/ros2_humble/install/examples_rclpy_minimal_subscriber:/home/samuel/ros2_humble/install/examples_rclpy_minimal_service:/home/samuel/ros2_humble/install/examples_rclpy_minimal_publisher:/home/samuel/ros2_humble/install/examples_rclpy_minimal_client:/home/samuel/ros2_humble/install/examples_rclpy_minimal_action_server:/home/samuel/ros2_humble/install/examples_rclpy_minimal_action_client:/home/samuel/ros2_humble/install/examples_rclpy_guard_conditions:/home/samuel/ros2_humble/install/examples_rclpy_executors:/home/samuel/ros2_humble/install/demo_nodes_py:/home/samuel/ros2_humble/install/action_tutorials_py:/home/samuel/ros2_humble/install/ament_uncrustify:/home/samuel/ros2_humble/install/tracetools_trace:/home/samuel/ros2_humble/install/tracetools_read:/home/samuel/ros2_humble/install/test_tracetools_launch:/home/samuel/ros2_humble/install/test_launch_ros:/home/samuel/ros2_humble/install/sensor_msgs_py:/home/samuel/ros2_humble/install/rpyutils:/home/samuel/ros2_humble/install/rosidl_runtime_py:/home/samuel/ros2_humble/install/rosidl_cli:/home/samuel/ros2_humble/install/launch_pytest:/home/samuel/ros2_humble/install/launch_testing:/home/samuel/ros2_humble/install/launch_yaml:/home/samuel/ros2_humble/install/launch_xml:/home/samuel/ros2_humble/install/launch:/home/samuel/ros2_humble/install/osrf_pycommon:/home/samuel/ros2_humble/install/launch_testing_examples:/home/samuel/ros2_humble/install/domain_coordinator:/home/samuel/ros2_humble/install/ament_xmllint:/home/samuel/ros2_humble/install/ament_pyflakes:/home/samuel/ros2_humble/install/ament_pycodestyle:/home/samuel/ros2_humble/install/ament_pep257:/home/samuel/ros2_humble/install/ament_pclint:/home/samuel/ros2_humble/install/ament_package:/home/samuel/ros2_humble/install/ament_mypy:/home/samuel/ros2_humble/install/ament_lint_cmake:/home/samuel/ros2_humble/install/ament_flake8:/home/samuel/ros2_humble/install/ament_copyright:/home/samuel/ros2_humble/install/ament_lint:/home/samuel/ros2_humble/install/ament_index_python:/home/samuel/ros2_humble/install/ament_cpplint:/home/samuel/ros2_humble/install/ament_cppcheck:/home/samuel/ros2_humble/install/ament_clang_tidy:/home/samuel/ros2_humble/install/ament_clang_format /usr/bin/cmake --install /home/samuel/ros2_humble/workspaces/project1_ws/build/turtlesim
[4.401s] Level 1:colcon.colcon_core.environment:create_environment_scripts_only(turtlesim)
[4.401s] DEBUG:colcon.colcon_core.event_handler.log_command:Invoked command in '/home/samuel/ros2_humble/workspaces/project1_ws/build/turtlesim' returned '0': CMAKE_PREFIX_PATH=${CMAKE_PREFIX_PATH}:/home/samuel/ros2_humble/workspaces/project1_ws/install/project1_pubsub:/home/samuel/ros2_humble/install/rqt_bag_plugins:/home/samuel/ros2_humble/install/rqt_bag:/home/samuel/ros2_humble/install/ros2bag:/home/samuel/ros2_humble/install/tracetools_test:/home/samuel/ros2_humble/install/tracetools_launch:/home/samuel/ros2_humble/install/topic_monitor:/home/samuel/ros2_humble/install/tf2_tools:/home/samuel/ros2_humble/install/examples_tf2_py:/home/samuel/ros2_humble/install/tf2_ros_py:/home/samuel/ros2_humble/install/sros2:/home/samuel/ros2_humble/install/rqt_topic:/home/samuel/ros2_humble/install/rqt_srv:/home/samuel/ros2_humble/install/rqt_shell:/home/samuel/ros2_humble/install/rqt_service_caller:/home/samuel/ros2_humble/install/rqt_reconfigure:/home/samuel/ros2_humble/install/rqt_py_console:/home/samuel/ros2_humble/install/rqt_publisher:/home/samuel/ros2_humble/install/rqt_plot:/home/samuel/ros2_humble/install/rqt_action:/home/samuel/ros2_humble/install/rqt_msg:/home/samuel/ros2_humble/install/rqt_console:/home/samuel/ros2_humble/install/rqt:/home/samuel/ros2_humble/install/rqt_graph:/home/samuel/ros2_humble/install/rqt_gui_py:/home/samuel/ros2_humble/install/rqt_gui:/home/samuel/ros2_humble/install/ros2trace:/home/samuel/ros2_humble/install/ros2topic:/home/samuel/ros2_humble/install/ros2test:/home/samuel/ros2_humble/install/ros2component:/home/samuel/ros2_humble/install/ros2param:/home/samuel/ros2_humble/install/ros2lifecycle:/home/samuel/ros2_humble/install/ros2service:/home/samuel/ros2_humble/install/ros2run:/home/samuel/ros2_humble/install/ros2launch:/home/samuel/ros2_humble/install/ros2pkg:/home/samuel/ros2_humble/install/ros2node:/home/samuel/ros2_humble/install/ros2multicast:/home/samuel/ros2_humble/install/ros2interface:/home/samuel/ros2_humble/install/ros2doctor:/home/samuel/ros2_humble/install/ros2action:/home/samuel/ros2_humble/install/ros2cli:/home/samuel/ros2_humble/install/quality_of_service_demo_py:/home/samuel/ros2_humble/install/lifecycle_py:/home/samuel/ros2_humble/install/launch_testing_ros:/home/samuel/ros2_humble/install/launch_ros:/home/samuel/ros2_humble/install/examples_rclpy_pointcloud_publisher:/home/samuel/ros2_humble/install/examples_rclpy_minimal_subscriber:/home/samuel/ros2_humble/install/examples_rclpy_minimal_service:/home/samuel/ros2_humble/install/examples_rclpy_minimal_publisher:/home/samuel/ros2_humble/install/examples_rclpy_minimal_client:/home/samuel/ros2_humble/install/examples_rclpy_minimal_action_server:/home/samuel/ros2_humble/install/examples_rclpy_minimal_action_client:/home/samuel/ros2_humble/install/examples_rclpy_guard_conditions:/home/samuel/ros2_humble/install/examples_rclpy_executors:/home/samuel/ros2_humble/install/demo_nodes_py:/home/samuel/ros2_humble/install/action_tutorials_py:/home/samuel/ros2_humble/install/ament_uncrustify:/home/samuel/ros2_humble/install/tracetools_trace:/home/samuel/ros2_humble/install/tracetools_read:/home/samuel/ros2_humble/install/test_tracetools_launch:/home/samuel/ros2_humble/install/test_launch_ros:/home/samuel/ros2_humble/install/sensor_msgs_py:/home/samuel/ros2_humble/install/rpyutils:/home/samuel/ros2_humble/install/rosidl_runtime_py:/home/samuel/ros2_humble/install/rosidl_cli:/home/samuel/ros2_humble/install/launch_pytest:/home/samuel/ros2_humble/install/launch_testing:/home/samuel/ros2_humble/install/launch_yaml:/home/samuel/ros2_humble/install/launch_xml:/home/samuel/ros2_humble/install/launch:/home/samuel/ros2_humble/install/osrf_pycommon:/home/samuel/ros2_humble/install/launch_testing_examples:/home/samuel/ros2_humble/install/domain_coordinator:/home/samuel/ros2_humble/install/ament_xmllint:/home/samuel/ros2_humble/install/ament_pyflakes:/home/samuel/ros2_humble/install/ament_pycodestyle:/home/samuel/ros2_humble/install/ament_pep257:/home/samuel/ros2_humble/install/ament_pclint:/home/samuel/ros2_humble/install/ament_package:/home/samuel/ros2_humble/install/ament_mypy:/home/samuel/ros2_humble/install/ament_lint_cmake:/home/samuel/ros2_humble/install/ament_flake8:/home/samuel/ros2_humble/install/ament_copyright:/home/samuel/ros2_humble/install/ament_lint:/home/samuel/ros2_humble/install/ament_index_python:/home/samuel/ros2_humble/install/ament_cpplint:/home/samuel/ros2_humble/install/ament_cppcheck:/home/samuel/ros2_humble/install/ament_clang_tidy:/home/samuel/ros2_humble/install/ament_clang_format /usr/bin/cmake --install /home/samuel/ros2_humble/workspaces/project1_ws/build/turtlesim
[4.434s] Level 1:colcon.colcon_core.environment:checking '/home/samuel/ros2_humble/workspaces/project1_ws/install/turtlesim' for CMake module files
[4.434s] Level 1:colcon.colcon_core.environment:checking '/home/samuel/ros2_humble/workspaces/project1_ws/install/turtlesim' for CMake config files
[4.435s] Level 1:colcon.colcon_core.shell:create_environment_hook('turtlesim', 'cmake_prefix_path')
[4.460s] INFO:colcon.colcon_core.shell:Creating environment hook '/home/samuel/ros2_humble/workspaces/project1_ws/install/turtlesim/share/turtlesim/hook/cmake_prefix_path.ps1'
[4.461s] INFO:colcon.colcon_core.shell:Creating environment descriptor '/home/samuel/ros2_humble/workspaces/project1_ws/install/turtlesim/share/turtlesim/hook/cmake_prefix_path.dsv'
[4.461s] INFO:colcon.colcon_core.shell:Creating environment hook '/home/samuel/ros2_humble/workspaces/project1_ws/install/turtlesim/share/turtlesim/hook/cmake_prefix_path.sh'
[4.462s] Level 1:colcon.colcon_core.environment:checking '/home/samuel/ros2_humble/workspaces/project1_ws/install/turtlesim/lib'
[4.462s] Level 1:colcon.colcon_core.shell:create_environment_hook('turtlesim', 'ld_library_path_lib')
[4.489s] INFO:colcon.colcon_core.shell:Creating environment hook '/home/samuel/ros2_humble/workspaces/project1_ws/install/turtlesim/share/turtlesim/hook/ld_library_path_lib.ps1'
[4.489s] INFO:colcon.colcon_core.shell:Creating environment descriptor '/home/samuel/ros2_humble/workspaces/project1_ws/install/turtlesim/share/turtlesim/hook/ld_library_path_lib.dsv'
[4.490s] INFO:colcon.colcon_core.shell:Creating environment hook '/home/samuel/ros2_humble/workspaces/project1_ws/install/turtlesim/share/turtlesim/hook/ld_library_path_lib.sh'
[4.490s] Level 1:colcon.colcon_core.environment:checking '/home/samuel/ros2_humble/workspaces/project1_ws/install/turtlesim/bin'
[4.490s] Level 1:colcon.colcon_core.environment:checking '/home/samuel/ros2_humble/workspaces/project1_ws/install/turtlesim/lib/pkgconfig/turtlesim.pc'
[4.493s] Level 1:colcon.colcon_core.environment:checking '/home/samuel/ros2_humble/workspaces/project1_ws/install/turtlesim/lib/python3.10/site-packages'
[4.493s] Level 1:colcon.colcon_core.environment:checking '/home/samuel/ros2_humble/workspaces/project1_ws/install/turtlesim/bin'
[4.520s] INFO:colcon.colcon_core.shell:Creating package script '/home/samuel/ros2_humble/workspaces/project1_ws/install/turtlesim/share/turtlesim/package.ps1'
[4.521s] INFO:colcon.colcon_core.shell:Creating package descriptor '/home/samuel/ros2_humble/workspaces/project1_ws/install/turtlesim/share/turtlesim/package.dsv'
[4.521s] INFO:colcon.colcon_core.shell:Creating package script '/home/samuel/ros2_humble/workspaces/project1_ws/install/turtlesim/share/turtlesim/package.sh'
[4.522s] INFO:colcon.colcon_core.shell:Creating package script '/home/samuel/ros2_humble/workspaces/project1_ws/install/turtlesim/share/turtlesim/package.bash'
[4.522s] INFO:colcon.colcon_core.shell:Creating package script '/home/samuel/ros2_humble/workspaces/project1_ws/install/turtlesim/share/turtlesim/package.zsh'
[4.523s] Level 1:colcon.colcon_core.environment:create_file_with_runtime_dependencies(/home/samuel/ros2_humble/workspaces/project1_ws/install/turtlesim/share/colcon-core/packages/turtlesim)
[5.570s] Level 1:colcon.colcon_core.environment:create_environment_scripts_only(turtlesim)
[5.598s] Level 1:colcon.colcon_core.environment:checking '/home/samuel/ros2_humble/workspaces/project1_ws/install/turtlesim' for CMake module files
[5.599s] Level 1:colcon.colcon_core.environment:checking '/home/samuel/ros2_humble/workspaces/project1_ws/install/turtlesim' for CMake config files
[5.599s] Level 1:colcon.colcon_core.shell:create_environment_hook('turtlesim', 'cmake_prefix_path')
[5.627s] INFO:colcon.colcon_core.shell:Creating environment hook '/home/samuel/ros2_humble/workspaces/project1_ws/install/turtlesim/share/turtlesim/hook/cmake_prefix_path.ps1'
[5.627s] INFO:colcon.colcon_core.shell:Creating environment descriptor '/home/samuel/ros2_humble/workspaces/project1_ws/install/turtlesim/share/turtlesim/hook/cmake_prefix_path.dsv'
[5.627s] INFO:colcon.colcon_core.shell:Creating environment hook '/home/samuel/ros2_humble/workspaces/project1_ws/install/turtlesim/share/turtlesim/hook/cmake_prefix_path.sh'
[5.628s] Level 1:colcon.colcon_core.environment:checking '/home/samuel/ros2_humble/workspaces/project1_ws/install/turtlesim/lib'
[5.628s] Level 1:colcon.colcon_core.shell:create_environment_hook('turtlesim', 'ld_library_path_lib')
[5.656s] INFO:colcon.colcon_core.shell:Creating environment hook '/home/samuel/ros2_humble/workspaces/project1_ws/install/turtlesim/share/turtlesim/hook/ld_library_path_lib.ps1'
[5.656s] INFO:colcon.colcon_core.shell:Creating environment descriptor '/home/samuel/ros2_humble/workspaces/project1_ws/install/turtlesim/share/turtlesim/hook/ld_library_path_lib.dsv'
[5.657s] INFO:colcon.colcon_core.shell:Creating environment hook '/home/samuel/ros2_humble/workspaces/project1_ws/install/turtlesim/share/turtlesim/hook/ld_library_path_lib.sh'
[5.657s] Level 1:colcon.colcon_core.environment:checking '/home/samuel/ros2_humble/workspaces/project1_ws/install/turtlesim/bin'
[5.657s] Level 1:colcon.colcon_core.environment:checking '/home/samuel/ros2_humble/workspaces/project1_ws/install/turtlesim/lib/pkgconfig/turtlesim.pc'
[5.657s] Level 1:colcon.colcon_core.environment:checking '/home/samuel/ros2_humble/workspaces/project1_ws/install/turtlesim/lib/python3.10/site-packages'
[5.657s] Level 1:colcon.colcon_core.environment:checking '/home/samuel/ros2_humble/workspaces/project1_ws/install/turtlesim/bin'
[5.684s] INFO:colcon.colcon_core.shell:Creating package script '/home/samuel/ros2_humble/workspaces/project1_ws/install/turtlesim/share/turtlesim/package.ps1'
[5.685s] INFO:colcon.colcon_core.shell:Creating package descriptor '/home/samuel/ros2_humble/workspaces/project1_ws/install/turtlesim/share/turtlesim/package.dsv'
[5.685s] INFO:colcon.colcon_core.shell:Creating package script '/home/samuel/ros2_humble/workspaces/project1_ws/install/turtlesim/share/turtlesim/package.sh'
[5.685s] INFO:colcon.colcon_core.shell:Creating package script '/home/samuel/ros2_humble/workspaces/project1_ws/install/turtlesim/share/turtlesim/package.bash'
[5.686s] INFO:colcon.colcon_core.shell:Creating package script '/home/samuel/ros2_humble/workspaces/project1_ws/install/turtlesim/share/turtlesim/package.zsh'
[5.686s] Level 1:colcon.colcon_core.environment:create_file_with_runtime_dependencies(/home/samuel/ros2_humble/workspaces/project1_ws/install/turtlesim/share/colcon-core/packages/turtlesim)
[5.686s] INFO:colcon.colcon_ros.task.ament_python.build:Building ROS package in '/home/samuel/ros2_humble/workspaces/project1_ws/src/project1_pubsub' with build type 'ament_python'
[5.686s] Level 1:colcon.colcon_core.shell:create_environment_hook('project1_pubsub', 'ament_prefix_path')
[5.717s] INFO:colcon.colcon_core.shell:Creating environment hook '/home/samuel/ros2_humble/workspaces/project1_ws/install/project1_pubsub/share/project1_pubsub/hook/ament_prefix_path.ps1'
[5.717s] INFO:colcon.colcon_core.shell:Creating environment descriptor '/home/samuel/ros2_humble/workspaces/project1_ws/install/project1_pubsub/share/project1_pubsub/hook/ament_prefix_path.dsv'
[5.717s] INFO:colcon.colcon_core.shell:Creating environment hook '/home/samuel/ros2_humble/workspaces/project1_ws/install/project1_pubsub/share/project1_pubsub/hook/ament_prefix_path.sh'
[5.745s] INFO:colcon.colcon_core.shell:Skip shell extension 'powershell' for command environment: Not usable outside of PowerShell
[5.745s] DEBUG:colcon.colcon_core.shell:Skip shell extension 'dsv' for command environment
[6.281s] INFO:colcon.colcon_core.task.python.build:Building Python package in '/home/samuel/ros2_humble/workspaces/project1_ws/src/project1_pubsub'
[6.309s] INFO:colcon.colcon_core.shell:Skip shell extension 'powershell' for command environment: Not usable outside of PowerShell
[6.309s] DEBUG:colcon.colcon_core.shell:Skip shell extension 'dsv' for command environment
[6.987s] DEBUG:colcon.colcon_core.event_handler.log_command:Invoking command in '/home/samuel/ros2_humble/workspaces/project1_ws/src/project1_pubsub': PYTHONPATH=/home/samuel/ros2_humble/workspaces/project1_ws/build/project1_pubsub/prefix_override:/home/samuel/ros2_humble/workspaces/project1_ws/install/project1_pubsub/lib/python3.10/site-packages:${PYTHONPATH} /usr/bin/python3 setup.py egg_info --egg-base ../../build/project1_pubsub build --build-base /home/samuel/ros2_humble/workspaces/project1_ws/build/project1_pubsub/build install --record /home/samuel/ros2_humble/workspaces/project1_ws/build/project1_pubsub/install.log --single-version-externally-managed
[7.446s] DEBUG:colcon.colcon_core.event_handler.log_command:Invoked command in '/home/samuel/ros2_humble/workspaces/project1_ws/src/project1_pubsub' returned '0': PYTHONPATH=/home/samuel/ros2_humble/workspaces/project1_ws/build/project1_pubsub/prefix_override:/home/samuel/ros2_humble/workspaces/project1_ws/install/project1_pubsub/lib/python3.10/site-packages:${PYTHONPATH} /usr/bin/python3 setup.py egg_info --egg-base ../../build/project1_pubsub build --build-base /home/samuel/ros2_humble/workspaces/project1_ws/build/project1_pubsub/build install --record /home/samuel/ros2_humble/workspaces/project1_ws/build/project1_pubsub/install.log --single-version-externally-managed
[7.474s] Level 1:colcon.colcon_core.environment:checking '/home/samuel/ros2_humble/workspaces/project1_ws/install/project1_pubsub' for CMake module files
[7.474s] Level 1:colcon.colcon_core.environment:checking '/home/samuel/ros2_humble/workspaces/project1_ws/install/project1_pubsub' for CMake config files
[7.474s] Level 1:colcon.colcon_core.environment:checking '/home/samuel/ros2_humble/workspaces/project1_ws/install/project1_pubsub/lib'
[7.474s] Level 1:colcon.colcon_core.environment:checking '/home/samuel/ros2_humble/workspaces/project1_ws/install/project1_pubsub/bin'
[7.475s] Level 1:colcon.colcon_core.environment:checking '/home/samuel/ros2_humble/workspaces/project1_ws/install/project1_pubsub/lib/pkgconfig/project1_pubsub.pc'
[7.475s] Level 1:colcon.colcon_core.environment:checking '/home/samuel/ros2_humble/workspaces/project1_ws/install/project1_pubsub/lib/python3.10/site-packages'
[7.475s] Level 1:colcon.colcon_core.shell:create_environment_hook('project1_pubsub', 'pythonpath')
[7.503s] INFO:colcon.colcon_core.shell:Creating environment hook '/home/samuel/ros2_humble/workspaces/project1_ws/install/project1_pubsub/share/project1_pubsub/hook/pythonpath.ps1'
[7.503s] INFO:colcon.colcon_core.shell:Creating environment descriptor '/home/samuel/ros2_humble/workspaces/project1_ws/install/project1_pubsub/share/project1_pubsub/hook/pythonpath.dsv'
[7.503s] INFO:colcon.colcon_core.shell:Creating environment hook '/home/samuel/ros2_humble/workspaces/project1_ws/install/project1_pubsub/share/project1_pubsub/hook/pythonpath.sh'
[7.504s] Level 1:colcon.colcon_core.environment:checking '/home/samuel/ros2_humble/workspaces/project1_ws/install/project1_pubsub/bin'
[7.504s] Level 1:colcon.colcon_core.environment:create_environment_scripts_only(project1_pubsub)
[7.531s] INFO:colcon.colcon_core.shell:Creating package script '/home/samuel/ros2_humble/workspaces/project1_ws/install/project1_pubsub/share/project1_pubsub/package.ps1'
[7.531s] INFO:colcon.colcon_core.shell:Creating package descriptor '/home/samuel/ros2_humble/workspaces/project1_ws/install/project1_pubsub/share/project1_pubsub/package.dsv'
[7.532s] INFO:colcon.colcon_core.shell:Creating package script '/home/samuel/ros2_humble/workspaces/project1_ws/install/project1_pubsub/share/project1_pubsub/package.sh'
[7.532s] INFO:colcon.colcon_core.shell:Creating package script '/home/samuel/ros2_humble/workspaces/project1_ws/install/project1_pubsub/share/project1_pubsub/package.bash'
[7.532s] INFO:colcon.colcon_core.shell:Creating package script '/home/samuel/ros2_humble/workspaces/project1_ws/install/project1_pubsub/share/project1_pubsub/package.zsh'
[7.533s] Level 1:colcon.colcon_core.environment:create_file_with_runtime_dependencies(/home/samuel/ros2_humble/workspaces/project1_ws/install/project1_pubsub/share/colcon-core/packages/project1_pubsub)
[7.533s] DEBUG:colcon.colcon_parallel_executor.executor.parallel:closing loop
[7.533s] DEBUG:colcon.colcon_parallel_executor.executor.parallel:loop closed
[7.533s] DEBUG:colcon.colcon_parallel_executor.executor.parallel:run_until_complete finished with '0'
[7.533s] DEBUG:colcon.colcon_core.event_reactor:joining thread
[7.572s] INFO:colcon.colcon_core.plugin_system:Skipping extension 'colcon_notification.desktop_notification.terminal_notifier': Not used on non-Darwin systems
[7.572s] INFO:colcon.colcon_core.plugin_system:Skipping extension 'colcon_notification.desktop_notification.win32': Not used on non-Windows systems
[7.572s] INFO:colcon.colcon_notification.desktop_notification:Sending desktop notification using 'notify2'
[7.582s] DEBUG:colcon.colcon_core.event_reactor:joined thread
[7.615s] INFO:colcon.colcon_core.shell:Creating prefix script '/home/samuel/ros2_humble/workspaces/project1_ws/install/local_setup.ps1'
[7.616s] INFO:colcon.colcon_core.shell:Creating prefix util module '/home/samuel/ros2_humble/workspaces/project1_ws/install/_local_setup_util_ps1.py'
[7.617s] INFO:colcon.colcon_core.shell:Creating prefix chain script '/home/samuel/ros2_humble/workspaces/project1_ws/install/setup.ps1'
[7.660s] INFO:colcon.colcon_core.shell:Creating prefix script '/home/samuel/ros2_humble/workspaces/project1_ws/install/local_setup.sh'
[7.660s] INFO:colcon.colcon_core.shell:Creating prefix util module '/home/samuel/ros2_humble/workspaces/project1_ws/install/_local_setup_util_sh.py'
[7.661s] INFO:colcon.colcon_core.shell:Creating prefix chain script '/home/samuel/ros2_humble/workspaces/project1_ws/install/setup.sh'
[7.703s] INFO:colcon.colcon_core.shell:Creating prefix script '/home/samuel/ros2_humble/workspaces/project1_ws/install/local_setup.bash'
[7.703s] INFO:colcon.colcon_core.shell:Creating prefix chain script '/home/samuel/ros2_humble/workspaces/project1_ws/install/setup.bash'
[7.745s] INFO:colcon.colcon_core.shell:Creating prefix script '/home/samuel/ros2_humble/workspaces/project1_ws/install/local_setup.zsh'
[7.746s] INFO:colcon.colcon_core.shell:Creating prefix chain script '/home/samuel/ros2_humble/workspaces/project1_ws/install/setup.zsh'
