[1.252s] Invoking command in '/home/samuel/ros2_humble/CSCE452-samuel.fafel/project3_ws/src/project3': PYTHONPATH=/home/samuel/ros2_humble/CSCE452-samuel.fafel/project3_ws/build/project3/prefix_override:/home/samuel/ros2_humble/CSCE452-samuel.fafel/project3_ws/install/project3/lib/python3.10/site-packages:${PYTHONPATH} /usr/bin/python3 setup.py egg_info --egg-base ../../build/project3 build --build-base /home/samuel/ros2_humble/CSCE452-samuel.fafel/project3_ws/build/project3/build install --record /home/samuel/ros2_humble/CSCE452-samuel.fafel/project3_ws/build/project3/install.log --single-version-externally-managed
[1.678s] running egg_info
[1.678s] writing ../../build/project3/project3.egg-info/PKG-INFO
[1.679s] writing dependency_links to ../../build/project3/project3.egg-info/dependency_links.txt
[1.679s] writing entry points to ../../build/project3/project3.egg-info/entry_points.txt
[1.679s] writing requirements to ../../build/project3/project3.egg-info/requires.txt
[1.679s] writing top-level names to ../../build/project3/project3.egg-info/top_level.txt
[1.681s] reading manifest file '../../build/project3/project3.egg-info/SOURCES.txt'
[1.682s] writing manifest file '../../build/project3/project3.egg-info/SOURCES.txt'
[1.682s] running build
[1.682s] running build_py
[1.682s] copying project3/counter.py -> /home/samuel/ros2_humble/CSCE452-samuel.fafel/project3_ws/build/project3/build/lib/project3
[1.682s] copying project3/detector.py -> /home/samuel/ros2_humble/CSCE452-samuel.fafel/project3_ws/build/project3/build/lib/project3
[1.683s] running install
[1.683s] /usr/lib/python3/dist-packages/setuptools/command/install.py:34: SetuptoolsDeprecationWarning: setup.py install is deprecated. Use build and pip and other standards-based tools.
[1.683s]   warnings.warn(
[1.683s] running install_lib
[1.684s] copying /home/samuel/ros2_humble/CSCE452-samuel.fafel/project3_ws/build/project3/build/lib/project3/counter.py -> /home/samuel/ros2_humble/CSCE452-samuel.fafel/project3_ws/install/project3/lib/python3.10/site-packages/project3
[1.684s] copying /home/samuel/ros2_humble/CSCE452-samuel.fafel/project3_ws/build/project3/build/lib/project3/detector.py -> /home/samuel/ros2_humble/CSCE452-samuel.fafel/project3_ws/install/project3/lib/python3.10/site-packages/project3
[1.686s] byte-compiling /home/samuel/ros2_humble/CSCE452-samuel.fafel/project3_ws/install/project3/lib/python3.10/site-packages/project3/counter.py to counter.cpython-310.pyc
[1.687s] byte-compiling /home/samuel/ros2_humble/CSCE452-samuel.fafel/project3_ws/install/project3/lib/python3.10/site-packages/project3/detector.py to detector.cpython-310.pyc
[1.687s] running install_data
[1.688s] copying package.xml -> /home/samuel/ros2_humble/CSCE452-samuel.fafel/project3_ws/install/project3/share/project3
[1.688s] running install_egg_info
[1.691s] removing '/home/samuel/ros2_humble/CSCE452-samuel.fafel/project3_ws/install/project3/lib/python3.10/site-packages/project3-0.0.0-py3.10.egg-info' (and everything under it)
[1.691s] Copying ../../build/project3/project3.egg-info to /home/samuel/ros2_humble/CSCE452-samuel.fafel/project3_ws/install/project3/lib/python3.10/site-packages/project3-0.0.0-py3.10.egg-info
[1.692s] running install_scripts
[1.725s] Installing counter script to /home/samuel/ros2_humble/CSCE452-samuel.fafel/project3_ws/install/project3/lib/project3
[1.725s] Installing detector script to /home/samuel/ros2_humble/CSCE452-samuel.fafel/project3_ws/install/project3/lib/project3
[1.725s] writing list of installed files to '/home/samuel/ros2_humble/CSCE452-samuel.fafel/project3_ws/build/project3/install.log'
[1.745s] Invoked command in '/home/samuel/ros2_humble/CSCE452-samuel.fafel/project3_ws/src/project3' returned '0': PYTHONPATH=/home/samuel/ros2_humble/CSCE452-samuel.fafel/project3_ws/build/project3/prefix_override:/home/samuel/ros2_humble/CSCE452-samuel.fafel/project3_ws/install/project3/lib/python3.10/site-packages:${PYTHONPATH} /usr/bin/python3 setup.py egg_info --egg-base ../../build/project3 build --build-base /home/samuel/ros2_humble/CSCE452-samuel.fafel/project3_ws/build/project3/build install --record /home/samuel/ros2_humble/CSCE452-samuel.fafel/project3_ws/build/project3/install.log --single-version-externally-managed
