[2.133s] Invoking command in '/home/samuel/ros2_humble/CSCE452-samuel.fafel/project1_ws/src/project1_pubsub': PYTHONPATH=/home/samuel/ros2_humble/CSCE452-samuel.fafel/build/project1_pubsub/prefix_override:/home/samuel/ros2_humble/CSCE452-samuel.fafel/install/project1_pubsub/lib/python3.10/site-packages:${PYTHONPATH} /usr/bin/python3 setup.py egg_info --egg-base ../../../build/project1_pubsub build --build-base /home/samuel/ros2_humble/CSCE452-samuel.fafel/build/project1_pubsub/build install --record /home/samuel/ros2_humble/CSCE452-samuel.fafel/build/project1_pubsub/install.log --single-version-externally-managed
[2.538s] running egg_info
[2.539s] writing ../../../build/project1_pubsub/project1_pubsub.egg-info/PKG-INFO
[2.539s] writing dependency_links to ../../../build/project1_pubsub/project1_pubsub.egg-info/dependency_links.txt
[2.539s] writing entry points to ../../../build/project1_pubsub/project1_pubsub.egg-info/entry_points.txt
[2.540s] writing requirements to ../../../build/project1_pubsub/project1_pubsub.egg-info/requires.txt
[2.540s] writing top-level names to ../../../build/project1_pubsub/project1_pubsub.egg-info/top_level.txt
[2.542s] reading manifest file '../../../build/project1_pubsub/project1_pubsub.egg-info/SOURCES.txt'
[2.544s] writing manifest file '../../../build/project1_pubsub/project1_pubsub.egg-info/SOURCES.txt'
[2.544s] running build
[2.544s] running build_py
[2.545s] running install
[2.545s] /usr/lib/python3/dist-packages/setuptools/command/install.py:34: SetuptoolsDeprecationWarning: setup.py install is deprecated. Use build and pip and other standards-based tools.
[2.545s]   warnings.warn(
[2.546s] running install_lib
[2.550s] running install_data
[2.550s] running install_egg_info
[2.555s] removing '/home/samuel/ros2_humble/CSCE452-samuel.fafel/install/project1_pubsub/lib/python3.10/site-packages/project1_pubsub-0.0.0-py3.10.egg-info' (and everything under it)
[2.556s] Copying ../../../build/project1_pubsub/project1_pubsub.egg-info to /home/samuel/ros2_humble/CSCE452-samuel.fafel/install/project1_pubsub/lib/python3.10/site-packages/project1_pubsub-0.0.0-py3.10.egg-info
[2.557s] running install_scripts
[2.599s] Installing controller script to /home/samuel/ros2_humble/CSCE452-samuel.fafel/install/project1_pubsub/lib/project1_pubsub
[2.599s] writing list of installed files to '/home/samuel/ros2_humble/CSCE452-samuel.fafel/build/project1_pubsub/install.log'
[2.705s] Invoked command in '/home/samuel/ros2_humble/CSCE452-samuel.fafel/project1_ws/src/project1_pubsub' returned '0': PYTHONPATH=/home/samuel/ros2_humble/CSCE452-samuel.fafel/build/project1_pubsub/prefix_override:/home/samuel/ros2_humble/CSCE452-samuel.fafel/install/project1_pubsub/lib/python3.10/site-packages:${PYTHONPATH} /usr/bin/python3 setup.py egg_info --egg-base ../../../build/project1_pubsub build --build-base /home/samuel/ros2_humble/CSCE452-samuel.fafel/build/project1_pubsub/build install --record /home/samuel/ros2_humble/CSCE452-samuel.fafel/build/project1_pubsub/install.log --single-version-externally-managed
