[1.067s] Invoking command in '/home/samuel/ros2_humble/workspaces/project1_ws/src/project1_pubsub': AMENT_PREFIX_PATH=/home/samuel/ros2_humble/workspaces/project1_ws/install/turtlesim:${AMENT_PREFIX_PATH} CMAKE_PREFIX_PATH=/home/samuel/ros2_humble/workspaces/project1_ws/install/turtlesim:${CMAKE_PREFIX_PATH} LD_LIBRARY_PATH=/home/samuel/ros2_humble/workspaces/project1_ws/install/turtlesim/lib:${LD_LIBRARY_PATH} PYTHONPATH=/home/samuel/ros2_humble/workspaces/project1_ws/build/project1_pubsub/prefix_override:/home/samuel/ros2_humble/workspaces/project1_ws/install/project1_pubsub/lib/python3.10/site-packages:/home/samuel/ros2_humble/workspaces/project1_ws/install/turtlesim/local/lib/python3.10/dist-packages:${PYTHONPATH} /usr/bin/python3 setup.py egg_info --egg-base ../../build/project1_pubsub build --build-base /home/samuel/ros2_humble/workspaces/project1_ws/build/project1_pubsub/build install --record /home/samuel/ros2_humble/workspaces/project1_ws/build/project1_pubsub/install.log --single-version-externally-managed
[1.451s] running egg_info
[1.452s] writing ../../build/project1_pubsub/project1_pubsub.egg-info/PKG-INFO
[1.453s] writing dependency_links to ../../build/project1_pubsub/project1_pubsub.egg-info/dependency_links.txt
[1.453s] writing entry points to ../../build/project1_pubsub/project1_pubsub.egg-info/entry_points.txt
[1.453s] writing requirements to ../../build/project1_pubsub/project1_pubsub.egg-info/requires.txt
[1.453s] writing top-level names to ../../build/project1_pubsub/project1_pubsub.egg-info/top_level.txt
[1.455s] reading manifest file '../../build/project1_pubsub/project1_pubsub.egg-info/SOURCES.txt'
[1.456s] writing manifest file '../../build/project1_pubsub/project1_pubsub.egg-info/SOURCES.txt'
[1.456s] running build
[1.457s] running build_py
[1.457s] running install
[1.458s] /usr/lib/python3/dist-packages/setuptools/command/install.py:34: SetuptoolsDeprecationWarning: setup.py install is deprecated. Use build and pip and other standards-based tools.
[1.458s]   warnings.warn(
[1.458s] running install_lib
[1.461s] running install_data
[1.461s] running install_egg_info
[1.464s] removing '/home/samuel/ros2_humble/workspaces/project1_ws/install/project1_pubsub/lib/python3.10/site-packages/project1_pubsub-0.0.0-py3.10.egg-info' (and everything under it)
[1.464s] Copying ../../build/project1_pubsub/project1_pubsub.egg-info to /home/samuel/ros2_humble/workspaces/project1_ws/install/project1_pubsub/lib/python3.10/site-packages/project1_pubsub-0.0.0-py3.10.egg-info
[1.465s] running install_scripts
[1.499s] Installing controller script to /home/samuel/ros2_humble/workspaces/project1_ws/install/project1_pubsub/lib/project1_pubsub
[1.499s] writing list of installed files to '/home/samuel/ros2_humble/workspaces/project1_ws/build/project1_pubsub/install.log'
[1.522s] Invoked command in '/home/samuel/ros2_humble/workspaces/project1_ws/src/project1_pubsub' returned '0': AMENT_PREFIX_PATH=/home/samuel/ros2_humble/workspaces/project1_ws/install/turtlesim:${AMENT_PREFIX_PATH} CMAKE_PREFIX_PATH=/home/samuel/ros2_humble/workspaces/project1_ws/install/turtlesim:${CMAKE_PREFIX_PATH} LD_LIBRARY_PATH=/home/samuel/ros2_humble/workspaces/project1_ws/install/turtlesim/lib:${LD_LIBRARY_PATH} PYTHONPATH=/home/samuel/ros2_humble/workspaces/project1_ws/build/project1_pubsub/prefix_override:/home/samuel/ros2_humble/workspaces/project1_ws/install/project1_pubsub/lib/python3.10/site-packages:/home/samuel/ros2_humble/workspaces/project1_ws/install/turtlesim/local/lib/python3.10/dist-packages:${PYTHONPATH} /usr/bin/python3 setup.py egg_info --egg-base ../../build/project1_pubsub build --build-base /home/samuel/ros2_humble/workspaces/project1_ws/build/project1_pubsub/build install --record /home/samuel/ros2_humble/workspaces/project1_ws/build/project1_pubsub/install.log --single-version-externally-managed
