[1.628s] Invoking command in '/home/samuel/ros2_humble/workspaces/project2_ws/src/project2_tam': PYTHONPATH=/home/samuel/ros2_humble/workspaces/project2_ws/build/project2_tam/prefix_override:/home/samuel/ros2_humble/workspaces/project2_ws/install/project2_tam/lib/python3.10/site-packages:${PYTHONPATH} /usr/bin/python3 setup.py egg_info --egg-base ../../build/project2_tam build --build-base /home/samuel/ros2_humble/workspaces/project2_ws/build/project2_tam/build install --record /home/samuel/ros2_humble/workspaces/project2_ws/build/project2_tam/install.log --single-version-externally-managed
[2.026s] running egg_info
[2.027s] creating ../../build/project2_tam/project2_tam.egg-info
[2.027s] writing ../../build/project2_tam/project2_tam.egg-info/PKG-INFO
[2.027s] writing dependency_links to ../../build/project2_tam/project2_tam.egg-info/dependency_links.txt
[2.027s] writing entry points to ../../build/project2_tam/project2_tam.egg-info/entry_points.txt
[2.027s] writing requirements to ../../build/project2_tam/project2_tam.egg-info/requires.txt
[2.027s] writing top-level names to ../../build/project2_tam/project2_tam.egg-info/top_level.txt
[2.027s] writing manifest file '../../build/project2_tam/project2_tam.egg-info/SOURCES.txt'
[2.029s] reading manifest file '../../build/project2_tam/project2_tam.egg-info/SOURCES.txt'
[2.029s] writing manifest file '../../build/project2_tam/project2_tam.egg-info/SOURCES.txt'
[2.029s] running build
[2.029s] running build_py
[2.030s] creating /home/samuel/ros2_humble/workspaces/project2_ws/build/project2_tam/build
[2.030s] creating /home/samuel/ros2_humble/workspaces/project2_ws/build/project2_tam/build/lib
[2.030s] creating /home/samuel/ros2_humble/workspaces/project2_ws/build/project2_tam/build/lib/project2_tam
[2.030s] copying project2_tam/__init__.py -> /home/samuel/ros2_humble/workspaces/project2_ws/build/project2_tam/build/lib/project2_tam
[2.030s] running install
[2.030s] /usr/lib/python3/dist-packages/setuptools/command/install.py:34: SetuptoolsDeprecationWarning: setup.py install is deprecated. Use build and pip and other standards-based tools.
[2.030s]   warnings.warn(
[2.030s] running install_lib
[2.031s] creating /home/samuel/ros2_humble/workspaces/project2_ws/install/project2_tam/lib/python3.10/site-packages/project2_tam
[2.031s] copying /home/samuel/ros2_humble/workspaces/project2_ws/build/project2_tam/build/lib/project2_tam/__init__.py -> /home/samuel/ros2_humble/workspaces/project2_ws/install/project2_tam/lib/python3.10/site-packages/project2_tam
[2.033s] byte-compiling /home/samuel/ros2_humble/workspaces/project2_ws/install/project2_tam/lib/python3.10/site-packages/project2_tam/__init__.py to __init__.cpython-310.pyc
[2.033s] running install_data
[2.034s] creating /home/samuel/ros2_humble/workspaces/project2_ws/install/project2_tam/share/ament_index
[2.034s] creating /home/samuel/ros2_humble/workspaces/project2_ws/install/project2_tam/share/ament_index/resource_index
[2.034s] creating /home/samuel/ros2_humble/workspaces/project2_ws/install/project2_tam/share/ament_index/resource_index/packages
[2.034s] copying resource/project2_tam -> /home/samuel/ros2_humble/workspaces/project2_ws/install/project2_tam/share/ament_index/resource_index/packages
[2.034s] copying package.xml -> /home/samuel/ros2_humble/workspaces/project2_ws/install/project2_tam/share/project2_tam
[2.034s] running install_egg_info
[2.037s] Copying ../../build/project2_tam/project2_tam.egg-info to /home/samuel/ros2_humble/workspaces/project2_ws/install/project2_tam/lib/python3.10/site-packages/project2_tam-0.0.0-py3.10.egg-info
[2.038s] running install_scripts
[2.074s] writing list of installed files to '/home/samuel/ros2_humble/workspaces/project2_ws/build/project2_tam/install.log'
[2.091s] Invoked command in '/home/samuel/ros2_humble/workspaces/project2_ws/src/project2_tam' returned '0': PYTHONPATH=/home/samuel/ros2_humble/workspaces/project2_ws/build/project2_tam/prefix_override:/home/samuel/ros2_humble/workspaces/project2_ws/install/project2_tam/lib/python3.10/site-packages:${PYTHONPATH} /usr/bin/python3 setup.py egg_info --egg-base ../../build/project2_tam build --build-base /home/samuel/ros2_humble/workspaces/project2_ws/build/project2_tam/build install --record /home/samuel/ros2_humble/workspaces/project2_ws/build/project2_tam/install.log --single-version-externally-managed
