[0.042s] Invoking command in '/home/samuel/ros2_humble/workspaces/project1_ws/build/turtlesim': CMAKE_PREFIX_PATH=${CMAKE_PREFIX_PATH}:/home/samuel/ros2_humble/workspaces/project1_ws/install/py_pubsub:/home/samuel/ros2_humble/workspaces/project1_ws/install/my_package:/home/samuel/ros2_humble/workspaces/project1_ws/install/project1_pubsub:/home/samuel/ros2_humble/workspaces/project1_ws/src/install/project1_pubsub:/home/samuel/ros2_humble/install/rqt_bag_plugins:/home/samuel/ros2_humble/install/rqt_bag:/home/samuel/ros2_humble/install/ros2bag:/home/samuel/ros2_humble/install/tracetools_test:/home/samuel/ros2_humble/install/tracetools_launch:/home/samuel/ros2_humble/install/topic_monitor:/home/samuel/ros2_humble/install/tf2_tools:/home/samuel/ros2_humble/install/examples_tf2_py:/home/samuel/ros2_humble/install/tf2_ros_py:/home/samuel/ros2_humble/install/sros2:/home/samuel/ros2_humble/install/rqt_topic:/home/samuel/ros2_humble/install/rqt_srv:/home/samuel/ros2_humble/install/rqt_shell:/home/samuel/ros2_humble/install/rqt_service_caller:/home/samuel/ros2_humble/install/rqt_reconfigure:/home/samuel/ros2_humble/install/rqt_py_console:/home/samuel/ros2_humble/install/rqt_publisher:/home/samuel/ros2_humble/install/rqt_plot:/home/samuel/ros2_humble/install/rqt_action:/home/samuel/ros2_humble/install/rqt_msg:/home/samuel/ros2_humble/install/rqt_console:/home/samuel/ros2_humble/install/rqt:/home/samuel/ros2_humble/install/rqt_graph:/home/samuel/ros2_humble/install/rqt_gui_py:/home/samuel/ros2_humble/install/rqt_gui:/home/samuel/ros2_humble/install/ros2trace:/home/samuel/ros2_humble/install/ros2topic:/home/samuel/ros2_humble/install/ros2test:/home/samuel/ros2_humble/install/ros2component:/home/samuel/ros2_humble/install/ros2param:/home/samuel/ros2_humble/install/ros2lifecycle:/home/samuel/ros2_humble/install/ros2service:/home/samuel/ros2_humble/install/ros2run:/home/samuel/ros2_humble/install/ros2launch:/home/samuel/ros2_humble/install/ros2pkg:/home/samuel/ros2_humble/install/ros2node:/home/samuel/ros2_humble/install/ros2multicast:/home/samuel/ros2_humble/install/ros2interface:/home/samuel/ros2_humble/install/ros2doctor:/home/samuel/ros2_humble/install/ros2action:/home/samuel/ros2_humble/install/ros2cli:/home/samuel/ros2_humble/install/quality_of_service_demo_py:/home/samuel/ros2_humble/install/lifecycle_py:/home/samuel/ros2_humble/install/launch_testing_ros:/home/samuel/ros2_humble/install/launch_ros:/home/samuel/ros2_humble/install/examples_rclpy_pointcloud_publisher:/home/samuel/ros2_humble/install/examples_rclpy_minimal_subscriber:/home/samuel/ros2_humble/install/examples_rclpy_minimal_service:/home/samuel/ros2_humble/install/examples_rclpy_minimal_publisher:/home/samuel/ros2_humble/install/examples_rclpy_minimal_client:/home/samuel/ros2_humble/install/examples_rclpy_minimal_action_server:/home/samuel/ros2_humble/install/examples_rclpy_minimal_action_client:/home/samuel/ros2_humble/install/examples_rclpy_guard_conditions:/home/samuel/ros2_humble/install/examples_rclpy_executors:/home/samuel/ros2_humble/install/demo_nodes_py:/home/samuel/ros2_humble/install/action_tutorials_py:/home/samuel/ros2_humble/install/ament_uncrustify:/home/samuel/ros2_humble/install/tracetools_trace:/home/samuel/ros2_humble/install/tracetools_read:/home/samuel/ros2_humble/install/test_tracetools_launch:/home/samuel/ros2_humble/install/test_launch_ros:/home/samuel/ros2_humble/install/sensor_msgs_py:/home/samuel/ros2_humble/install/rpyutils:/home/samuel/ros2_humble/install/rosidl_runtime_py:/home/samuel/ros2_humble/install/rosidl_cli:/home/samuel/ros2_humble/install/launch_pytest:/home/samuel/ros2_humble/install/launch_testing:/home/samuel/ros2_humble/install/launch_yaml:/home/samuel/ros2_humble/install/launch_xml:/home/samuel/ros2_humble/install/launch:/home/samuel/ros2_humble/install/osrf_pycommon:/home/samuel/ros2_humble/install/launch_testing_examples:/home/samuel/ros2_humble/install/domain_coordinator:/home/samuel/ros2_humble/install/ament_xmllint:/home/samuel/ros2_humble/install/ament_pyflakes:/home/samuel/ros2_humble/install/ament_pycodestyle:/home/samuel/ros2_humble/install/ament_pep257:/home/samuel/ros2_humble/install/ament_pclint:/home/samuel/ros2_humble/install/ament_package:/home/samuel/ros2_humble/install/ament_mypy:/home/samuel/ros2_humble/install/ament_lint_cmake:/home/samuel/ros2_humble/install/ament_flake8:/home/samuel/ros2_humble/install/ament_copyright:/home/samuel/ros2_humble/install/ament_lint:/home/samuel/ros2_humble/install/ament_index_python:/home/samuel/ros2_humble/install/ament_cpplint:/home/samuel/ros2_humble/install/ament_cppcheck:/home/samuel/ros2_humble/install/ament_clang_tidy:/home/samuel/ros2_humble/install/ament_clang_format /usr/bin/cmake --build /home/samuel/ros2_humble/workspaces/project1_ws/build/turtlesim -- -j8 -l8
[0.175s] [  1%] Built target turtlesim__cpp
[0.176s] [ 11%] Built target turtlesim__rosidl_generator_c
[0.204s] [ 11%] Built target ament_cmake_python_copy_turtlesim
[0.258s] [ 21%] Built target turtlesim__rosidl_typesupport_introspection_c
[0.260s] [ 31%] Built target turtlesim__rosidl_typesupport_fastrtps_cpp
[0.262s] [ 41%] Built target turtlesim__rosidl_typesupport_c
[0.263s] [ 51%] Built target turtlesim__rosidl_typesupport_introspection_cpp
[0.265s] [ 61%] Built target turtlesim__rosidl_typesupport_cpp
[0.268s] [ 71%] Built target turtlesim__rosidl_typesupport_fastrtps_c
[0.338s] [ 73%] Built target mimic
[0.339s] [ 73%] Built target turtlesim
[0.349s] [ 79%] Built target turtlesim_node
[0.352s] [ 81%] Built target turtle_teleop_key
[0.353s] [ 83%] Built target draw_square
[0.396s] [ 84%] Built target turtlesim__py
[0.456s] [ 93%] Built target turtlesim__rosidl_generator_py
[0.513s] [ 95%] Built target turtlesim__rosidl_typesupport_fastrtps_c__pyext
[0.513s] [ 97%] Built target turtlesim__rosidl_typesupport_introspection_c__pyext
[0.514s] [100%] Built target turtlesim__rosidl_typesupport_c__pyext
[0.720s] running egg_info
[0.721s] writing turtlesim.egg-info/PKG-INFO
[0.721s] writing dependency_links to turtlesim.egg-info/dependency_links.txt
[0.722s] writing top-level names to turtlesim.egg-info/top_level.txt
[0.724s] reading manifest file 'turtlesim.egg-info/SOURCES.txt'
[0.724s] writing manifest file 'turtlesim.egg-info/SOURCES.txt'
[0.761s] [100%] Built target ament_cmake_python_build_turtlesim_egg
[0.783s] Invoked command in '/home/samuel/ros2_humble/workspaces/project1_ws/build/turtlesim' returned '0': CMAKE_PREFIX_PATH=${CMAKE_PREFIX_PATH}:/home/samuel/ros2_humble/workspaces/project1_ws/install/py_pubsub:/home/samuel/ros2_humble/workspaces/project1_ws/install/my_package:/home/samuel/ros2_humble/workspaces/project1_ws/install/project1_pubsub:/home/samuel/ros2_humble/workspaces/project1_ws/src/install/project1_pubsub:/home/samuel/ros2_humble/install/rqt_bag_plugins:/home/samuel/ros2_humble/install/rqt_bag:/home/samuel/ros2_humble/install/ros2bag:/home/samuel/ros2_humble/install/tracetools_test:/home/samuel/ros2_humble/install/tracetools_launch:/home/samuel/ros2_humble/install/topic_monitor:/home/samuel/ros2_humble/install/tf2_tools:/home/samuel/ros2_humble/install/examples_tf2_py:/home/samuel/ros2_humble/install/tf2_ros_py:/home/samuel/ros2_humble/install/sros2:/home/samuel/ros2_humble/install/rqt_topic:/home/samuel/ros2_humble/install/rqt_srv:/home/samuel/ros2_humble/install/rqt_shell:/home/samuel/ros2_humble/install/rqt_service_caller:/home/samuel/ros2_humble/install/rqt_reconfigure:/home/samuel/ros2_humble/install/rqt_py_console:/home/samuel/ros2_humble/install/rqt_publisher:/home/samuel/ros2_humble/install/rqt_plot:/home/samuel/ros2_humble/install/rqt_action:/home/samuel/ros2_humble/install/rqt_msg:/home/samuel/ros2_humble/install/rqt_console:/home/samuel/ros2_humble/install/rqt:/home/samuel/ros2_humble/install/rqt_graph:/home/samuel/ros2_humble/install/rqt_gui_py:/home/samuel/ros2_humble/install/rqt_gui:/home/samuel/ros2_humble/install/ros2trace:/home/samuel/ros2_humble/install/ros2topic:/home/samuel/ros2_humble/install/ros2test:/home/samuel/ros2_humble/install/ros2component:/home/samuel/ros2_humble/install/ros2param:/home/samuel/ros2_humble/install/ros2lifecycle:/home/samuel/ros2_humble/install/ros2service:/home/samuel/ros2_humble/install/ros2run:/home/samuel/ros2_humble/install/ros2launch:/home/samuel/ros2_humble/install/ros2pkg:/home/samuel/ros2_humble/install/ros2node:/home/samuel/ros2_humble/install/ros2multicast:/home/samuel/ros2_humble/install/ros2interface:/home/samuel/ros2_humble/install/ros2doctor:/home/samuel/ros2_humble/install/ros2action:/home/samuel/ros2_humble/install/ros2cli:/home/samuel/ros2_humble/install/quality_of_service_demo_py:/home/samuel/ros2_humble/install/lifecycle_py:/home/samuel/ros2_humble/install/launch_testing_ros:/home/samuel/ros2_humble/install/launch_ros:/home/samuel/ros2_humble/install/examples_rclpy_pointcloud_publisher:/home/samuel/ros2_humble/install/examples_rclpy_minimal_subscriber:/home/samuel/ros2_humble/install/examples_rclpy_minimal_service:/home/samuel/ros2_humble/install/examples_rclpy_minimal_publisher:/home/samuel/ros2_humble/install/examples_rclpy_minimal_client:/home/samuel/ros2_humble/install/examples_rclpy_minimal_action_server:/home/samuel/ros2_humble/install/examples_rclpy_minimal_action_client:/home/samuel/ros2_humble/install/examples_rclpy_guard_conditions:/home/samuel/ros2_humble/install/examples_rclpy_executors:/home/samuel/ros2_humble/install/demo_nodes_py:/home/samuel/ros2_humble/install/action_tutorials_py:/home/samuel/ros2_humble/install/ament_uncrustify:/home/samuel/ros2_humble/install/tracetools_trace:/home/samuel/ros2_humble/install/tracetools_read:/home/samuel/ros2_humble/install/test_tracetools_launch:/home/samuel/ros2_humble/install/test_launch_ros:/home/samuel/ros2_humble/install/sensor_msgs_py:/home/samuel/ros2_humble/install/rpyutils:/home/samuel/ros2_humble/install/rosidl_runtime_py:/home/samuel/ros2_humble/install/rosidl_cli:/home/samuel/ros2_humble/install/launch_pytest:/home/samuel/ros2_humble/install/launch_testing:/home/samuel/ros2_humble/install/launch_yaml:/home/samuel/ros2_humble/install/launch_xml:/home/samuel/ros2_humble/install/launch:/home/samuel/ros2_humble/install/osrf_pycommon:/home/samuel/ros2_humble/install/launch_testing_examples:/home/samuel/ros2_humble/install/domain_coordinator:/home/samuel/ros2_humble/install/ament_xmllint:/home/samuel/ros2_humble/install/ament_pyflakes:/home/samuel/ros2_humble/install/ament_pycodestyle:/home/samuel/ros2_humble/install/ament_pep257:/home/samuel/ros2_humble/install/ament_pclint:/home/samuel/ros2_humble/install/ament_package:/home/samuel/ros2_humble/install/ament_mypy:/home/samuel/ros2_humble/install/ament_lint_cmake:/home/samuel/ros2_humble/install/ament_flake8:/home/samuel/ros2_humble/install/ament_copyright:/home/samuel/ros2_humble/install/ament_lint:/home/samuel/ros2_humble/install/ament_index_python:/home/samuel/ros2_humble/install/ament_cpplint:/home/samuel/ros2_humble/install/ament_cppcheck:/home/samuel/ros2_humble/install/ament_clang_tidy:/home/samuel/ros2_humble/install/ament_clang_format /usr/bin/cmake --build /home/samuel/ros2_humble/workspaces/project1_ws/build/turtlesim -- -j8 -l8
[1.828s] Invoking command in '/home/samuel/ros2_humble/workspaces/project1_ws/build/turtlesim': CMAKE_PREFIX_PATH=${CMAKE_PREFIX_PATH}:/home/samuel/ros2_humble/workspaces/project1_ws/install/py_pubsub:/home/samuel/ros2_humble/workspaces/project1_ws/install/my_package:/home/samuel/ros2_humble/workspaces/project1_ws/install/project1_pubsub:/home/samuel/ros2_humble/workspaces/project1_ws/src/install/project1_pubsub:/home/samuel/ros2_humble/install/rqt_bag_plugins:/home/samuel/ros2_humble/install/rqt_bag:/home/samuel/ros2_humble/install/ros2bag:/home/samuel/ros2_humble/install/tracetools_test:/home/samuel/ros2_humble/install/tracetools_launch:/home/samuel/ros2_humble/install/topic_monitor:/home/samuel/ros2_humble/install/tf2_tools:/home/samuel/ros2_humble/install/examples_tf2_py:/home/samuel/ros2_humble/install/tf2_ros_py:/home/samuel/ros2_humble/install/sros2:/home/samuel/ros2_humble/install/rqt_topic:/home/samuel/ros2_humble/install/rqt_srv:/home/samuel/ros2_humble/install/rqt_shell:/home/samuel/ros2_humble/install/rqt_service_caller:/home/samuel/ros2_humble/install/rqt_reconfigure:/home/samuel/ros2_humble/install/rqt_py_console:/home/samuel/ros2_humble/install/rqt_publisher:/home/samuel/ros2_humble/install/rqt_plot:/home/samuel/ros2_humble/install/rqt_action:/home/samuel/ros2_humble/install/rqt_msg:/home/samuel/ros2_humble/install/rqt_console:/home/samuel/ros2_humble/install/rqt:/home/samuel/ros2_humble/install/rqt_graph:/home/samuel/ros2_humble/install/rqt_gui_py:/home/samuel/ros2_humble/install/rqt_gui:/home/samuel/ros2_humble/install/ros2trace:/home/samuel/ros2_humble/install/ros2topic:/home/samuel/ros2_humble/install/ros2test:/home/samuel/ros2_humble/install/ros2component:/home/samuel/ros2_humble/install/ros2param:/home/samuel/ros2_humble/install/ros2lifecycle:/home/samuel/ros2_humble/install/ros2service:/home/samuel/ros2_humble/install/ros2run:/home/samuel/ros2_humble/install/ros2launch:/home/samuel/ros2_humble/install/ros2pkg:/home/samuel/ros2_humble/install/ros2node:/home/samuel/ros2_humble/install/ros2multicast:/home/samuel/ros2_humble/install/ros2interface:/home/samuel/ros2_humble/install/ros2doctor:/home/samuel/ros2_humble/install/ros2action:/home/samuel/ros2_humble/install/ros2cli:/home/samuel/ros2_humble/install/quality_of_service_demo_py:/home/samuel/ros2_humble/install/lifecycle_py:/home/samuel/ros2_humble/install/launch_testing_ros:/home/samuel/ros2_humble/install/launch_ros:/home/samuel/ros2_humble/install/examples_rclpy_pointcloud_publisher:/home/samuel/ros2_humble/install/examples_rclpy_minimal_subscriber:/home/samuel/ros2_humble/install/examples_rclpy_minimal_service:/home/samuel/ros2_humble/install/examples_rclpy_minimal_publisher:/home/samuel/ros2_humble/install/examples_rclpy_minimal_client:/home/samuel/ros2_humble/install/examples_rclpy_minimal_action_server:/home/samuel/ros2_humble/install/examples_rclpy_minimal_action_client:/home/samuel/ros2_humble/install/examples_rclpy_guard_conditions:/home/samuel/ros2_humble/install/examples_rclpy_executors:/home/samuel/ros2_humble/install/demo_nodes_py:/home/samuel/ros2_humble/install/action_tutorials_py:/home/samuel/ros2_humble/install/ament_uncrustify:/home/samuel/ros2_humble/install/tracetools_trace:/home/samuel/ros2_humble/install/tracetools_read:/home/samuel/ros2_humble/install/test_tracetools_launch:/home/samuel/ros2_humble/install/test_launch_ros:/home/samuel/ros2_humble/install/sensor_msgs_py:/home/samuel/ros2_humble/install/rpyutils:/home/samuel/ros2_humble/install/rosidl_runtime_py:/home/samuel/ros2_humble/install/rosidl_cli:/home/samuel/ros2_humble/install/launch_pytest:/home/samuel/ros2_humble/install/launch_testing:/home/samuel/ros2_humble/install/launch_yaml:/home/samuel/ros2_humble/install/launch_xml:/home/samuel/ros2_humble/install/launch:/home/samuel/ros2_humble/install/osrf_pycommon:/home/samuel/ros2_humble/install/launch_testing_examples:/home/samuel/ros2_humble/install/domain_coordinator:/home/samuel/ros2_humble/install/ament_xmllint:/home/samuel/ros2_humble/install/ament_pyflakes:/home/samuel/ros2_humble/install/ament_pycodestyle:/home/samuel/ros2_humble/install/ament_pep257:/home/samuel/ros2_humble/install/ament_pclint:/home/samuel/ros2_humble/install/ament_package:/home/samuel/ros2_humble/install/ament_mypy:/home/samuel/ros2_humble/install/ament_lint_cmake:/home/samuel/ros2_humble/install/ament_flake8:/home/samuel/ros2_humble/install/ament_copyright:/home/samuel/ros2_humble/install/ament_lint:/home/samuel/ros2_humble/install/ament_index_python:/home/samuel/ros2_humble/install/ament_cpplint:/home/samuel/ros2_humble/install/ament_cppcheck:/home/samuel/ros2_humble/install/ament_clang_tidy:/home/samuel/ros2_humble/install/ament_clang_format /usr/bin/cmake --install /home/samuel/ros2_humble/workspaces/project1_ws/build/turtlesim
[1.852s] -- Install configuration: ""
[1.852s] -- Up-to-date: /home/samuel/ros2_humble/workspaces/project1_ws/install/turtlesim/share/ament_index/resource_index/rosidl_interfaces/turtlesim
[1.852s] -- Up-to-date: /home/samuel/ros2_humble/workspaces/project1_ws/install/turtlesim/include/turtlesim/turtlesim
[1.852s] -- Up-to-date: /home/samuel/ros2_humble/workspaces/project1_ws/install/turtlesim/include/turtlesim/turtlesim/srv
[1.852s] -- Up-to-date: /home/samuel/ros2_humble/workspaces/project1_ws/install/turtlesim/include/turtlesim/turtlesim/srv/kill.h
[1.853s] -- Up-to-date: /home/samuel/ros2_humble/workspaces/project1_ws/install/turtlesim/include/turtlesim/turtlesim/srv/teleport_absolute.h
[1.853s] -- Up-to-date: /home/samuel/ros2_humble/workspaces/project1_ws/install/turtlesim/include/turtlesim/turtlesim/srv/detail
[1.853s] -- Up-to-date: /home/samuel/ros2_humble/workspaces/project1_ws/install/turtlesim/include/turtlesim/turtlesim/srv/detail/teleport_relative__functions.c
[1.853s] -- Up-to-date: /home/samuel/ros2_humble/workspaces/project1_ws/install/turtlesim/include/turtlesim/turtlesim/srv/detail/spawn__functions.h
[1.853s] -- Up-to-date: /home/samuel/ros2_humble/workspaces/project1_ws/install/turtlesim/include/turtlesim/turtlesim/srv/detail/teleport_absolute__type_support.h
[1.853s] -- Up-to-date: /home/samuel/ros2_humble/workspaces/project1_ws/install/turtlesim/include/turtlesim/turtlesim/srv/detail/spawn__functions.c
[1.853s] -- Up-to-date: /home/samuel/ros2_humble/workspaces/project1_ws/install/turtlesim/include/turtlesim/turtlesim/srv/detail/set_pen__type_support.h
[1.853s] -- Up-to-date: /home/samuel/ros2_humble/workspaces/project1_ws/install/turtlesim/include/turtlesim/turtlesim/srv/detail/kill__type_support.h
[1.853s] -- Up-to-date: /home/samuel/ros2_humble/workspaces/project1_ws/install/turtlesim/include/turtlesim/turtlesim/srv/detail/teleport_relative__struct.h
[1.853s] -- Up-to-date: /home/samuel/ros2_humble/workspaces/project1_ws/install/turtlesim/include/turtlesim/turtlesim/srv/detail/kill__struct.h
[1.853s] -- Up-to-date: /home/samuel/ros2_humble/workspaces/project1_ws/install/turtlesim/include/turtlesim/turtlesim/srv/detail/kill__functions.h
[1.853s] -- Up-to-date: /home/samuel/ros2_humble/workspaces/project1_ws/install/turtlesim/include/turtlesim/turtlesim/srv/detail/set_pen__struct.h
[1.853s] -- Up-to-date: /home/samuel/ros2_humble/workspaces/project1_ws/install/turtlesim/include/turtlesim/turtlesim/srv/detail/set_pen__functions.h
[1.853s] -- Up-to-date: /home/samuel/ros2_humble/workspaces/project1_ws/install/turtlesim/include/turtlesim/turtlesim/srv/detail/spawn__type_support.h
[1.854s] -- Up-to-date: /home/samuel/ros2_humble/workspaces/project1_ws/install/turtlesim/include/turtlesim/turtlesim/srv/detail/kill__functions.c
[1.854s] -- Up-to-date: /home/samuel/ros2_humble/workspaces/project1_ws/install/turtlesim/include/turtlesim/turtlesim/srv/detail/teleport_absolute__functions.h
[1.854s] -- Up-to-date: /home/samuel/ros2_humble/workspaces/project1_ws/install/turtlesim/include/turtlesim/turtlesim/srv/detail/teleport_relative__functions.h
[1.854s] -- Up-to-date: /home/samuel/ros2_humble/workspaces/project1_ws/install/turtlesim/include/turtlesim/turtlesim/srv/detail/set_pen__functions.c
[1.854s] -- Up-to-date: /home/samuel/ros2_humble/workspaces/project1_ws/install/turtlesim/include/turtlesim/turtlesim/srv/detail/teleport_absolute__struct.h
[1.854s] -- Up-to-date: /home/samuel/ros2_humble/workspaces/project1_ws/install/turtlesim/include/turtlesim/turtlesim/srv/detail/teleport_absolute__functions.c
[1.854s] -- Up-to-date: /home/samuel/ros2_humble/workspaces/project1_ws/install/turtlesim/include/turtlesim/turtlesim/srv/detail/teleport_relative__type_support.h
[1.854s] -- Up-to-date: /home/samuel/ros2_humble/workspaces/project1_ws/install/turtlesim/include/turtlesim/turtlesim/srv/detail/spawn__struct.h
[1.855s] -- Up-to-date: /home/samuel/ros2_humble/workspaces/project1_ws/install/turtlesim/include/turtlesim/turtlesim/srv/teleport_relative.h
[1.855s] -- Up-to-date: /home/samuel/ros2_humble/workspaces/project1_ws/install/turtlesim/include/turtlesim/turtlesim/srv/spawn.h
[1.855s] -- Up-to-date: /home/samuel/ros2_humble/workspaces/project1_ws/install/turtlesim/include/turtlesim/turtlesim/srv/set_pen.h
[1.855s] -- Up-to-date: /home/samuel/ros2_humble/workspaces/project1_ws/install/turtlesim/include/turtlesim/turtlesim/action
[1.855s] -- Up-to-date: /home/samuel/ros2_humble/workspaces/project1_ws/install/turtlesim/include/turtlesim/turtlesim/action/detail
[1.855s] -- Up-to-date: /home/samuel/ros2_humble/workspaces/project1_ws/install/turtlesim/include/turtlesim/turtlesim/action/detail/rotate_absolute__functions.h
[1.855s] -- Up-to-date: /home/samuel/ros2_humble/workspaces/project1_ws/install/turtlesim/include/turtlesim/turtlesim/action/detail/rotate_absolute__struct.h
[1.855s] -- Up-to-date: /home/samuel/ros2_humble/workspaces/project1_ws/install/turtlesim/include/turtlesim/turtlesim/action/detail/rotate_absolute__functions.c
[1.855s] -- Up-to-date: /home/samuel/ros2_humble/workspaces/project1_ws/install/turtlesim/include/turtlesim/turtlesim/action/detail/rotate_absolute__type_support.h
[1.855s] -- Up-to-date: /home/samuel/ros2_humble/workspaces/project1_ws/install/turtlesim/include/turtlesim/turtlesim/action/rotate_absolute.h
[1.855s] -- Up-to-date: /home/samuel/ros2_humble/workspaces/project1_ws/install/turtlesim/include/turtlesim/turtlesim/msg
[1.855s] -- Up-to-date: /home/samuel/ros2_humble/workspaces/project1_ws/install/turtlesim/include/turtlesim/turtlesim/msg/pose.h
[1.855s] -- Up-to-date: /home/samuel/ros2_humble/workspaces/project1_ws/install/turtlesim/include/turtlesim/turtlesim/msg/detail
[1.856s] -- Up-to-date: /home/samuel/ros2_humble/workspaces/project1_ws/install/turtlesim/include/turtlesim/turtlesim/msg/detail/pose__functions.h
[1.856s] -- Up-to-date: /home/samuel/ros2_humble/workspaces/project1_ws/install/turtlesim/include/turtlesim/turtlesim/msg/detail/pose__struct.h
[1.856s] -- Up-to-date: /home/samuel/ros2_humble/workspaces/project1_ws/install/turtlesim/include/turtlesim/turtlesim/msg/detail/color__functions.c
[1.856s] -- Up-to-date: /home/samuel/ros2_humble/workspaces/project1_ws/install/turtlesim/include/turtlesim/turtlesim/msg/detail/color__type_support.h
[1.856s] -- Up-to-date: /home/samuel/ros2_humble/workspaces/project1_ws/install/turtlesim/include/turtlesim/turtlesim/msg/detail/pose__functions.c
[1.856s] -- Up-to-date: /home/samuel/ros2_humble/workspaces/project1_ws/install/turtlesim/include/turtlesim/turtlesim/msg/detail/color__struct.h
[1.856s] -- Up-to-date: /home/samuel/ros2_humble/workspaces/project1_ws/install/turtlesim/include/turtlesim/turtlesim/msg/detail/color__functions.h
[1.856s] -- Up-to-date: /home/samuel/ros2_humble/workspaces/project1_ws/install/turtlesim/include/turtlesim/turtlesim/msg/detail/pose__type_support.h
[1.856s] -- Up-to-date: /home/samuel/ros2_humble/workspaces/project1_ws/install/turtlesim/include/turtlesim/turtlesim/msg/rosidl_generator_c__visibility_control.h
[1.856s] -- Up-to-date: /home/samuel/ros2_humble/workspaces/project1_ws/install/turtlesim/include/turtlesim/turtlesim/msg/color.h
[1.856s] -- Up-to-date: /home/samuel/ros2_humble/workspaces/project1_ws/install/turtlesim/share/turtlesim/environment/library_path.sh
[1.856s] -- Up-to-date: /home/samuel/ros2_humble/workspaces/project1_ws/install/turtlesim/share/turtlesim/environment/library_path.dsv
[1.856s] -- Up-to-date: /home/samuel/ros2_humble/workspaces/project1_ws/install/turtlesim/lib/libturtlesim__rosidl_generator_c.so
[1.857s] -- Up-to-date: /home/samuel/ros2_humble/workspaces/project1_ws/install/turtlesim/include/turtlesim/turtlesim
[1.857s] -- Up-to-date: /home/samuel/ros2_humble/workspaces/project1_ws/install/turtlesim/include/turtlesim/turtlesim/srv
[1.857s] -- Up-to-date: /home/samuel/ros2_humble/workspaces/project1_ws/install/turtlesim/include/turtlesim/turtlesim/srv/detail
[1.857s] -- Up-to-date: /home/samuel/ros2_humble/workspaces/project1_ws/install/turtlesim/include/turtlesim/turtlesim/srv/detail/teleport_relative__rosidl_typesupport_fastrtps_c.h
[1.857s] -- Up-to-date: /home/samuel/ros2_humble/workspaces/project1_ws/install/turtlesim/include/turtlesim/turtlesim/srv/detail/kill__rosidl_typesupport_fastrtps_c.h
[1.857s] -- Up-to-date: /home/samuel/ros2_humble/workspaces/project1_ws/install/turtlesim/include/turtlesim/turtlesim/srv/detail/set_pen__rosidl_typesupport_fastrtps_c.h
[1.857s] -- Up-to-date: /home/samuel/ros2_humble/workspaces/project1_ws/install/turtlesim/include/turtlesim/turtlesim/srv/detail/teleport_absolute__rosidl_typesupport_fastrtps_c.h
[1.857s] -- Up-to-date: /home/samuel/ros2_humble/workspaces/project1_ws/install/turtlesim/include/turtlesim/turtlesim/srv/detail/spawn__rosidl_typesupport_fastrtps_c.h
[1.857s] -- Up-to-date: /home/samuel/ros2_humble/workspaces/project1_ws/install/turtlesim/include/turtlesim/turtlesim/action
[1.857s] -- Up-to-date: /home/samuel/ros2_humble/workspaces/project1_ws/install/turtlesim/include/turtlesim/turtlesim/action/detail
[1.857s] -- Up-to-date: /home/samuel/ros2_humble/workspaces/project1_ws/install/turtlesim/include/turtlesim/turtlesim/action/detail/rotate_absolute__rosidl_typesupport_fastrtps_c.h
[1.857s] -- Up-to-date: /home/samuel/ros2_humble/workspaces/project1_ws/install/turtlesim/include/turtlesim/turtlesim/msg
[1.857s] -- Up-to-date: /home/samuel/ros2_humble/workspaces/project1_ws/install/turtlesim/include/turtlesim/turtlesim/msg/detail
[1.858s] -- Up-to-date: /home/samuel/ros2_humble/workspaces/project1_ws/install/turtlesim/include/turtlesim/turtlesim/msg/detail/pose__rosidl_typesupport_fastrtps_c.h
[1.858s] -- Up-to-date: /home/samuel/ros2_humble/workspaces/project1_ws/install/turtlesim/include/turtlesim/turtlesim/msg/detail/color__rosidl_typesupport_fastrtps_c.h
[1.858s] -- Up-to-date: /home/samuel/ros2_humble/workspaces/project1_ws/install/turtlesim/include/turtlesim/turtlesim/msg/rosidl_typesupport_fastrtps_c__visibility_control.h
[1.858s] -- Up-to-date: /home/samuel/ros2_humble/workspaces/project1_ws/install/turtlesim/lib/libturtlesim__rosidl_typesupport_fastrtps_c.so
[1.858s] -- Up-to-date: /home/samuel/ros2_humble/workspaces/project1_ws/install/turtlesim/include/turtlesim/turtlesim
[1.858s] -- Up-to-date: /home/samuel/ros2_humble/workspaces/project1_ws/install/turtlesim/include/turtlesim/turtlesim/srv
[1.858s] -- Up-to-date: /home/samuel/ros2_humble/workspaces/project1_ws/install/turtlesim/include/turtlesim/turtlesim/srv/detail
[1.858s] -- Up-to-date: /home/samuel/ros2_humble/workspaces/project1_ws/install/turtlesim/include/turtlesim/turtlesim/srv/detail/set_pen__builder.hpp
[1.858s] -- Up-to-date: /home/samuel/ros2_humble/workspaces/project1_ws/install/turtlesim/include/turtlesim/turtlesim/srv/detail/teleport_relative__struct.hpp
[1.858s] -- Up-to-date: /home/samuel/ros2_humble/workspaces/project1_ws/install/turtlesim/include/turtlesim/turtlesim/srv/detail/set_pen__struct.hpp
[1.858s] -- Up-to-date: /home/samuel/ros2_humble/workspaces/project1_ws/install/turtlesim/include/turtlesim/turtlesim/srv/detail/spawn__builder.hpp
[1.858s] -- Up-to-date: /home/samuel/ros2_humble/workspaces/project1_ws/install/turtlesim/include/turtlesim/turtlesim/srv/detail/teleport_relative__traits.hpp
[1.858s] -- Up-to-date: /home/samuel/ros2_humble/workspaces/project1_ws/install/turtlesim/include/turtlesim/turtlesim/srv/detail/set_pen__traits.hpp
[1.858s] -- Up-to-date: /home/samuel/ros2_humble/workspaces/project1_ws/install/turtlesim/include/turtlesim/turtlesim/srv/detail/kill__builder.hpp
[1.859s] -- Up-to-date: /home/samuel/ros2_humble/workspaces/project1_ws/install/turtlesim/include/turtlesim/turtlesim/srv/detail/spawn__struct.hpp
[1.859s] -- Up-to-date: /home/samuel/ros2_humble/workspaces/project1_ws/install/turtlesim/include/turtlesim/turtlesim/srv/detail/spawn__traits.hpp
[1.859s] -- Up-to-date: /home/samuel/ros2_humble/workspaces/project1_ws/install/turtlesim/include/turtlesim/turtlesim/srv/detail/teleport_relative__builder.hpp
[1.859s] -- Up-to-date: /home/samuel/ros2_humble/workspaces/project1_ws/install/turtlesim/include/turtlesim/turtlesim/srv/detail/kill__struct.hpp
[1.859s] -- Up-to-date: /home/samuel/ros2_humble/workspaces/project1_ws/install/turtlesim/include/turtlesim/turtlesim/srv/detail/teleport_absolute__traits.hpp
[1.859s] -- Up-to-date: /home/samuel/ros2_humble/workspaces/project1_ws/install/turtlesim/include/turtlesim/turtlesim/srv/detail/teleport_absolute__builder.hpp
[1.859s] -- Up-to-date: /home/samuel/ros2_humble/workspaces/project1_ws/install/turtlesim/include/turtlesim/turtlesim/srv/detail/kill__traits.hpp
[1.859s] -- Up-to-date: /home/samuel/ros2_humble/workspaces/project1_ws/install/turtlesim/include/turtlesim/turtlesim/srv/detail/teleport_absolute__struct.hpp
[1.859s] -- Up-to-date: /home/samuel/ros2_humble/workspaces/project1_ws/install/turtlesim/include/turtlesim/turtlesim/srv/teleport_relative.hpp
[1.859s] -- Up-to-date: /home/samuel/ros2_humble/workspaces/project1_ws/install/turtlesim/include/turtlesim/turtlesim/srv/teleport_absolute.hpp
[1.859s] -- Up-to-date: /home/samuel/ros2_humble/workspaces/project1_ws/install/turtlesim/include/turtlesim/turtlesim/srv/kill.hpp
[1.859s] -- Up-to-date: /home/samuel/ros2_humble/workspaces/project1_ws/install/turtlesim/include/turtlesim/turtlesim/srv/spawn.hpp
[1.859s] -- Up-to-date: /home/samuel/ros2_humble/workspaces/project1_ws/install/turtlesim/include/turtlesim/turtlesim/srv/set_pen.hpp
[1.860s] -- Up-to-date: /home/samuel/ros2_humble/workspaces/project1_ws/install/turtlesim/include/turtlesim/turtlesim/action
[1.860s] -- Up-to-date: /home/samuel/ros2_humble/workspaces/project1_ws/install/turtlesim/include/turtlesim/turtlesim/action/detail
[1.860s] -- Up-to-date: /home/samuel/ros2_humble/workspaces/project1_ws/install/turtlesim/include/turtlesim/turtlesim/action/detail/rotate_absolute__struct.hpp
[1.860s] -- Up-to-date: /home/samuel/ros2_humble/workspaces/project1_ws/install/turtlesim/include/turtlesim/turtlesim/action/detail/rotate_absolute__traits.hpp
[1.860s] -- Up-to-date: /home/samuel/ros2_humble/workspaces/project1_ws/install/turtlesim/include/turtlesim/turtlesim/action/detail/rotate_absolute__builder.hpp
[1.860s] -- Up-to-date: /home/samuel/ros2_humble/workspaces/project1_ws/install/turtlesim/include/turtlesim/turtlesim/action/rotate_absolute.hpp
[1.860s] -- Up-to-date: /home/samuel/ros2_humble/workspaces/project1_ws/install/turtlesim/include/turtlesim/turtlesim/msg
[1.860s] -- Up-to-date: /home/samuel/ros2_humble/workspaces/project1_ws/install/turtlesim/include/turtlesim/turtlesim/msg/pose.hpp
[1.861s] -- Up-to-date: /home/samuel/ros2_humble/workspaces/project1_ws/install/turtlesim/include/turtlesim/turtlesim/msg/detail
[1.861s] -- Up-to-date: /home/samuel/ros2_humble/workspaces/project1_ws/install/turtlesim/include/turtlesim/turtlesim/msg/detail/pose__builder.hpp
[1.861s] -- Up-to-date: /home/samuel/ros2_humble/workspaces/project1_ws/install/turtlesim/include/turtlesim/turtlesim/msg/detail/pose__struct.hpp
[1.861s] -- Up-to-date: /home/samuel/ros2_humble/workspaces/project1_ws/install/turtlesim/include/turtlesim/turtlesim/msg/detail/pose__traits.hpp
[1.862s] -- Up-to-date: /home/samuel/ros2_humble/workspaces/project1_ws/install/turtlesim/include/turtlesim/turtlesim/msg/detail/color__builder.hpp
[1.862s] -- Up-to-date: /home/samuel/ros2_humble/workspaces/project1_ws/install/turtlesim/include/turtlesim/turtlesim/msg/detail/color__traits.hpp
[1.862s] -- Up-to-date: /home/samuel/ros2_humble/workspaces/project1_ws/install/turtlesim/include/turtlesim/turtlesim/msg/detail/color__struct.hpp
[1.862s] -- Up-to-date: /home/samuel/ros2_humble/workspaces/project1_ws/install/turtlesim/include/turtlesim/turtlesim/msg/color.hpp
[1.862s] -- Up-to-date: /home/samuel/ros2_humble/workspaces/project1_ws/install/turtlesim/include/turtlesim/turtlesim
[1.862s] -- Up-to-date: /home/samuel/ros2_humble/workspaces/project1_ws/install/turtlesim/include/turtlesim/turtlesim/srv
[1.862s] -- Up-to-date: /home/samuel/ros2_humble/workspaces/project1_ws/install/turtlesim/include/turtlesim/turtlesim/srv/detail
[1.862s] -- Up-to-date: /home/samuel/ros2_humble/workspaces/project1_ws/install/turtlesim/include/turtlesim/turtlesim/srv/detail/dds_fastrtps
[1.862s] -- Up-to-date: /home/samuel/ros2_humble/workspaces/project1_ws/install/turtlesim/include/turtlesim/turtlesim/srv/detail/teleport_absolute__rosidl_typesupport_fastrtps_cpp.hpp
[1.862s] -- Up-to-date: /home/samuel/ros2_humble/workspaces/project1_ws/install/turtlesim/include/turtlesim/turtlesim/srv/detail/kill__rosidl_typesupport_fastrtps_cpp.hpp
[1.862s] -- Up-to-date: /home/samuel/ros2_humble/workspaces/project1_ws/install/turtlesim/include/turtlesim/turtlesim/srv/detail/spawn__rosidl_typesupport_fastrtps_cpp.hpp
[1.863s] -- Up-to-date: /home/samuel/ros2_humble/workspaces/project1_ws/install/turtlesim/include/turtlesim/turtlesim/srv/detail/set_pen__rosidl_typesupport_fastrtps_cpp.hpp
[1.863s] -- Up-to-date: /home/samuel/ros2_humble/workspaces/project1_ws/install/turtlesim/include/turtlesim/turtlesim/srv/detail/teleport_relative__rosidl_typesupport_fastrtps_cpp.hpp
[1.863s] -- Up-to-date: /home/samuel/ros2_humble/workspaces/project1_ws/install/turtlesim/include/turtlesim/turtlesim/action
[1.863s] -- Up-to-date: /home/samuel/ros2_humble/workspaces/project1_ws/install/turtlesim/include/turtlesim/turtlesim/action/detail
[1.863s] -- Up-to-date: /home/samuel/ros2_humble/workspaces/project1_ws/install/turtlesim/include/turtlesim/turtlesim/action/detail/dds_fastrtps
[1.863s] -- Up-to-date: /home/samuel/ros2_humble/workspaces/project1_ws/install/turtlesim/include/turtlesim/turtlesim/action/detail/rotate_absolute__rosidl_typesupport_fastrtps_cpp.hpp
[1.863s] -- Up-to-date: /home/samuel/ros2_humble/workspaces/project1_ws/install/turtlesim/include/turtlesim/turtlesim/msg
[1.863s] -- Up-to-date: /home/samuel/ros2_humble/workspaces/project1_ws/install/turtlesim/include/turtlesim/turtlesim/msg/detail
[1.863s] -- Up-to-date: /home/samuel/ros2_humble/workspaces/project1_ws/install/turtlesim/include/turtlesim/turtlesim/msg/detail/dds_fastrtps
[1.863s] -- Up-to-date: /home/samuel/ros2_humble/workspaces/project1_ws/install/turtlesim/include/turtlesim/turtlesim/msg/detail/pose__rosidl_typesupport_fastrtps_cpp.hpp
[1.863s] -- Up-to-date: /home/samuel/ros2_humble/workspaces/project1_ws/install/turtlesim/include/turtlesim/turtlesim/msg/detail/color__rosidl_typesupport_fastrtps_cpp.hpp
[1.863s] -- Up-to-date: /home/samuel/ros2_humble/workspaces/project1_ws/install/turtlesim/include/turtlesim/turtlesim/msg/rosidl_typesupport_fastrtps_cpp__visibility_control.h
[1.864s] -- Up-to-date: /home/samuel/ros2_humble/workspaces/project1_ws/install/turtlesim/lib/libturtlesim__rosidl_typesupport_fastrtps_cpp.so
[1.864s] -- Up-to-date: /home/samuel/ros2_humble/workspaces/project1_ws/install/turtlesim/include/turtlesim/turtlesim
[1.864s] -- Up-to-date: /home/samuel/ros2_humble/workspaces/project1_ws/install/turtlesim/include/turtlesim/turtlesim/srv
[1.864s] -- Up-to-date: /home/samuel/ros2_humble/workspaces/project1_ws/install/turtlesim/include/turtlesim/turtlesim/srv/detail
[1.864s] -- Up-to-date: /home/samuel/ros2_humble/workspaces/project1_ws/install/turtlesim/include/turtlesim/turtlesim/srv/detail/spawn__type_support.c
[1.864s] -- Up-to-date: /home/samuel/ros2_humble/workspaces/project1_ws/install/turtlesim/include/turtlesim/turtlesim/srv/detail/set_pen__type_support.c
[1.864s] -- Up-to-date: /home/samuel/ros2_humble/workspaces/project1_ws/install/turtlesim/include/turtlesim/turtlesim/srv/detail/kill__type_support.c
[1.864s] -- Up-to-date: /home/samuel/ros2_humble/workspaces/project1_ws/install/turtlesim/include/turtlesim/turtlesim/srv/detail/spawn__rosidl_typesupport_introspection_c.h
[1.864s] -- Up-to-date: /home/samuel/ros2_humble/workspaces/project1_ws/install/turtlesim/include/turtlesim/turtlesim/srv/detail/set_pen__rosidl_typesupport_introspection_c.h
[1.864s] -- Up-to-date: /home/samuel/ros2_humble/workspaces/project1_ws/install/turtlesim/include/turtlesim/turtlesim/srv/detail/teleport_absolute__rosidl_typesupport_introspection_c.h
[1.864s] -- Up-to-date: /home/samuel/ros2_humble/workspaces/project1_ws/install/turtlesim/include/turtlesim/turtlesim/srv/detail/kill__rosidl_typesupport_introspection_c.h
[1.864s] -- Up-to-date: /home/samuel/ros2_humble/workspaces/project1_ws/install/turtlesim/include/turtlesim/turtlesim/srv/detail/teleport_relative__rosidl_typesupport_introspection_c.h
[1.865s] -- Up-to-date: /home/samuel/ros2_humble/workspaces/project1_ws/install/turtlesim/include/turtlesim/turtlesim/srv/detail/teleport_absolute__type_support.c
[1.865s] -- Up-to-date: /home/samuel/ros2_humble/workspaces/project1_ws/install/turtlesim/include/turtlesim/turtlesim/srv/detail/teleport_relative__type_support.c
[1.865s] -- Up-to-date: /home/samuel/ros2_humble/workspaces/project1_ws/install/turtlesim/include/turtlesim/turtlesim/action
[1.865s] -- Up-to-date: /home/samuel/ros2_humble/workspaces/project1_ws/install/turtlesim/include/turtlesim/turtlesim/action/detail
[1.865s] -- Up-to-date: /home/samuel/ros2_humble/workspaces/project1_ws/install/turtlesim/include/turtlesim/turtlesim/action/detail/rotate_absolute__type_support.c
[1.865s] -- Up-to-date: /home/samuel/ros2_humble/workspaces/project1_ws/install/turtlesim/include/turtlesim/turtlesim/action/detail/rotate_absolute__rosidl_typesupport_introspection_c.h
[1.865s] -- Up-to-date: /home/samuel/ros2_humble/workspaces/project1_ws/install/turtlesim/include/turtlesim/turtlesim/msg
[1.865s] -- Up-to-date: /home/samuel/ros2_humble/workspaces/project1_ws/install/turtlesim/include/turtlesim/turtlesim/msg/detail
[1.865s] -- Up-to-date: /home/samuel/ros2_humble/workspaces/project1_ws/install/turtlesim/include/turtlesim/turtlesim/msg/detail/color__rosidl_typesupport_introspection_c.h
[1.865s] -- Up-to-date: /home/samuel/ros2_humble/workspaces/project1_ws/install/turtlesim/include/turtlesim/turtlesim/msg/detail/color__type_support.c
[1.865s] -- Up-to-date: /home/samuel/ros2_humble/workspaces/project1_ws/install/turtlesim/include/turtlesim/turtlesim/msg/detail/pose__rosidl_typesupport_introspection_c.h
[1.865s] -- Up-to-date: /home/samuel/ros2_humble/workspaces/project1_ws/install/turtlesim/include/turtlesim/turtlesim/msg/detail/pose__type_support.c
[1.865s] -- Up-to-date: /home/samuel/ros2_humble/workspaces/project1_ws/install/turtlesim/include/turtlesim/turtlesim/msg/rosidl_typesupport_introspection_c__visibility_control.h
[1.866s] -- Up-to-date: /home/samuel/ros2_humble/workspaces/project1_ws/install/turtlesim/lib/libturtlesim__rosidl_typesupport_introspection_c.so
[1.866s] -- Up-to-date: /home/samuel/ros2_humble/workspaces/project1_ws/install/turtlesim/lib/libturtlesim__rosidl_typesupport_c.so
[1.866s] -- Up-to-date: /home/samuel/ros2_humble/workspaces/project1_ws/install/turtlesim/include/turtlesim/turtlesim
[1.866s] -- Up-to-date: /home/samuel/ros2_humble/workspaces/project1_ws/install/turtlesim/include/turtlesim/turtlesim/srv
[1.866s] -- Up-to-date: /home/samuel/ros2_humble/workspaces/project1_ws/install/turtlesim/include/turtlesim/turtlesim/srv/detail
[1.866s] -- Up-to-date: /home/samuel/ros2_humble/workspaces/project1_ws/install/turtlesim/include/turtlesim/turtlesim/srv/detail/teleport_relative__type_support.cpp
[1.866s] -- Up-to-date: /home/samuel/ros2_humble/workspaces/project1_ws/install/turtlesim/include/turtlesim/turtlesim/srv/detail/spawn__type_support.cpp
[1.866s] -- Up-to-date: /home/samuel/ros2_humble/workspaces/project1_ws/install/turtlesim/include/turtlesim/turtlesim/srv/detail/kill__type_support.cpp
[1.866s] -- Up-to-date: /home/samuel/ros2_humble/workspaces/project1_ws/install/turtlesim/include/turtlesim/turtlesim/srv/detail/teleport_relative__rosidl_typesupport_introspection_cpp.hpp
[1.866s] -- Up-to-date: /home/samuel/ros2_humble/workspaces/project1_ws/install/turtlesim/include/turtlesim/turtlesim/srv/detail/kill__rosidl_typesupport_introspection_cpp.hpp
[1.866s] -- Up-to-date: /home/samuel/ros2_humble/workspaces/project1_ws/install/turtlesim/include/turtlesim/turtlesim/srv/detail/teleport_absolute__type_support.cpp
[1.866s] -- Up-to-date: /home/samuel/ros2_humble/workspaces/project1_ws/install/turtlesim/include/turtlesim/turtlesim/srv/detail/teleport_absolute__rosidl_typesupport_introspection_cpp.hpp
[1.867s] -- Up-to-date: /home/samuel/ros2_humble/workspaces/project1_ws/install/turtlesim/include/turtlesim/turtlesim/srv/detail/spawn__rosidl_typesupport_introspection_cpp.hpp
[1.867s] -- Up-to-date: /home/samuel/ros2_humble/workspaces/project1_ws/install/turtlesim/include/turtlesim/turtlesim/srv/detail/set_pen__rosidl_typesupport_introspection_cpp.hpp
[1.867s] -- Up-to-date: /home/samuel/ros2_humble/workspaces/project1_ws/install/turtlesim/include/turtlesim/turtlesim/srv/detail/set_pen__type_support.cpp
[1.867s] -- Up-to-date: /home/samuel/ros2_humble/workspaces/project1_ws/install/turtlesim/include/turtlesim/turtlesim/action
[1.867s] -- Up-to-date: /home/samuel/ros2_humble/workspaces/project1_ws/install/turtlesim/include/turtlesim/turtlesim/action/detail
[1.867s] -- Up-to-date: /home/samuel/ros2_humble/workspaces/project1_ws/install/turtlesim/include/turtlesim/turtlesim/action/detail/rotate_absolute__rosidl_typesupport_introspection_cpp.hpp
[1.867s] -- Up-to-date: /home/samuel/ros2_humble/workspaces/project1_ws/install/turtlesim/include/turtlesim/turtlesim/action/detail/rotate_absolute__type_support.cpp
[1.867s] -- Up-to-date: /home/samuel/ros2_humble/workspaces/project1_ws/install/turtlesim/include/turtlesim/turtlesim/msg
[1.867s] -- Up-to-date: /home/samuel/ros2_humble/workspaces/project1_ws/install/turtlesim/include/turtlesim/turtlesim/msg/detail
[1.867s] -- Up-to-date: /home/samuel/ros2_humble/workspaces/project1_ws/install/turtlesim/include/turtlesim/turtlesim/msg/detail/color__rosidl_typesupport_introspection_cpp.hpp
[1.867s] -- Up-to-date: /home/samuel/ros2_humble/workspaces/project1_ws/install/turtlesim/include/turtlesim/turtlesim/msg/detail/pose__type_support.cpp
[1.867s] -- Up-to-date: /home/samuel/ros2_humble/workspaces/project1_ws/install/turtlesim/include/turtlesim/turtlesim/msg/detail/color__type_support.cpp
[1.868s] -- Up-to-date: /home/samuel/ros2_humble/workspaces/project1_ws/install/turtlesim/include/turtlesim/turtlesim/msg/detail/pose__rosidl_typesupport_introspection_cpp.hpp
[1.868s] -- Up-to-date: /home/samuel/ros2_humble/workspaces/project1_ws/install/turtlesim/lib/libturtlesim__rosidl_typesupport_introspection_cpp.so
[1.868s] -- Up-to-date: /home/samuel/ros2_humble/workspaces/project1_ws/install/turtlesim/lib/libturtlesim__rosidl_typesupport_cpp.so
[1.868s] -- Up-to-date: /home/samuel/ros2_humble/workspaces/project1_ws/install/turtlesim/share/turtlesim/environment/pythonpath.sh
[1.868s] -- Up-to-date: /home/samuel/ros2_humble/workspaces/project1_ws/install/turtlesim/share/turtlesim/environment/pythonpath.dsv
[1.868s] -- Up-to-date: /home/samuel/ros2_humble/workspaces/project1_ws/install/turtlesim/local/lib/python3.10/dist-packages/turtlesim-1.4.2-py3.10.egg-info
[1.868s] -- Installing: /home/samuel/ros2_humble/workspaces/project1_ws/install/turtlesim/local/lib/python3.10/dist-packages/turtlesim-1.4.2-py3.10.egg-info/top_level.txt
[1.868s] -- Installing: /home/samuel/ros2_humble/workspaces/project1_ws/install/turtlesim/local/lib/python3.10/dist-packages/turtlesim-1.4.2-py3.10.egg-info/dependency_links.txt
[1.868s] -- Installing: /home/samuel/ros2_humble/workspaces/project1_ws/install/turtlesim/local/lib/python3.10/dist-packages/turtlesim-1.4.2-py3.10.egg-info/PKG-INFO
[1.868s] -- Installing: /home/samuel/ros2_humble/workspaces/project1_ws/install/turtlesim/local/lib/python3.10/dist-packages/turtlesim-1.4.2-py3.10.egg-info/SOURCES.txt
[1.868s] -- Up-to-date: /home/samuel/ros2_humble/workspaces/project1_ws/install/turtlesim/local/lib/python3.10/dist-packages/turtlesim
[1.868s] -- Up-to-date: /home/samuel/ros2_humble/workspaces/project1_ws/install/turtlesim/local/lib/python3.10/dist-packages/turtlesim/srv
[1.869s] -- Up-to-date: /home/samuel/ros2_humble/workspaces/project1_ws/install/turtlesim/local/lib/python3.10/dist-packages/turtlesim/srv/_teleport_relative_s.c
[1.869s] -- Up-to-date: /home/samuel/ros2_humble/workspaces/project1_ws/install/turtlesim/local/lib/python3.10/dist-packages/turtlesim/srv/_teleport_absolute.py
[1.869s] -- Up-to-date: /home/samuel/ros2_humble/workspaces/project1_ws/install/turtlesim/local/lib/python3.10/dist-packages/turtlesim/srv/_kill.py
[1.869s] -- Up-to-date: /home/samuel/ros2_humble/workspaces/project1_ws/install/turtlesim/local/lib/python3.10/dist-packages/turtlesim/srv/_set_pen.py
[1.869s] -- Up-to-date: /home/samuel/ros2_humble/workspaces/project1_ws/install/turtlesim/local/lib/python3.10/dist-packages/turtlesim/srv/_set_pen_s.c
[1.869s] -- Up-to-date: /home/samuel/ros2_humble/workspaces/project1_ws/install/turtlesim/local/lib/python3.10/dist-packages/turtlesim/srv/_teleport_relative.py
[1.869s] -- Up-to-date: /home/samuel/ros2_humble/workspaces/project1_ws/install/turtlesim/local/lib/python3.10/dist-packages/turtlesim/srv/__init__.py
[1.869s] -- Up-to-date: /home/samuel/ros2_humble/workspaces/project1_ws/install/turtlesim/local/lib/python3.10/dist-packages/turtlesim/srv/_spawn.py
[1.869s] -- Up-to-date: /home/samuel/ros2_humble/workspaces/project1_ws/install/turtlesim/local/lib/python3.10/dist-packages/turtlesim/srv/_spawn_s.c
[1.869s] -- Up-to-date: /home/samuel/ros2_humble/workspaces/project1_ws/install/turtlesim/local/lib/python3.10/dist-packages/turtlesim/srv/_kill_s.c
[1.869s] -- Up-to-date: /home/samuel/ros2_humble/workspaces/project1_ws/install/turtlesim/local/lib/python3.10/dist-packages/turtlesim/srv/_teleport_absolute_s.c
[1.869s] -- Up-to-date: /home/samuel/ros2_humble/workspaces/project1_ws/install/turtlesim/local/lib/python3.10/dist-packages/turtlesim/action
[1.870s] -- Up-to-date: /home/samuel/ros2_humble/workspaces/project1_ws/install/turtlesim/local/lib/python3.10/dist-packages/turtlesim/action/_rotate_absolute.py
[1.870s] -- Up-to-date: /home/samuel/ros2_humble/workspaces/project1_ws/install/turtlesim/local/lib/python3.10/dist-packages/turtlesim/action/__init__.py
[1.870s] -- Up-to-date: /home/samuel/ros2_humble/workspaces/project1_ws/install/turtlesim/local/lib/python3.10/dist-packages/turtlesim/action/_rotate_absolute_s.c
[1.870s] -- Up-to-date: /home/samuel/ros2_humble/workspaces/project1_ws/install/turtlesim/local/lib/python3.10/dist-packages/turtlesim/turtlesim_s__rosidl_typesupport_fastrtps_c.cpython-310-x86_64-linux-gnu.so
[1.870s] -- Up-to-date: /home/samuel/ros2_humble/workspaces/project1_ws/install/turtlesim/local/lib/python3.10/dist-packages/turtlesim/turtlesim_s__rosidl_typesupport_c.cpython-310-x86_64-linux-gnu.so
[1.870s] -- Up-to-date: /home/samuel/ros2_humble/workspaces/project1_ws/install/turtlesim/local/lib/python3.10/dist-packages/turtlesim/libturtlesim__rosidl_generator_py.so
[1.870s] -- Up-to-date: /home/samuel/ros2_humble/workspaces/project1_ws/install/turtlesim/local/lib/python3.10/dist-packages/turtlesim/msg
[1.870s] -- Up-to-date: /home/samuel/ros2_humble/workspaces/project1_ws/install/turtlesim/local/lib/python3.10/dist-packages/turtlesim/msg/_color.py
[1.870s] -- Up-to-date: /home/samuel/ros2_humble/workspaces/project1_ws/install/turtlesim/local/lib/python3.10/dist-packages/turtlesim/msg/_pose_s.c
[1.870s] -- Up-to-date: /home/samuel/ros2_humble/workspaces/project1_ws/install/turtlesim/local/lib/python3.10/dist-packages/turtlesim/msg/_pose.py
[1.870s] -- Up-to-date: /home/samuel/ros2_humble/workspaces/project1_ws/install/turtlesim/local/lib/python3.10/dist-packages/turtlesim/msg/_color_s.c
[1.870s] -- Up-to-date: /home/samuel/ros2_humble/workspaces/project1_ws/install/turtlesim/local/lib/python3.10/dist-packages/turtlesim/msg/__init__.py
[1.871s] -- Up-to-date: /home/samuel/ros2_humble/workspaces/project1_ws/install/turtlesim/local/lib/python3.10/dist-packages/turtlesim/_turtlesim_s.ep.rosidl_typesupport_introspection_c.c
[1.871s] -- Up-to-date: /home/samuel/ros2_humble/workspaces/project1_ws/install/turtlesim/local/lib/python3.10/dist-packages/turtlesim/__init__.py
[1.871s] -- Up-to-date: /home/samuel/ros2_humble/workspaces/project1_ws/install/turtlesim/local/lib/python3.10/dist-packages/turtlesim/_turtlesim_s.ep.rosidl_typesupport_fastrtps_c.c
[1.871s] -- Up-to-date: /home/samuel/ros2_humble/workspaces/project1_ws/install/turtlesim/local/lib/python3.10/dist-packages/turtlesim/_turtlesim_s.ep.rosidl_typesupport_c.c
[1.871s] -- Up-to-date: /home/samuel/ros2_humble/workspaces/project1_ws/install/turtlesim/local/lib/python3.10/dist-packages/turtlesim/turtlesim_s__rosidl_typesupport_introspection_c.cpython-310-x86_64-linux-gnu.so
[1.991s] Listing '/home/samuel/ros2_humble/workspaces/project1_ws/install/turtlesim/local/lib/python3.10/dist-packages/turtlesim'...
[1.991s] Listing '/home/samuel/ros2_humble/workspaces/project1_ws/install/turtlesim/local/lib/python3.10/dist-packages/turtlesim/action'...
[1.991s] Listing '/home/samuel/ros2_humble/workspaces/project1_ws/install/turtlesim/local/lib/python3.10/dist-packages/turtlesim/msg'...
[1.991s] Listing '/home/samuel/ros2_humble/workspaces/project1_ws/install/turtlesim/local/lib/python3.10/dist-packages/turtlesim/srv'...
[1.995s] -- Up-to-date: /home/samuel/ros2_humble/workspaces/project1_ws/install/turtlesim/local/lib/python3.10/dist-packages/turtlesim/turtlesim_s__rosidl_typesupport_introspection_c.cpython-310-x86_64-linux-gnu.so
[1.995s] -- Up-to-date: /home/samuel/ros2_humble/workspaces/project1_ws/install/turtlesim/local/lib/python3.10/dist-packages/turtlesim/turtlesim_s__rosidl_typesupport_fastrtps_c.cpython-310-x86_64-linux-gnu.so
[1.995s] -- Up-to-date: /home/samuel/ros2_humble/workspaces/project1_ws/install/turtlesim/local/lib/python3.10/dist-packages/turtlesim/turtlesim_s__rosidl_typesupport_c.cpython-310-x86_64-linux-gnu.so
[1.996s] -- Up-to-date: /home/samuel/ros2_humble/workspaces/project1_ws/install/turtlesim/lib/libturtlesim__rosidl_generator_py.so
[1.996s] -- Up-to-date: /home/samuel/ros2_humble/workspaces/project1_ws/install/turtlesim/share/turtlesim/action/RotateAbsolute.idl
[1.996s] -- Up-to-date: /home/samuel/ros2_humble/workspaces/project1_ws/install/turtlesim/share/turtlesim/msg/Color.idl
[1.996s] -- Up-to-date: /home/samuel/ros2_humble/workspaces/project1_ws/install/turtlesim/share/turtlesim/msg/Pose.idl
[1.996s] -- Up-to-date: /home/samuel/ros2_humble/workspaces/project1_ws/install/turtlesim/share/turtlesim/srv/Kill.idl
[1.996s] -- Up-to-date: /home/samuel/ros2_humble/workspaces/project1_ws/install/turtlesim/share/turtlesim/srv/SetPen.idl
[1.997s] -- Up-to-date: /home/samuel/ros2_humble/workspaces/project1_ws/install/turtlesim/share/turtlesim/srv/Spawn.idl
[1.997s] -- Up-to-date: /home/samuel/ros2_humble/workspaces/project1_ws/install/turtlesim/share/turtlesim/srv/TeleportAbsolute.idl
[1.997s] -- Up-to-date: /home/samuel/ros2_humble/workspaces/project1_ws/install/turtlesim/share/turtlesim/srv/TeleportRelative.idl
[1.997s] -- Up-to-date: /home/samuel/ros2_humble/workspaces/project1_ws/install/turtlesim/share/turtlesim/action/RotateAbsolute.action
[1.997s] -- Up-to-date: /home/samuel/ros2_humble/workspaces/project1_ws/install/turtlesim/share/turtlesim/msg/Color.msg
[1.997s] -- Up-to-date: /home/samuel/ros2_humble/workspaces/project1_ws/install/turtlesim/share/turtlesim/msg/Pose.msg
[1.997s] -- Up-to-date: /home/samuel/ros2_humble/workspaces/project1_ws/install/turtlesim/share/turtlesim/srv/Kill.srv
[1.997s] -- Up-to-date: /home/samuel/ros2_humble/workspaces/project1_ws/install/turtlesim/share/turtlesim/srv/Kill_Request.msg
[1.997s] -- Up-to-date: /home/samuel/ros2_humble/workspaces/project1_ws/install/turtlesim/share/turtlesim/srv/Kill_Response.msg
[1.998s] -- Up-to-date: /home/samuel/ros2_humble/workspaces/project1_ws/install/turtlesim/share/turtlesim/srv/SetPen.srv
[1.998s] -- Up-to-date: /home/samuel/ros2_humble/workspaces/project1_ws/install/turtlesim/share/turtlesim/srv/SetPen_Request.msg
[1.998s] -- Up-to-date: /home/samuel/ros2_humble/workspaces/project1_ws/install/turtlesim/share/turtlesim/srv/SetPen_Response.msg
[1.998s] -- Up-to-date: /home/samuel/ros2_humble/workspaces/project1_ws/install/turtlesim/share/turtlesim/srv/Spawn.srv
[1.998s] -- Up-to-date: /home/samuel/ros2_humble/workspaces/project1_ws/install/turtlesim/share/turtlesim/srv/Spawn_Request.msg
[1.998s] -- Up-to-date: /home/samuel/ros2_humble/workspaces/project1_ws/install/turtlesim/share/turtlesim/srv/Spawn_Response.msg
[1.998s] -- Up-to-date: /home/samuel/ros2_humble/workspaces/project1_ws/install/turtlesim/share/turtlesim/srv/TeleportAbsolute.srv
[1.998s] -- Up-to-date: /home/samuel/ros2_humble/workspaces/project1_ws/install/turtlesim/share/turtlesim/srv/TeleportAbsolute_Request.msg
[1.998s] -- Up-to-date: /home/samuel/ros2_humble/workspaces/project1_ws/install/turtlesim/share/turtlesim/srv/TeleportAbsolute_Response.msg
[1.998s] -- Up-to-date: /home/samuel/ros2_humble/workspaces/project1_ws/install/turtlesim/share/turtlesim/srv/TeleportRelative.srv
[1.998s] -- Up-to-date: /home/samuel/ros2_humble/workspaces/project1_ws/install/turtlesim/share/turtlesim/srv/TeleportRelative_Request.msg
[1.999s] -- Up-to-date: /home/samuel/ros2_humble/workspaces/project1_ws/install/turtlesim/share/turtlesim/srv/TeleportRelative_Response.msg
[1.999s] -- Up-to-date: /home/samuel/ros2_humble/workspaces/project1_ws/install/turtlesim/lib/turtlesim/turtlesim_node
[1.999s] -- Up-to-date: /home/samuel/ros2_humble/workspaces/project1_ws/install/turtlesim/lib/turtlesim/turtle_teleop_key
[1.999s] -- Up-to-date: /home/samuel/ros2_humble/workspaces/project1_ws/install/turtlesim/lib/turtlesim/draw_square
[1.999s] -- Up-to-date: /home/samuel/ros2_humble/workspaces/project1_ws/install/turtlesim/lib/turtlesim/mimic
[1.999s] -- Up-to-date: /home/samuel/ros2_humble/workspaces/project1_ws/install/turtlesim/share/turtlesim/images
[1.999s] -- Up-to-date: /home/samuel/ros2_humble/workspaces/project1_ws/install/turtlesim/share/turtlesim/images/eloquent.png
[1.999s] -- Up-to-date: /home/samuel/ros2_humble/workspaces/project1_ws/install/turtlesim/share/turtlesim/images/ardent.png
[2.000s] -- Up-to-date: /home/samuel/ros2_humble/workspaces/project1_ws/install/turtlesim/share/turtlesim/images/humble.png
[2.000s] -- Up-to-date: /home/samuel/ros2_humble/workspaces/project1_ws/install/turtlesim/share/turtlesim/images/foxy.png
[2.000s] -- Up-to-date: /home/samuel/ros2_humble/workspaces/project1_ws/install/turtlesim/share/turtlesim/images/crystal.png
[2.000s] -- Up-to-date: /home/samuel/ros2_humble/workspaces/project1_ws/install/turtlesim/share/turtlesim/images/rolling.png
[2.000s] -- Up-to-date: /home/samuel/ros2_humble/workspaces/project1_ws/install/turtlesim/share/turtlesim/images/galactic.png
[2.000s] -- Up-to-date: /home/samuel/ros2_humble/workspaces/project1_ws/install/turtlesim/share/turtlesim/images/dashing.png
[2.000s] -- Up-to-date: /home/samuel/ros2_humble/workspaces/project1_ws/install/turtlesim/share/turtlesim/images/bouncy.png
[2.001s] -- Up-to-date: /home/samuel/ros2_humble/workspaces/project1_ws/install/turtlesim/share/turtlesim/launch
[2.001s] -- Up-to-date: /home/samuel/ros2_humble/workspaces/project1_ws/install/turtlesim/share/turtlesim/launch/multisim.launch.py
[2.001s] -- Up-to-date: /home/samuel/ros2_humble/workspaces/project1_ws/install/turtlesim/share/ament_index/resource_index/package_run_dependencies/turtlesim
[2.001s] -- Up-to-date: /home/samuel/ros2_humble/workspaces/project1_ws/install/turtlesim/share/ament_index/resource_index/parent_prefix_path/turtlesim
[2.001s] -- Up-to-date: /home/samuel/ros2_humble/workspaces/project1_ws/install/turtlesim/share/turtlesim/environment/ament_prefix_path.dsv
[2.001s] -- Up-to-date: /home/samuel/ros2_humble/workspaces/project1_ws/install/turtlesim/share/turtlesim/environment/path.dsv
[2.001s] -- Up-to-date: /home/samuel/ros2_humble/workspaces/project1_ws/install/turtlesim/share/turtlesim/local_setup.bash
[2.001s] -- Up-to-date: /home/samuel/ros2_humble/workspaces/project1_ws/install/turtlesim/share/turtlesim/local_setup.sh
[2.001s] -- Up-to-date: /home/samuel/ros2_humble/workspaces/project1_ws/install/turtlesim/share/turtlesim/local_setup.zsh
[2.001s] -- Up-to-date: /home/samuel/ros2_humble/workspaces/project1_ws/install/turtlesim/share/turtlesim/local_setup.dsv
[2.001s] -- Installing: /home/samuel/ros2_humble/workspaces/project1_ws/install/turtlesim/share/turtlesim/package.dsv
[2.001s] -- Up-to-date: /home/samuel/ros2_humble/workspaces/project1_ws/install/turtlesim/share/ament_index/resource_index/packages/turtlesim
[2.002s] -- Up-to-date: /home/samuel/ros2_humble/workspaces/project1_ws/install/turtlesim/share/turtlesim/cmake/export_turtlesim__rosidl_generator_cExport.cmake
[2.002s] -- Up-to-date: /home/samuel/ros2_humble/workspaces/project1_ws/install/turtlesim/share/turtlesim/cmake/export_turtlesim__rosidl_generator_cExport-noconfig.cmake
[2.002s] -- Up-to-date: /home/samuel/ros2_humble/workspaces/project1_ws/install/turtlesim/share/turtlesim/cmake/export_turtlesim__rosidl_typesupport_fastrtps_cExport.cmake
[2.002s] -- Up-to-date: /home/samuel/ros2_humble/workspaces/project1_ws/install/turtlesim/share/turtlesim/cmake/export_turtlesim__rosidl_typesupport_fastrtps_cExport-noconfig.cmake
[2.002s] -- Up-to-date: /home/samuel/ros2_humble/workspaces/project1_ws/install/turtlesim/share/turtlesim/cmake/export_turtlesim__rosidl_generator_cppExport.cmake
[2.002s] -- Up-to-date: /home/samuel/ros2_humble/workspaces/project1_ws/install/turtlesim/share/turtlesim/cmake/export_turtlesim__rosidl_typesupport_fastrtps_cppExport.cmake
[2.002s] -- Up-to-date: /home/samuel/ros2_humble/workspaces/project1_ws/install/turtlesim/share/turtlesim/cmake/export_turtlesim__rosidl_typesupport_fastrtps_cppExport-noconfig.cmake
[2.003s] -- Up-to-date: /home/samuel/ros2_humble/workspaces/project1_ws/install/turtlesim/share/turtlesim/cmake/turtlesim__rosidl_typesupport_introspection_cExport.cmake
[2.003s] -- Up-to-date: /home/samuel/ros2_humble/workspaces/project1_ws/install/turtlesim/share/turtlesim/cmake/turtlesim__rosidl_typesupport_introspection_cExport-noconfig.cmake
[2.004s] -- Up-to-date: /home/samuel/ros2_humble/workspaces/project1_ws/install/turtlesim/share/turtlesim/cmake/turtlesim__rosidl_typesupport_cExport.cmake
[2.005s] -- Up-to-date: /home/samuel/ros2_humble/workspaces/project1_ws/install/turtlesim/share/turtlesim/cmake/turtlesim__rosidl_typesupport_cExport-noconfig.cmake
[2.005s] -- Up-to-date: /home/samuel/ros2_humble/workspaces/project1_ws/install/turtlesim/share/turtlesim/cmake/turtlesim__rosidl_typesupport_introspection_cppExport.cmake
[2.005s] -- Up-to-date: /home/samuel/ros2_humble/workspaces/project1_ws/install/turtlesim/share/turtlesim/cmake/turtlesim__rosidl_typesupport_introspection_cppExport-noconfig.cmake
[2.005s] -- Up-to-date: /home/samuel/ros2_humble/workspaces/project1_ws/install/turtlesim/share/turtlesim/cmake/turtlesim__rosidl_typesupport_cppExport.cmake
[2.005s] -- Up-to-date: /home/samuel/ros2_humble/workspaces/project1_ws/install/turtlesim/share/turtlesim/cmake/turtlesim__rosidl_typesupport_cppExport-noconfig.cmake
[2.005s] -- Up-to-date: /home/samuel/ros2_humble/workspaces/project1_ws/install/turtlesim/share/turtlesim/cmake/export_turtlesim__rosidl_generator_pyExport.cmake
[2.005s] -- Up-to-date: /home/samuel/ros2_humble/workspaces/project1_ws/install/turtlesim/share/turtlesim/cmake/export_turtlesim__rosidl_generator_pyExport-noconfig.cmake
[2.006s] -- Up-to-date: /home/samuel/ros2_humble/workspaces/project1_ws/install/turtlesim/share/turtlesim/cmake/rosidl_cmake-extras.cmake
[2.006s] -- Up-to-date: /home/samuel/ros2_humble/workspaces/project1_ws/install/turtlesim/share/turtlesim/cmake/ament_cmake_export_dependencies-extras.cmake
[2.007s] -- Up-to-date: /home/samuel/ros2_humble/workspaces/project1_ws/install/turtlesim/share/turtlesim/cmake/ament_cmake_export_include_directories-extras.cmake
[2.007s] -- Up-to-date: /home/samuel/ros2_humble/workspaces/project1_ws/install/turtlesim/share/turtlesim/cmake/ament_cmake_export_libraries-extras.cmake
[2.009s] -- Up-to-date: /home/samuel/ros2_humble/workspaces/project1_ws/install/turtlesim/share/turtlesim/cmake/ament_cmake_export_targets-extras.cmake
[2.009s] -- Up-to-date: /home/samuel/ros2_humble/workspaces/project1_ws/install/turtlesim/share/turtlesim/cmake/rosidl_cmake_export_typesupport_targets-extras.cmake
[2.009s] -- Up-to-date: /home/samuel/ros2_humble/workspaces/project1_ws/install/turtlesim/share/turtlesim/cmake/rosidl_cmake_export_typesupport_libraries-extras.cmake
[2.009s] -- Up-to-date: /home/samuel/ros2_humble/workspaces/project1_ws/install/turtlesim/share/turtlesim/cmake/turtlesimConfig.cmake
[2.010s] -- Up-to-date: /home/samuel/ros2_humble/workspaces/project1_ws/install/turtlesim/share/turtlesim/cmake/turtlesimConfig-version.cmake
[2.010s] -- Up-to-date: /home/samuel/ros2_humble/workspaces/project1_ws/install/turtlesim/share/turtlesim/package.xml
[2.010s] Invoked command in '/home/samuel/ros2_humble/workspaces/project1_ws/build/turtlesim' returned '0': CMAKE_PREFIX_PATH=${CMAKE_PREFIX_PATH}:/home/samuel/ros2_humble/workspaces/project1_ws/install/py_pubsub:/home/samuel/ros2_humble/workspaces/project1_ws/install/my_package:/home/samuel/ros2_humble/workspaces/project1_ws/install/project1_pubsub:/home/samuel/ros2_humble/workspaces/project1_ws/src/install/project1_pubsub:/home/samuel/ros2_humble/install/rqt_bag_plugins:/home/samuel/ros2_humble/install/rqt_bag:/home/samuel/ros2_humble/install/ros2bag:/home/samuel/ros2_humble/install/tracetools_test:/home/samuel/ros2_humble/install/tracetools_launch:/home/samuel/ros2_humble/install/topic_monitor:/home/samuel/ros2_humble/install/tf2_tools:/home/samuel/ros2_humble/install/examples_tf2_py:/home/samuel/ros2_humble/install/tf2_ros_py:/home/samuel/ros2_humble/install/sros2:/home/samuel/ros2_humble/install/rqt_topic:/home/samuel/ros2_humble/install/rqt_srv:/home/samuel/ros2_humble/install/rqt_shell:/home/samuel/ros2_humble/install/rqt_service_caller:/home/samuel/ros2_humble/install/rqt_reconfigure:/home/samuel/ros2_humble/install/rqt_py_console:/home/samuel/ros2_humble/install/rqt_publisher:/home/samuel/ros2_humble/install/rqt_plot:/home/samuel/ros2_humble/install/rqt_action:/home/samuel/ros2_humble/install/rqt_msg:/home/samuel/ros2_humble/install/rqt_console:/home/samuel/ros2_humble/install/rqt:/home/samuel/ros2_humble/install/rqt_graph:/home/samuel/ros2_humble/install/rqt_gui_py:/home/samuel/ros2_humble/install/rqt_gui:/home/samuel/ros2_humble/install/ros2trace:/home/samuel/ros2_humble/install/ros2topic:/home/samuel/ros2_humble/install/ros2test:/home/samuel/ros2_humble/install/ros2component:/home/samuel/ros2_humble/install/ros2param:/home/samuel/ros2_humble/install/ros2lifecycle:/home/samuel/ros2_humble/install/ros2service:/home/samuel/ros2_humble/install/ros2run:/home/samuel/ros2_humble/install/ros2launch:/home/samuel/ros2_humble/install/ros2pkg:/home/samuel/ros2_humble/install/ros2node:/home/samuel/ros2_humble/install/ros2multicast:/home/samuel/ros2_humble/install/ros2interface:/home/samuel/ros2_humble/install/ros2doctor:/home/samuel/ros2_humble/install/ros2action:/home/samuel/ros2_humble/install/ros2cli:/home/samuel/ros2_humble/install/quality_of_service_demo_py:/home/samuel/ros2_humble/install/lifecycle_py:/home/samuel/ros2_humble/install/launch_testing_ros:/home/samuel/ros2_humble/install/launch_ros:/home/samuel/ros2_humble/install/examples_rclpy_pointcloud_publisher:/home/samuel/ros2_humble/install/examples_rclpy_minimal_subscriber:/home/samuel/ros2_humble/install/examples_rclpy_minimal_service:/home/samuel/ros2_humble/install/examples_rclpy_minimal_publisher:/home/samuel/ros2_humble/install/examples_rclpy_minimal_client:/home/samuel/ros2_humble/install/examples_rclpy_minimal_action_server:/home/samuel/ros2_humble/install/examples_rclpy_minimal_action_client:/home/samuel/ros2_humble/install/examples_rclpy_guard_conditions:/home/samuel/ros2_humble/install/examples_rclpy_executors:/home/samuel/ros2_humble/install/demo_nodes_py:/home/samuel/ros2_humble/install/action_tutorials_py:/home/samuel/ros2_humble/install/ament_uncrustify:/home/samuel/ros2_humble/install/tracetools_trace:/home/samuel/ros2_humble/install/tracetools_read:/home/samuel/ros2_humble/install/test_tracetools_launch:/home/samuel/ros2_humble/install/test_launch_ros:/home/samuel/ros2_humble/install/sensor_msgs_py:/home/samuel/ros2_humble/install/rpyutils:/home/samuel/ros2_humble/install/rosidl_runtime_py:/home/samuel/ros2_humble/install/rosidl_cli:/home/samuel/ros2_humble/install/launch_pytest:/home/samuel/ros2_humble/install/launch_testing:/home/samuel/ros2_humble/install/launch_yaml:/home/samuel/ros2_humble/install/launch_xml:/home/samuel/ros2_humble/install/launch:/home/samuel/ros2_humble/install/osrf_pycommon:/home/samuel/ros2_humble/install/launch_testing_examples:/home/samuel/ros2_humble/install/domain_coordinator:/home/samuel/ros2_humble/install/ament_xmllint:/home/samuel/ros2_humble/install/ament_pyflakes:/home/samuel/ros2_humble/install/ament_pycodestyle:/home/samuel/ros2_humble/install/ament_pep257:/home/samuel/ros2_humble/install/ament_pclint:/home/samuel/ros2_humble/install/ament_package:/home/samuel/ros2_humble/install/ament_mypy:/home/samuel/ros2_humble/install/ament_lint_cmake:/home/samuel/ros2_humble/install/ament_flake8:/home/samuel/ros2_humble/install/ament_copyright:/home/samuel/ros2_humble/install/ament_lint:/home/samuel/ros2_humble/install/ament_index_python:/home/samuel/ros2_humble/install/ament_cpplint:/home/samuel/ros2_humble/install/ament_cppcheck:/home/samuel/ros2_humble/install/ament_clang_tidy:/home/samuel/ros2_humble/install/ament_clang_format /usr/bin/cmake --install /home/samuel/ros2_humble/workspaces/project1_ws/build/turtlesim
