[1.332s] Invoking command in '/home/samuel/ros2_humble/workspaces/project2_ws/src/project2_tam': PYTHONPATH=/home/samuel/ros2_humble/workspaces/project2_ws/src/project2_tam/build/project2_tam/prefix_override:/home/samuel/ros2_humble/workspaces/project2_ws/src/project2_tam/install/project2_tam/lib/python3.10/site-packages:${PYTHONPATH} /usr/bin/python3 setup.py egg_info --egg-base build/project2_tam build --build-base /home/samuel/ros2_humble/workspaces/project2_ws/src/project2_tam/build/project2_tam/build install --record /home/samuel/ros2_humble/workspaces/project2_ws/src/project2_tam/build/project2_tam/install.log --single-version-externally-managed
[1.733s] running egg_info
[1.734s] writing build/project2_tam/project2_tam.egg-info/PKG-INFO
[1.734s] writing dependency_links to build/project2_tam/project2_tam.egg-info/dependency_links.txt
[1.734s] writing entry points to build/project2_tam/project2_tam.egg-info/entry_points.txt
[1.735s] writing requirements to build/project2_tam/project2_tam.egg-info/requires.txt
[1.735s] writing top-level names to build/project2_tam/project2_tam.egg-info/top_level.txt
[1.736s] reading manifest file 'build/project2_tam/project2_tam.egg-info/SOURCES.txt'
[1.737s] writing manifest file 'build/project2_tam/project2_tam.egg-info/SOURCES.txt'
[1.737s] running build
[1.737s] running build_py
[1.737s] running install
[1.737s] /usr/lib/python3/dist-packages/setuptools/command/install.py:34: SetuptoolsDeprecationWarning: setup.py install is deprecated. Use build and pip and other standards-based tools.
[1.738s]   warnings.warn(
[1.738s] running install_lib
[1.740s] running install_data
[1.741s] running install_egg_info
[1.744s] removing '/home/samuel/ros2_humble/workspaces/project2_ws/src/project2_tam/install/project2_tam/lib/python3.10/site-packages/project2_tam-0.0.0-py3.10.egg-info' (and everything under it)
[1.744s] Copying build/project2_tam/project2_tam.egg-info to /home/samuel/ros2_humble/workspaces/project2_ws/src/project2_tam/install/project2_tam/lib/python3.10/site-packages/project2_tam-0.0.0-py3.10.egg-info
[1.745s] running install_scripts
[1.780s] Installing background script to /home/samuel/ros2_humble/workspaces/project2_ws/src/project2_tam/install/project2_tam/lib/project2_tam
[1.781s] Installing project2 script to /home/samuel/ros2_humble/workspaces/project2_ws/src/project2_tam/install/project2_tam/lib/project2_tam
[1.781s] Installing tam_logo script to /home/samuel/ros2_humble/workspaces/project2_ws/src/project2_tam/install/project2_tam/lib/project2_tam
[1.781s] writing list of installed files to '/home/samuel/ros2_humble/workspaces/project2_ws/src/project2_tam/build/project2_tam/install.log'
[1.798s] Invoked command in '/home/samuel/ros2_humble/workspaces/project2_ws/src/project2_tam' returned '0': PYTHONPATH=/home/samuel/ros2_humble/workspaces/project2_ws/src/project2_tam/build/project2_tam/prefix_override:/home/samuel/ros2_humble/workspaces/project2_ws/src/project2_tam/install/project2_tam/lib/python3.10/site-packages:${PYTHONPATH} /usr/bin/python3 setup.py egg_info --egg-base build/project2_tam build --build-base /home/samuel/ros2_humble/workspaces/project2_ws/src/project2_tam/build/project2_tam/build install --record /home/samuel/ros2_humble/workspaces/project2_ws/src/project2_tam/build/project2_tam/install.log --single-version-externally-managed
