[0.492s] Invoking command in '/home/samuel/ros2_humble/workspaces/project1_ws/build/turtlesim': CMAKE_PREFIX_PATH=${CMAKE_PREFIX_PATH}:/home/samuel/ros2_humble/workspaces/project1_ws/install/py_pubsub:/home/samuel/ros2_humble/workspaces/project1_ws/install/my_package:/home/samuel/ros2_humble/workspaces/project1_ws/install/project1_pubsub:/home/samuel/ros2_humble/workspaces/project1_ws/src/install/project1_pubsub:/home/samuel/ros2_humble/install/rqt_bag_plugins:/home/samuel/ros2_humble/install/rqt_bag:/home/samuel/ros2_humble/install/ros2bag:/home/samuel/ros2_humble/install/tracetools_test:/home/samuel/ros2_humble/install/tracetools_launch:/home/samuel/ros2_humble/install/topic_monitor:/home/samuel/ros2_humble/install/tf2_tools:/home/samuel/ros2_humble/install/examples_tf2_py:/home/samuel/ros2_humble/install/tf2_ros_py:/home/samuel/ros2_humble/install/sros2:/home/samuel/ros2_humble/install/rqt_topic:/home/samuel/ros2_humble/install/rqt_srv:/home/samuel/ros2_humble/install/rqt_shell:/home/samuel/ros2_humble/install/rqt_service_caller:/home/samuel/ros2_humble/install/rqt_reconfigure:/home/samuel/ros2_humble/install/rqt_py_console:/home/samuel/ros2_humble/install/rqt_publisher:/home/samuel/ros2_humble/install/rqt_plot:/home/samuel/ros2_humble/install/rqt_action:/home/samuel/ros2_humble/install/rqt_msg:/home/samuel/ros2_humble/install/rqt_console:/home/samuel/ros2_humble/install/rqt:/home/samuel/ros2_humble/install/rqt_graph:/home/samuel/ros2_humble/install/rqt_gui_py:/home/samuel/ros2_humble/install/rqt_gui:/home/samuel/ros2_humble/install/ros2trace:/home/samuel/ros2_humble/install/ros2topic:/home/samuel/ros2_humble/install/ros2test:/home/samuel/ros2_humble/install/ros2component:/home/samuel/ros2_humble/install/ros2param:/home/samuel/ros2_humble/install/ros2lifecycle:/home/samuel/ros2_humble/install/ros2service:/home/samuel/ros2_humble/install/ros2run:/home/samuel/ros2_humble/install/ros2launch:/home/samuel/ros2_humble/install/ros2pkg:/home/samuel/ros2_humble/install/ros2node:/home/samuel/ros2_humble/install/ros2multicast:/home/samuel/ros2_humble/install/ros2interface:/home/samuel/ros2_humble/install/ros2doctor:/home/samuel/ros2_humble/install/ros2action:/home/samuel/ros2_humble/install/ros2cli:/home/samuel/ros2_humble/install/quality_of_service_demo_py:/home/samuel/ros2_humble/install/lifecycle_py:/home/samuel/ros2_humble/install/launch_testing_ros:/home/samuel/ros2_humble/install/launch_ros:/home/samuel/ros2_humble/install/examples_rclpy_pointcloud_publisher:/home/samuel/ros2_humble/install/examples_rclpy_minimal_subscriber:/home/samuel/ros2_humble/install/examples_rclpy_minimal_service:/home/samuel/ros2_humble/install/examples_rclpy_minimal_publisher:/home/samuel/ros2_humble/install/examples_rclpy_minimal_client:/home/samuel/ros2_humble/install/examples_rclpy_minimal_action_server:/home/samuel/ros2_humble/install/examples_rclpy_minimal_action_client:/home/samuel/ros2_humble/install/examples_rclpy_guard_conditions:/home/samuel/ros2_humble/install/examples_rclpy_executors:/home/samuel/ros2_humble/install/demo_nodes_py:/home/samuel/ros2_humble/install/action_tutorials_py:/home/samuel/ros2_humble/install/ament_uncrustify:/home/samuel/ros2_humble/install/tracetools_trace:/home/samuel/ros2_humble/install/tracetools_read:/home/samuel/ros2_humble/install/test_tracetools_launch:/home/samuel/ros2_humble/install/test_launch_ros:/home/samuel/ros2_humble/install/sensor_msgs_py:/home/samuel/ros2_humble/install/rpyutils:/home/samuel/ros2_humble/install/rosidl_runtime_py:/home/samuel/ros2_humble/install/rosidl_cli:/home/samuel/ros2_humble/install/launch_pytest:/home/samuel/ros2_humble/install/launch_testing:/home/samuel/ros2_humble/install/launch_yaml:/home/samuel/ros2_humble/install/launch_xml:/home/samuel/ros2_humble/install/launch:/home/samuel/ros2_humble/install/osrf_pycommon:/home/samuel/ros2_humble/install/launch_testing_examples:/home/samuel/ros2_humble/install/domain_coordinator:/home/samuel/ros2_humble/install/ament_xmllint:/home/samuel/ros2_humble/install/ament_pyflakes:/home/samuel/ros2_humble/install/ament_pycodestyle:/home/samuel/ros2_humble/install/ament_pep257:/home/samuel/ros2_humble/install/ament_pclint:/home/samuel/ros2_humble/install/ament_package:/home/samuel/ros2_humble/install/ament_mypy:/home/samuel/ros2_humble/install/ament_lint_cmake:/home/samuel/ros2_humble/install/ament_flake8:/home/samuel/ros2_humble/install/ament_copyright:/home/samuel/ros2_humble/install/ament_lint:/home/samuel/ros2_humble/install/ament_index_python:/home/samuel/ros2_humble/install/ament_cpplint:/home/samuel/ros2_humble/install/ament_cppcheck:/home/samuel/ros2_humble/install/ament_clang_tidy:/home/samuel/ros2_humble/install/ament_clang_format /usr/bin/cmake /home/samuel/ros2_humble/workspaces/project1_ws/src/ros_tutorials/turtlesim -DCMAKE_INSTALL_PREFIX=/home/samuel/ros2_humble/workspaces/project1_ws/install/turtlesim
[0.615s] -- The C compiler identification is GNU 11.4.0
[0.687s] -- The CXX compiler identification is GNU 11.4.0
[0.697s] -- Detecting C compiler ABI info
[0.829s] -- Detecting C compiler ABI info - done
[0.835s] -- Check for working C compiler: /usr/bin/cc - skipped
[0.836s] -- Detecting C compile features
[0.836s] -- Detecting C compile features - done
[0.839s] -- Detecting CXX compiler ABI info
[0.979s] -- Detecting CXX compiler ABI info - done
[0.986s] -- Check for working CXX compiler: /usr/bin/c++ - skipped
[0.986s] -- Detecting CXX compile features
[0.986s] -- Detecting CXX compile features - done
[1.009s] -- Found ament_cmake: 1.3.5 (/home/samuel/ros2_humble/install/ament_cmake/share/ament_cmake/cmake)
[1.674s] -- Found Python3: /usr/bin/python3.10 (found version "3.10.12") found components: Interpreter 
[2.167s] -- Found ament_index_cpp: 1.4.0 (/home/samuel/ros2_humble/install/ament_index_cpp/share/ament_index_cpp/cmake)
[2.179s] -- Found geometry_msgs: 4.2.3 (/home/samuel/ros2_humble/install/geometry_msgs/share/geometry_msgs/cmake)
[2.366s] -- Found rosidl_generator_c: 3.1.5 (/home/samuel/ros2_humble/install/rosidl_generator_c/share/rosidl_generator_c/cmake)
[2.399s] -- Found rosidl_adapter: 3.1.5 (/home/samuel/ros2_humble/install/rosidl_adapter/share/rosidl_adapter/cmake)
[2.438s] -- Found rosidl_generator_cpp: 3.1.5 (/home/samuel/ros2_humble/install/rosidl_generator_cpp/share/rosidl_generator_cpp/cmake)
[2.520s] -- Using all available rosidl_typesupport_c: rosidl_typesupport_introspection_c;rosidl_typesupport_fastrtps_c
[2.620s] -- Using all available rosidl_typesupport_cpp: rosidl_typesupport_introspection_cpp;rosidl_typesupport_fastrtps_cpp
[2.830s] -- Found rclcpp: 16.0.5 (/home/samuel/ros2_humble/install/rclcpp/share/rclcpp/cmake)
[2.999s] -- Found rmw_implementation_cmake: 6.1.1 (/home/samuel/ros2_humble/install/rmw_implementation_cmake/share/rmw_implementation_cmake/cmake)
[3.036s] -- Found rmw_fastrtps_cpp: 6.2.3 (/home/samuel/ros2_humble/install/rmw_fastrtps_cpp/share/rmw_fastrtps_cpp/cmake)
[3.334s] -- Found OpenSSL: /usr/lib/x86_64-linux-gnu/libcrypto.so (found version "3.0.2")  
[3.404s] -- Found FastRTPS: /home/samuel/ros2_humble/install/fastrtps/include  
[3.549s] -- Using RMW implementation 'rmw_fastrtps_cpp' as default
[3.610s] -- Looking for pthread.h
[3.741s] -- Looking for pthread.h - found
[3.742s] -- Performing Test CMAKE_HAVE_LIBC_PTHREAD
[3.879s] -- Performing Test CMAKE_HAVE_LIBC_PTHREAD - Success
[3.880s] -- Found Threads: TRUE  
[4.063s] -- Found rclcpp_action: 16.0.5 (/home/samuel/ros2_humble/install/rclcpp_action/share/rclcpp_action/cmake)
[4.176s] -- Found rosidl_default_generators: 1.2.0 (/home/samuel/ros2_humble/install/rosidl_default_generators/share/rosidl_default_generators/cmake)
[4.281s] -- Found std_srvs: 4.2.3 (/home/samuel/ros2_humble/install/std_srvs/share/std_srvs/cmake)
[5.019s] -- Found ament_cmake_ros: 0.10.0 (/home/samuel/ros2_humble/install/ament_cmake_ros/share/ament_cmake_ros/cmake)
[5.943s] -- Using all available rosidl_typesupport_c: rosidl_typesupport_introspection_c;rosidl_typesupport_fastrtps_c
[6.294s] -- Using all available rosidl_typesupport_cpp: rosidl_typesupport_introspection_cpp;rosidl_typesupport_fastrtps_cpp
[6.369s] -- Found PythonInterp: /usr/bin/python3 (found suitable version "3.10.12", minimum required is "3.6") 
[6.386s] -- Found python_cmake_module: 0.10.0 (/home/samuel/ros2_humble/install/python_cmake_module/share/python_cmake_module/cmake)
[6.476s] -- Found PythonLibs: /usr/lib/x86_64-linux-gnu/libpython3.10.so (found suitable version "3.10.12", minimum required is "3.5") 
[6.477s] -- Using PYTHON_EXECUTABLE: /usr/bin/python3
[6.477s] -- Using PYTHON_INCLUDE_DIRS: /usr/include/python3.10
[6.477s] -- Using PYTHON_LIBRARIES: /usr/lib/x86_64-linux-gnu/libpython3.10.so
[6.549s] -- Found PythonExtra: .so  
[7.337s] -- Configuring done
[7.424s] -- Generating done
[7.427s] -- Build files have been written to: /home/samuel/ros2_humble/workspaces/project1_ws/build/turtlesim
[7.440s] Invoked command in '/home/samuel/ros2_humble/workspaces/project1_ws/build/turtlesim' returned '0': CMAKE_PREFIX_PATH=${CMAKE_PREFIX_PATH}:/home/samuel/ros2_humble/workspaces/project1_ws/install/py_pubsub:/home/samuel/ros2_humble/workspaces/project1_ws/install/my_package:/home/samuel/ros2_humble/workspaces/project1_ws/install/project1_pubsub:/home/samuel/ros2_humble/workspaces/project1_ws/src/install/project1_pubsub:/home/samuel/ros2_humble/install/rqt_bag_plugins:/home/samuel/ros2_humble/install/rqt_bag:/home/samuel/ros2_humble/install/ros2bag:/home/samuel/ros2_humble/install/tracetools_test:/home/samuel/ros2_humble/install/tracetools_launch:/home/samuel/ros2_humble/install/topic_monitor:/home/samuel/ros2_humble/install/tf2_tools:/home/samuel/ros2_humble/install/examples_tf2_py:/home/samuel/ros2_humble/install/tf2_ros_py:/home/samuel/ros2_humble/install/sros2:/home/samuel/ros2_humble/install/rqt_topic:/home/samuel/ros2_humble/install/rqt_srv:/home/samuel/ros2_humble/install/rqt_shell:/home/samuel/ros2_humble/install/rqt_service_caller:/home/samuel/ros2_humble/install/rqt_reconfigure:/home/samuel/ros2_humble/install/rqt_py_console:/home/samuel/ros2_humble/install/rqt_publisher:/home/samuel/ros2_humble/install/rqt_plot:/home/samuel/ros2_humble/install/rqt_action:/home/samuel/ros2_humble/install/rqt_msg:/home/samuel/ros2_humble/install/rqt_console:/home/samuel/ros2_humble/install/rqt:/home/samuel/ros2_humble/install/rqt_graph:/home/samuel/ros2_humble/install/rqt_gui_py:/home/samuel/ros2_humble/install/rqt_gui:/home/samuel/ros2_humble/install/ros2trace:/home/samuel/ros2_humble/install/ros2topic:/home/samuel/ros2_humble/install/ros2test:/home/samuel/ros2_humble/install/ros2component:/home/samuel/ros2_humble/install/ros2param:/home/samuel/ros2_humble/install/ros2lifecycle:/home/samuel/ros2_humble/install/ros2service:/home/samuel/ros2_humble/install/ros2run:/home/samuel/ros2_humble/install/ros2launch:/home/samuel/ros2_humble/install/ros2pkg:/home/samuel/ros2_humble/install/ros2node:/home/samuel/ros2_humble/install/ros2multicast:/home/samuel/ros2_humble/install/ros2interface:/home/samuel/ros2_humble/install/ros2doctor:/home/samuel/ros2_humble/install/ros2action:/home/samuel/ros2_humble/install/ros2cli:/home/samuel/ros2_humble/install/quality_of_service_demo_py:/home/samuel/ros2_humble/install/lifecycle_py:/home/samuel/ros2_humble/install/launch_testing_ros:/home/samuel/ros2_humble/install/launch_ros:/home/samuel/ros2_humble/install/examples_rclpy_pointcloud_publisher:/home/samuel/ros2_humble/install/examples_rclpy_minimal_subscriber:/home/samuel/ros2_humble/install/examples_rclpy_minimal_service:/home/samuel/ros2_humble/install/examples_rclpy_minimal_publisher:/home/samuel/ros2_humble/install/examples_rclpy_minimal_client:/home/samuel/ros2_humble/install/examples_rclpy_minimal_action_server:/home/samuel/ros2_humble/install/examples_rclpy_minimal_action_client:/home/samuel/ros2_humble/install/examples_rclpy_guard_conditions:/home/samuel/ros2_humble/install/examples_rclpy_executors:/home/samuel/ros2_humble/install/demo_nodes_py:/home/samuel/ros2_humble/install/action_tutorials_py:/home/samuel/ros2_humble/install/ament_uncrustify:/home/samuel/ros2_humble/install/tracetools_trace:/home/samuel/ros2_humble/install/tracetools_read:/home/samuel/ros2_humble/install/test_tracetools_launch:/home/samuel/ros2_humble/install/test_launch_ros:/home/samuel/ros2_humble/install/sensor_msgs_py:/home/samuel/ros2_humble/install/rpyutils:/home/samuel/ros2_humble/install/rosidl_runtime_py:/home/samuel/ros2_humble/install/rosidl_cli:/home/samuel/ros2_humble/install/launch_pytest:/home/samuel/ros2_humble/install/launch_testing:/home/samuel/ros2_humble/install/launch_yaml:/home/samuel/ros2_humble/install/launch_xml:/home/samuel/ros2_humble/install/launch:/home/samuel/ros2_humble/install/osrf_pycommon:/home/samuel/ros2_humble/install/launch_testing_examples:/home/samuel/ros2_humble/install/domain_coordinator:/home/samuel/ros2_humble/install/ament_xmllint:/home/samuel/ros2_humble/install/ament_pyflakes:/home/samuel/ros2_humble/install/ament_pycodestyle:/home/samuel/ros2_humble/install/ament_pep257:/home/samuel/ros2_humble/install/ament_pclint:/home/samuel/ros2_humble/install/ament_package:/home/samuel/ros2_humble/install/ament_mypy:/home/samuel/ros2_humble/install/ament_lint_cmake:/home/samuel/ros2_humble/install/ament_flake8:/home/samuel/ros2_humble/install/ament_copyright:/home/samuel/ros2_humble/install/ament_lint:/home/samuel/ros2_humble/install/ament_index_python:/home/samuel/ros2_humble/install/ament_cpplint:/home/samuel/ros2_humble/install/ament_cppcheck:/home/samuel/ros2_humble/install/ament_clang_tidy:/home/samuel/ros2_humble/install/ament_clang_format /usr/bin/cmake /home/samuel/ros2_humble/workspaces/project1_ws/src/ros_tutorials/turtlesim -DCMAKE_INSTALL_PREFIX=/home/samuel/ros2_humble/workspaces/project1_ws/install/turtlesim
[7.440s] Invoking command in '/home/samuel/ros2_humble/workspaces/project1_ws/build/turtlesim': CMAKE_PREFIX_PATH=${CMAKE_PREFIX_PATH}:/home/samuel/ros2_humble/workspaces/project1_ws/install/py_pubsub:/home/samuel/ros2_humble/workspaces/project1_ws/install/my_package:/home/samuel/ros2_humble/workspaces/project1_ws/install/project1_pubsub:/home/samuel/ros2_humble/workspaces/project1_ws/src/install/project1_pubsub:/home/samuel/ros2_humble/install/rqt_bag_plugins:/home/samuel/ros2_humble/install/rqt_bag:/home/samuel/ros2_humble/install/ros2bag:/home/samuel/ros2_humble/install/tracetools_test:/home/samuel/ros2_humble/install/tracetools_launch:/home/samuel/ros2_humble/install/topic_monitor:/home/samuel/ros2_humble/install/tf2_tools:/home/samuel/ros2_humble/install/examples_tf2_py:/home/samuel/ros2_humble/install/tf2_ros_py:/home/samuel/ros2_humble/install/sros2:/home/samuel/ros2_humble/install/rqt_topic:/home/samuel/ros2_humble/install/rqt_srv:/home/samuel/ros2_humble/install/rqt_shell:/home/samuel/ros2_humble/install/rqt_service_caller:/home/samuel/ros2_humble/install/rqt_reconfigure:/home/samuel/ros2_humble/install/rqt_py_console:/home/samuel/ros2_humble/install/rqt_publisher:/home/samuel/ros2_humble/install/rqt_plot:/home/samuel/ros2_humble/install/rqt_action:/home/samuel/ros2_humble/install/rqt_msg:/home/samuel/ros2_humble/install/rqt_console:/home/samuel/ros2_humble/install/rqt:/home/samuel/ros2_humble/install/rqt_graph:/home/samuel/ros2_humble/install/rqt_gui_py:/home/samuel/ros2_humble/install/rqt_gui:/home/samuel/ros2_humble/install/ros2trace:/home/samuel/ros2_humble/install/ros2topic:/home/samuel/ros2_humble/install/ros2test:/home/samuel/ros2_humble/install/ros2component:/home/samuel/ros2_humble/install/ros2param:/home/samuel/ros2_humble/install/ros2lifecycle:/home/samuel/ros2_humble/install/ros2service:/home/samuel/ros2_humble/install/ros2run:/home/samuel/ros2_humble/install/ros2launch:/home/samuel/ros2_humble/install/ros2pkg:/home/samuel/ros2_humble/install/ros2node:/home/samuel/ros2_humble/install/ros2multicast:/home/samuel/ros2_humble/install/ros2interface:/home/samuel/ros2_humble/install/ros2doctor:/home/samuel/ros2_humble/install/ros2action:/home/samuel/ros2_humble/install/ros2cli:/home/samuel/ros2_humble/install/quality_of_service_demo_py:/home/samuel/ros2_humble/install/lifecycle_py:/home/samuel/ros2_humble/install/launch_testing_ros:/home/samuel/ros2_humble/install/launch_ros:/home/samuel/ros2_humble/install/examples_rclpy_pointcloud_publisher:/home/samuel/ros2_humble/install/examples_rclpy_minimal_subscriber:/home/samuel/ros2_humble/install/examples_rclpy_minimal_service:/home/samuel/ros2_humble/install/examples_rclpy_minimal_publisher:/home/samuel/ros2_humble/install/examples_rclpy_minimal_client:/home/samuel/ros2_humble/install/examples_rclpy_minimal_action_server:/home/samuel/ros2_humble/install/examples_rclpy_minimal_action_client:/home/samuel/ros2_humble/install/examples_rclpy_guard_conditions:/home/samuel/ros2_humble/install/examples_rclpy_executors:/home/samuel/ros2_humble/install/demo_nodes_py:/home/samuel/ros2_humble/install/action_tutorials_py:/home/samuel/ros2_humble/install/ament_uncrustify:/home/samuel/ros2_humble/install/tracetools_trace:/home/samuel/ros2_humble/install/tracetools_read:/home/samuel/ros2_humble/install/test_tracetools_launch:/home/samuel/ros2_humble/install/test_launch_ros:/home/samuel/ros2_humble/install/sensor_msgs_py:/home/samuel/ros2_humble/install/rpyutils:/home/samuel/ros2_humble/install/rosidl_runtime_py:/home/samuel/ros2_humble/install/rosidl_cli:/home/samuel/ros2_humble/install/launch_pytest:/home/samuel/ros2_humble/install/launch_testing:/home/samuel/ros2_humble/install/launch_yaml:/home/samuel/ros2_humble/install/launch_xml:/home/samuel/ros2_humble/install/launch:/home/samuel/ros2_humble/install/osrf_pycommon:/home/samuel/ros2_humble/install/launch_testing_examples:/home/samuel/ros2_humble/install/domain_coordinator:/home/samuel/ros2_humble/install/ament_xmllint:/home/samuel/ros2_humble/install/ament_pyflakes:/home/samuel/ros2_humble/install/ament_pycodestyle:/home/samuel/ros2_humble/install/ament_pep257:/home/samuel/ros2_humble/install/ament_pclint:/home/samuel/ros2_humble/install/ament_package:/home/samuel/ros2_humble/install/ament_mypy:/home/samuel/ros2_humble/install/ament_lint_cmake:/home/samuel/ros2_humble/install/ament_flake8:/home/samuel/ros2_humble/install/ament_copyright:/home/samuel/ros2_humble/install/ament_lint:/home/samuel/ros2_humble/install/ament_index_python:/home/samuel/ros2_humble/install/ament_cpplint:/home/samuel/ros2_humble/install/ament_cppcheck:/home/samuel/ros2_humble/install/ament_clang_tidy:/home/samuel/ros2_humble/install/ament_clang_format /usr/bin/cmake --build /home/samuel/ros2_humble/workspaces/project1_ws/build/turtlesim -- -j8 -l8
[7.542s] [  1%] [34m[1mGenerating C code for ROS interfaces[0m
[7.569s] [  2%] [34m[1mGenerating C++ code for ROS interfaces[0m
[7.588s] [  2%] Built target ament_cmake_python_copy_turtlesim
[8.035s] running egg_info
[8.035s] creating turtlesim.egg-info
[8.035s] writing turtlesim.egg-info/PKG-INFO
[8.036s] writing dependency_links to turtlesim.egg-info/dependency_links.txt
[8.036s] writing top-level names to turtlesim.egg-info/top_level.txt
[8.036s] writing manifest file 'turtlesim.egg-info/SOURCES.txt'
[8.038s] reading manifest file 'turtlesim.egg-info/SOURCES.txt'
[8.039s] writing manifest file 'turtlesim.egg-info/SOURCES.txt'
[8.074s] [  2%] Built target ament_cmake_python_build_turtlesim_egg
[8.699s] [  3%] [32mBuilding C object CMakeFiles/turtlesim__rosidl_generator_c.dir/rosidl_generator_c/turtlesim/action/detail/rotate_absolute__functions.c.o[0m
[8.713s] [  4%] [32mBuilding C object CMakeFiles/turtlesim__rosidl_generator_c.dir/rosidl_generator_c/turtlesim/msg/detail/color__functions.c.o[0m
[8.717s] [  5%] [32mBuilding C object CMakeFiles/turtlesim__rosidl_generator_c.dir/rosidl_generator_c/turtlesim/msg/detail/pose__functions.c.o[0m
[8.719s] [  6%] [32mBuilding C object CMakeFiles/turtlesim__rosidl_generator_c.dir/rosidl_generator_c/turtlesim/srv/detail/set_pen__functions.c.o[0m
[8.720s] [  7%] [32mBuilding C object CMakeFiles/turtlesim__rosidl_generator_c.dir/rosidl_generator_c/turtlesim/srv/detail/kill__functions.c.o[0m
[8.746s] [  9%] [32mBuilding C object CMakeFiles/turtlesim__rosidl_generator_c.dir/rosidl_generator_c/turtlesim/srv/detail/spawn__functions.c.o[0m
[8.746s] [  9%] [32mBuilding C object CMakeFiles/turtlesim__rosidl_generator_c.dir/rosidl_generator_c/turtlesim/srv/detail/teleport_absolute__functions.c.o[0m
[8.748s] [  9%] Built target turtlesim__cpp
[8.789s] [ 10%] [34m[1mGenerating C++ type support dispatch for ROS interfaces[0m
[8.833s] [ 11%] [32mBuilding C object CMakeFiles/turtlesim__rosidl_generator_c.dir/rosidl_generator_c/turtlesim/srv/detail/teleport_relative__functions.c.o[0m
[8.851s] [ 12%] [34m[1mGenerating C++ type support for eProsima Fast-RTPS[0m
[8.852s] [ 13%] [34m[1mGenerating C++ introspection for ROS interfaces[0m
[8.929s] [ 14%] [32m[1mLinking C shared library libturtlesim__rosidl_generator_c.so[0m
[9.002s] [ 14%] Built target turtlesim__rosidl_generator_c
[9.035s] [ 15%] [34m[1mGenerating C type support dispatch for ROS interfaces[0m
[9.041s] [ 16%] [34m[1mGenerating C introspection for ROS interfaces[0m
[9.042s] [ 17%] [34m[1mGenerating C type support for eProsima Fast-RTPS[0m
[9.585s] [ 18%] [32mBuilding CXX object CMakeFiles/turtlesim__rosidl_typesupport_cpp.dir/rosidl_typesupport_cpp/turtlesim/msg/color__type_support.cpp.o[0m
[9.588s] [ 19%] [32mBuilding CXX object CMakeFiles/turtlesim__rosidl_typesupport_cpp.dir/rosidl_typesupport_cpp/turtlesim/msg/pose__type_support.cpp.o[0m
[9.588s] [ 20%] [32mBuilding CXX object CMakeFiles/turtlesim__rosidl_typesupport_cpp.dir/rosidl_typesupport_cpp/turtlesim/action/rotate_absolute__type_support.cpp.o[0m
[10.028s] [ 21%] [32mBuilding CXX object CMakeFiles/turtlesim__rosidl_typesupport_cpp.dir/rosidl_typesupport_cpp/turtlesim/srv/kill__type_support.cpp.o[0m
[10.111s] [ 22%] [32mBuilding CXX object CMakeFiles/turtlesim__rosidl_typesupport_c.dir/rosidl_typesupport_c/turtlesim/action/rotate_absolute__type_support.cpp.o[0m
[10.225s] [ 23%] [32mBuilding CXX object CMakeFiles/turtlesim__rosidl_typesupport_c.dir/rosidl_typesupport_c/turtlesim/msg/color__type_support.cpp.o[0m
[10.306s] [ 24%] [32mBuilding CXX object CMakeFiles/turtlesim__rosidl_typesupport_c.dir/rosidl_typesupport_c/turtlesim/msg/pose__type_support.cpp.o[0m
[10.343s] [ 25%] [32mBuilding CXX object CMakeFiles/turtlesim__rosidl_typesupport_c.dir/rosidl_typesupport_c/turtlesim/srv/kill__type_support.cpp.o[0m
[10.389s] [ 26%] [32mBuilding CXX object CMakeFiles/turtlesim__rosidl_typesupport_introspection_cpp.dir/rosidl_typesupport_introspection_cpp/turtlesim/action/detail/rotate_absolute__type_support.cpp.o[0m
[10.390s] [ 27%] [32mBuilding CXX object CMakeFiles/turtlesim__rosidl_typesupport_introspection_cpp.dir/rosidl_typesupport_introspection_cpp/turtlesim/msg/detail/color__type_support.cpp.o[0m
[10.420s] [ 28%] [32mBuilding CXX object CMakeFiles/turtlesim__rosidl_typesupport_introspection_cpp.dir/rosidl_typesupport_introspection_cpp/turtlesim/msg/detail/pose__type_support.cpp.o[0m
[10.437s] [ 29%] [32mBuilding CXX object CMakeFiles/turtlesim__rosidl_typesupport_c.dir/rosidl_typesupport_c/turtlesim/srv/set_pen__type_support.cpp.o[0m
[10.502s] [ 30%] [32mBuilding CXX object CMakeFiles/turtlesim__rosidl_typesupport_cpp.dir/rosidl_typesupport_cpp/turtlesim/srv/set_pen__type_support.cpp.o[0m
[10.540s] [ 31%] [32mBuilding CXX object CMakeFiles/turtlesim__rosidl_typesupport_c.dir/rosidl_typesupport_c/turtlesim/srv/spawn__type_support.cpp.o[0m
[10.638s] [ 32%] [32mBuilding CXX object CMakeFiles/turtlesim__rosidl_typesupport_c.dir/rosidl_typesupport_c/turtlesim/srv/teleport_absolute__type_support.cpp.o[0m
[10.727s] [ 33%] [32mBuilding CXX object CMakeFiles/turtlesim__rosidl_typesupport_c.dir/rosidl_typesupport_c/turtlesim/srv/teleport_relative__type_support.cpp.o[0m
[10.799s] [ 34%] [32mBuilding CXX object CMakeFiles/turtlesim__rosidl_typesupport_fastrtps_cpp.dir/rosidl_typesupport_fastrtps_cpp/turtlesim/action/detail/dds_fastrtps/rotate_absolute__type_support.cpp.o[0m
[10.815s] [ 35%] [32m[1mLinking CXX shared library libturtlesim__rosidl_typesupport_c.so[0m
[10.933s] [ 35%] Built target turtlesim__rosidl_typesupport_c
[10.974s] [ 36%] [32mBuilding C object CMakeFiles/turtlesim__rosidl_typesupport_introspection_c.dir/rosidl_typesupport_introspection_c/turtlesim/action/detail/rotate_absolute__type_support.c.o[0m
[10.979s] [ 37%] [32mBuilding CXX object CMakeFiles/turtlesim__rosidl_typesupport_cpp.dir/rosidl_typesupport_cpp/turtlesim/srv/spawn__type_support.cpp.o[0m
[10.994s] [ 38%] [32mBuilding CXX object CMakeFiles/turtlesim__rosidl_typesupport_fastrtps_cpp.dir/rosidl_typesupport_fastrtps_cpp/turtlesim/msg/detail/dds_fastrtps/color__type_support.cpp.o[0m
[11.017s] [ 39%] [32mBuilding CXX object CMakeFiles/turtlesim__rosidl_typesupport_fastrtps_cpp.dir/rosidl_typesupport_fastrtps_cpp/turtlesim/msg/detail/dds_fastrtps/pose__type_support.cpp.o[0m
[11.075s] [ 40%] [32mBuilding CXX object CMakeFiles/turtlesim__rosidl_typesupport_fastrtps_cpp.dir/rosidl_typesupport_fastrtps_cpp/turtlesim/srv/detail/dds_fastrtps/kill__type_support.cpp.o[0m
[11.088s] [ 41%] [32mBuilding C object CMakeFiles/turtlesim__rosidl_typesupport_introspection_c.dir/rosidl_typesupport_introspection_c/turtlesim/msg/detail/color__type_support.c.o[0m
[11.098s] [ 42%] [32mBuilding CXX object CMakeFiles/turtlesim__rosidl_typesupport_fastrtps_c.dir/rosidl_typesupport_fastrtps_c/turtlesim/action/detail/rotate_absolute__type_support_c.cpp.o[0m
[11.181s] [ 43%] [32mBuilding C object CMakeFiles/turtlesim__rosidl_typesupport_introspection_c.dir/rosidl_typesupport_introspection_c/turtlesim/msg/detail/pose__type_support.c.o[0m
[11.275s] [ 44%] [32mBuilding C object CMakeFiles/turtlesim__rosidl_typesupport_introspection_c.dir/rosidl_typesupport_introspection_c/turtlesim/srv/detail/kill__type_support.c.o[0m
[11.333s] [ 45%] [32mBuilding CXX object CMakeFiles/turtlesim__rosidl_typesupport_introspection_cpp.dir/rosidl_typesupport_introspection_cpp/turtlesim/srv/detail/kill__type_support.cpp.o[0m
[11.382s] [ 46%] [32mBuilding C object CMakeFiles/turtlesim__rosidl_typesupport_introspection_c.dir/rosidl_typesupport_introspection_c/turtlesim/srv/detail/set_pen__type_support.c.o[0m
[11.455s] [ 47%] [32mBuilding CXX object CMakeFiles/turtlesim__rosidl_typesupport_cpp.dir/rosidl_typesupport_cpp/turtlesim/srv/teleport_absolute__type_support.cpp.o[0m
[11.485s] [ 48%] [32mBuilding C object CMakeFiles/turtlesim__rosidl_typesupport_introspection_c.dir/rosidl_typesupport_introspection_c/turtlesim/srv/detail/spawn__type_support.c.o[0m
[11.586s] [ 49%] [32mBuilding C object CMakeFiles/turtlesim__rosidl_typesupport_introspection_c.dir/rosidl_typesupport_introspection_c/turtlesim/srv/detail/teleport_absolute__type_support.c.o[0m
[11.620s] [ 50%] [32mBuilding CXX object CMakeFiles/turtlesim__rosidl_typesupport_fastrtps_cpp.dir/rosidl_typesupport_fastrtps_cpp/turtlesim/srv/detail/dds_fastrtps/set_pen__type_support.cpp.o[0m
[11.642s] [ 51%] [32mBuilding CXX object CMakeFiles/turtlesim__rosidl_typesupport_fastrtps_cpp.dir/rosidl_typesupport_fastrtps_cpp/turtlesim/srv/detail/dds_fastrtps/spawn__type_support.cpp.o[0m
[11.683s] [ 52%] [32mBuilding C object CMakeFiles/turtlesim__rosidl_typesupport_introspection_c.dir/rosidl_typesupport_introspection_c/turtlesim/srv/detail/teleport_relative__type_support.c.o[0m
[11.715s] [ 53%] [32mBuilding CXX object CMakeFiles/turtlesim__rosidl_typesupport_fastrtps_cpp.dir/rosidl_typesupport_fastrtps_cpp/turtlesim/srv/detail/dds_fastrtps/teleport_absolute__type_support.cpp.o[0m
[11.715s] [ 54%] [32mBuilding CXX object CMakeFiles/turtlesim__rosidl_typesupport_fastrtps_c.dir/rosidl_typesupport_fastrtps_c/turtlesim/msg/detail/color__type_support_c.cpp.o[0m
[11.779s] [ 55%] [32m[1mLinking C shared library libturtlesim__rosidl_typesupport_introspection_c.so[0m
[11.784s] [ 56%] [32mBuilding CXX object CMakeFiles/turtlesim__rosidl_typesupport_fastrtps_cpp.dir/rosidl_typesupport_fastrtps_cpp/turtlesim/srv/detail/dds_fastrtps/teleport_relative__type_support.cpp.o[0m
[11.886s] [ 56%] Built target turtlesim__rosidl_typesupport_introspection_c
[11.920s] [ 57%] [32mBuilding CXX object CMakeFiles/turtlesim__rosidl_typesupport_fastrtps_c.dir/rosidl_typesupport_fastrtps_c/turtlesim/msg/detail/pose__type_support_c.cpp.o[0m
[11.971s] [ 58%] [32mBuilding CXX object CMakeFiles/turtlesim__rosidl_typesupport_cpp.dir/rosidl_typesupport_cpp/turtlesim/srv/teleport_relative__type_support.cpp.o[0m
[11.985s] [ 59%] [32mBuilding CXX object CMakeFiles/turtlesim__rosidl_typesupport_introspection_cpp.dir/rosidl_typesupport_introspection_cpp/turtlesim/srv/detail/set_pen__type_support.cpp.o[0m
[12.251s] [ 60%] [32mBuilding CXX object CMakeFiles/turtlesim__rosidl_typesupport_fastrtps_c.dir/rosidl_typesupport_fastrtps_c/turtlesim/srv/detail/kill__type_support_c.cpp.o[0m
[12.274s] [ 61%] [32mBuilding CXX object CMakeFiles/turtlesim__rosidl_typesupport_fastrtps_c.dir/rosidl_typesupport_fastrtps_c/turtlesim/srv/detail/set_pen__type_support_c.cpp.o[0m
[12.324s] [ 62%] [32mBuilding CXX object CMakeFiles/turtlesim__rosidl_typesupport_fastrtps_c.dir/rosidl_typesupport_fastrtps_c/turtlesim/srv/detail/spawn__type_support_c.cpp.o[0m
[12.361s] [ 63%] [32mBuilding CXX object CMakeFiles/turtlesim__rosidl_typesupport_fastrtps_c.dir/rosidl_typesupport_fastrtps_c/turtlesim/srv/detail/teleport_absolute__type_support_c.cpp.o[0m
[12.402s] [ 64%] [32m[1mLinking CXX shared library libturtlesim__rosidl_typesupport_cpp.so[0m
[12.455s] [ 65%] [32m[1mLinking CXX shared library libturtlesim__rosidl_typesupport_fastrtps_cpp.so[0m
[12.498s] [ 66%] [32mBuilding CXX object CMakeFiles/turtlesim__rosidl_typesupport_fastrtps_c.dir/rosidl_typesupport_fastrtps_c/turtlesim/srv/detail/teleport_relative__type_support_c.cpp.o[0m
[12.532s] [ 66%] Built target turtlesim__rosidl_typesupport_cpp
[12.574s] [ 67%] [34m[1mGenerating include/turtlesim/moc_turtle_frame.cpp[0m
[12.635s] [ 67%] Built target turtlesim__rosidl_typesupport_fastrtps_cpp
[12.691s] [ 68%] [32mBuilding CXX object CMakeFiles/turtlesim__rosidl_typesupport_introspection_cpp.dir/rosidl_typesupport_introspection_cpp/turtlesim/srv/detail/spawn__type_support.cpp.o[0m
[12.727s] [ 69%] [32mBuilding CXX object CMakeFiles/turtle_teleop_key.dir/tutorials/teleop_turtle_key.cpp.o[0m
[12.763s] [ 70%] [32mBuilding CXX object CMakeFiles/turtlesim_node.dir/src/turtlesim.cpp.o[0m
[12.829s] [ 71%] [32mBuilding CXX object CMakeFiles/turtlesim_node.dir/src/turtle.cpp.o[0m
[12.842s] [ 72%] [32mBuilding CXX object CMakeFiles/turtlesim_node.dir/src/turtle_frame.cpp.o[0m
[12.927s] [ 73%] [32mBuilding CXX object CMakeFiles/turtlesim_node.dir/include/turtlesim/moc_turtle_frame.cpp.o[0m
[12.996s] [ 74%] [32mBuilding CXX object CMakeFiles/draw_square.dir/tutorials/draw_square.cpp.o[0m
[13.098s] [ 75%] [32m[1mLinking CXX shared library libturtlesim__rosidl_typesupport_fastrtps_c.so[0m
[13.835s] [ 75%] Built target turtlesim__rosidl_typesupport_fastrtps_c
[13.903s] [ 76%] [32mBuilding CXX object CMakeFiles/turtlesim__rosidl_typesupport_introspection_cpp.dir/rosidl_typesupport_introspection_cpp/turtlesim/srv/detail/teleport_absolute__type_support.cpp.o[0m
[13.923s] [ 77%] [32mBuilding CXX object CMakeFiles/mimic.dir/tutorials/mimic.cpp.o[0m
[15.319s] [ 78%] [32mBuilding CXX object CMakeFiles/turtlesim__rosidl_typesupport_introspection_cpp.dir/rosidl_typesupport_introspection_cpp/turtlesim/srv/detail/teleport_relative__type_support.cpp.o[0m
[16.506s] [ 79%] [32m[1mLinking CXX shared library libturtlesim__rosidl_typesupport_introspection_cpp.so[0m
[16.781s] [ 79%] Built target turtlesim__rosidl_typesupport_introspection_cpp
[16.864s] [ 79%] Built target turtlesim
[16.950s] [ 80%] [34m[1mGenerating Python code for ROS interfaces[0m
[23.191s] [ 80%] Built target turtlesim__py
[23.280s] [ 81%] [32mBuilding C object CMakeFiles/turtlesim__rosidl_generator_py.dir/rosidl_generator_py/turtlesim/action/_rotate_absolute_s.c.o[0m
[23.526s] [ 82%] [32mBuilding C object CMakeFiles/turtlesim__rosidl_generator_py.dir/rosidl_generator_py/turtlesim/msg/_color_s.c.o[0m
[23.899s] [ 83%] [32mBuilding C object CMakeFiles/turtlesim__rosidl_generator_py.dir/rosidl_generator_py/turtlesim/msg/_pose_s.c.o[0m
[24.021s] [ 84%] [32mBuilding C object CMakeFiles/turtlesim__rosidl_generator_py.dir/rosidl_generator_py/turtlesim/srv/_kill_s.c.o[0m
[24.151s] [ 85%] [32mBuilding C object CMakeFiles/turtlesim__rosidl_generator_py.dir/rosidl_generator_py/turtlesim/srv/_set_pen_s.c.o[0m
[24.243s] [ 86%] [32mBuilding C object CMakeFiles/turtlesim__rosidl_generator_py.dir/rosidl_generator_py/turtlesim/srv/_spawn_s.c.o[0m
[24.270s] [ 87%] [32mBuilding C object CMakeFiles/turtlesim__rosidl_generator_py.dir/rosidl_generator_py/turtlesim/srv/_teleport_absolute_s.c.o[0m
[24.357s] [ 88%] [32mBuilding C object CMakeFiles/turtlesim__rosidl_generator_py.dir/rosidl_generator_py/turtlesim/srv/_teleport_relative_s.c.o[0m
[24.551s] [ 89%] [32m[1mLinking C shared library rosidl_generator_py/turtlesim/libturtlesim__rosidl_generator_py.so[0m
[24.640s] [ 89%] Built target turtlesim__rosidl_generator_py
[25.020s] [ 90%] [32mBuilding C object CMakeFiles/turtlesim__rosidl_typesupport_introspection_c__pyext.dir/rosidl_generator_py/turtlesim/_turtlesim_s.ep.rosidl_typesupport_introspection_c.c.o[0m
[25.036s] [ 92%] [32mBuilding C object CMakeFiles/turtlesim__rosidl_typesupport_c__pyext.dir/rosidl_generator_py/turtlesim/_turtlesim_s.ep.rosidl_typesupport_c.c.o[0m
[25.036s] [ 92%] [32mBuilding C object CMakeFiles/turtlesim__rosidl_typesupport_fastrtps_c__pyext.dir/rosidl_generator_py/turtlesim/_turtlesim_s.ep.rosidl_typesupport_fastrtps_c.c.o[0m
[25.329s] [ 93%] [32m[1mLinking C shared library rosidl_generator_py/turtlesim/turtlesim_s__rosidl_typesupport_introspection_c.cpython-310-x86_64-linux-gnu.so[0m
[25.347s] [ 94%] [32m[1mLinking C shared library rosidl_generator_py/turtlesim/turtlesim_s__rosidl_typesupport_fastrtps_c.cpython-310-x86_64-linux-gnu.so[0m
[25.358s] [ 95%] [32m[1mLinking C shared library rosidl_generator_py/turtlesim/turtlesim_s__rosidl_typesupport_c.cpython-310-x86_64-linux-gnu.so[0m
[25.751s] [ 95%] Built target turtlesim__rosidl_typesupport_introspection_c__pyext
[25.766s] [ 95%] Built target turtlesim__rosidl_typesupport_fastrtps_c__pyext
[25.767s] [ 95%] Built target turtlesim__rosidl_typesupport_c__pyext
[26.751s] [ 96%] [32m[1mLinking CXX executable turtle_teleop_key[0m
[27.662s] [ 96%] Built target turtle_teleop_key
[31.003s] [ 97%] [32m[1mLinking CXX executable mimic[0m
[31.271s] [ 98%] [32m[1mLinking CXX executable draw_square[0m
[32.083s] [ 98%] Built target mimic
[32.391s] [ 98%] Built target draw_square
[34.737s] [100%] [32m[1mLinking CXX executable turtlesim_node[0m
[36.997s] [100%] Built target turtlesim_node
[37.020s] Invoked command in '/home/samuel/ros2_humble/workspaces/project1_ws/build/turtlesim' returned '0': CMAKE_PREFIX_PATH=${CMAKE_PREFIX_PATH}:/home/samuel/ros2_humble/workspaces/project1_ws/install/py_pubsub:/home/samuel/ros2_humble/workspaces/project1_ws/install/my_package:/home/samuel/ros2_humble/workspaces/project1_ws/install/project1_pubsub:/home/samuel/ros2_humble/workspaces/project1_ws/src/install/project1_pubsub:/home/samuel/ros2_humble/install/rqt_bag_plugins:/home/samuel/ros2_humble/install/rqt_bag:/home/samuel/ros2_humble/install/ros2bag:/home/samuel/ros2_humble/install/tracetools_test:/home/samuel/ros2_humble/install/tracetools_launch:/home/samuel/ros2_humble/install/topic_monitor:/home/samuel/ros2_humble/install/tf2_tools:/home/samuel/ros2_humble/install/examples_tf2_py:/home/samuel/ros2_humble/install/tf2_ros_py:/home/samuel/ros2_humble/install/sros2:/home/samuel/ros2_humble/install/rqt_topic:/home/samuel/ros2_humble/install/rqt_srv:/home/samuel/ros2_humble/install/rqt_shell:/home/samuel/ros2_humble/install/rqt_service_caller:/home/samuel/ros2_humble/install/rqt_reconfigure:/home/samuel/ros2_humble/install/rqt_py_console:/home/samuel/ros2_humble/install/rqt_publisher:/home/samuel/ros2_humble/install/rqt_plot:/home/samuel/ros2_humble/install/rqt_action:/home/samuel/ros2_humble/install/rqt_msg:/home/samuel/ros2_humble/install/rqt_console:/home/samuel/ros2_humble/install/rqt:/home/samuel/ros2_humble/install/rqt_graph:/home/samuel/ros2_humble/install/rqt_gui_py:/home/samuel/ros2_humble/install/rqt_gui:/home/samuel/ros2_humble/install/ros2trace:/home/samuel/ros2_humble/install/ros2topic:/home/samuel/ros2_humble/install/ros2test:/home/samuel/ros2_humble/install/ros2component:/home/samuel/ros2_humble/install/ros2param:/home/samuel/ros2_humble/install/ros2lifecycle:/home/samuel/ros2_humble/install/ros2service:/home/samuel/ros2_humble/install/ros2run:/home/samuel/ros2_humble/install/ros2launch:/home/samuel/ros2_humble/install/ros2pkg:/home/samuel/ros2_humble/install/ros2node:/home/samuel/ros2_humble/install/ros2multicast:/home/samuel/ros2_humble/install/ros2interface:/home/samuel/ros2_humble/install/ros2doctor:/home/samuel/ros2_humble/install/ros2action:/home/samuel/ros2_humble/install/ros2cli:/home/samuel/ros2_humble/install/quality_of_service_demo_py:/home/samuel/ros2_humble/install/lifecycle_py:/home/samuel/ros2_humble/install/launch_testing_ros:/home/samuel/ros2_humble/install/launch_ros:/home/samuel/ros2_humble/install/examples_rclpy_pointcloud_publisher:/home/samuel/ros2_humble/install/examples_rclpy_minimal_subscriber:/home/samuel/ros2_humble/install/examples_rclpy_minimal_service:/home/samuel/ros2_humble/install/examples_rclpy_minimal_publisher:/home/samuel/ros2_humble/install/examples_rclpy_minimal_client:/home/samuel/ros2_humble/install/examples_rclpy_minimal_action_server:/home/samuel/ros2_humble/install/examples_rclpy_minimal_action_client:/home/samuel/ros2_humble/install/examples_rclpy_guard_conditions:/home/samuel/ros2_humble/install/examples_rclpy_executors:/home/samuel/ros2_humble/install/demo_nodes_py:/home/samuel/ros2_humble/install/action_tutorials_py:/home/samuel/ros2_humble/install/ament_uncrustify:/home/samuel/ros2_humble/install/tracetools_trace:/home/samuel/ros2_humble/install/tracetools_read:/home/samuel/ros2_humble/install/test_tracetools_launch:/home/samuel/ros2_humble/install/test_launch_ros:/home/samuel/ros2_humble/install/sensor_msgs_py:/home/samuel/ros2_humble/install/rpyutils:/home/samuel/ros2_humble/install/rosidl_runtime_py:/home/samuel/ros2_humble/install/rosidl_cli:/home/samuel/ros2_humble/install/launch_pytest:/home/samuel/ros2_humble/install/launch_testing:/home/samuel/ros2_humble/install/launch_yaml:/home/samuel/ros2_humble/install/launch_xml:/home/samuel/ros2_humble/install/launch:/home/samuel/ros2_humble/install/osrf_pycommon:/home/samuel/ros2_humble/install/launch_testing_examples:/home/samuel/ros2_humble/install/domain_coordinator:/home/samuel/ros2_humble/install/ament_xmllint:/home/samuel/ros2_humble/install/ament_pyflakes:/home/samuel/ros2_humble/install/ament_pycodestyle:/home/samuel/ros2_humble/install/ament_pep257:/home/samuel/ros2_humble/install/ament_pclint:/home/samuel/ros2_humble/install/ament_package:/home/samuel/ros2_humble/install/ament_mypy:/home/samuel/ros2_humble/install/ament_lint_cmake:/home/samuel/ros2_humble/install/ament_flake8:/home/samuel/ros2_humble/install/ament_copyright:/home/samuel/ros2_humble/install/ament_lint:/home/samuel/ros2_humble/install/ament_index_python:/home/samuel/ros2_humble/install/ament_cpplint:/home/samuel/ros2_humble/install/ament_cppcheck:/home/samuel/ros2_humble/install/ament_clang_tidy:/home/samuel/ros2_humble/install/ament_clang_format /usr/bin/cmake --build /home/samuel/ros2_humble/workspaces/project1_ws/build/turtlesim -- -j8 -l8
[38.072s] Invoking command in '/home/samuel/ros2_humble/workspaces/project1_ws/build/turtlesim': CMAKE_PREFIX_PATH=${CMAKE_PREFIX_PATH}:/home/samuel/ros2_humble/workspaces/project1_ws/install/py_pubsub:/home/samuel/ros2_humble/workspaces/project1_ws/install/my_package:/home/samuel/ros2_humble/workspaces/project1_ws/install/project1_pubsub:/home/samuel/ros2_humble/workspaces/project1_ws/src/install/project1_pubsub:/home/samuel/ros2_humble/install/rqt_bag_plugins:/home/samuel/ros2_humble/install/rqt_bag:/home/samuel/ros2_humble/install/ros2bag:/home/samuel/ros2_humble/install/tracetools_test:/home/samuel/ros2_humble/install/tracetools_launch:/home/samuel/ros2_humble/install/topic_monitor:/home/samuel/ros2_humble/install/tf2_tools:/home/samuel/ros2_humble/install/examples_tf2_py:/home/samuel/ros2_humble/install/tf2_ros_py:/home/samuel/ros2_humble/install/sros2:/home/samuel/ros2_humble/install/rqt_topic:/home/samuel/ros2_humble/install/rqt_srv:/home/samuel/ros2_humble/install/rqt_shell:/home/samuel/ros2_humble/install/rqt_service_caller:/home/samuel/ros2_humble/install/rqt_reconfigure:/home/samuel/ros2_humble/install/rqt_py_console:/home/samuel/ros2_humble/install/rqt_publisher:/home/samuel/ros2_humble/install/rqt_plot:/home/samuel/ros2_humble/install/rqt_action:/home/samuel/ros2_humble/install/rqt_msg:/home/samuel/ros2_humble/install/rqt_console:/home/samuel/ros2_humble/install/rqt:/home/samuel/ros2_humble/install/rqt_graph:/home/samuel/ros2_humble/install/rqt_gui_py:/home/samuel/ros2_humble/install/rqt_gui:/home/samuel/ros2_humble/install/ros2trace:/home/samuel/ros2_humble/install/ros2topic:/home/samuel/ros2_humble/install/ros2test:/home/samuel/ros2_humble/install/ros2component:/home/samuel/ros2_humble/install/ros2param:/home/samuel/ros2_humble/install/ros2lifecycle:/home/samuel/ros2_humble/install/ros2service:/home/samuel/ros2_humble/install/ros2run:/home/samuel/ros2_humble/install/ros2launch:/home/samuel/ros2_humble/install/ros2pkg:/home/samuel/ros2_humble/install/ros2node:/home/samuel/ros2_humble/install/ros2multicast:/home/samuel/ros2_humble/install/ros2interface:/home/samuel/ros2_humble/install/ros2doctor:/home/samuel/ros2_humble/install/ros2action:/home/samuel/ros2_humble/install/ros2cli:/home/samuel/ros2_humble/install/quality_of_service_demo_py:/home/samuel/ros2_humble/install/lifecycle_py:/home/samuel/ros2_humble/install/launch_testing_ros:/home/samuel/ros2_humble/install/launch_ros:/home/samuel/ros2_humble/install/examples_rclpy_pointcloud_publisher:/home/samuel/ros2_humble/install/examples_rclpy_minimal_subscriber:/home/samuel/ros2_humble/install/examples_rclpy_minimal_service:/home/samuel/ros2_humble/install/examples_rclpy_minimal_publisher:/home/samuel/ros2_humble/install/examples_rclpy_minimal_client:/home/samuel/ros2_humble/install/examples_rclpy_minimal_action_server:/home/samuel/ros2_humble/install/examples_rclpy_minimal_action_client:/home/samuel/ros2_humble/install/examples_rclpy_guard_conditions:/home/samuel/ros2_humble/install/examples_rclpy_executors:/home/samuel/ros2_humble/install/demo_nodes_py:/home/samuel/ros2_humble/install/action_tutorials_py:/home/samuel/ros2_humble/install/ament_uncrustify:/home/samuel/ros2_humble/install/tracetools_trace:/home/samuel/ros2_humble/install/tracetools_read:/home/samuel/ros2_humble/install/test_tracetools_launch:/home/samuel/ros2_humble/install/test_launch_ros:/home/samuel/ros2_humble/install/sensor_msgs_py:/home/samuel/ros2_humble/install/rpyutils:/home/samuel/ros2_humble/install/rosidl_runtime_py:/home/samuel/ros2_humble/install/rosidl_cli:/home/samuel/ros2_humble/install/launch_pytest:/home/samuel/ros2_humble/install/launch_testing:/home/samuel/ros2_humble/install/launch_yaml:/home/samuel/ros2_humble/install/launch_xml:/home/samuel/ros2_humble/install/launch:/home/samuel/ros2_humble/install/osrf_pycommon:/home/samuel/ros2_humble/install/launch_testing_examples:/home/samuel/ros2_humble/install/domain_coordinator:/home/samuel/ros2_humble/install/ament_xmllint:/home/samuel/ros2_humble/install/ament_pyflakes:/home/samuel/ros2_humble/install/ament_pycodestyle:/home/samuel/ros2_humble/install/ament_pep257:/home/samuel/ros2_humble/install/ament_pclint:/home/samuel/ros2_humble/install/ament_package:/home/samuel/ros2_humble/install/ament_mypy:/home/samuel/ros2_humble/install/ament_lint_cmake:/home/samuel/ros2_humble/install/ament_flake8:/home/samuel/ros2_humble/install/ament_copyright:/home/samuel/ros2_humble/install/ament_lint:/home/samuel/ros2_humble/install/ament_index_python:/home/samuel/ros2_humble/install/ament_cpplint:/home/samuel/ros2_humble/install/ament_cppcheck:/home/samuel/ros2_humble/install/ament_clang_tidy:/home/samuel/ros2_humble/install/ament_clang_format /usr/bin/cmake --install /home/samuel/ros2_humble/workspaces/project1_ws/build/turtlesim
[38.090s] -- Install configuration: ""
[38.090s] -- Installing: /home/samuel/ros2_humble/workspaces/project1_ws/install/turtlesim/share/ament_index/resource_index/rosidl_interfaces/turtlesim
[38.091s] -- Installing: /home/samuel/ros2_humble/workspaces/project1_ws/install/turtlesim/include/turtlesim/turtlesim
[38.091s] -- Installing: /home/samuel/ros2_humble/workspaces/project1_ws/install/turtlesim/include/turtlesim/turtlesim/srv
[38.091s] -- Installing: /home/samuel/ros2_humble/workspaces/project1_ws/install/turtlesim/include/turtlesim/turtlesim/srv/kill.h
[38.091s] -- Installing: /home/samuel/ros2_humble/workspaces/project1_ws/install/turtlesim/include/turtlesim/turtlesim/srv/teleport_absolute.h
[38.091s] -- Installing: /home/samuel/ros2_humble/workspaces/project1_ws/install/turtlesim/include/turtlesim/turtlesim/srv/detail
[38.091s] -- Installing: /home/samuel/ros2_humble/workspaces/project1_ws/install/turtlesim/include/turtlesim/turtlesim/srv/detail/teleport_relative__functions.c
[38.091s] -- Installing: /home/samuel/ros2_humble/workspaces/project1_ws/install/turtlesim/include/turtlesim/turtlesim/srv/detail/spawn__functions.h
[38.091s] -- Installing: /home/samuel/ros2_humble/workspaces/project1_ws/install/turtlesim/include/turtlesim/turtlesim/srv/detail/teleport_absolute__type_support.h
[38.091s] -- Installing: /home/samuel/ros2_humble/workspaces/project1_ws/install/turtlesim/include/turtlesim/turtlesim/srv/detail/spawn__functions.c
[38.091s] -- Installing: /home/samuel/ros2_humble/workspaces/project1_ws/install/turtlesim/include/turtlesim/turtlesim/srv/detail/set_pen__type_support.h
[38.092s] -- Installing: /home/samuel/ros2_humble/workspaces/project1_ws/install/turtlesim/include/turtlesim/turtlesim/srv/detail/kill__type_support.h
[38.092s] -- Installing: /home/samuel/ros2_humble/workspaces/project1_ws/install/turtlesim/include/turtlesim/turtlesim/srv/detail/teleport_relative__struct.h
[38.092s] -- Installing: /home/samuel/ros2_humble/workspaces/project1_ws/install/turtlesim/include/turtlesim/turtlesim/srv/detail/kill__struct.h
[38.092s] -- Installing: /home/samuel/ros2_humble/workspaces/project1_ws/install/turtlesim/include/turtlesim/turtlesim/srv/detail/kill__functions.h
[38.092s] -- Installing: /home/samuel/ros2_humble/workspaces/project1_ws/install/turtlesim/include/turtlesim/turtlesim/srv/detail/set_pen__struct.h
[38.092s] -- Installing: /home/samuel/ros2_humble/workspaces/project1_ws/install/turtlesim/include/turtlesim/turtlesim/srv/detail/set_pen__functions.h
[38.092s] -- Installing: /home/samuel/ros2_humble/workspaces/project1_ws/install/turtlesim/include/turtlesim/turtlesim/srv/detail/spawn__type_support.h
[38.092s] -- Installing: /home/samuel/ros2_humble/workspaces/project1_ws/install/turtlesim/include/turtlesim/turtlesim/srv/detail/kill__functions.c
[38.092s] -- Installing: /home/samuel/ros2_humble/workspaces/project1_ws/install/turtlesim/include/turtlesim/turtlesim/srv/detail/teleport_absolute__functions.h
[38.092s] -- Installing: /home/samuel/ros2_humble/workspaces/project1_ws/install/turtlesim/include/turtlesim/turtlesim/srv/detail/teleport_relative__functions.h
[38.093s] -- Installing: /home/samuel/ros2_humble/workspaces/project1_ws/install/turtlesim/include/turtlesim/turtlesim/srv/detail/set_pen__functions.c
[38.093s] -- Installing: /home/samuel/ros2_humble/workspaces/project1_ws/install/turtlesim/include/turtlesim/turtlesim/srv/detail/teleport_absolute__struct.h
[38.093s] -- Installing: /home/samuel/ros2_humble/workspaces/project1_ws/install/turtlesim/include/turtlesim/turtlesim/srv/detail/teleport_absolute__functions.c
[38.093s] -- Installing: /home/samuel/ros2_humble/workspaces/project1_ws/install/turtlesim/include/turtlesim/turtlesim/srv/detail/teleport_relative__type_support.h
[38.093s] -- Installing: /home/samuel/ros2_humble/workspaces/project1_ws/install/turtlesim/include/turtlesim/turtlesim/srv/detail/spawn__struct.h
[38.093s] -- Installing: /home/samuel/ros2_humble/workspaces/project1_ws/install/turtlesim/include/turtlesim/turtlesim/srv/teleport_relative.h
[38.093s] -- Installing: /home/samuel/ros2_humble/workspaces/project1_ws/install/turtlesim/include/turtlesim/turtlesim/srv/spawn.h
[38.093s] -- Installing: /home/samuel/ros2_humble/workspaces/project1_ws/install/turtlesim/include/turtlesim/turtlesim/srv/set_pen.h
[38.093s] -- Installing: /home/samuel/ros2_humble/workspaces/project1_ws/install/turtlesim/include/turtlesim/turtlesim/action
[38.093s] -- Installing: /home/samuel/ros2_humble/workspaces/project1_ws/install/turtlesim/include/turtlesim/turtlesim/action/detail
[38.094s] -- Installing: /home/samuel/ros2_humble/workspaces/project1_ws/install/turtlesim/include/turtlesim/turtlesim/action/detail/rotate_absolute__functions.h
[38.094s] -- Installing: /home/samuel/ros2_humble/workspaces/project1_ws/install/turtlesim/include/turtlesim/turtlesim/action/detail/rotate_absolute__struct.h
[38.094s] -- Installing: /home/samuel/ros2_humble/workspaces/project1_ws/install/turtlesim/include/turtlesim/turtlesim/action/detail/rotate_absolute__functions.c
[38.094s] -- Installing: /home/samuel/ros2_humble/workspaces/project1_ws/install/turtlesim/include/turtlesim/turtlesim/action/detail/rotate_absolute__type_support.h
[38.094s] -- Installing: /home/samuel/ros2_humble/workspaces/project1_ws/install/turtlesim/include/turtlesim/turtlesim/action/rotate_absolute.h
[38.094s] -- Installing: /home/samuel/ros2_humble/workspaces/project1_ws/install/turtlesim/include/turtlesim/turtlesim/msg
[38.094s] -- Installing: /home/samuel/ros2_humble/workspaces/project1_ws/install/turtlesim/include/turtlesim/turtlesim/msg/pose.h
[38.094s] -- Installing: /home/samuel/ros2_humble/workspaces/project1_ws/install/turtlesim/include/turtlesim/turtlesim/msg/detail
[38.094s] -- Installing: /home/samuel/ros2_humble/workspaces/project1_ws/install/turtlesim/include/turtlesim/turtlesim/msg/detail/pose__functions.h
[38.094s] -- Installing: /home/samuel/ros2_humble/workspaces/project1_ws/install/turtlesim/include/turtlesim/turtlesim/msg/detail/pose__struct.h
[38.095s] -- Installing: /home/samuel/ros2_humble/workspaces/project1_ws/install/turtlesim/include/turtlesim/turtlesim/msg/detail/color__functions.c
[38.095s] -- Installing: /home/samuel/ros2_humble/workspaces/project1_ws/install/turtlesim/include/turtlesim/turtlesim/msg/detail/color__type_support.h
[38.095s] -- Installing: /home/samuel/ros2_humble/workspaces/project1_ws/install/turtlesim/include/turtlesim/turtlesim/msg/detail/pose__functions.c
[38.095s] -- Installing: /home/samuel/ros2_humble/workspaces/project1_ws/install/turtlesim/include/turtlesim/turtlesim/msg/detail/color__struct.h
[38.095s] -- Installing: /home/samuel/ros2_humble/workspaces/project1_ws/install/turtlesim/include/turtlesim/turtlesim/msg/detail/color__functions.h
[38.095s] -- Installing: /home/samuel/ros2_humble/workspaces/project1_ws/install/turtlesim/include/turtlesim/turtlesim/msg/detail/pose__type_support.h
[38.095s] -- Installing: /home/samuel/ros2_humble/workspaces/project1_ws/install/turtlesim/include/turtlesim/turtlesim/msg/rosidl_generator_c__visibility_control.h
[38.095s] -- Installing: /home/samuel/ros2_humble/workspaces/project1_ws/install/turtlesim/include/turtlesim/turtlesim/msg/color.h
[38.096s] -- Installing: /home/samuel/ros2_humble/workspaces/project1_ws/install/turtlesim/share/turtlesim/environment/library_path.sh
[38.096s] -- Installing: /home/samuel/ros2_humble/workspaces/project1_ws/install/turtlesim/share/turtlesim/environment/library_path.dsv
[38.096s] -- Installing: /home/samuel/ros2_humble/workspaces/project1_ws/install/turtlesim/lib/libturtlesim__rosidl_generator_c.so
[38.096s] -- Set runtime path of "/home/samuel/ros2_humble/workspaces/project1_ws/install/turtlesim/lib/libturtlesim__rosidl_generator_c.so" to ""
[38.096s] -- Up-to-date: /home/samuel/ros2_humble/workspaces/project1_ws/install/turtlesim/include/turtlesim/turtlesim
[38.097s] -- Up-to-date: /home/samuel/ros2_humble/workspaces/project1_ws/install/turtlesim/include/turtlesim/turtlesim/srv
[38.097s] -- Up-to-date: /home/samuel/ros2_humble/workspaces/project1_ws/install/turtlesim/include/turtlesim/turtlesim/srv/detail
[38.097s] -- Installing: /home/samuel/ros2_humble/workspaces/project1_ws/install/turtlesim/include/turtlesim/turtlesim/srv/detail/teleport_relative__rosidl_typesupport_fastrtps_c.h
[38.097s] -- Installing: /home/samuel/ros2_humble/workspaces/project1_ws/install/turtlesim/include/turtlesim/turtlesim/srv/detail/kill__rosidl_typesupport_fastrtps_c.h
[38.097s] -- Installing: /home/samuel/ros2_humble/workspaces/project1_ws/install/turtlesim/include/turtlesim/turtlesim/srv/detail/set_pen__rosidl_typesupport_fastrtps_c.h
[38.097s] -- Installing: /home/samuel/ros2_humble/workspaces/project1_ws/install/turtlesim/include/turtlesim/turtlesim/srv/detail/teleport_absolute__rosidl_typesupport_fastrtps_c.h
[38.097s] -- Installing: /home/samuel/ros2_humble/workspaces/project1_ws/install/turtlesim/include/turtlesim/turtlesim/srv/detail/spawn__rosidl_typesupport_fastrtps_c.h
[38.097s] -- Up-to-date: /home/samuel/ros2_humble/workspaces/project1_ws/install/turtlesim/include/turtlesim/turtlesim/action
[38.097s] -- Up-to-date: /home/samuel/ros2_humble/workspaces/project1_ws/install/turtlesim/include/turtlesim/turtlesim/action/detail
[38.097s] -- Installing: /home/samuel/ros2_humble/workspaces/project1_ws/install/turtlesim/include/turtlesim/turtlesim/action/detail/rotate_absolute__rosidl_typesupport_fastrtps_c.h
[38.097s] -- Up-to-date: /home/samuel/ros2_humble/workspaces/project1_ws/install/turtlesim/include/turtlesim/turtlesim/msg
[38.097s] -- Up-to-date: /home/samuel/ros2_humble/workspaces/project1_ws/install/turtlesim/include/turtlesim/turtlesim/msg/detail
[38.098s] -- Installing: /home/samuel/ros2_humble/workspaces/project1_ws/install/turtlesim/include/turtlesim/turtlesim/msg/detail/pose__rosidl_typesupport_fastrtps_c.h
[38.098s] -- Installing: /home/samuel/ros2_humble/workspaces/project1_ws/install/turtlesim/include/turtlesim/turtlesim/msg/detail/color__rosidl_typesupport_fastrtps_c.h
[38.098s] -- Installing: /home/samuel/ros2_humble/workspaces/project1_ws/install/turtlesim/include/turtlesim/turtlesim/msg/rosidl_typesupport_fastrtps_c__visibility_control.h
[38.098s] -- Installing: /home/samuel/ros2_humble/workspaces/project1_ws/install/turtlesim/lib/libturtlesim__rosidl_typesupport_fastrtps_c.so
[38.098s] -- Set runtime path of "/home/samuel/ros2_humble/workspaces/project1_ws/install/turtlesim/lib/libturtlesim__rosidl_typesupport_fastrtps_c.so" to ""
[38.098s] -- Up-to-date: /home/samuel/ros2_humble/workspaces/project1_ws/install/turtlesim/include/turtlesim/turtlesim
[38.098s] -- Up-to-date: /home/samuel/ros2_humble/workspaces/project1_ws/install/turtlesim/include/turtlesim/turtlesim/srv
[38.098s] -- Up-to-date: /home/samuel/ros2_humble/workspaces/project1_ws/install/turtlesim/include/turtlesim/turtlesim/srv/detail
[38.098s] -- Installing: /home/samuel/ros2_humble/workspaces/project1_ws/install/turtlesim/include/turtlesim/turtlesim/srv/detail/set_pen__builder.hpp
[38.098s] -- Installing: /home/samuel/ros2_humble/workspaces/project1_ws/install/turtlesim/include/turtlesim/turtlesim/srv/detail/teleport_relative__struct.hpp
[38.099s] -- Installing: /home/samuel/ros2_humble/workspaces/project1_ws/install/turtlesim/include/turtlesim/turtlesim/srv/detail/set_pen__struct.hpp
[38.099s] -- Installing: /home/samuel/ros2_humble/workspaces/project1_ws/install/turtlesim/include/turtlesim/turtlesim/srv/detail/spawn__builder.hpp
[38.099s] -- Installing: /home/samuel/ros2_humble/workspaces/project1_ws/install/turtlesim/include/turtlesim/turtlesim/srv/detail/teleport_relative__traits.hpp
[38.099s] -- Installing: /home/samuel/ros2_humble/workspaces/project1_ws/install/turtlesim/include/turtlesim/turtlesim/srv/detail/set_pen__traits.hpp
[38.099s] -- Installing: /home/samuel/ros2_humble/workspaces/project1_ws/install/turtlesim/include/turtlesim/turtlesim/srv/detail/kill__builder.hpp
[38.099s] -- Installing: /home/samuel/ros2_humble/workspaces/project1_ws/install/turtlesim/include/turtlesim/turtlesim/srv/detail/spawn__struct.hpp
[38.099s] -- Installing: /home/samuel/ros2_humble/workspaces/project1_ws/install/turtlesim/include/turtlesim/turtlesim/srv/detail/spawn__traits.hpp
[38.099s] -- Installing: /home/samuel/ros2_humble/workspaces/project1_ws/install/turtlesim/include/turtlesim/turtlesim/srv/detail/teleport_relative__builder.hpp
[38.099s] -- Installing: /home/samuel/ros2_humble/workspaces/project1_ws/install/turtlesim/include/turtlesim/turtlesim/srv/detail/kill__struct.hpp
[38.099s] -- Installing: /home/samuel/ros2_humble/workspaces/project1_ws/install/turtlesim/include/turtlesim/turtlesim/srv/detail/teleport_absolute__traits.hpp
[38.100s] -- Installing: /home/samuel/ros2_humble/workspaces/project1_ws/install/turtlesim/include/turtlesim/turtlesim/srv/detail/teleport_absolute__builder.hpp
[38.100s] -- Installing: /home/samuel/ros2_humble/workspaces/project1_ws/install/turtlesim/include/turtlesim/turtlesim/srv/detail/kill__traits.hpp
[38.100s] -- Installing: /home/samuel/ros2_humble/workspaces/project1_ws/install/turtlesim/include/turtlesim/turtlesim/srv/detail/teleport_absolute__struct.hpp
[38.100s] -- Installing: /home/samuel/ros2_humble/workspaces/project1_ws/install/turtlesim/include/turtlesim/turtlesim/srv/teleport_relative.hpp
[38.100s] -- Installing: /home/samuel/ros2_humble/workspaces/project1_ws/install/turtlesim/include/turtlesim/turtlesim/srv/teleport_absolute.hpp
[38.100s] -- Installing: /home/samuel/ros2_humble/workspaces/project1_ws/install/turtlesim/include/turtlesim/turtlesim/srv/kill.hpp
[38.100s] -- Installing: /home/samuel/ros2_humble/workspaces/project1_ws/install/turtlesim/include/turtlesim/turtlesim/srv/spawn.hpp
[38.100s] -- Installing: /home/samuel/ros2_humble/workspaces/project1_ws/install/turtlesim/include/turtlesim/turtlesim/srv/set_pen.hpp
[38.100s] -- Up-to-date: /home/samuel/ros2_humble/workspaces/project1_ws/install/turtlesim/include/turtlesim/turtlesim/action
[38.100s] -- Up-to-date: /home/samuel/ros2_humble/workspaces/project1_ws/install/turtlesim/include/turtlesim/turtlesim/action/detail
[38.101s] -- Installing: /home/samuel/ros2_humble/workspaces/project1_ws/install/turtlesim/include/turtlesim/turtlesim/action/detail/rotate_absolute__struct.hpp
[38.101s] -- Installing: /home/samuel/ros2_humble/workspaces/project1_ws/install/turtlesim/include/turtlesim/turtlesim/action/detail/rotate_absolute__traits.hpp
[38.101s] -- Installing: /home/samuel/ros2_humble/workspaces/project1_ws/install/turtlesim/include/turtlesim/turtlesim/action/detail/rotate_absolute__builder.hpp
[38.101s] -- Installing: /home/samuel/ros2_humble/workspaces/project1_ws/install/turtlesim/include/turtlesim/turtlesim/action/rotate_absolute.hpp
[38.101s] -- Up-to-date: /home/samuel/ros2_humble/workspaces/project1_ws/install/turtlesim/include/turtlesim/turtlesim/msg
[38.101s] -- Installing: /home/samuel/ros2_humble/workspaces/project1_ws/install/turtlesim/include/turtlesim/turtlesim/msg/pose.hpp
[38.101s] -- Up-to-date: /home/samuel/ros2_humble/workspaces/project1_ws/install/turtlesim/include/turtlesim/turtlesim/msg/detail
[38.101s] -- Installing: /home/samuel/ros2_humble/workspaces/project1_ws/install/turtlesim/include/turtlesim/turtlesim/msg/detail/pose__builder.hpp
[38.101s] -- Installing: /home/samuel/ros2_humble/workspaces/project1_ws/install/turtlesim/include/turtlesim/turtlesim/msg/detail/pose__struct.hpp
[38.101s] -- Installing: /home/samuel/ros2_humble/workspaces/project1_ws/install/turtlesim/include/turtlesim/turtlesim/msg/detail/pose__traits.hpp
[38.101s] -- Installing: /home/samuel/ros2_humble/workspaces/project1_ws/install/turtlesim/include/turtlesim/turtlesim/msg/detail/color__builder.hpp
[38.101s] -- Installing: /home/samuel/ros2_humble/workspaces/project1_ws/install/turtlesim/include/turtlesim/turtlesim/msg/detail/color__traits.hpp
[38.102s] -- Installing: /home/samuel/ros2_humble/workspaces/project1_ws/install/turtlesim/include/turtlesim/turtlesim/msg/detail/color__struct.hpp
[38.102s] -- Installing: /home/samuel/ros2_humble/workspaces/project1_ws/install/turtlesim/include/turtlesim/turtlesim/msg/color.hpp
[38.102s] -- Up-to-date: /home/samuel/ros2_humble/workspaces/project1_ws/install/turtlesim/include/turtlesim/turtlesim
[38.102s] -- Up-to-date: /home/samuel/ros2_humble/workspaces/project1_ws/install/turtlesim/include/turtlesim/turtlesim/srv
[38.102s] -- Up-to-date: /home/samuel/ros2_humble/workspaces/project1_ws/install/turtlesim/include/turtlesim/turtlesim/srv/detail
[38.102s] -- Installing: /home/samuel/ros2_humble/workspaces/project1_ws/install/turtlesim/include/turtlesim/turtlesim/srv/detail/dds_fastrtps
[38.102s] -- Installing: /home/samuel/ros2_humble/workspaces/project1_ws/install/turtlesim/include/turtlesim/turtlesim/srv/detail/teleport_absolute__rosidl_typesupport_fastrtps_cpp.hpp
[38.102s] -- Installing: /home/samuel/ros2_humble/workspaces/project1_ws/install/turtlesim/include/turtlesim/turtlesim/srv/detail/kill__rosidl_typesupport_fastrtps_cpp.hpp
[38.102s] -- Installing: /home/samuel/ros2_humble/workspaces/project1_ws/install/turtlesim/include/turtlesim/turtlesim/srv/detail/spawn__rosidl_typesupport_fastrtps_cpp.hpp
[38.102s] -- Installing: /home/samuel/ros2_humble/workspaces/project1_ws/install/turtlesim/include/turtlesim/turtlesim/srv/detail/set_pen__rosidl_typesupport_fastrtps_cpp.hpp
[38.102s] -- Installing: /home/samuel/ros2_humble/workspaces/project1_ws/install/turtlesim/include/turtlesim/turtlesim/srv/detail/teleport_relative__rosidl_typesupport_fastrtps_cpp.hpp
[38.103s] -- Up-to-date: /home/samuel/ros2_humble/workspaces/project1_ws/install/turtlesim/include/turtlesim/turtlesim/action
[38.103s] -- Up-to-date: /home/samuel/ros2_humble/workspaces/project1_ws/install/turtlesim/include/turtlesim/turtlesim/action/detail
[38.103s] -- Installing: /home/samuel/ros2_humble/workspaces/project1_ws/install/turtlesim/include/turtlesim/turtlesim/action/detail/dds_fastrtps
[38.103s] -- Installing: /home/samuel/ros2_humble/workspaces/project1_ws/install/turtlesim/include/turtlesim/turtlesim/action/detail/rotate_absolute__rosidl_typesupport_fastrtps_cpp.hpp
[38.103s] -- Up-to-date: /home/samuel/ros2_humble/workspaces/project1_ws/install/turtlesim/include/turtlesim/turtlesim/msg
[38.103s] -- Up-to-date: /home/samuel/ros2_humble/workspaces/project1_ws/install/turtlesim/include/turtlesim/turtlesim/msg/detail
[38.103s] -- Installing: /home/samuel/ros2_humble/workspaces/project1_ws/install/turtlesim/include/turtlesim/turtlesim/msg/detail/dds_fastrtps
[38.103s] -- Installing: /home/samuel/ros2_humble/workspaces/project1_ws/install/turtlesim/include/turtlesim/turtlesim/msg/detail/pose__rosidl_typesupport_fastrtps_cpp.hpp
[38.103s] -- Installing: /home/samuel/ros2_humble/workspaces/project1_ws/install/turtlesim/include/turtlesim/turtlesim/msg/detail/color__rosidl_typesupport_fastrtps_cpp.hpp
[38.103s] -- Installing: /home/samuel/ros2_humble/workspaces/project1_ws/install/turtlesim/include/turtlesim/turtlesim/msg/rosidl_typesupport_fastrtps_cpp__visibility_control.h
[38.103s] -- Installing: /home/samuel/ros2_humble/workspaces/project1_ws/install/turtlesim/lib/libturtlesim__rosidl_typesupport_fastrtps_cpp.so
[38.104s] -- Set runtime path of "/home/samuel/ros2_humble/workspaces/project1_ws/install/turtlesim/lib/libturtlesim__rosidl_typesupport_fastrtps_cpp.so" to ""
[38.104s] -- Up-to-date: /home/samuel/ros2_humble/workspaces/project1_ws/install/turtlesim/include/turtlesim/turtlesim
[38.104s] -- Up-to-date: /home/samuel/ros2_humble/workspaces/project1_ws/install/turtlesim/include/turtlesim/turtlesim/srv
[38.104s] -- Up-to-date: /home/samuel/ros2_humble/workspaces/project1_ws/install/turtlesim/include/turtlesim/turtlesim/srv/detail
[38.104s] -- Installing: /home/samuel/ros2_humble/workspaces/project1_ws/install/turtlesim/include/turtlesim/turtlesim/srv/detail/spawn__type_support.c
[38.104s] -- Installing: /home/samuel/ros2_humble/workspaces/project1_ws/install/turtlesim/include/turtlesim/turtlesim/srv/detail/set_pen__type_support.c
[38.104s] -- Installing: /home/samuel/ros2_humble/workspaces/project1_ws/install/turtlesim/include/turtlesim/turtlesim/srv/detail/kill__type_support.c
[38.104s] -- Installing: /home/samuel/ros2_humble/workspaces/project1_ws/install/turtlesim/include/turtlesim/turtlesim/srv/detail/spawn__rosidl_typesupport_introspection_c.h
[38.104s] -- Installing: /home/samuel/ros2_humble/workspaces/project1_ws/install/turtlesim/include/turtlesim/turtlesim/srv/detail/set_pen__rosidl_typesupport_introspection_c.h
[38.105s] -- Installing: /home/samuel/ros2_humble/workspaces/project1_ws/install/turtlesim/include/turtlesim/turtlesim/srv/detail/teleport_absolute__rosidl_typesupport_introspection_c.h
[38.105s] -- Installing: /home/samuel/ros2_humble/workspaces/project1_ws/install/turtlesim/include/turtlesim/turtlesim/srv/detail/kill__rosidl_typesupport_introspection_c.h
[38.105s] -- Installing: /home/samuel/ros2_humble/workspaces/project1_ws/install/turtlesim/include/turtlesim/turtlesim/srv/detail/teleport_relative__rosidl_typesupport_introspection_c.h
[38.105s] -- Installing: /home/samuel/ros2_humble/workspaces/project1_ws/install/turtlesim/include/turtlesim/turtlesim/srv/detail/teleport_absolute__type_support.c
[38.105s] -- Installing: /home/samuel/ros2_humble/workspaces/project1_ws/install/turtlesim/include/turtlesim/turtlesim/srv/detail/teleport_relative__type_support.c
[38.105s] -- Up-to-date: /home/samuel/ros2_humble/workspaces/project1_ws/install/turtlesim/include/turtlesim/turtlesim/action
[38.105s] -- Up-to-date: /home/samuel/ros2_humble/workspaces/project1_ws/install/turtlesim/include/turtlesim/turtlesim/action/detail
[38.105s] -- Installing: /home/samuel/ros2_humble/workspaces/project1_ws/install/turtlesim/include/turtlesim/turtlesim/action/detail/rotate_absolute__type_support.c
[38.105s] -- Installing: /home/samuel/ros2_humble/workspaces/project1_ws/install/turtlesim/include/turtlesim/turtlesim/action/detail/rotate_absolute__rosidl_typesupport_introspection_c.h
[38.105s] -- Up-to-date: /home/samuel/ros2_humble/workspaces/project1_ws/install/turtlesim/include/turtlesim/turtlesim/msg
[38.105s] -- Up-to-date: /home/samuel/ros2_humble/workspaces/project1_ws/install/turtlesim/include/turtlesim/turtlesim/msg/detail
[38.106s] -- Installing: /home/samuel/ros2_humble/workspaces/project1_ws/install/turtlesim/include/turtlesim/turtlesim/msg/detail/color__rosidl_typesupport_introspection_c.h
[38.106s] -- Installing: /home/samuel/ros2_humble/workspaces/project1_ws/install/turtlesim/include/turtlesim/turtlesim/msg/detail/color__type_support.c
[38.106s] -- Installing: /home/samuel/ros2_humble/workspaces/project1_ws/install/turtlesim/include/turtlesim/turtlesim/msg/detail/pose__rosidl_typesupport_introspection_c.h
[38.106s] -- Installing: /home/samuel/ros2_humble/workspaces/project1_ws/install/turtlesim/include/turtlesim/turtlesim/msg/detail/pose__type_support.c
[38.106s] -- Installing: /home/samuel/ros2_humble/workspaces/project1_ws/install/turtlesim/include/turtlesim/turtlesim/msg/rosidl_typesupport_introspection_c__visibility_control.h
[38.106s] -- Installing: /home/samuel/ros2_humble/workspaces/project1_ws/install/turtlesim/lib/libturtlesim__rosidl_typesupport_introspection_c.so
[38.107s] -- Set runtime path of "/home/samuel/ros2_humble/workspaces/project1_ws/install/turtlesim/lib/libturtlesim__rosidl_typesupport_introspection_c.so" to ""
[38.107s] -- Installing: /home/samuel/ros2_humble/workspaces/project1_ws/install/turtlesim/lib/libturtlesim__rosidl_typesupport_c.so
[38.107s] -- Set runtime path of "/home/samuel/ros2_humble/workspaces/project1_ws/install/turtlesim/lib/libturtlesim__rosidl_typesupport_c.so" to ""
[38.107s] -- Up-to-date: /home/samuel/ros2_humble/workspaces/project1_ws/install/turtlesim/include/turtlesim/turtlesim
[38.107s] -- Up-to-date: /home/samuel/ros2_humble/workspaces/project1_ws/install/turtlesim/include/turtlesim/turtlesim/srv
[38.108s] -- Up-to-date: /home/samuel/ros2_humble/workspaces/project1_ws/install/turtlesim/include/turtlesim/turtlesim/srv/detail
[38.108s] -- Installing: /home/samuel/ros2_humble/workspaces/project1_ws/install/turtlesim/include/turtlesim/turtlesim/srv/detail/teleport_relative__type_support.cpp
[38.108s] -- Installing: /home/samuel/ros2_humble/workspaces/project1_ws/install/turtlesim/include/turtlesim/turtlesim/srv/detail/spawn__type_support.cpp
[38.108s] -- Installing: /home/samuel/ros2_humble/workspaces/project1_ws/install/turtlesim/include/turtlesim/turtlesim/srv/detail/kill__type_support.cpp
[38.108s] -- Installing: /home/samuel/ros2_humble/workspaces/project1_ws/install/turtlesim/include/turtlesim/turtlesim/srv/detail/teleport_relative__rosidl_typesupport_introspection_cpp.hpp
[38.108s] -- Installing: /home/samuel/ros2_humble/workspaces/project1_ws/install/turtlesim/include/turtlesim/turtlesim/srv/detail/kill__rosidl_typesupport_introspection_cpp.hpp
[38.108s] -- Installing: /home/samuel/ros2_humble/workspaces/project1_ws/install/turtlesim/include/turtlesim/turtlesim/srv/detail/teleport_absolute__type_support.cpp
[38.108s] -- Installing: /home/samuel/ros2_humble/workspaces/project1_ws/install/turtlesim/include/turtlesim/turtlesim/srv/detail/teleport_absolute__rosidl_typesupport_introspection_cpp.hpp
[38.108s] -- Installing: /home/samuel/ros2_humble/workspaces/project1_ws/install/turtlesim/include/turtlesim/turtlesim/srv/detail/spawn__rosidl_typesupport_introspection_cpp.hpp
[38.108s] -- Installing: /home/samuel/ros2_humble/workspaces/project1_ws/install/turtlesim/include/turtlesim/turtlesim/srv/detail/set_pen__rosidl_typesupport_introspection_cpp.hpp
[38.108s] -- Installing: /home/samuel/ros2_humble/workspaces/project1_ws/install/turtlesim/include/turtlesim/turtlesim/srv/detail/set_pen__type_support.cpp
[38.109s] -- Up-to-date: /home/samuel/ros2_humble/workspaces/project1_ws/install/turtlesim/include/turtlesim/turtlesim/action
[38.109s] -- Up-to-date: /home/samuel/ros2_humble/workspaces/project1_ws/install/turtlesim/include/turtlesim/turtlesim/action/detail
[38.109s] -- Installing: /home/samuel/ros2_humble/workspaces/project1_ws/install/turtlesim/include/turtlesim/turtlesim/action/detail/rotate_absolute__rosidl_typesupport_introspection_cpp.hpp
[38.109s] -- Installing: /home/samuel/ros2_humble/workspaces/project1_ws/install/turtlesim/include/turtlesim/turtlesim/action/detail/rotate_absolute__type_support.cpp
[38.109s] -- Up-to-date: /home/samuel/ros2_humble/workspaces/project1_ws/install/turtlesim/include/turtlesim/turtlesim/msg
[38.109s] -- Up-to-date: /home/samuel/ros2_humble/workspaces/project1_ws/install/turtlesim/include/turtlesim/turtlesim/msg/detail
[38.109s] -- Installing: /home/samuel/ros2_humble/workspaces/project1_ws/install/turtlesim/include/turtlesim/turtlesim/msg/detail/color__rosidl_typesupport_introspection_cpp.hpp
[38.109s] -- Installing: /home/samuel/ros2_humble/workspaces/project1_ws/install/turtlesim/include/turtlesim/turtlesim/msg/detail/pose__type_support.cpp
[38.109s] -- Installing: /home/samuel/ros2_humble/workspaces/project1_ws/install/turtlesim/include/turtlesim/turtlesim/msg/detail/color__type_support.cpp
[38.109s] -- Installing: /home/samuel/ros2_humble/workspaces/project1_ws/install/turtlesim/include/turtlesim/turtlesim/msg/detail/pose__rosidl_typesupport_introspection_cpp.hpp
[38.109s] -- Installing: /home/samuel/ros2_humble/workspaces/project1_ws/install/turtlesim/lib/libturtlesim__rosidl_typesupport_introspection_cpp.so
[38.109s] -- Set runtime path of "/home/samuel/ros2_humble/workspaces/project1_ws/install/turtlesim/lib/libturtlesim__rosidl_typesupport_introspection_cpp.so" to ""
[38.109s] -- Installing: /home/samuel/ros2_humble/workspaces/project1_ws/install/turtlesim/lib/libturtlesim__rosidl_typesupport_cpp.so
[38.110s] -- Set runtime path of "/home/samuel/ros2_humble/workspaces/project1_ws/install/turtlesim/lib/libturtlesim__rosidl_typesupport_cpp.so" to ""
[38.110s] -- Installing: /home/samuel/ros2_humble/workspaces/project1_ws/install/turtlesim/share/turtlesim/environment/pythonpath.sh
[38.110s] -- Installing: /home/samuel/ros2_humble/workspaces/project1_ws/install/turtlesim/share/turtlesim/environment/pythonpath.dsv
[38.110s] -- Installing: /home/samuel/ros2_humble/workspaces/project1_ws/install/turtlesim/local/lib/python3.10/dist-packages/turtlesim-1.4.2-py3.10.egg-info
[38.110s] -- Installing: /home/samuel/ros2_humble/workspaces/project1_ws/install/turtlesim/local/lib/python3.10/dist-packages/turtlesim-1.4.2-py3.10.egg-info/top_level.txt
[38.110s] -- Installing: /home/samuel/ros2_humble/workspaces/project1_ws/install/turtlesim/local/lib/python3.10/dist-packages/turtlesim-1.4.2-py3.10.egg-info/dependency_links.txt
[38.111s] -- Installing: /home/samuel/ros2_humble/workspaces/project1_ws/install/turtlesim/local/lib/python3.10/dist-packages/turtlesim-1.4.2-py3.10.egg-info/PKG-INFO
[38.111s] -- Installing: /home/samuel/ros2_humble/workspaces/project1_ws/install/turtlesim/local/lib/python3.10/dist-packages/turtlesim-1.4.2-py3.10.egg-info/SOURCES.txt
[38.111s] -- Installing: /home/samuel/ros2_humble/workspaces/project1_ws/install/turtlesim/local/lib/python3.10/dist-packages/turtlesim
[38.111s] -- Installing: /home/samuel/ros2_humble/workspaces/project1_ws/install/turtlesim/local/lib/python3.10/dist-packages/turtlesim/srv
[38.111s] -- Installing: /home/samuel/ros2_humble/workspaces/project1_ws/install/turtlesim/local/lib/python3.10/dist-packages/turtlesim/srv/_teleport_relative_s.c
[38.111s] -- Installing: /home/samuel/ros2_humble/workspaces/project1_ws/install/turtlesim/local/lib/python3.10/dist-packages/turtlesim/srv/_teleport_absolute.py
[38.111s] -- Installing: /home/samuel/ros2_humble/workspaces/project1_ws/install/turtlesim/local/lib/python3.10/dist-packages/turtlesim/srv/_kill.py
[38.111s] -- Installing: /home/samuel/ros2_humble/workspaces/project1_ws/install/turtlesim/local/lib/python3.10/dist-packages/turtlesim/srv/_set_pen.py
[38.111s] -- Installing: /home/samuel/ros2_humble/workspaces/project1_ws/install/turtlesim/local/lib/python3.10/dist-packages/turtlesim/srv/_set_pen_s.c
[38.111s] -- Installing: /home/samuel/ros2_humble/workspaces/project1_ws/install/turtlesim/local/lib/python3.10/dist-packages/turtlesim/srv/_teleport_relative.py
[38.112s] -- Installing: /home/samuel/ros2_humble/workspaces/project1_ws/install/turtlesim/local/lib/python3.10/dist-packages/turtlesim/srv/__init__.py
[38.112s] -- Installing: /home/samuel/ros2_humble/workspaces/project1_ws/install/turtlesim/local/lib/python3.10/dist-packages/turtlesim/srv/_spawn.py
[38.112s] -- Installing: /home/samuel/ros2_humble/workspaces/project1_ws/install/turtlesim/local/lib/python3.10/dist-packages/turtlesim/srv/_spawn_s.c
[38.112s] -- Installing: /home/samuel/ros2_humble/workspaces/project1_ws/install/turtlesim/local/lib/python3.10/dist-packages/turtlesim/srv/_kill_s.c
[38.112s] -- Installing: /home/samuel/ros2_humble/workspaces/project1_ws/install/turtlesim/local/lib/python3.10/dist-packages/turtlesim/srv/_teleport_absolute_s.c
[38.113s] -- Installing: /home/samuel/ros2_humble/workspaces/project1_ws/install/turtlesim/local/lib/python3.10/dist-packages/turtlesim/action
[38.113s] -- Installing: /home/samuel/ros2_humble/workspaces/project1_ws/install/turtlesim/local/lib/python3.10/dist-packages/turtlesim/action/_rotate_absolute.py
[38.113s] -- Installing: /home/samuel/ros2_humble/workspaces/project1_ws/install/turtlesim/local/lib/python3.10/dist-packages/turtlesim/action/__init__.py
[38.113s] -- Installing: /home/samuel/ros2_humble/workspaces/project1_ws/install/turtlesim/local/lib/python3.10/dist-packages/turtlesim/action/_rotate_absolute_s.c
[38.113s] -- Installing: /home/samuel/ros2_humble/workspaces/project1_ws/install/turtlesim/local/lib/python3.10/dist-packages/turtlesim/turtlesim_s__rosidl_typesupport_fastrtps_c.cpython-310-x86_64-linux-gnu.so
[38.113s] -- Installing: /home/samuel/ros2_humble/workspaces/project1_ws/install/turtlesim/local/lib/python3.10/dist-packages/turtlesim/turtlesim_s__rosidl_typesupport_c.cpython-310-x86_64-linux-gnu.so
[38.114s] -- Installing: /home/samuel/ros2_humble/workspaces/project1_ws/install/turtlesim/local/lib/python3.10/dist-packages/turtlesim/libturtlesim__rosidl_generator_py.so
[38.114s] -- Installing: /home/samuel/ros2_humble/workspaces/project1_ws/install/turtlesim/local/lib/python3.10/dist-packages/turtlesim/msg
[38.114s] -- Installing: /home/samuel/ros2_humble/workspaces/project1_ws/install/turtlesim/local/lib/python3.10/dist-packages/turtlesim/msg/_color.py
[38.114s] -- Installing: /home/samuel/ros2_humble/workspaces/project1_ws/install/turtlesim/local/lib/python3.10/dist-packages/turtlesim/msg/_pose_s.c
[38.114s] -- Installing: /home/samuel/ros2_humble/workspaces/project1_ws/install/turtlesim/local/lib/python3.10/dist-packages/turtlesim/msg/_pose.py
[38.114s] -- Installing: /home/samuel/ros2_humble/workspaces/project1_ws/install/turtlesim/local/lib/python3.10/dist-packages/turtlesim/msg/_color_s.c
[38.114s] -- Installing: /home/samuel/ros2_humble/workspaces/project1_ws/install/turtlesim/local/lib/python3.10/dist-packages/turtlesim/msg/__init__.py
[38.114s] -- Installing: /home/samuel/ros2_humble/workspaces/project1_ws/install/turtlesim/local/lib/python3.10/dist-packages/turtlesim/_turtlesim_s.ep.rosidl_typesupport_introspection_c.c
[38.114s] -- Installing: /home/samuel/ros2_humble/workspaces/project1_ws/install/turtlesim/local/lib/python3.10/dist-packages/turtlesim/__init__.py
[38.115s] -- Installing: /home/samuel/ros2_humble/workspaces/project1_ws/install/turtlesim/local/lib/python3.10/dist-packages/turtlesim/_turtlesim_s.ep.rosidl_typesupport_fastrtps_c.c
[38.115s] -- Installing: /home/samuel/ros2_humble/workspaces/project1_ws/install/turtlesim/local/lib/python3.10/dist-packages/turtlesim/_turtlesim_s.ep.rosidl_typesupport_c.c
[38.115s] -- Installing: /home/samuel/ros2_humble/workspaces/project1_ws/install/turtlesim/local/lib/python3.10/dist-packages/turtlesim/turtlesim_s__rosidl_typesupport_introspection_c.cpython-310-x86_64-linux-gnu.so
[38.263s] Listing '/home/samuel/ros2_humble/workspaces/project1_ws/install/turtlesim/local/lib/python3.10/dist-packages/turtlesim'...
[38.263s] Compiling '/home/samuel/ros2_humble/workspaces/project1_ws/install/turtlesim/local/lib/python3.10/dist-packages/turtlesim/__init__.py'...
[38.263s] Listing '/home/samuel/ros2_humble/workspaces/project1_ws/install/turtlesim/local/lib/python3.10/dist-packages/turtlesim/action'...
[38.263s] Compiling '/home/samuel/ros2_humble/workspaces/project1_ws/install/turtlesim/local/lib/python3.10/dist-packages/turtlesim/action/__init__.py'...
[38.263s] Compiling '/home/samuel/ros2_humble/workspaces/project1_ws/install/turtlesim/local/lib/python3.10/dist-packages/turtlesim/action/_rotate_absolute.py'...
[38.263s] Listing '/home/samuel/ros2_humble/workspaces/project1_ws/install/turtlesim/local/lib/python3.10/dist-packages/turtlesim/msg'...
[38.263s] Compiling '/home/samuel/ros2_humble/workspaces/project1_ws/install/turtlesim/local/lib/python3.10/dist-packages/turtlesim/msg/__init__.py'...
[38.263s] Compiling '/home/samuel/ros2_humble/workspaces/project1_ws/install/turtlesim/local/lib/python3.10/dist-packages/turtlesim/msg/_color.py'...
[38.263s] Compiling '/home/samuel/ros2_humble/workspaces/project1_ws/install/turtlesim/local/lib/python3.10/dist-packages/turtlesim/msg/_pose.py'...
[38.263s] Listing '/home/samuel/ros2_humble/workspaces/project1_ws/install/turtlesim/local/lib/python3.10/dist-packages/turtlesim/srv'...
[38.263s] Compiling '/home/samuel/ros2_humble/workspaces/project1_ws/install/turtlesim/local/lib/python3.10/dist-packages/turtlesim/srv/__init__.py'...
[38.263s] Compiling '/home/samuel/ros2_humble/workspaces/project1_ws/install/turtlesim/local/lib/python3.10/dist-packages/turtlesim/srv/_kill.py'...
[38.263s] Compiling '/home/samuel/ros2_humble/workspaces/project1_ws/install/turtlesim/local/lib/python3.10/dist-packages/turtlesim/srv/_set_pen.py'...
[38.263s] Compiling '/home/samuel/ros2_humble/workspaces/project1_ws/install/turtlesim/local/lib/python3.10/dist-packages/turtlesim/srv/_spawn.py'...
[38.263s] Compiling '/home/samuel/ros2_humble/workspaces/project1_ws/install/turtlesim/local/lib/python3.10/dist-packages/turtlesim/srv/_teleport_absolute.py'...
[38.263s] Compiling '/home/samuel/ros2_humble/workspaces/project1_ws/install/turtlesim/local/lib/python3.10/dist-packages/turtlesim/srv/_teleport_relative.py'...
[38.267s] -- Installing: /home/samuel/ros2_humble/workspaces/project1_ws/install/turtlesim/local/lib/python3.10/dist-packages/turtlesim/turtlesim_s__rosidl_typesupport_introspection_c.cpython-310-x86_64-linux-gnu.so
[38.268s] -- Set runtime path of "/home/samuel/ros2_humble/workspaces/project1_ws/install/turtlesim/local/lib/python3.10/dist-packages/turtlesim/turtlesim_s__rosidl_typesupport_introspection_c.cpython-310-x86_64-linux-gnu.so" to ""
[38.268s] -- Installing: /home/samuel/ros2_humble/workspaces/project1_ws/install/turtlesim/local/lib/python3.10/dist-packages/turtlesim/turtlesim_s__rosidl_typesupport_fastrtps_c.cpython-310-x86_64-linux-gnu.so
[38.268s] -- Set runtime path of "/home/samuel/ros2_humble/workspaces/project1_ws/install/turtlesim/local/lib/python3.10/dist-packages/turtlesim/turtlesim_s__rosidl_typesupport_fastrtps_c.cpython-310-x86_64-linux-gnu.so" to ""
[38.268s] -- Installing: /home/samuel/ros2_humble/workspaces/project1_ws/install/turtlesim/local/lib/python3.10/dist-packages/turtlesim/turtlesim_s__rosidl_typesupport_c.cpython-310-x86_64-linux-gnu.so
[38.269s] -- Set runtime path of "/home/samuel/ros2_humble/workspaces/project1_ws/install/turtlesim/local/lib/python3.10/dist-packages/turtlesim/turtlesim_s__rosidl_typesupport_c.cpython-310-x86_64-linux-gnu.so" to ""
[38.269s] -- Installing: /home/samuel/ros2_humble/workspaces/project1_ws/install/turtlesim/lib/libturtlesim__rosidl_generator_py.so
[38.269s] -- Set runtime path of "/home/samuel/ros2_humble/workspaces/project1_ws/install/turtlesim/lib/libturtlesim__rosidl_generator_py.so" to ""
[38.269s] -- Installing: /home/samuel/ros2_humble/workspaces/project1_ws/install/turtlesim/share/turtlesim/action/RotateAbsolute.idl
[38.270s] -- Installing: /home/samuel/ros2_humble/workspaces/project1_ws/install/turtlesim/share/turtlesim/msg/Color.idl
[38.270s] -- Installing: /home/samuel/ros2_humble/workspaces/project1_ws/install/turtlesim/share/turtlesim/msg/Pose.idl
[38.270s] -- Installing: /home/samuel/ros2_humble/workspaces/project1_ws/install/turtlesim/share/turtlesim/srv/Kill.idl
[38.270s] -- Installing: /home/samuel/ros2_humble/workspaces/project1_ws/install/turtlesim/share/turtlesim/srv/SetPen.idl
[38.270s] -- Installing: /home/samuel/ros2_humble/workspaces/project1_ws/install/turtlesim/share/turtlesim/srv/Spawn.idl
[38.270s] -- Installing: /home/samuel/ros2_humble/workspaces/project1_ws/install/turtlesim/share/turtlesim/srv/TeleportAbsolute.idl
[38.270s] -- Installing: /home/samuel/ros2_humble/workspaces/project1_ws/install/turtlesim/share/turtlesim/srv/TeleportRelative.idl
[38.270s] -- Installing: /home/samuel/ros2_humble/workspaces/project1_ws/install/turtlesim/share/turtlesim/action/RotateAbsolute.action
[38.270s] -- Installing: /home/samuel/ros2_humble/workspaces/project1_ws/install/turtlesim/share/turtlesim/msg/Color.msg
[38.271s] -- Installing: /home/samuel/ros2_humble/workspaces/project1_ws/install/turtlesim/share/turtlesim/msg/Pose.msg
[38.271s] -- Installing: /home/samuel/ros2_humble/workspaces/project1_ws/install/turtlesim/share/turtlesim/srv/Kill.srv
[38.271s] -- Installing: /home/samuel/ros2_humble/workspaces/project1_ws/install/turtlesim/share/turtlesim/srv/Kill_Request.msg
[38.271s] -- Installing: /home/samuel/ros2_humble/workspaces/project1_ws/install/turtlesim/share/turtlesim/srv/Kill_Response.msg
[38.271s] -- Installing: /home/samuel/ros2_humble/workspaces/project1_ws/install/turtlesim/share/turtlesim/srv/SetPen.srv
[38.271s] -- Installing: /home/samuel/ros2_humble/workspaces/project1_ws/install/turtlesim/share/turtlesim/srv/SetPen_Request.msg
[38.271s] -- Installing: /home/samuel/ros2_humble/workspaces/project1_ws/install/turtlesim/share/turtlesim/srv/SetPen_Response.msg
[38.271s] -- Installing: /home/samuel/ros2_humble/workspaces/project1_ws/install/turtlesim/share/turtlesim/srv/Spawn.srv
[38.271s] -- Installing: /home/samuel/ros2_humble/workspaces/project1_ws/install/turtlesim/share/turtlesim/srv/Spawn_Request.msg
[38.272s] -- Installing: /home/samuel/ros2_humble/workspaces/project1_ws/install/turtlesim/share/turtlesim/srv/Spawn_Response.msg
[38.272s] -- Installing: /home/samuel/ros2_humble/workspaces/project1_ws/install/turtlesim/share/turtlesim/srv/TeleportAbsolute.srv
[38.272s] -- Installing: /home/samuel/ros2_humble/workspaces/project1_ws/install/turtlesim/share/turtlesim/srv/TeleportAbsolute_Request.msg
[38.272s] -- Installing: /home/samuel/ros2_humble/workspaces/project1_ws/install/turtlesim/share/turtlesim/srv/TeleportAbsolute_Response.msg
[38.272s] -- Installing: /home/samuel/ros2_humble/workspaces/project1_ws/install/turtlesim/share/turtlesim/srv/TeleportRelative.srv
[38.272s] -- Installing: /home/samuel/ros2_humble/workspaces/project1_ws/install/turtlesim/share/turtlesim/srv/TeleportRelative_Request.msg
[38.272s] -- Installing: /home/samuel/ros2_humble/workspaces/project1_ws/install/turtlesim/share/turtlesim/srv/TeleportRelative_Response.msg
[38.272s] -- Installing: /home/samuel/ros2_humble/workspaces/project1_ws/install/turtlesim/lib/turtlesim/turtlesim_node
[38.282s] -- Set runtime path of "/home/samuel/ros2_humble/workspaces/project1_ws/install/turtlesim/lib/turtlesim/turtlesim_node" to ""
[38.282s] -- Installing: /home/samuel/ros2_humble/workspaces/project1_ws/install/turtlesim/lib/turtlesim/turtle_teleop_key
[38.284s] -- Set runtime path of "/home/samuel/ros2_humble/workspaces/project1_ws/install/turtlesim/lib/turtlesim/turtle_teleop_key" to ""
[38.284s] -- Installing: /home/samuel/ros2_humble/workspaces/project1_ws/install/turtlesim/lib/turtlesim/draw_square
[38.288s] -- Set runtime path of "/home/samuel/ros2_humble/workspaces/project1_ws/install/turtlesim/lib/turtlesim/draw_square" to ""
[38.288s] -- Installing: /home/samuel/ros2_humble/workspaces/project1_ws/install/turtlesim/lib/turtlesim/mimic
[38.292s] -- Set runtime path of "/home/samuel/ros2_humble/workspaces/project1_ws/install/turtlesim/lib/turtlesim/mimic" to ""
[38.292s] -- Installing: /home/samuel/ros2_humble/workspaces/project1_ws/install/turtlesim/share/turtlesim/images
[38.292s] -- Installing: /home/samuel/ros2_humble/workspaces/project1_ws/install/turtlesim/share/turtlesim/images/eloquent.png
[38.293s] -- Installing: /home/samuel/ros2_humble/workspaces/project1_ws/install/turtlesim/share/turtlesim/images/ardent.png
[38.293s] -- Installing: /home/samuel/ros2_humble/workspaces/project1_ws/install/turtlesim/share/turtlesim/images/humble.png
[38.293s] -- Installing: /home/samuel/ros2_humble/workspaces/project1_ws/install/turtlesim/share/turtlesim/images/foxy.png
[38.293s] -- Installing: /home/samuel/ros2_humble/workspaces/project1_ws/install/turtlesim/share/turtlesim/images/crystal.png
[38.293s] -- Installing: /home/samuel/ros2_humble/workspaces/project1_ws/install/turtlesim/share/turtlesim/images/rolling.png
[38.293s] -- Installing: /home/samuel/ros2_humble/workspaces/project1_ws/install/turtlesim/share/turtlesim/images/galactic.png
[38.293s] -- Installing: /home/samuel/ros2_humble/workspaces/project1_ws/install/turtlesim/share/turtlesim/images/dashing.png
[38.293s] -- Installing: /home/samuel/ros2_humble/workspaces/project1_ws/install/turtlesim/share/turtlesim/images/bouncy.png
[38.293s] -- Installing: /home/samuel/ros2_humble/workspaces/project1_ws/install/turtlesim/share/turtlesim/launch
[38.294s] -- Installing: /home/samuel/ros2_humble/workspaces/project1_ws/install/turtlesim/share/turtlesim/launch/multisim.launch.py
[38.294s] -- Installing: /home/samuel/ros2_humble/workspaces/project1_ws/install/turtlesim/share/ament_index/resource_index/package_run_dependencies/turtlesim
[38.294s] -- Installing: /home/samuel/ros2_humble/workspaces/project1_ws/install/turtlesim/share/ament_index/resource_index/parent_prefix_path/turtlesim
[38.294s] -- Installing: /home/samuel/ros2_humble/workspaces/project1_ws/install/turtlesim/share/turtlesim/environment/ament_prefix_path.sh
[38.294s] -- Installing: /home/samuel/ros2_humble/workspaces/project1_ws/install/turtlesim/share/turtlesim/environment/ament_prefix_path.dsv
[38.294s] -- Installing: /home/samuel/ros2_humble/workspaces/project1_ws/install/turtlesim/share/turtlesim/environment/path.sh
[38.294s] -- Installing: /home/samuel/ros2_humble/workspaces/project1_ws/install/turtlesim/share/turtlesim/environment/path.dsv
[38.294s] -- Installing: /home/samuel/ros2_humble/workspaces/project1_ws/install/turtlesim/share/turtlesim/local_setup.bash
[38.295s] -- Installing: /home/samuel/ros2_humble/workspaces/project1_ws/install/turtlesim/share/turtlesim/local_setup.sh
[38.295s] -- Installing: /home/samuel/ros2_humble/workspaces/project1_ws/install/turtlesim/share/turtlesim/local_setup.zsh
[38.295s] -- Installing: /home/samuel/ros2_humble/workspaces/project1_ws/install/turtlesim/share/turtlesim/local_setup.dsv
[38.295s] -- Installing: /home/samuel/ros2_humble/workspaces/project1_ws/install/turtlesim/share/turtlesim/package.dsv
[38.295s] -- Installing: /home/samuel/ros2_humble/workspaces/project1_ws/install/turtlesim/share/ament_index/resource_index/packages/turtlesim
[38.295s] -- Installing: /home/samuel/ros2_humble/workspaces/project1_ws/install/turtlesim/share/turtlesim/cmake/export_turtlesim__rosidl_generator_cExport.cmake
[38.295s] -- Installing: /home/samuel/ros2_humble/workspaces/project1_ws/install/turtlesim/share/turtlesim/cmake/export_turtlesim__rosidl_generator_cExport-noconfig.cmake
[38.295s] -- Installing: /home/samuel/ros2_humble/workspaces/project1_ws/install/turtlesim/share/turtlesim/cmake/export_turtlesim__rosidl_typesupport_fastrtps_cExport.cmake
[38.295s] -- Installing: /home/samuel/ros2_humble/workspaces/project1_ws/install/turtlesim/share/turtlesim/cmake/export_turtlesim__rosidl_typesupport_fastrtps_cExport-noconfig.cmake
[38.295s] -- Installing: /home/samuel/ros2_humble/workspaces/project1_ws/install/turtlesim/share/turtlesim/cmake/export_turtlesim__rosidl_generator_cppExport.cmake
[38.295s] -- Installing: /home/samuel/ros2_humble/workspaces/project1_ws/install/turtlesim/share/turtlesim/cmake/export_turtlesim__rosidl_typesupport_fastrtps_cppExport.cmake
[38.296s] -- Installing: /home/samuel/ros2_humble/workspaces/project1_ws/install/turtlesim/share/turtlesim/cmake/export_turtlesim__rosidl_typesupport_fastrtps_cppExport-noconfig.cmake
[38.296s] -- Installing: /home/samuel/ros2_humble/workspaces/project1_ws/install/turtlesim/share/turtlesim/cmake/turtlesim__rosidl_typesupport_introspection_cExport.cmake
[38.296s] -- Installing: /home/samuel/ros2_humble/workspaces/project1_ws/install/turtlesim/share/turtlesim/cmake/turtlesim__rosidl_typesupport_introspection_cExport-noconfig.cmake
[38.296s] -- Installing: /home/samuel/ros2_humble/workspaces/project1_ws/install/turtlesim/share/turtlesim/cmake/turtlesim__rosidl_typesupport_cExport.cmake
[38.296s] -- Installing: /home/samuel/ros2_humble/workspaces/project1_ws/install/turtlesim/share/turtlesim/cmake/turtlesim__rosidl_typesupport_cExport-noconfig.cmake
[38.296s] -- Installing: /home/samuel/ros2_humble/workspaces/project1_ws/install/turtlesim/share/turtlesim/cmake/turtlesim__rosidl_typesupport_introspection_cppExport.cmake
[38.296s] -- Installing: /home/samuel/ros2_humble/workspaces/project1_ws/install/turtlesim/share/turtlesim/cmake/turtlesim__rosidl_typesupport_introspection_cppExport-noconfig.cmake
[38.297s] -- Installing: /home/samuel/ros2_humble/workspaces/project1_ws/install/turtlesim/share/turtlesim/cmake/turtlesim__rosidl_typesupport_cppExport.cmake
[38.297s] -- Installing: /home/samuel/ros2_humble/workspaces/project1_ws/install/turtlesim/share/turtlesim/cmake/turtlesim__rosidl_typesupport_cppExport-noconfig.cmake
[38.297s] -- Installing: /home/samuel/ros2_humble/workspaces/project1_ws/install/turtlesim/share/turtlesim/cmake/export_turtlesim__rosidl_generator_pyExport.cmake
[38.297s] -- Installing: /home/samuel/ros2_humble/workspaces/project1_ws/install/turtlesim/share/turtlesim/cmake/export_turtlesim__rosidl_generator_pyExport-noconfig.cmake
[38.297s] -- Installing: /home/samuel/ros2_humble/workspaces/project1_ws/install/turtlesim/share/turtlesim/cmake/rosidl_cmake-extras.cmake
[38.297s] -- Installing: /home/samuel/ros2_humble/workspaces/project1_ws/install/turtlesim/share/turtlesim/cmake/ament_cmake_export_dependencies-extras.cmake
[38.297s] -- Installing: /home/samuel/ros2_humble/workspaces/project1_ws/install/turtlesim/share/turtlesim/cmake/ament_cmake_export_include_directories-extras.cmake
[38.297s] -- Installing: /home/samuel/ros2_humble/workspaces/project1_ws/install/turtlesim/share/turtlesim/cmake/ament_cmake_export_libraries-extras.cmake
[38.298s] -- Installing: /home/samuel/ros2_humble/workspaces/project1_ws/install/turtlesim/share/turtlesim/cmake/ament_cmake_export_targets-extras.cmake
[38.298s] -- Installing: /home/samuel/ros2_humble/workspaces/project1_ws/install/turtlesim/share/turtlesim/cmake/rosidl_cmake_export_typesupport_targets-extras.cmake
[38.298s] -- Installing: /home/samuel/ros2_humble/workspaces/project1_ws/install/turtlesim/share/turtlesim/cmake/rosidl_cmake_export_typesupport_libraries-extras.cmake
[38.298s] -- Installing: /home/samuel/ros2_humble/workspaces/project1_ws/install/turtlesim/share/turtlesim/cmake/turtlesimConfig.cmake
[38.298s] -- Installing: /home/samuel/ros2_humble/workspaces/project1_ws/install/turtlesim/share/turtlesim/cmake/turtlesimConfig-version.cmake
[38.298s] -- Installing: /home/samuel/ros2_humble/workspaces/project1_ws/install/turtlesim/share/turtlesim/package.xml
[38.305s] Invoked command in '/home/samuel/ros2_humble/workspaces/project1_ws/build/turtlesim' returned '0': CMAKE_PREFIX_PATH=${CMAKE_PREFIX_PATH}:/home/samuel/ros2_humble/workspaces/project1_ws/install/py_pubsub:/home/samuel/ros2_humble/workspaces/project1_ws/install/my_package:/home/samuel/ros2_humble/workspaces/project1_ws/install/project1_pubsub:/home/samuel/ros2_humble/workspaces/project1_ws/src/install/project1_pubsub:/home/samuel/ros2_humble/install/rqt_bag_plugins:/home/samuel/ros2_humble/install/rqt_bag:/home/samuel/ros2_humble/install/ros2bag:/home/samuel/ros2_humble/install/tracetools_test:/home/samuel/ros2_humble/install/tracetools_launch:/home/samuel/ros2_humble/install/topic_monitor:/home/samuel/ros2_humble/install/tf2_tools:/home/samuel/ros2_humble/install/examples_tf2_py:/home/samuel/ros2_humble/install/tf2_ros_py:/home/samuel/ros2_humble/install/sros2:/home/samuel/ros2_humble/install/rqt_topic:/home/samuel/ros2_humble/install/rqt_srv:/home/samuel/ros2_humble/install/rqt_shell:/home/samuel/ros2_humble/install/rqt_service_caller:/home/samuel/ros2_humble/install/rqt_reconfigure:/home/samuel/ros2_humble/install/rqt_py_console:/home/samuel/ros2_humble/install/rqt_publisher:/home/samuel/ros2_humble/install/rqt_plot:/home/samuel/ros2_humble/install/rqt_action:/home/samuel/ros2_humble/install/rqt_msg:/home/samuel/ros2_humble/install/rqt_console:/home/samuel/ros2_humble/install/rqt:/home/samuel/ros2_humble/install/rqt_graph:/home/samuel/ros2_humble/install/rqt_gui_py:/home/samuel/ros2_humble/install/rqt_gui:/home/samuel/ros2_humble/install/ros2trace:/home/samuel/ros2_humble/install/ros2topic:/home/samuel/ros2_humble/install/ros2test:/home/samuel/ros2_humble/install/ros2component:/home/samuel/ros2_humble/install/ros2param:/home/samuel/ros2_humble/install/ros2lifecycle:/home/samuel/ros2_humble/install/ros2service:/home/samuel/ros2_humble/install/ros2run:/home/samuel/ros2_humble/install/ros2launch:/home/samuel/ros2_humble/install/ros2pkg:/home/samuel/ros2_humble/install/ros2node:/home/samuel/ros2_humble/install/ros2multicast:/home/samuel/ros2_humble/install/ros2interface:/home/samuel/ros2_humble/install/ros2doctor:/home/samuel/ros2_humble/install/ros2action:/home/samuel/ros2_humble/install/ros2cli:/home/samuel/ros2_humble/install/quality_of_service_demo_py:/home/samuel/ros2_humble/install/lifecycle_py:/home/samuel/ros2_humble/install/launch_testing_ros:/home/samuel/ros2_humble/install/launch_ros:/home/samuel/ros2_humble/install/examples_rclpy_pointcloud_publisher:/home/samuel/ros2_humble/install/examples_rclpy_minimal_subscriber:/home/samuel/ros2_humble/install/examples_rclpy_minimal_service:/home/samuel/ros2_humble/install/examples_rclpy_minimal_publisher:/home/samuel/ros2_humble/install/examples_rclpy_minimal_client:/home/samuel/ros2_humble/install/examples_rclpy_minimal_action_server:/home/samuel/ros2_humble/install/examples_rclpy_minimal_action_client:/home/samuel/ros2_humble/install/examples_rclpy_guard_conditions:/home/samuel/ros2_humble/install/examples_rclpy_executors:/home/samuel/ros2_humble/install/demo_nodes_py:/home/samuel/ros2_humble/install/action_tutorials_py:/home/samuel/ros2_humble/install/ament_uncrustify:/home/samuel/ros2_humble/install/tracetools_trace:/home/samuel/ros2_humble/install/tracetools_read:/home/samuel/ros2_humble/install/test_tracetools_launch:/home/samuel/ros2_humble/install/test_launch_ros:/home/samuel/ros2_humble/install/sensor_msgs_py:/home/samuel/ros2_humble/install/rpyutils:/home/samuel/ros2_humble/install/rosidl_runtime_py:/home/samuel/ros2_humble/install/rosidl_cli:/home/samuel/ros2_humble/install/launch_pytest:/home/samuel/ros2_humble/install/launch_testing:/home/samuel/ros2_humble/install/launch_yaml:/home/samuel/ros2_humble/install/launch_xml:/home/samuel/ros2_humble/install/launch:/home/samuel/ros2_humble/install/osrf_pycommon:/home/samuel/ros2_humble/install/launch_testing_examples:/home/samuel/ros2_humble/install/domain_coordinator:/home/samuel/ros2_humble/install/ament_xmllint:/home/samuel/ros2_humble/install/ament_pyflakes:/home/samuel/ros2_humble/install/ament_pycodestyle:/home/samuel/ros2_humble/install/ament_pep257:/home/samuel/ros2_humble/install/ament_pclint:/home/samuel/ros2_humble/install/ament_package:/home/samuel/ros2_humble/install/ament_mypy:/home/samuel/ros2_humble/install/ament_lint_cmake:/home/samuel/ros2_humble/install/ament_flake8:/home/samuel/ros2_humble/install/ament_copyright:/home/samuel/ros2_humble/install/ament_lint:/home/samuel/ros2_humble/install/ament_index_python:/home/samuel/ros2_humble/install/ament_cpplint:/home/samuel/ros2_humble/install/ament_cppcheck:/home/samuel/ros2_humble/install/ament_clang_tidy:/home/samuel/ros2_humble/install/ament_clang_format /usr/bin/cmake --install /home/samuel/ros2_humble/workspaces/project1_ws/build/turtlesim
