[0.143s] Invoking command in '/home/samuel/ros2_humble/workspaces/project1_ws/build/turtlesim': CMAKE_PREFIX_PATH=${CMAKE_PREFIX_PATH}:/home/samuel/ros2_humble/workspaces/project1_ws/install/project1_pubsub:/home/samuel/ros2_humble/install/rqt_bag_plugins:/home/samuel/ros2_humble/install/rqt_bag:/home/samuel/ros2_humble/install/ros2bag:/home/samuel/ros2_humble/install/tracetools_test:/home/samuel/ros2_humble/install/tracetools_launch:/home/samuel/ros2_humble/install/topic_monitor:/home/samuel/ros2_humble/install/tf2_tools:/home/samuel/ros2_humble/install/examples_tf2_py:/home/samuel/ros2_humble/install/tf2_ros_py:/home/samuel/ros2_humble/install/sros2:/home/samuel/ros2_humble/install/rqt_topic:/home/samuel/ros2_humble/install/rqt_srv:/home/samuel/ros2_humble/install/rqt_shell:/home/samuel/ros2_humble/install/rqt_service_caller:/home/samuel/ros2_humble/install/rqt_reconfigure:/home/samuel/ros2_humble/install/rqt_py_console:/home/samuel/ros2_humble/install/rqt_publisher:/home/samuel/ros2_humble/install/rqt_plot:/home/samuel/ros2_humble/install/rqt_action:/home/samuel/ros2_humble/install/rqt_msg:/home/samuel/ros2_humble/install/rqt_console:/home/samuel/ros2_humble/install/rqt:/home/samuel/ros2_humble/install/rqt_graph:/home/samuel/ros2_humble/install/rqt_gui_py:/home/samuel/ros2_humble/install/rqt_gui:/home/samuel/ros2_humble/install/ros2trace:/home/samuel/ros2_humble/install/ros2topic:/home/samuel/ros2_humble/install/ros2test:/home/samuel/ros2_humble/install/ros2component:/home/samuel/ros2_humble/install/ros2param:/home/samuel/ros2_humble/install/ros2lifecycle:/home/samuel/ros2_humble/install/ros2service:/home/samuel/ros2_humble/install/ros2run:/home/samuel/ros2_humble/install/ros2launch:/home/samuel/ros2_humble/install/ros2pkg:/home/samuel/ros2_humble/install/ros2node:/home/samuel/ros2_humble/install/ros2multicast:/home/samuel/ros2_humble/install/ros2interface:/home/samuel/ros2_humble/install/ros2doctor:/home/samuel/ros2_humble/install/ros2action:/home/samuel/ros2_humble/install/ros2cli:/home/samuel/ros2_humble/install/quality_of_service_demo_py:/home/samuel/ros2_humble/install/lifecycle_py:/home/samuel/ros2_humble/install/launch_testing_ros:/home/samuel/ros2_humble/install/launch_ros:/home/samuel/ros2_humble/install/examples_rclpy_pointcloud_publisher:/home/samuel/ros2_humble/install/examples_rclpy_minimal_subscriber:/home/samuel/ros2_humble/install/examples_rclpy_minimal_service:/home/samuel/ros2_humble/install/examples_rclpy_minimal_publisher:/home/samuel/ros2_humble/install/examples_rclpy_minimal_client:/home/samuel/ros2_humble/install/examples_rclpy_minimal_action_server:/home/samuel/ros2_humble/install/examples_rclpy_minimal_action_client:/home/samuel/ros2_humble/install/examples_rclpy_guard_conditions:/home/samuel/ros2_humble/install/examples_rclpy_executors:/home/samuel/ros2_humble/install/demo_nodes_py:/home/samuel/ros2_humble/install/action_tutorials_py:/home/samuel/ros2_humble/install/ament_uncrustify:/home/samuel/ros2_humble/install/tracetools_trace:/home/samuel/ros2_humble/install/tracetools_read:/home/samuel/ros2_humble/install/test_tracetools_launch:/home/samuel/ros2_humble/install/test_launch_ros:/home/samuel/ros2_humble/install/sensor_msgs_py:/home/samuel/ros2_humble/install/rpyutils:/home/samuel/ros2_humble/install/rosidl_runtime_py:/home/samuel/ros2_humble/install/rosidl_cli:/home/samuel/ros2_humble/install/launch_pytest:/home/samuel/ros2_humble/install/launch_testing:/home/samuel/ros2_humble/install/launch_yaml:/home/samuel/ros2_humble/install/launch_xml:/home/samuel/ros2_humble/install/launch:/home/samuel/ros2_humble/install/osrf_pycommon:/home/samuel/ros2_humble/install/launch_testing_examples:/home/samuel/ros2_humble/install/domain_coordinator:/home/samuel/ros2_humble/install/ament_xmllint:/home/samuel/ros2_humble/install/ament_pyflakes:/home/samuel/ros2_humble/install/ament_pycodestyle:/home/samuel/ros2_humble/install/ament_pep257:/home/samuel/ros2_humble/install/ament_pclint:/home/samuel/ros2_humble/install/ament_package:/home/samuel/ros2_humble/install/ament_mypy:/home/samuel/ros2_humble/install/ament_lint_cmake:/home/samuel/ros2_humble/install/ament_flake8:/home/samuel/ros2_humble/install/ament_copyright:/home/samuel/ros2_humble/install/ament_lint:/home/samuel/ros2_humble/install/ament_index_python:/home/samuel/ros2_humble/install/ament_cpplint:/home/samuel/ros2_humble/install/ament_cppcheck:/home/samuel/ros2_humble/install/ament_clang_tidy:/home/samuel/ros2_humble/install/ament_clang_format /usr/bin/cmake --build /home/samuel/ros2_humble/workspaces/project1_ws/build/turtlesim -- -j8 -l8
[0.387s] [  1%] Built target turtlesim__cpp
[0.393s] [ 11%] Built target turtlesim__rosidl_generator_c
[0.411s] [ 11%] Built target ament_cmake_python_copy_turtlesim
[0.476s] [ 21%] Built target turtlesim__rosidl_typesupport_introspection_cpp
[0.477s] [ 31%] Built target turtlesim__rosidl_typesupport_c
[0.479s] [ 41%] Built target turtlesim__rosidl_typesupport_cpp
[0.481s] [ 60%] Built target turtlesim__rosidl_typesupport_introspection_c
[0.481s] [ 61%] Built target turtlesim__rosidl_typesupport_fastrtps_c
[0.482s] [ 71%] Built target turtlesim__rosidl_typesupport_fastrtps_cpp
[0.558s] [ 71%] Built target turtlesim
[0.565s] [ 77%] Built target turtlesim_node
[0.567s] [ 79%] Built target mimic
[0.569s] [ 82%] Built target turtle_teleop_key
[0.569s] [ 83%] Built target draw_square
[0.618s] [ 84%] Built target turtlesim__py
[0.680s] [ 93%] Built target turtlesim__rosidl_generator_py
[0.739s] [ 96%] Built target turtlesim__rosidl_typesupport_fastrtps_c__pyext
[0.739s] [ 97%] Built target turtlesim__rosidl_typesupport_introspection_c__pyext
[0.739s] [100%] Built target turtlesim__rosidl_typesupport_c__pyext
[0.924s] running egg_info
[0.925s] writing turtlesim.egg-info/PKG-INFO
[0.925s] writing dependency_links to turtlesim.egg-info/dependency_links.txt
[0.925s] writing top-level names to turtlesim.egg-info/top_level.txt
[0.927s] reading manifest file 'turtlesim.egg-info/SOURCES.txt'
[0.927s] writing manifest file 'turtlesim.egg-info/SOURCES.txt'
[0.967s] [100%] Built target ament_cmake_python_build_turtlesim_egg
[0.989s] Invoked command in '/home/samuel/ros2_humble/workspaces/project1_ws/build/turtlesim' returned '0': CMAKE_PREFIX_PATH=${CMAKE_PREFIX_PATH}:/home/samuel/ros2_humble/workspaces/project1_ws/install/project1_pubsub:/home/samuel/ros2_humble/install/rqt_bag_plugins:/home/samuel/ros2_humble/install/rqt_bag:/home/samuel/ros2_humble/install/ros2bag:/home/samuel/ros2_humble/install/tracetools_test:/home/samuel/ros2_humble/install/tracetools_launch:/home/samuel/ros2_humble/install/topic_monitor:/home/samuel/ros2_humble/install/tf2_tools:/home/samuel/ros2_humble/install/examples_tf2_py:/home/samuel/ros2_humble/install/tf2_ros_py:/home/samuel/ros2_humble/install/sros2:/home/samuel/ros2_humble/install/rqt_topic:/home/samuel/ros2_humble/install/rqt_srv:/home/samuel/ros2_humble/install/rqt_shell:/home/samuel/ros2_humble/install/rqt_service_caller:/home/samuel/ros2_humble/install/rqt_reconfigure:/home/samuel/ros2_humble/install/rqt_py_console:/home/samuel/ros2_humble/install/rqt_publisher:/home/samuel/ros2_humble/install/rqt_plot:/home/samuel/ros2_humble/install/rqt_action:/home/samuel/ros2_humble/install/rqt_msg:/home/samuel/ros2_humble/install/rqt_console:/home/samuel/ros2_humble/install/rqt:/home/samuel/ros2_humble/install/rqt_graph:/home/samuel/ros2_humble/install/rqt_gui_py:/home/samuel/ros2_humble/install/rqt_gui:/home/samuel/ros2_humble/install/ros2trace:/home/samuel/ros2_humble/install/ros2topic:/home/samuel/ros2_humble/install/ros2test:/home/samuel/ros2_humble/install/ros2component:/home/samuel/ros2_humble/install/ros2param:/home/samuel/ros2_humble/install/ros2lifecycle:/home/samuel/ros2_humble/install/ros2service:/home/samuel/ros2_humble/install/ros2run:/home/samuel/ros2_humble/install/ros2launch:/home/samuel/ros2_humble/install/ros2pkg:/home/samuel/ros2_humble/install/ros2node:/home/samuel/ros2_humble/install/ros2multicast:/home/samuel/ros2_humble/install/ros2interface:/home/samuel/ros2_humble/install/ros2doctor:/home/samuel/ros2_humble/install/ros2action:/home/samuel/ros2_humble/install/ros2cli:/home/samuel/ros2_humble/install/quality_of_service_demo_py:/home/samuel/ros2_humble/install/lifecycle_py:/home/samuel/ros2_humble/install/launch_testing_ros:/home/samuel/ros2_humble/install/launch_ros:/home/samuel/ros2_humble/install/examples_rclpy_pointcloud_publisher:/home/samuel/ros2_humble/install/examples_rclpy_minimal_subscriber:/home/samuel/ros2_humble/install/examples_rclpy_minimal_service:/home/samuel/ros2_humble/install/examples_rclpy_minimal_publisher:/home/samuel/ros2_humble/install/examples_rclpy_minimal_client:/home/samuel/ros2_humble/install/examples_rclpy_minimal_action_server:/home/samuel/ros2_humble/install/examples_rclpy_minimal_action_client:/home/samuel/ros2_humble/install/examples_rclpy_guard_conditions:/home/samuel/ros2_humble/install/examples_rclpy_executors:/home/samuel/ros2_humble/install/demo_nodes_py:/home/samuel/ros2_humble/install/action_tutorials_py:/home/samuel/ros2_humble/install/ament_uncrustify:/home/samuel/ros2_humble/install/tracetools_trace:/home/samuel/ros2_humble/install/tracetools_read:/home/samuel/ros2_humble/install/test_tracetools_launch:/home/samuel/ros2_humble/install/test_launch_ros:/home/samuel/ros2_humble/install/sensor_msgs_py:/home/samuel/ros2_humble/install/rpyutils:/home/samuel/ros2_humble/install/rosidl_runtime_py:/home/samuel/ros2_humble/install/rosidl_cli:/home/samuel/ros2_humble/install/launch_pytest:/home/samuel/ros2_humble/install/launch_testing:/home/samuel/ros2_humble/install/launch_yaml:/home/samuel/ros2_humble/install/launch_xml:/home/samuel/ros2_humble/install/launch:/home/samuel/ros2_humble/install/osrf_pycommon:/home/samuel/ros2_humble/install/launch_testing_examples:/home/samuel/ros2_humble/install/domain_coordinator:/home/samuel/ros2_humble/install/ament_xmllint:/home/samuel/ros2_humble/install/ament_pyflakes:/home/samuel/ros2_humble/install/ament_pycodestyle:/home/samuel/ros2_humble/install/ament_pep257:/home/samuel/ros2_humble/install/ament_pclint:/home/samuel/ros2_humble/install/ament_package:/home/samuel/ros2_humble/install/ament_mypy:/home/samuel/ros2_humble/install/ament_lint_cmake:/home/samuel/ros2_humble/install/ament_flake8:/home/samuel/ros2_humble/install/ament_copyright:/home/samuel/ros2_humble/install/ament_lint:/home/samuel/ros2_humble/install/ament_index_python:/home/samuel/ros2_humble/install/ament_cpplint:/home/samuel/ros2_humble/install/ament_cppcheck:/home/samuel/ros2_humble/install/ament_clang_tidy:/home/samuel/ros2_humble/install/ament_clang_format /usr/bin/cmake --build /home/samuel/ros2_humble/workspaces/project1_ws/build/turtlesim -- -j8 -l8
[2.007s] Invoking command in '/home/samuel/ros2_humble/workspaces/project1_ws/build/turtlesim': CMAKE_PREFIX_PATH=${CMAKE_PREFIX_PATH}:/home/samuel/ros2_humble/workspaces/project1_ws/install/project1_pubsub:/home/samuel/ros2_humble/install/rqt_bag_plugins:/home/samuel/ros2_humble/install/rqt_bag:/home/samuel/ros2_humble/install/ros2bag:/home/samuel/ros2_humble/install/tracetools_test:/home/samuel/ros2_humble/install/tracetools_launch:/home/samuel/ros2_humble/install/topic_monitor:/home/samuel/ros2_humble/install/tf2_tools:/home/samuel/ros2_humble/install/examples_tf2_py:/home/samuel/ros2_humble/install/tf2_ros_py:/home/samuel/ros2_humble/install/sros2:/home/samuel/ros2_humble/install/rqt_topic:/home/samuel/ros2_humble/install/rqt_srv:/home/samuel/ros2_humble/install/rqt_shell:/home/samuel/ros2_humble/install/rqt_service_caller:/home/samuel/ros2_humble/install/rqt_reconfigure:/home/samuel/ros2_humble/install/rqt_py_console:/home/samuel/ros2_humble/install/rqt_publisher:/home/samuel/ros2_humble/install/rqt_plot:/home/samuel/ros2_humble/install/rqt_action:/home/samuel/ros2_humble/install/rqt_msg:/home/samuel/ros2_humble/install/rqt_console:/home/samuel/ros2_humble/install/rqt:/home/samuel/ros2_humble/install/rqt_graph:/home/samuel/ros2_humble/install/rqt_gui_py:/home/samuel/ros2_humble/install/rqt_gui:/home/samuel/ros2_humble/install/ros2trace:/home/samuel/ros2_humble/install/ros2topic:/home/samuel/ros2_humble/install/ros2test:/home/samuel/ros2_humble/install/ros2component:/home/samuel/ros2_humble/install/ros2param:/home/samuel/ros2_humble/install/ros2lifecycle:/home/samuel/ros2_humble/install/ros2service:/home/samuel/ros2_humble/install/ros2run:/home/samuel/ros2_humble/install/ros2launch:/home/samuel/ros2_humble/install/ros2pkg:/home/samuel/ros2_humble/install/ros2node:/home/samuel/ros2_humble/install/ros2multicast:/home/samuel/ros2_humble/install/ros2interface:/home/samuel/ros2_humble/install/ros2doctor:/home/samuel/ros2_humble/install/ros2action:/home/samuel/ros2_humble/install/ros2cli:/home/samuel/ros2_humble/install/quality_of_service_demo_py:/home/samuel/ros2_humble/install/lifecycle_py:/home/samuel/ros2_humble/install/launch_testing_ros:/home/samuel/ros2_humble/install/launch_ros:/home/samuel/ros2_humble/install/examples_rclpy_pointcloud_publisher:/home/samuel/ros2_humble/install/examples_rclpy_minimal_subscriber:/home/samuel/ros2_humble/install/examples_rclpy_minimal_service:/home/samuel/ros2_humble/install/examples_rclpy_minimal_publisher:/home/samuel/ros2_humble/install/examples_rclpy_minimal_client:/home/samuel/ros2_humble/install/examples_rclpy_minimal_action_server:/home/samuel/ros2_humble/install/examples_rclpy_minimal_action_client:/home/samuel/ros2_humble/install/examples_rclpy_guard_conditions:/home/samuel/ros2_humble/install/examples_rclpy_executors:/home/samuel/ros2_humble/install/demo_nodes_py:/home/samuel/ros2_humble/install/action_tutorials_py:/home/samuel/ros2_humble/install/ament_uncrustify:/home/samuel/ros2_humble/install/tracetools_trace:/home/samuel/ros2_humble/install/tracetools_read:/home/samuel/ros2_humble/install/test_tracetools_launch:/home/samuel/ros2_humble/install/test_launch_ros:/home/samuel/ros2_humble/install/sensor_msgs_py:/home/samuel/ros2_humble/install/rpyutils:/home/samuel/ros2_humble/install/rosidl_runtime_py:/home/samuel/ros2_humble/install/rosidl_cli:/home/samuel/ros2_humble/install/launch_pytest:/home/samuel/ros2_humble/install/launch_testing:/home/samuel/ros2_humble/install/launch_yaml:/home/samuel/ros2_humble/install/launch_xml:/home/samuel/ros2_humble/install/launch:/home/samuel/ros2_humble/install/osrf_pycommon:/home/samuel/ros2_humble/install/launch_testing_examples:/home/samuel/ros2_humble/install/domain_coordinator:/home/samuel/ros2_humble/install/ament_xmllint:/home/samuel/ros2_humble/install/ament_pyflakes:/home/samuel/ros2_humble/install/ament_pycodestyle:/home/samuel/ros2_humble/install/ament_pep257:/home/samuel/ros2_humble/install/ament_pclint:/home/samuel/ros2_humble/install/ament_package:/home/samuel/ros2_humble/install/ament_mypy:/home/samuel/ros2_humble/install/ament_lint_cmake:/home/samuel/ros2_humble/install/ament_flake8:/home/samuel/ros2_humble/install/ament_copyright:/home/samuel/ros2_humble/install/ament_lint:/home/samuel/ros2_humble/install/ament_index_python:/home/samuel/ros2_humble/install/ament_cpplint:/home/samuel/ros2_humble/install/ament_cppcheck:/home/samuel/ros2_humble/install/ament_clang_tidy:/home/samuel/ros2_humble/install/ament_clang_format /usr/bin/cmake --install /home/samuel/ros2_humble/workspaces/project1_ws/build/turtlesim
[2.026s] -- Install configuration: ""
[2.026s] -- Up-to-date: /home/samuel/ros2_humble/workspaces/project1_ws/install/turtlesim/share/ament_index/resource_index/rosidl_interfaces/turtlesim
[2.026s] -- Up-to-date: /home/samuel/ros2_humble/workspaces/project1_ws/install/turtlesim/include/turtlesim/turtlesim
[2.026s] -- Up-to-date: /home/samuel/ros2_humble/workspaces/project1_ws/install/turtlesim/include/turtlesim/turtlesim/srv
[2.027s] -- Up-to-date: /home/samuel/ros2_humble/workspaces/project1_ws/install/turtlesim/include/turtlesim/turtlesim/srv/kill.h
[2.027s] -- Up-to-date: /home/samuel/ros2_humble/workspaces/project1_ws/install/turtlesim/include/turtlesim/turtlesim/srv/teleport_absolute.h
[2.027s] -- Up-to-date: /home/samuel/ros2_humble/workspaces/project1_ws/install/turtlesim/include/turtlesim/turtlesim/srv/detail
[2.027s] -- Up-to-date: /home/samuel/ros2_humble/workspaces/project1_ws/install/turtlesim/include/turtlesim/turtlesim/srv/detail/teleport_relative__functions.c
[2.027s] -- Up-to-date: /home/samuel/ros2_humble/workspaces/project1_ws/install/turtlesim/include/turtlesim/turtlesim/srv/detail/spawn__functions.h
[2.028s] -- Up-to-date: /home/samuel/ros2_humble/workspaces/project1_ws/install/turtlesim/include/turtlesim/turtlesim/srv/detail/teleport_absolute__type_support.h
[2.028s] -- Up-to-date: /home/samuel/ros2_humble/workspaces/project1_ws/install/turtlesim/include/turtlesim/turtlesim/srv/detail/spawn__functions.c
[2.028s] -- Up-to-date: /home/samuel/ros2_humble/workspaces/project1_ws/install/turtlesim/include/turtlesim/turtlesim/srv/detail/set_pen__type_support.h
[2.028s] -- Up-to-date: /home/samuel/ros2_humble/workspaces/project1_ws/install/turtlesim/include/turtlesim/turtlesim/srv/detail/kill__type_support.h
[2.028s] -- Up-to-date: /home/samuel/ros2_humble/workspaces/project1_ws/install/turtlesim/include/turtlesim/turtlesim/srv/detail/teleport_relative__struct.h
[2.028s] -- Up-to-date: /home/samuel/ros2_humble/workspaces/project1_ws/install/turtlesim/include/turtlesim/turtlesim/srv/detail/kill__struct.h
[2.028s] -- Up-to-date: /home/samuel/ros2_humble/workspaces/project1_ws/install/turtlesim/include/turtlesim/turtlesim/srv/detail/kill__functions.h
[2.028s] -- Up-to-date: /home/samuel/ros2_humble/workspaces/project1_ws/install/turtlesim/include/turtlesim/turtlesim/srv/detail/set_pen__struct.h
[2.029s] -- Up-to-date: /home/samuel/ros2_humble/workspaces/project1_ws/install/turtlesim/include/turtlesim/turtlesim/srv/detail/set_pen__functions.h
[2.029s] -- Up-to-date: /home/samuel/ros2_humble/workspaces/project1_ws/install/turtlesim/include/turtlesim/turtlesim/srv/detail/spawn__type_support.h
[2.029s] -- Up-to-date: /home/samuel/ros2_humble/workspaces/project1_ws/install/turtlesim/include/turtlesim/turtlesim/srv/detail/kill__functions.c
[2.029s] -- Up-to-date: /home/samuel/ros2_humble/workspaces/project1_ws/install/turtlesim/include/turtlesim/turtlesim/srv/detail/teleport_absolute__functions.h
[2.029s] -- Up-to-date: /home/samuel/ros2_humble/workspaces/project1_ws/install/turtlesim/include/turtlesim/turtlesim/srv/detail/teleport_relative__functions.h
[2.029s] -- Up-to-date: /home/samuel/ros2_humble/workspaces/project1_ws/install/turtlesim/include/turtlesim/turtlesim/srv/detail/set_pen__functions.c
[2.030s] -- Up-to-date: /home/samuel/ros2_humble/workspaces/project1_ws/install/turtlesim/include/turtlesim/turtlesim/srv/detail/teleport_absolute__struct.h
[2.030s] -- Up-to-date: /home/samuel/ros2_humble/workspaces/project1_ws/install/turtlesim/include/turtlesim/turtlesim/srv/detail/teleport_absolute__functions.c
[2.030s] -- Up-to-date: /home/samuel/ros2_humble/workspaces/project1_ws/install/turtlesim/include/turtlesim/turtlesim/srv/detail/teleport_relative__type_support.h
[2.030s] -- Up-to-date: /home/samuel/ros2_humble/workspaces/project1_ws/install/turtlesim/include/turtlesim/turtlesim/srv/detail/spawn__struct.h
[2.030s] -- Up-to-date: /home/samuel/ros2_humble/workspaces/project1_ws/install/turtlesim/include/turtlesim/turtlesim/srv/teleport_relative.h
[2.031s] -- Up-to-date: /home/samuel/ros2_humble/workspaces/project1_ws/install/turtlesim/include/turtlesim/turtlesim/srv/spawn.h
[2.031s] -- Up-to-date: /home/samuel/ros2_humble/workspaces/project1_ws/install/turtlesim/include/turtlesim/turtlesim/srv/set_pen.h
[2.031s] -- Up-to-date: /home/samuel/ros2_humble/workspaces/project1_ws/install/turtlesim/include/turtlesim/turtlesim/action
[2.031s] -- Up-to-date: /home/samuel/ros2_humble/workspaces/project1_ws/install/turtlesim/include/turtlesim/turtlesim/action/detail
[2.031s] -- Up-to-date: /home/samuel/ros2_humble/workspaces/project1_ws/install/turtlesim/include/turtlesim/turtlesim/action/detail/rotate_absolute__functions.h
[2.032s] -- Up-to-date: /home/samuel/ros2_humble/workspaces/project1_ws/install/turtlesim/include/turtlesim/turtlesim/action/detail/rotate_absolute__struct.h
[2.032s] -- Up-to-date: /home/samuel/ros2_humble/workspaces/project1_ws/install/turtlesim/include/turtlesim/turtlesim/action/detail/rotate_absolute__functions.c
[2.032s] -- Up-to-date: /home/samuel/ros2_humble/workspaces/project1_ws/install/turtlesim/include/turtlesim/turtlesim/action/detail/rotate_absolute__type_support.h
[2.032s] -- Up-to-date: /home/samuel/ros2_humble/workspaces/project1_ws/install/turtlesim/include/turtlesim/turtlesim/action/rotate_absolute.h
[2.032s] -- Up-to-date: /home/samuel/ros2_humble/workspaces/project1_ws/install/turtlesim/include/turtlesim/turtlesim/msg
[2.032s] -- Up-to-date: /home/samuel/ros2_humble/workspaces/project1_ws/install/turtlesim/include/turtlesim/turtlesim/msg/pose.h
[2.033s] -- Up-to-date: /home/samuel/ros2_humble/workspaces/project1_ws/install/turtlesim/include/turtlesim/turtlesim/msg/detail
[2.033s] -- Up-to-date: /home/samuel/ros2_humble/workspaces/project1_ws/install/turtlesim/include/turtlesim/turtlesim/msg/detail/pose__functions.h
[2.033s] -- Up-to-date: /home/samuel/ros2_humble/workspaces/project1_ws/install/turtlesim/include/turtlesim/turtlesim/msg/detail/pose__struct.h
[2.033s] -- Up-to-date: /home/samuel/ros2_humble/workspaces/project1_ws/install/turtlesim/include/turtlesim/turtlesim/msg/detail/color__functions.c
[2.033s] -- Up-to-date: /home/samuel/ros2_humble/workspaces/project1_ws/install/turtlesim/include/turtlesim/turtlesim/msg/detail/color__type_support.h
[2.033s] -- Up-to-date: /home/samuel/ros2_humble/workspaces/project1_ws/install/turtlesim/include/turtlesim/turtlesim/msg/detail/pose__functions.c
[2.033s] -- Up-to-date: /home/samuel/ros2_humble/workspaces/project1_ws/install/turtlesim/include/turtlesim/turtlesim/msg/detail/color__struct.h
[2.034s] -- Up-to-date: /home/samuel/ros2_humble/workspaces/project1_ws/install/turtlesim/include/turtlesim/turtlesim/msg/detail/color__functions.h
[2.034s] -- Up-to-date: /home/samuel/ros2_humble/workspaces/project1_ws/install/turtlesim/include/turtlesim/turtlesim/msg/detail/pose__type_support.h
[2.034s] -- Up-to-date: /home/samuel/ros2_humble/workspaces/project1_ws/install/turtlesim/include/turtlesim/turtlesim/msg/rosidl_generator_c__visibility_control.h
[2.034s] -- Up-to-date: /home/samuel/ros2_humble/workspaces/project1_ws/install/turtlesim/include/turtlesim/turtlesim/msg/color.h
[2.034s] -- Up-to-date: /home/samuel/ros2_humble/workspaces/project1_ws/install/turtlesim/share/turtlesim/environment/library_path.sh
[2.034s] -- Up-to-date: /home/samuel/ros2_humble/workspaces/project1_ws/install/turtlesim/share/turtlesim/environment/library_path.dsv
[2.035s] -- Up-to-date: /home/samuel/ros2_humble/workspaces/project1_ws/install/turtlesim/lib/libturtlesim__rosidl_generator_c.so
[2.035s] -- Up-to-date: /home/samuel/ros2_humble/workspaces/project1_ws/install/turtlesim/include/turtlesim/turtlesim
[2.035s] -- Up-to-date: /home/samuel/ros2_humble/workspaces/project1_ws/install/turtlesim/include/turtlesim/turtlesim/srv
[2.035s] -- Up-to-date: /home/samuel/ros2_humble/workspaces/project1_ws/install/turtlesim/include/turtlesim/turtlesim/srv/detail
[2.035s] -- Up-to-date: /home/samuel/ros2_humble/workspaces/project1_ws/install/turtlesim/include/turtlesim/turtlesim/srv/detail/teleport_relative__rosidl_typesupport_fastrtps_c.h
[2.035s] -- Up-to-date: /home/samuel/ros2_humble/workspaces/project1_ws/install/turtlesim/include/turtlesim/turtlesim/srv/detail/kill__rosidl_typesupport_fastrtps_c.h
[2.035s] -- Up-to-date: /home/samuel/ros2_humble/workspaces/project1_ws/install/turtlesim/include/turtlesim/turtlesim/srv/detail/set_pen__rosidl_typesupport_fastrtps_c.h
[2.036s] -- Up-to-date: /home/samuel/ros2_humble/workspaces/project1_ws/install/turtlesim/include/turtlesim/turtlesim/srv/detail/teleport_absolute__rosidl_typesupport_fastrtps_c.h
[2.036s] -- Up-to-date: /home/samuel/ros2_humble/workspaces/project1_ws/install/turtlesim/include/turtlesim/turtlesim/srv/detail/spawn__rosidl_typesupport_fastrtps_c.h
[2.036s] -- Up-to-date: /home/samuel/ros2_humble/workspaces/project1_ws/install/turtlesim/include/turtlesim/turtlesim/action
[2.036s] -- Up-to-date: /home/samuel/ros2_humble/workspaces/project1_ws/install/turtlesim/include/turtlesim/turtlesim/action/detail
[2.036s] -- Up-to-date: /home/samuel/ros2_humble/workspaces/project1_ws/install/turtlesim/include/turtlesim/turtlesim/action/detail/rotate_absolute__rosidl_typesupport_fastrtps_c.h
[2.036s] -- Up-to-date: /home/samuel/ros2_humble/workspaces/project1_ws/install/turtlesim/include/turtlesim/turtlesim/msg
[2.036s] -- Up-to-date: /home/samuel/ros2_humble/workspaces/project1_ws/install/turtlesim/include/turtlesim/turtlesim/msg/detail
[2.036s] -- Up-to-date: /home/samuel/ros2_humble/workspaces/project1_ws/install/turtlesim/include/turtlesim/turtlesim/msg/detail/pose__rosidl_typesupport_fastrtps_c.h
[2.037s] -- Up-to-date: /home/samuel/ros2_humble/workspaces/project1_ws/install/turtlesim/include/turtlesim/turtlesim/msg/detail/color__rosidl_typesupport_fastrtps_c.h
[2.037s] -- Up-to-date: /home/samuel/ros2_humble/workspaces/project1_ws/install/turtlesim/include/turtlesim/turtlesim/msg/rosidl_typesupport_fastrtps_c__visibility_control.h
[2.037s] -- Up-to-date: /home/samuel/ros2_humble/workspaces/project1_ws/install/turtlesim/lib/libturtlesim__rosidl_typesupport_fastrtps_c.so
[2.037s] -- Up-to-date: /home/samuel/ros2_humble/workspaces/project1_ws/install/turtlesim/include/turtlesim/turtlesim
[2.037s] -- Up-to-date: /home/samuel/ros2_humble/workspaces/project1_ws/install/turtlesim/include/turtlesim/turtlesim/srv
[2.037s] -- Up-to-date: /home/samuel/ros2_humble/workspaces/project1_ws/install/turtlesim/include/turtlesim/turtlesim/srv/detail
[2.037s] -- Up-to-date: /home/samuel/ros2_humble/workspaces/project1_ws/install/turtlesim/include/turtlesim/turtlesim/srv/detail/set_pen__builder.hpp
[2.037s] -- Up-to-date: /home/samuel/ros2_humble/workspaces/project1_ws/install/turtlesim/include/turtlesim/turtlesim/srv/detail/teleport_relative__struct.hpp
[2.037s] -- Up-to-date: /home/samuel/ros2_humble/workspaces/project1_ws/install/turtlesim/include/turtlesim/turtlesim/srv/detail/set_pen__struct.hpp
[2.038s] -- Up-to-date: /home/samuel/ros2_humble/workspaces/project1_ws/install/turtlesim/include/turtlesim/turtlesim/srv/detail/spawn__builder.hpp
[2.038s] -- Up-to-date: /home/samuel/ros2_humble/workspaces/project1_ws/install/turtlesim/include/turtlesim/turtlesim/srv/detail/teleport_relative__traits.hpp
[2.038s] -- Up-to-date: /home/samuel/ros2_humble/workspaces/project1_ws/install/turtlesim/include/turtlesim/turtlesim/srv/detail/set_pen__traits.hpp
[2.038s] -- Up-to-date: /home/samuel/ros2_humble/workspaces/project1_ws/install/turtlesim/include/turtlesim/turtlesim/srv/detail/kill__builder.hpp
[2.038s] -- Up-to-date: /home/samuel/ros2_humble/workspaces/project1_ws/install/turtlesim/include/turtlesim/turtlesim/srv/detail/spawn__struct.hpp
[2.038s] -- Up-to-date: /home/samuel/ros2_humble/workspaces/project1_ws/install/turtlesim/include/turtlesim/turtlesim/srv/detail/spawn__traits.hpp
[2.038s] -- Up-to-date: /home/samuel/ros2_humble/workspaces/project1_ws/install/turtlesim/include/turtlesim/turtlesim/srv/detail/teleport_relative__builder.hpp
[2.038s] -- Up-to-date: /home/samuel/ros2_humble/workspaces/project1_ws/install/turtlesim/include/turtlesim/turtlesim/srv/detail/kill__struct.hpp
[2.038s] -- Up-to-date: /home/samuel/ros2_humble/workspaces/project1_ws/install/turtlesim/include/turtlesim/turtlesim/srv/detail/teleport_absolute__traits.hpp
[2.038s] -- Up-to-date: /home/samuel/ros2_humble/workspaces/project1_ws/install/turtlesim/include/turtlesim/turtlesim/srv/detail/teleport_absolute__builder.hpp
[2.038s] -- Up-to-date: /home/samuel/ros2_humble/workspaces/project1_ws/install/turtlesim/include/turtlesim/turtlesim/srv/detail/kill__traits.hpp
[2.038s] -- Up-to-date: /home/samuel/ros2_humble/workspaces/project1_ws/install/turtlesim/include/turtlesim/turtlesim/srv/detail/teleport_absolute__struct.hpp
[2.038s] -- Up-to-date: /home/samuel/ros2_humble/workspaces/project1_ws/install/turtlesim/include/turtlesim/turtlesim/srv/teleport_relative.hpp
[2.038s] -- Up-to-date: /home/samuel/ros2_humble/workspaces/project1_ws/install/turtlesim/include/turtlesim/turtlesim/srv/teleport_absolute.hpp
[2.038s] -- Up-to-date: /home/samuel/ros2_humble/workspaces/project1_ws/install/turtlesim/include/turtlesim/turtlesim/srv/kill.hpp
[2.038s] -- Up-to-date: /home/samuel/ros2_humble/workspaces/project1_ws/install/turtlesim/include/turtlesim/turtlesim/srv/spawn.hpp
[2.039s] -- Up-to-date: /home/samuel/ros2_humble/workspaces/project1_ws/install/turtlesim/include/turtlesim/turtlesim/srv/set_pen.hpp
[2.039s] -- Up-to-date: /home/samuel/ros2_humble/workspaces/project1_ws/install/turtlesim/include/turtlesim/turtlesim/action
[2.039s] -- Up-to-date: /home/samuel/ros2_humble/workspaces/project1_ws/install/turtlesim/include/turtlesim/turtlesim/action/detail
[2.039s] -- Up-to-date: /home/samuel/ros2_humble/workspaces/project1_ws/install/turtlesim/include/turtlesim/turtlesim/action/detail/rotate_absolute__struct.hpp
[2.039s] -- Up-to-date: /home/samuel/ros2_humble/workspaces/project1_ws/install/turtlesim/include/turtlesim/turtlesim/action/detail/rotate_absolute__traits.hpp
[2.039s] -- Up-to-date: /home/samuel/ros2_humble/workspaces/project1_ws/install/turtlesim/include/turtlesim/turtlesim/action/detail/rotate_absolute__builder.hpp
[2.039s] -- Up-to-date: /home/samuel/ros2_humble/workspaces/project1_ws/install/turtlesim/include/turtlesim/turtlesim/action/rotate_absolute.hpp
[2.039s] -- Up-to-date: /home/samuel/ros2_humble/workspaces/project1_ws/install/turtlesim/include/turtlesim/turtlesim/msg
[2.039s] -- Up-to-date: /home/samuel/ros2_humble/workspaces/project1_ws/install/turtlesim/include/turtlesim/turtlesim/msg/pose.hpp
[2.039s] -- Up-to-date: /home/samuel/ros2_humble/workspaces/project1_ws/install/turtlesim/include/turtlesim/turtlesim/msg/detail
[2.039s] -- Up-to-date: /home/samuel/ros2_humble/workspaces/project1_ws/install/turtlesim/include/turtlesim/turtlesim/msg/detail/pose__builder.hpp
[2.039s] -- Up-to-date: /home/samuel/ros2_humble/workspaces/project1_ws/install/turtlesim/include/turtlesim/turtlesim/msg/detail/pose__struct.hpp
[2.039s] -- Up-to-date: /home/samuel/ros2_humble/workspaces/project1_ws/install/turtlesim/include/turtlesim/turtlesim/msg/detail/pose__traits.hpp
[2.039s] -- Up-to-date: /home/samuel/ros2_humble/workspaces/project1_ws/install/turtlesim/include/turtlesim/turtlesim/msg/detail/color__builder.hpp
[2.039s] -- Up-to-date: /home/samuel/ros2_humble/workspaces/project1_ws/install/turtlesim/include/turtlesim/turtlesim/msg/detail/color__traits.hpp
[2.039s] -- Up-to-date: /home/samuel/ros2_humble/workspaces/project1_ws/install/turtlesim/include/turtlesim/turtlesim/msg/detail/color__struct.hpp
[2.039s] -- Up-to-date: /home/samuel/ros2_humble/workspaces/project1_ws/install/turtlesim/include/turtlesim/turtlesim/msg/color.hpp
[2.039s] -- Up-to-date: /home/samuel/ros2_humble/workspaces/project1_ws/install/turtlesim/include/turtlesim/turtlesim
[2.040s] -- Up-to-date: /home/samuel/ros2_humble/workspaces/project1_ws/install/turtlesim/include/turtlesim/turtlesim/srv
[2.040s] -- Up-to-date: /home/samuel/ros2_humble/workspaces/project1_ws/install/turtlesim/include/turtlesim/turtlesim/srv/detail
[2.040s] -- Up-to-date: /home/samuel/ros2_humble/workspaces/project1_ws/install/turtlesim/include/turtlesim/turtlesim/srv/detail/dds_fastrtps
[2.040s] -- Up-to-date: /home/samuel/ros2_humble/workspaces/project1_ws/install/turtlesim/include/turtlesim/turtlesim/srv/detail/teleport_absolute__rosidl_typesupport_fastrtps_cpp.hpp
[2.040s] -- Up-to-date: /home/samuel/ros2_humble/workspaces/project1_ws/install/turtlesim/include/turtlesim/turtlesim/srv/detail/kill__rosidl_typesupport_fastrtps_cpp.hpp
[2.040s] -- Up-to-date: /home/samuel/ros2_humble/workspaces/project1_ws/install/turtlesim/include/turtlesim/turtlesim/srv/detail/spawn__rosidl_typesupport_fastrtps_cpp.hpp
[2.040s] -- Up-to-date: /home/samuel/ros2_humble/workspaces/project1_ws/install/turtlesim/include/turtlesim/turtlesim/srv/detail/set_pen__rosidl_typesupport_fastrtps_cpp.hpp
[2.040s] -- Up-to-date: /home/samuel/ros2_humble/workspaces/project1_ws/install/turtlesim/include/turtlesim/turtlesim/srv/detail/teleport_relative__rosidl_typesupport_fastrtps_cpp.hpp
[2.040s] -- Up-to-date: /home/samuel/ros2_humble/workspaces/project1_ws/install/turtlesim/include/turtlesim/turtlesim/action
[2.040s] -- Up-to-date: /home/samuel/ros2_humble/workspaces/project1_ws/install/turtlesim/include/turtlesim/turtlesim/action/detail
[2.040s] -- Up-to-date: /home/samuel/ros2_humble/workspaces/project1_ws/install/turtlesim/include/turtlesim/turtlesim/action/detail/dds_fastrtps
[2.040s] -- Up-to-date: /home/samuel/ros2_humble/workspaces/project1_ws/install/turtlesim/include/turtlesim/turtlesim/action/detail/rotate_absolute__rosidl_typesupport_fastrtps_cpp.hpp
[2.040s] -- Up-to-date: /home/samuel/ros2_humble/workspaces/project1_ws/install/turtlesim/include/turtlesim/turtlesim/msg
[2.040s] -- Up-to-date: /home/samuel/ros2_humble/workspaces/project1_ws/install/turtlesim/include/turtlesim/turtlesim/msg/detail
[2.040s] -- Up-to-date: /home/samuel/ros2_humble/workspaces/project1_ws/install/turtlesim/include/turtlesim/turtlesim/msg/detail/dds_fastrtps
[2.040s] -- Up-to-date: /home/samuel/ros2_humble/workspaces/project1_ws/install/turtlesim/include/turtlesim/turtlesim/msg/detail/pose__rosidl_typesupport_fastrtps_cpp.hpp
[2.040s] -- Up-to-date: /home/samuel/ros2_humble/workspaces/project1_ws/install/turtlesim/include/turtlesim/turtlesim/msg/detail/color__rosidl_typesupport_fastrtps_cpp.hpp
[2.040s] -- Up-to-date: /home/samuel/ros2_humble/workspaces/project1_ws/install/turtlesim/include/turtlesim/turtlesim/msg/rosidl_typesupport_fastrtps_cpp__visibility_control.h
[2.040s] -- Up-to-date: /home/samuel/ros2_humble/workspaces/project1_ws/install/turtlesim/lib/libturtlesim__rosidl_typesupport_fastrtps_cpp.so
[2.040s] -- Up-to-date: /home/samuel/ros2_humble/workspaces/project1_ws/install/turtlesim/include/turtlesim/turtlesim
[2.041s] -- Up-to-date: /home/samuel/ros2_humble/workspaces/project1_ws/install/turtlesim/include/turtlesim/turtlesim/srv
[2.041s] -- Up-to-date: /home/samuel/ros2_humble/workspaces/project1_ws/install/turtlesim/include/turtlesim/turtlesim/srv/detail
[2.041s] -- Up-to-date: /home/samuel/ros2_humble/workspaces/project1_ws/install/turtlesim/include/turtlesim/turtlesim/srv/detail/spawn__type_support.c
[2.041s] -- Up-to-date: /home/samuel/ros2_humble/workspaces/project1_ws/install/turtlesim/include/turtlesim/turtlesim/srv/detail/set_pen__type_support.c
[2.041s] -- Up-to-date: /home/samuel/ros2_humble/workspaces/project1_ws/install/turtlesim/include/turtlesim/turtlesim/srv/detail/kill__type_support.c
[2.041s] -- Up-to-date: /home/samuel/ros2_humble/workspaces/project1_ws/install/turtlesim/include/turtlesim/turtlesim/srv/detail/spawn__rosidl_typesupport_introspection_c.h
[2.041s] -- Up-to-date: /home/samuel/ros2_humble/workspaces/project1_ws/install/turtlesim/include/turtlesim/turtlesim/srv/detail/set_pen__rosidl_typesupport_introspection_c.h
[2.041s] -- Up-to-date: /home/samuel/ros2_humble/workspaces/project1_ws/install/turtlesim/include/turtlesim/turtlesim/srv/detail/teleport_absolute__rosidl_typesupport_introspection_c.h
[2.041s] -- Up-to-date: /home/samuel/ros2_humble/workspaces/project1_ws/install/turtlesim/include/turtlesim/turtlesim/srv/detail/kill__rosidl_typesupport_introspection_c.h
[2.041s] -- Up-to-date: /home/samuel/ros2_humble/workspaces/project1_ws/install/turtlesim/include/turtlesim/turtlesim/srv/detail/teleport_relative__rosidl_typesupport_introspection_c.h
[2.041s] -- Up-to-date: /home/samuel/ros2_humble/workspaces/project1_ws/install/turtlesim/include/turtlesim/turtlesim/srv/detail/teleport_absolute__type_support.c
[2.041s] -- Up-to-date: /home/samuel/ros2_humble/workspaces/project1_ws/install/turtlesim/include/turtlesim/turtlesim/srv/detail/teleport_relative__type_support.c
[2.041s] -- Up-to-date: /home/samuel/ros2_humble/workspaces/project1_ws/install/turtlesim/include/turtlesim/turtlesim/action
[2.041s] -- Up-to-date: /home/samuel/ros2_humble/workspaces/project1_ws/install/turtlesim/include/turtlesim/turtlesim/action/detail
[2.041s] -- Up-to-date: /home/samuel/ros2_humble/workspaces/project1_ws/install/turtlesim/include/turtlesim/turtlesim/action/detail/rotate_absolute__type_support.c
[2.041s] -- Up-to-date: /home/samuel/ros2_humble/workspaces/project1_ws/install/turtlesim/include/turtlesim/turtlesim/action/detail/rotate_absolute__rosidl_typesupport_introspection_c.h
[2.041s] -- Up-to-date: /home/samuel/ros2_humble/workspaces/project1_ws/install/turtlesim/include/turtlesim/turtlesim/msg
[2.041s] -- Up-to-date: /home/samuel/ros2_humble/workspaces/project1_ws/install/turtlesim/include/turtlesim/turtlesim/msg/detail
[2.041s] -- Up-to-date: /home/samuel/ros2_humble/workspaces/project1_ws/install/turtlesim/include/turtlesim/turtlesim/msg/detail/color__rosidl_typesupport_introspection_c.h
[2.041s] -- Up-to-date: /home/samuel/ros2_humble/workspaces/project1_ws/install/turtlesim/include/turtlesim/turtlesim/msg/detail/color__type_support.c
[2.042s] -- Up-to-date: /home/samuel/ros2_humble/workspaces/project1_ws/install/turtlesim/include/turtlesim/turtlesim/msg/detail/pose__rosidl_typesupport_introspection_c.h
[2.042s] -- Up-to-date: /home/samuel/ros2_humble/workspaces/project1_ws/install/turtlesim/include/turtlesim/turtlesim/msg/detail/pose__type_support.c
[2.042s] -- Up-to-date: /home/samuel/ros2_humble/workspaces/project1_ws/install/turtlesim/include/turtlesim/turtlesim/msg/rosidl_typesupport_introspection_c__visibility_control.h
[2.042s] -- Up-to-date: /home/samuel/ros2_humble/workspaces/project1_ws/install/turtlesim/lib/libturtlesim__rosidl_typesupport_introspection_c.so
[2.042s] -- Up-to-date: /home/samuel/ros2_humble/workspaces/project1_ws/install/turtlesim/lib/libturtlesim__rosidl_typesupport_c.so
[2.042s] -- Up-to-date: /home/samuel/ros2_humble/workspaces/project1_ws/install/turtlesim/include/turtlesim/turtlesim
[2.042s] -- Up-to-date: /home/samuel/ros2_humble/workspaces/project1_ws/install/turtlesim/include/turtlesim/turtlesim/srv
[2.042s] -- Up-to-date: /home/samuel/ros2_humble/workspaces/project1_ws/install/turtlesim/include/turtlesim/turtlesim/srv/detail
[2.042s] -- Up-to-date: /home/samuel/ros2_humble/workspaces/project1_ws/install/turtlesim/include/turtlesim/turtlesim/srv/detail/teleport_relative__type_support.cpp
[2.042s] -- Up-to-date: /home/samuel/ros2_humble/workspaces/project1_ws/install/turtlesim/include/turtlesim/turtlesim/srv/detail/spawn__type_support.cpp
[2.042s] -- Up-to-date: /home/samuel/ros2_humble/workspaces/project1_ws/install/turtlesim/include/turtlesim/turtlesim/srv/detail/kill__type_support.cpp
[2.042s] -- Up-to-date: /home/samuel/ros2_humble/workspaces/project1_ws/install/turtlesim/include/turtlesim/turtlesim/srv/detail/teleport_relative__rosidl_typesupport_introspection_cpp.hpp
[2.042s] -- Up-to-date: /home/samuel/ros2_humble/workspaces/project1_ws/install/turtlesim/include/turtlesim/turtlesim/srv/detail/kill__rosidl_typesupport_introspection_cpp.hpp
[2.042s] -- Up-to-date: /home/samuel/ros2_humble/workspaces/project1_ws/install/turtlesim/include/turtlesim/turtlesim/srv/detail/teleport_absolute__type_support.cpp
[2.042s] -- Up-to-date: /home/samuel/ros2_humble/workspaces/project1_ws/install/turtlesim/include/turtlesim/turtlesim/srv/detail/teleport_absolute__rosidl_typesupport_introspection_cpp.hpp
[2.042s] -- Up-to-date: /home/samuel/ros2_humble/workspaces/project1_ws/install/turtlesim/include/turtlesim/turtlesim/srv/detail/spawn__rosidl_typesupport_introspection_cpp.hpp
[2.042s] -- Up-to-date: /home/samuel/ros2_humble/workspaces/project1_ws/install/turtlesim/include/turtlesim/turtlesim/srv/detail/set_pen__rosidl_typesupport_introspection_cpp.hpp
[2.042s] -- Up-to-date: /home/samuel/ros2_humble/workspaces/project1_ws/install/turtlesim/include/turtlesim/turtlesim/srv/detail/set_pen__type_support.cpp
[2.042s] -- Up-to-date: /home/samuel/ros2_humble/workspaces/project1_ws/install/turtlesim/include/turtlesim/turtlesim/action
[2.042s] -- Up-to-date: /home/samuel/ros2_humble/workspaces/project1_ws/install/turtlesim/include/turtlesim/turtlesim/action/detail
[2.042s] -- Up-to-date: /home/samuel/ros2_humble/workspaces/project1_ws/install/turtlesim/include/turtlesim/turtlesim/action/detail/rotate_absolute__rosidl_typesupport_introspection_cpp.hpp
[2.043s] -- Up-to-date: /home/samuel/ros2_humble/workspaces/project1_ws/install/turtlesim/include/turtlesim/turtlesim/action/detail/rotate_absolute__type_support.cpp
[2.043s] -- Up-to-date: /home/samuel/ros2_humble/workspaces/project1_ws/install/turtlesim/include/turtlesim/turtlesim/msg
[2.043s] -- Up-to-date: /home/samuel/ros2_humble/workspaces/project1_ws/install/turtlesim/include/turtlesim/turtlesim/msg/detail
[2.043s] -- Up-to-date: /home/samuel/ros2_humble/workspaces/project1_ws/install/turtlesim/include/turtlesim/turtlesim/msg/detail/color__rosidl_typesupport_introspection_cpp.hpp
[2.043s] -- Up-to-date: /home/samuel/ros2_humble/workspaces/project1_ws/install/turtlesim/include/turtlesim/turtlesim/msg/detail/pose__type_support.cpp
[2.043s] -- Up-to-date: /home/samuel/ros2_humble/workspaces/project1_ws/install/turtlesim/include/turtlesim/turtlesim/msg/detail/color__type_support.cpp
[2.043s] -- Up-to-date: /home/samuel/ros2_humble/workspaces/project1_ws/install/turtlesim/include/turtlesim/turtlesim/msg/detail/pose__rosidl_typesupport_introspection_cpp.hpp
[2.043s] -- Up-to-date: /home/samuel/ros2_humble/workspaces/project1_ws/install/turtlesim/lib/libturtlesim__rosidl_typesupport_introspection_cpp.so
[2.043s] -- Up-to-date: /home/samuel/ros2_humble/workspaces/project1_ws/install/turtlesim/lib/libturtlesim__rosidl_typesupport_cpp.so
[2.043s] -- Up-to-date: /home/samuel/ros2_humble/workspaces/project1_ws/install/turtlesim/share/turtlesim/environment/pythonpath.sh
[2.043s] -- Up-to-date: /home/samuel/ros2_humble/workspaces/project1_ws/install/turtlesim/share/turtlesim/environment/pythonpath.dsv
[2.043s] -- Up-to-date: /home/samuel/ros2_humble/workspaces/project1_ws/install/turtlesim/local/lib/python3.10/dist-packages/turtlesim-1.4.2-py3.10.egg-info
[2.043s] -- Installing: /home/samuel/ros2_humble/workspaces/project1_ws/install/turtlesim/local/lib/python3.10/dist-packages/turtlesim-1.4.2-py3.10.egg-info/top_level.txt
[2.043s] -- Installing: /home/samuel/ros2_humble/workspaces/project1_ws/install/turtlesim/local/lib/python3.10/dist-packages/turtlesim-1.4.2-py3.10.egg-info/dependency_links.txt
[2.043s] -- Installing: /home/samuel/ros2_humble/workspaces/project1_ws/install/turtlesim/local/lib/python3.10/dist-packages/turtlesim-1.4.2-py3.10.egg-info/PKG-INFO
[2.043s] -- Installing: /home/samuel/ros2_humble/workspaces/project1_ws/install/turtlesim/local/lib/python3.10/dist-packages/turtlesim-1.4.2-py3.10.egg-info/SOURCES.txt
[2.043s] -- Up-to-date: /home/samuel/ros2_humble/workspaces/project1_ws/install/turtlesim/local/lib/python3.10/dist-packages/turtlesim
[2.043s] -- Up-to-date: /home/samuel/ros2_humble/workspaces/project1_ws/install/turtlesim/local/lib/python3.10/dist-packages/turtlesim/srv
[2.043s] -- Up-to-date: /home/samuel/ros2_humble/workspaces/project1_ws/install/turtlesim/local/lib/python3.10/dist-packages/turtlesim/srv/_teleport_relative_s.c
[2.043s] -- Up-to-date: /home/samuel/ros2_humble/workspaces/project1_ws/install/turtlesim/local/lib/python3.10/dist-packages/turtlesim/srv/_teleport_absolute.py
[2.043s] -- Up-to-date: /home/samuel/ros2_humble/workspaces/project1_ws/install/turtlesim/local/lib/python3.10/dist-packages/turtlesim/srv/_kill.py
[2.044s] -- Up-to-date: /home/samuel/ros2_humble/workspaces/project1_ws/install/turtlesim/local/lib/python3.10/dist-packages/turtlesim/srv/_set_pen.py
[2.044s] -- Up-to-date: /home/samuel/ros2_humble/workspaces/project1_ws/install/turtlesim/local/lib/python3.10/dist-packages/turtlesim/srv/_set_pen_s.c
[2.044s] -- Up-to-date: /home/samuel/ros2_humble/workspaces/project1_ws/install/turtlesim/local/lib/python3.10/dist-packages/turtlesim/srv/_teleport_relative.py
[2.044s] -- Up-to-date: /home/samuel/ros2_humble/workspaces/project1_ws/install/turtlesim/local/lib/python3.10/dist-packages/turtlesim/srv/__init__.py
[2.044s] -- Up-to-date: /home/samuel/ros2_humble/workspaces/project1_ws/install/turtlesim/local/lib/python3.10/dist-packages/turtlesim/srv/_spawn.py
[2.044s] -- Up-to-date: /home/samuel/ros2_humble/workspaces/project1_ws/install/turtlesim/local/lib/python3.10/dist-packages/turtlesim/srv/_spawn_s.c
[2.044s] -- Up-to-date: /home/samuel/ros2_humble/workspaces/project1_ws/install/turtlesim/local/lib/python3.10/dist-packages/turtlesim/srv/_kill_s.c
[2.044s] -- Up-to-date: /home/samuel/ros2_humble/workspaces/project1_ws/install/turtlesim/local/lib/python3.10/dist-packages/turtlesim/srv/_teleport_absolute_s.c
[2.044s] -- Up-to-date: /home/samuel/ros2_humble/workspaces/project1_ws/install/turtlesim/local/lib/python3.10/dist-packages/turtlesim/action
[2.044s] -- Up-to-date: /home/samuel/ros2_humble/workspaces/project1_ws/install/turtlesim/local/lib/python3.10/dist-packages/turtlesim/action/_rotate_absolute.py
[2.044s] -- Up-to-date: /home/samuel/ros2_humble/workspaces/project1_ws/install/turtlesim/local/lib/python3.10/dist-packages/turtlesim/action/__init__.py
[2.044s] -- Up-to-date: /home/samuel/ros2_humble/workspaces/project1_ws/install/turtlesim/local/lib/python3.10/dist-packages/turtlesim/action/_rotate_absolute_s.c
[2.044s] -- Up-to-date: /home/samuel/ros2_humble/workspaces/project1_ws/install/turtlesim/local/lib/python3.10/dist-packages/turtlesim/turtlesim_s__rosidl_typesupport_fastrtps_c.cpython-310-x86_64-linux-gnu.so
[2.044s] -- Up-to-date: /home/samuel/ros2_humble/workspaces/project1_ws/install/turtlesim/local/lib/python3.10/dist-packages/turtlesim/turtlesim_s__rosidl_typesupport_c.cpython-310-x86_64-linux-gnu.so
[2.044s] -- Up-to-date: /home/samuel/ros2_humble/workspaces/project1_ws/install/turtlesim/local/lib/python3.10/dist-packages/turtlesim/libturtlesim__rosidl_generator_py.so
[2.044s] -- Up-to-date: /home/samuel/ros2_humble/workspaces/project1_ws/install/turtlesim/local/lib/python3.10/dist-packages/turtlesim/msg
[2.044s] -- Up-to-date: /home/samuel/ros2_humble/workspaces/project1_ws/install/turtlesim/local/lib/python3.10/dist-packages/turtlesim/msg/_color.py
[2.044s] -- Up-to-date: /home/samuel/ros2_humble/workspaces/project1_ws/install/turtlesim/local/lib/python3.10/dist-packages/turtlesim/msg/_pose_s.c
[2.044s] -- Up-to-date: /home/samuel/ros2_humble/workspaces/project1_ws/install/turtlesim/local/lib/python3.10/dist-packages/turtlesim/msg/_pose.py
[2.044s] -- Up-to-date: /home/samuel/ros2_humble/workspaces/project1_ws/install/turtlesim/local/lib/python3.10/dist-packages/turtlesim/msg/_color_s.c
[2.045s] -- Up-to-date: /home/samuel/ros2_humble/workspaces/project1_ws/install/turtlesim/local/lib/python3.10/dist-packages/turtlesim/msg/__init__.py
[2.045s] -- Up-to-date: /home/samuel/ros2_humble/workspaces/project1_ws/install/turtlesim/local/lib/python3.10/dist-packages/turtlesim/_turtlesim_s.ep.rosidl_typesupport_introspection_c.c
[2.045s] -- Up-to-date: /home/samuel/ros2_humble/workspaces/project1_ws/install/turtlesim/local/lib/python3.10/dist-packages/turtlesim/__init__.py
[2.045s] -- Up-to-date: /home/samuel/ros2_humble/workspaces/project1_ws/install/turtlesim/local/lib/python3.10/dist-packages/turtlesim/_turtlesim_s.ep.rosidl_typesupport_fastrtps_c.c
[2.045s] -- Up-to-date: /home/samuel/ros2_humble/workspaces/project1_ws/install/turtlesim/local/lib/python3.10/dist-packages/turtlesim/_turtlesim_s.ep.rosidl_typesupport_c.c
[2.045s] -- Up-to-date: /home/samuel/ros2_humble/workspaces/project1_ws/install/turtlesim/local/lib/python3.10/dist-packages/turtlesim/turtlesim_s__rosidl_typesupport_introspection_c.cpython-310-x86_64-linux-gnu.so
[2.159s] Listing '/home/samuel/ros2_humble/workspaces/project1_ws/install/turtlesim/local/lib/python3.10/dist-packages/turtlesim'...
[2.159s] Listing '/home/samuel/ros2_humble/workspaces/project1_ws/install/turtlesim/local/lib/python3.10/dist-packages/turtlesim/action'...
[2.159s] Listing '/home/samuel/ros2_humble/workspaces/project1_ws/install/turtlesim/local/lib/python3.10/dist-packages/turtlesim/msg'...
[2.159s] Listing '/home/samuel/ros2_humble/workspaces/project1_ws/install/turtlesim/local/lib/python3.10/dist-packages/turtlesim/srv'...
[2.163s] -- Up-to-date: /home/samuel/ros2_humble/workspaces/project1_ws/install/turtlesim/local/lib/python3.10/dist-packages/turtlesim/turtlesim_s__rosidl_typesupport_introspection_c.cpython-310-x86_64-linux-gnu.so
[2.163s] -- Up-to-date: /home/samuel/ros2_humble/workspaces/project1_ws/install/turtlesim/local/lib/python3.10/dist-packages/turtlesim/turtlesim_s__rosidl_typesupport_fastrtps_c.cpython-310-x86_64-linux-gnu.so
[2.163s] -- Up-to-date: /home/samuel/ros2_humble/workspaces/project1_ws/install/turtlesim/local/lib/python3.10/dist-packages/turtlesim/turtlesim_s__rosidl_typesupport_c.cpython-310-x86_64-linux-gnu.so
[2.164s] -- Up-to-date: /home/samuel/ros2_humble/workspaces/project1_ws/install/turtlesim/lib/libturtlesim__rosidl_generator_py.so
[2.164s] -- Up-to-date: /home/samuel/ros2_humble/workspaces/project1_ws/install/turtlesim/share/turtlesim/action/RotateAbsolute.idl
[2.164s] -- Up-to-date: /home/samuel/ros2_humble/workspaces/project1_ws/install/turtlesim/share/turtlesim/msg/Color.idl
[2.164s] -- Up-to-date: /home/samuel/ros2_humble/workspaces/project1_ws/install/turtlesim/share/turtlesim/msg/Pose.idl
[2.164s] -- Up-to-date: /home/samuel/ros2_humble/workspaces/project1_ws/install/turtlesim/share/turtlesim/srv/Kill.idl
[2.164s] -- Up-to-date: /home/samuel/ros2_humble/workspaces/project1_ws/install/turtlesim/share/turtlesim/srv/SetPen.idl
[2.164s] -- Up-to-date: /home/samuel/ros2_humble/workspaces/project1_ws/install/turtlesim/share/turtlesim/srv/Spawn.idl
[2.164s] -- Up-to-date: /home/samuel/ros2_humble/workspaces/project1_ws/install/turtlesim/share/turtlesim/srv/TeleportAbsolute.idl
[2.165s] -- Up-to-date: /home/samuel/ros2_humble/workspaces/project1_ws/install/turtlesim/share/turtlesim/srv/TeleportRelative.idl
[2.165s] -- Up-to-date: /home/samuel/ros2_humble/workspaces/project1_ws/install/turtlesim/share/turtlesim/action/RotateAbsolute.action
[2.165s] -- Up-to-date: /home/samuel/ros2_humble/workspaces/project1_ws/install/turtlesim/share/turtlesim/msg/Color.msg
[2.165s] -- Up-to-date: /home/samuel/ros2_humble/workspaces/project1_ws/install/turtlesim/share/turtlesim/msg/Pose.msg
[2.165s] -- Up-to-date: /home/samuel/ros2_humble/workspaces/project1_ws/install/turtlesim/share/turtlesim/srv/Kill.srv
[2.165s] -- Up-to-date: /home/samuel/ros2_humble/workspaces/project1_ws/install/turtlesim/share/turtlesim/srv/Kill_Request.msg
[2.165s] -- Up-to-date: /home/samuel/ros2_humble/workspaces/project1_ws/install/turtlesim/share/turtlesim/srv/Kill_Response.msg
[2.165s] -- Up-to-date: /home/samuel/ros2_humble/workspaces/project1_ws/install/turtlesim/share/turtlesim/srv/SetPen.srv
[2.165s] -- Up-to-date: /home/samuel/ros2_humble/workspaces/project1_ws/install/turtlesim/share/turtlesim/srv/SetPen_Request.msg
[2.165s] -- Up-to-date: /home/samuel/ros2_humble/workspaces/project1_ws/install/turtlesim/share/turtlesim/srv/SetPen_Response.msg
[2.165s] -- Up-to-date: /home/samuel/ros2_humble/workspaces/project1_ws/install/turtlesim/share/turtlesim/srv/Spawn.srv
[2.165s] -- Up-to-date: /home/samuel/ros2_humble/workspaces/project1_ws/install/turtlesim/share/turtlesim/srv/Spawn_Request.msg
[2.165s] -- Up-to-date: /home/samuel/ros2_humble/workspaces/project1_ws/install/turtlesim/share/turtlesim/srv/Spawn_Response.msg
[2.165s] -- Up-to-date: /home/samuel/ros2_humble/workspaces/project1_ws/install/turtlesim/share/turtlesim/srv/TeleportAbsolute.srv
[2.165s] -- Up-to-date: /home/samuel/ros2_humble/workspaces/project1_ws/install/turtlesim/share/turtlesim/srv/TeleportAbsolute_Request.msg
[2.165s] -- Up-to-date: /home/samuel/ros2_humble/workspaces/project1_ws/install/turtlesim/share/turtlesim/srv/TeleportAbsolute_Response.msg
[2.165s] -- Up-to-date: /home/samuel/ros2_humble/workspaces/project1_ws/install/turtlesim/share/turtlesim/srv/TeleportRelative.srv
[2.166s] -- Up-to-date: /home/samuel/ros2_humble/workspaces/project1_ws/install/turtlesim/share/turtlesim/srv/TeleportRelative_Request.msg
[2.166s] -- Up-to-date: /home/samuel/ros2_humble/workspaces/project1_ws/install/turtlesim/share/turtlesim/srv/TeleportRelative_Response.msg
[2.166s] -- Up-to-date: /home/samuel/ros2_humble/workspaces/project1_ws/install/turtlesim/lib/turtlesim/turtlesim_node
[2.166s] -- Up-to-date: /home/samuel/ros2_humble/workspaces/project1_ws/install/turtlesim/lib/turtlesim/turtle_teleop_key
[2.166s] -- Up-to-date: /home/samuel/ros2_humble/workspaces/project1_ws/install/turtlesim/lib/turtlesim/draw_square
[2.167s] -- Up-to-date: /home/samuel/ros2_humble/workspaces/project1_ws/install/turtlesim/lib/turtlesim/mimic
[2.167s] -- Up-to-date: /home/samuel/ros2_humble/workspaces/project1_ws/install/turtlesim/share/turtlesim/images
[2.167s] -- Up-to-date: /home/samuel/ros2_humble/workspaces/project1_ws/install/turtlesim/share/turtlesim/images/eloquent.png
[2.167s] -- Up-to-date: /home/samuel/ros2_humble/workspaces/project1_ws/install/turtlesim/share/turtlesim/images/ardent.png
[2.167s] -- Up-to-date: /home/samuel/ros2_humble/workspaces/project1_ws/install/turtlesim/share/turtlesim/images/humble.png
[2.167s] -- Up-to-date: /home/samuel/ros2_humble/workspaces/project1_ws/install/turtlesim/share/turtlesim/images/foxy.png
[2.168s] -- Up-to-date: /home/samuel/ros2_humble/workspaces/project1_ws/install/turtlesim/share/turtlesim/images/crystal.png
[2.168s] -- Up-to-date: /home/samuel/ros2_humble/workspaces/project1_ws/install/turtlesim/share/turtlesim/images/rolling.png
[2.168s] -- Up-to-date: /home/samuel/ros2_humble/workspaces/project1_ws/install/turtlesim/share/turtlesim/images/galactic.png
[2.168s] -- Up-to-date: /home/samuel/ros2_humble/workspaces/project1_ws/install/turtlesim/share/turtlesim/images/dashing.png
[2.168s] -- Up-to-date: /home/samuel/ros2_humble/workspaces/project1_ws/install/turtlesim/share/turtlesim/images/bouncy.png
[2.168s] -- Up-to-date: /home/samuel/ros2_humble/workspaces/project1_ws/install/turtlesim/share/turtlesim/launch
[2.168s] -- Up-to-date: /home/samuel/ros2_humble/workspaces/project1_ws/install/turtlesim/share/turtlesim/launch/multisim.launch.py
[2.168s] -- Up-to-date: /home/samuel/ros2_humble/workspaces/project1_ws/install/turtlesim/share/ament_index/resource_index/package_run_dependencies/turtlesim
[2.168s] -- Up-to-date: /home/samuel/ros2_humble/workspaces/project1_ws/install/turtlesim/share/ament_index/resource_index/parent_prefix_path/turtlesim
[2.168s] -- Up-to-date: /home/samuel/ros2_humble/workspaces/project1_ws/install/turtlesim/share/turtlesim/environment/ament_prefix_path.dsv
[2.168s] -- Up-to-date: /home/samuel/ros2_humble/workspaces/project1_ws/install/turtlesim/share/turtlesim/environment/path.dsv
[2.168s] -- Up-to-date: /home/samuel/ros2_humble/workspaces/project1_ws/install/turtlesim/share/turtlesim/local_setup.bash
[2.168s] -- Up-to-date: /home/samuel/ros2_humble/workspaces/project1_ws/install/turtlesim/share/turtlesim/local_setup.sh
[2.168s] -- Up-to-date: /home/samuel/ros2_humble/workspaces/project1_ws/install/turtlesim/share/turtlesim/local_setup.zsh
[2.169s] -- Up-to-date: /home/samuel/ros2_humble/workspaces/project1_ws/install/turtlesim/share/turtlesim/local_setup.dsv
[2.169s] -- Installing: /home/samuel/ros2_humble/workspaces/project1_ws/install/turtlesim/share/turtlesim/package.dsv
[2.169s] -- Up-to-date: /home/samuel/ros2_humble/workspaces/project1_ws/install/turtlesim/share/ament_index/resource_index/packages/turtlesim
[2.169s] -- Up-to-date: /home/samuel/ros2_humble/workspaces/project1_ws/install/turtlesim/share/turtlesim/cmake/export_turtlesim__rosidl_generator_cExport.cmake
[2.169s] -- Up-to-date: /home/samuel/ros2_humble/workspaces/project1_ws/install/turtlesim/share/turtlesim/cmake/export_turtlesim__rosidl_generator_cExport-noconfig.cmake
[2.169s] -- Up-to-date: /home/samuel/ros2_humble/workspaces/project1_ws/install/turtlesim/share/turtlesim/cmake/export_turtlesim__rosidl_typesupport_fastrtps_cExport.cmake
[2.169s] -- Up-to-date: /home/samuel/ros2_humble/workspaces/project1_ws/install/turtlesim/share/turtlesim/cmake/export_turtlesim__rosidl_typesupport_fastrtps_cExport-noconfig.cmake
[2.169s] -- Up-to-date: /home/samuel/ros2_humble/workspaces/project1_ws/install/turtlesim/share/turtlesim/cmake/export_turtlesim__rosidl_generator_cppExport.cmake
[2.169s] -- Up-to-date: /home/samuel/ros2_humble/workspaces/project1_ws/install/turtlesim/share/turtlesim/cmake/export_turtlesim__rosidl_typesupport_fastrtps_cppExport.cmake
[2.169s] -- Up-to-date: /home/samuel/ros2_humble/workspaces/project1_ws/install/turtlesim/share/turtlesim/cmake/export_turtlesim__rosidl_typesupport_fastrtps_cppExport-noconfig.cmake
[2.169s] -- Up-to-date: /home/samuel/ros2_humble/workspaces/project1_ws/install/turtlesim/share/turtlesim/cmake/turtlesim__rosidl_typesupport_introspection_cExport.cmake
[2.169s] -- Up-to-date: /home/samuel/ros2_humble/workspaces/project1_ws/install/turtlesim/share/turtlesim/cmake/turtlesim__rosidl_typesupport_introspection_cExport-noconfig.cmake
[2.169s] -- Up-to-date: /home/samuel/ros2_humble/workspaces/project1_ws/install/turtlesim/share/turtlesim/cmake/turtlesim__rosidl_typesupport_cExport.cmake
[2.170s] -- Up-to-date: /home/samuel/ros2_humble/workspaces/project1_ws/install/turtlesim/share/turtlesim/cmake/turtlesim__rosidl_typesupport_cExport-noconfig.cmake
[2.170s] -- Up-to-date: /home/samuel/ros2_humble/workspaces/project1_ws/install/turtlesim/share/turtlesim/cmake/turtlesim__rosidl_typesupport_introspection_cppExport.cmake
[2.170s] -- Up-to-date: /home/samuel/ros2_humble/workspaces/project1_ws/install/turtlesim/share/turtlesim/cmake/turtlesim__rosidl_typesupport_introspection_cppExport-noconfig.cmake
[2.170s] -- Up-to-date: /home/samuel/ros2_humble/workspaces/project1_ws/install/turtlesim/share/turtlesim/cmake/turtlesim__rosidl_typesupport_cppExport.cmake
[2.170s] -- Up-to-date: /home/samuel/ros2_humble/workspaces/project1_ws/install/turtlesim/share/turtlesim/cmake/turtlesim__rosidl_typesupport_cppExport-noconfig.cmake
[2.170s] -- Up-to-date: /home/samuel/ros2_humble/workspaces/project1_ws/install/turtlesim/share/turtlesim/cmake/export_turtlesim__rosidl_generator_pyExport.cmake
[2.170s] -- Up-to-date: /home/samuel/ros2_humble/workspaces/project1_ws/install/turtlesim/share/turtlesim/cmake/export_turtlesim__rosidl_generator_pyExport-noconfig.cmake
[2.170s] -- Up-to-date: /home/samuel/ros2_humble/workspaces/project1_ws/install/turtlesim/share/turtlesim/cmake/rosidl_cmake-extras.cmake
[2.170s] -- Up-to-date: /home/samuel/ros2_humble/workspaces/project1_ws/install/turtlesim/share/turtlesim/cmake/ament_cmake_export_dependencies-extras.cmake
[2.170s] -- Up-to-date: /home/samuel/ros2_humble/workspaces/project1_ws/install/turtlesim/share/turtlesim/cmake/ament_cmake_export_include_directories-extras.cmake
[2.170s] -- Up-to-date: /home/samuel/ros2_humble/workspaces/project1_ws/install/turtlesim/share/turtlesim/cmake/ament_cmake_export_libraries-extras.cmake
[2.170s] -- Up-to-date: /home/samuel/ros2_humble/workspaces/project1_ws/install/turtlesim/share/turtlesim/cmake/ament_cmake_export_targets-extras.cmake
[2.171s] -- Up-to-date: /home/samuel/ros2_humble/workspaces/project1_ws/install/turtlesim/share/turtlesim/cmake/rosidl_cmake_export_typesupport_targets-extras.cmake
[2.171s] -- Up-to-date: /home/samuel/ros2_humble/workspaces/project1_ws/install/turtlesim/share/turtlesim/cmake/rosidl_cmake_export_typesupport_libraries-extras.cmake
[2.171s] -- Up-to-date: /home/samuel/ros2_humble/workspaces/project1_ws/install/turtlesim/share/turtlesim/cmake/turtlesimConfig.cmake
[2.171s] -- Up-to-date: /home/samuel/ros2_humble/workspaces/project1_ws/install/turtlesim/share/turtlesim/cmake/turtlesimConfig-version.cmake
[2.171s] -- Up-to-date: /home/samuel/ros2_humble/workspaces/project1_ws/install/turtlesim/share/turtlesim/package.xml
[2.173s] Invoked command in '/home/samuel/ros2_humble/workspaces/project1_ws/build/turtlesim' returned '0': CMAKE_PREFIX_PATH=${CMAKE_PREFIX_PATH}:/home/samuel/ros2_humble/workspaces/project1_ws/install/project1_pubsub:/home/samuel/ros2_humble/install/rqt_bag_plugins:/home/samuel/ros2_humble/install/rqt_bag:/home/samuel/ros2_humble/install/ros2bag:/home/samuel/ros2_humble/install/tracetools_test:/home/samuel/ros2_humble/install/tracetools_launch:/home/samuel/ros2_humble/install/topic_monitor:/home/samuel/ros2_humble/install/tf2_tools:/home/samuel/ros2_humble/install/examples_tf2_py:/home/samuel/ros2_humble/install/tf2_ros_py:/home/samuel/ros2_humble/install/sros2:/home/samuel/ros2_humble/install/rqt_topic:/home/samuel/ros2_humble/install/rqt_srv:/home/samuel/ros2_humble/install/rqt_shell:/home/samuel/ros2_humble/install/rqt_service_caller:/home/samuel/ros2_humble/install/rqt_reconfigure:/home/samuel/ros2_humble/install/rqt_py_console:/home/samuel/ros2_humble/install/rqt_publisher:/home/samuel/ros2_humble/install/rqt_plot:/home/samuel/ros2_humble/install/rqt_action:/home/samuel/ros2_humble/install/rqt_msg:/home/samuel/ros2_humble/install/rqt_console:/home/samuel/ros2_humble/install/rqt:/home/samuel/ros2_humble/install/rqt_graph:/home/samuel/ros2_humble/install/rqt_gui_py:/home/samuel/ros2_humble/install/rqt_gui:/home/samuel/ros2_humble/install/ros2trace:/home/samuel/ros2_humble/install/ros2topic:/home/samuel/ros2_humble/install/ros2test:/home/samuel/ros2_humble/install/ros2component:/home/samuel/ros2_humble/install/ros2param:/home/samuel/ros2_humble/install/ros2lifecycle:/home/samuel/ros2_humble/install/ros2service:/home/samuel/ros2_humble/install/ros2run:/home/samuel/ros2_humble/install/ros2launch:/home/samuel/ros2_humble/install/ros2pkg:/home/samuel/ros2_humble/install/ros2node:/home/samuel/ros2_humble/install/ros2multicast:/home/samuel/ros2_humble/install/ros2interface:/home/samuel/ros2_humble/install/ros2doctor:/home/samuel/ros2_humble/install/ros2action:/home/samuel/ros2_humble/install/ros2cli:/home/samuel/ros2_humble/install/quality_of_service_demo_py:/home/samuel/ros2_humble/install/lifecycle_py:/home/samuel/ros2_humble/install/launch_testing_ros:/home/samuel/ros2_humble/install/launch_ros:/home/samuel/ros2_humble/install/examples_rclpy_pointcloud_publisher:/home/samuel/ros2_humble/install/examples_rclpy_minimal_subscriber:/home/samuel/ros2_humble/install/examples_rclpy_minimal_service:/home/samuel/ros2_humble/install/examples_rclpy_minimal_publisher:/home/samuel/ros2_humble/install/examples_rclpy_minimal_client:/home/samuel/ros2_humble/install/examples_rclpy_minimal_action_server:/home/samuel/ros2_humble/install/examples_rclpy_minimal_action_client:/home/samuel/ros2_humble/install/examples_rclpy_guard_conditions:/home/samuel/ros2_humble/install/examples_rclpy_executors:/home/samuel/ros2_humble/install/demo_nodes_py:/home/samuel/ros2_humble/install/action_tutorials_py:/home/samuel/ros2_humble/install/ament_uncrustify:/home/samuel/ros2_humble/install/tracetools_trace:/home/samuel/ros2_humble/install/tracetools_read:/home/samuel/ros2_humble/install/test_tracetools_launch:/home/samuel/ros2_humble/install/test_launch_ros:/home/samuel/ros2_humble/install/sensor_msgs_py:/home/samuel/ros2_humble/install/rpyutils:/home/samuel/ros2_humble/install/rosidl_runtime_py:/home/samuel/ros2_humble/install/rosidl_cli:/home/samuel/ros2_humble/install/launch_pytest:/home/samuel/ros2_humble/install/launch_testing:/home/samuel/ros2_humble/install/launch_yaml:/home/samuel/ros2_humble/install/launch_xml:/home/samuel/ros2_humble/install/launch:/home/samuel/ros2_humble/install/osrf_pycommon:/home/samuel/ros2_humble/install/launch_testing_examples:/home/samuel/ros2_humble/install/domain_coordinator:/home/samuel/ros2_humble/install/ament_xmllint:/home/samuel/ros2_humble/install/ament_pyflakes:/home/samuel/ros2_humble/install/ament_pycodestyle:/home/samuel/ros2_humble/install/ament_pep257:/home/samuel/ros2_humble/install/ament_pclint:/home/samuel/ros2_humble/install/ament_package:/home/samuel/ros2_humble/install/ament_mypy:/home/samuel/ros2_humble/install/ament_lint_cmake:/home/samuel/ros2_humble/install/ament_flake8:/home/samuel/ros2_humble/install/ament_copyright:/home/samuel/ros2_humble/install/ament_lint:/home/samuel/ros2_humble/install/ament_index_python:/home/samuel/ros2_humble/install/ament_cpplint:/home/samuel/ros2_humble/install/ament_cppcheck:/home/samuel/ros2_humble/install/ament_clang_tidy:/home/samuel/ros2_humble/install/ament_clang_format /usr/bin/cmake --install /home/samuel/ros2_humble/workspaces/project1_ws/build/turtlesim
