[1.754s] Invoking command in '/home/samuel/ros2_humble/CSCE452-samuel.fafel/project2_ws/src/project2_tam': PYTHONPATH=/home/samuel/ros2_humble/CSCE452-samuel.fafel/build/project2_tam/prefix_override:/home/samuel/ros2_humble/CSCE452-samuel.fafel/install/project2_tam/lib/python3.10/site-packages:${PYTHONPATH} /usr/bin/python3 setup.py egg_info --egg-base ../../../build/project2_tam build --build-base /home/samuel/ros2_humble/CSCE452-samuel.fafel/build/project2_tam/build install --record /home/samuel/ros2_humble/CSCE452-samuel.fafel/build/project2_tam/install.log --single-version-externally-managed
[2.155s] running egg_info
[2.156s] creating ../../../build/project2_tam/project2_tam.egg-info
[2.156s] writing ../../../build/project2_tam/project2_tam.egg-info/PKG-INFO
[2.157s] writing dependency_links to ../../../build/project2_tam/project2_tam.egg-info/dependency_links.txt
[2.157s] writing entry points to ../../../build/project2_tam/project2_tam.egg-info/entry_points.txt
[2.157s] writing requirements to ../../../build/project2_tam/project2_tam.egg-info/requires.txt
[2.157s] writing top-level names to ../../../build/project2_tam/project2_tam.egg-info/top_level.txt
[2.157s] writing manifest file '../../../build/project2_tam/project2_tam.egg-info/SOURCES.txt'
[2.158s] reading manifest file '../../../build/project2_tam/project2_tam.egg-info/SOURCES.txt'
[2.158s] writing manifest file '../../../build/project2_tam/project2_tam.egg-info/SOURCES.txt'
[2.159s] running build
[2.159s] running build_py
[2.160s] creating /home/samuel/ros2_humble/CSCE452-samuel.fafel/build/project2_tam/build
[2.160s] creating /home/samuel/ros2_humble/CSCE452-samuel.fafel/build/project2_tam/build/lib
[2.160s] creating /home/samuel/ros2_humble/CSCE452-samuel.fafel/build/project2_tam/build/lib/project2_tam
[2.160s] copying project2_tam/background.py -> /home/samuel/ros2_humble/CSCE452-samuel.fafel/build/project2_tam/build/lib/project2_tam
[2.160s] copying project2_tam/tam_logo.py -> /home/samuel/ros2_humble/CSCE452-samuel.fafel/build/project2_tam/build/lib/project2_tam
[2.161s] copying project2_tam/draw_tam.py -> /home/samuel/ros2_humble/CSCE452-samuel.fafel/build/project2_tam/build/lib/project2_tam
[2.161s] copying project2_tam/__init__.py -> /home/samuel/ros2_humble/CSCE452-samuel.fafel/build/project2_tam/build/lib/project2_tam
[2.161s] copying project2_tam/project2.py -> /home/samuel/ros2_humble/CSCE452-samuel.fafel/build/project2_tam/build/lib/project2_tam
[2.161s] running install
[2.161s] /usr/lib/python3/dist-packages/setuptools/command/install.py:34: SetuptoolsDeprecationWarning: setup.py install is deprecated. Use build and pip and other standards-based tools.
[2.161s]   warnings.warn(
[2.161s] running install_lib
[2.161s] creating /home/samuel/ros2_humble/CSCE452-samuel.fafel/install/project2_tam/lib/python3.10/site-packages/project2_tam
[2.161s] copying /home/samuel/ros2_humble/CSCE452-samuel.fafel/build/project2_tam/build/lib/project2_tam/background.py -> /home/samuel/ros2_humble/CSCE452-samuel.fafel/install/project2_tam/lib/python3.10/site-packages/project2_tam
[2.161s] copying /home/samuel/ros2_humble/CSCE452-samuel.fafel/build/project2_tam/build/lib/project2_tam/tam_logo.py -> /home/samuel/ros2_humble/CSCE452-samuel.fafel/install/project2_tam/lib/python3.10/site-packages/project2_tam
[2.162s] copying /home/samuel/ros2_humble/CSCE452-samuel.fafel/build/project2_tam/build/lib/project2_tam/draw_tam.py -> /home/samuel/ros2_humble/CSCE452-samuel.fafel/install/project2_tam/lib/python3.10/site-packages/project2_tam
[2.162s] copying /home/samuel/ros2_humble/CSCE452-samuel.fafel/build/project2_tam/build/lib/project2_tam/__init__.py -> /home/samuel/ros2_humble/CSCE452-samuel.fafel/install/project2_tam/lib/python3.10/site-packages/project2_tam
[2.162s] copying /home/samuel/ros2_humble/CSCE452-samuel.fafel/build/project2_tam/build/lib/project2_tam/project2.py -> /home/samuel/ros2_humble/CSCE452-samuel.fafel/install/project2_tam/lib/python3.10/site-packages/project2_tam
[2.163s] byte-compiling /home/samuel/ros2_humble/CSCE452-samuel.fafel/install/project2_tam/lib/python3.10/site-packages/project2_tam/background.py to background.cpython-310.pyc
[2.163s] byte-compiling /home/samuel/ros2_humble/CSCE452-samuel.fafel/install/project2_tam/lib/python3.10/site-packages/project2_tam/tam_logo.py to tam_logo.cpython-310.pyc
[2.164s] byte-compiling /home/samuel/ros2_humble/CSCE452-samuel.fafel/install/project2_tam/lib/python3.10/site-packages/project2_tam/draw_tam.py to draw_tam.cpython-310.pyc
[2.165s]   File "/home/samuel/ros2_humble/CSCE452-samuel.fafel/install/project2_tam/lib/python3.10/site-packages/project2_tam/draw_tam.py", line 43
[2.165s]     def set_parameters(self, *values, *param_names):
[2.165s]                                       ^
[2.165s] SyntaxError: invalid syntax
[2.165s] 
[2.165s] byte-compiling /home/samuel/ros2_humble/CSCE452-samuel.fafel/install/project2_tam/lib/python3.10/site-packages/project2_tam/__init__.py to __init__.cpython-310.pyc
[2.165s] byte-compiling /home/samuel/ros2_humble/CSCE452-samuel.fafel/install/project2_tam/lib/python3.10/site-packages/project2_tam/project2.py to project2.cpython-310.pyc
[2.165s] running install_data
[2.165s] creating /home/samuel/ros2_humble/CSCE452-samuel.fafel/install/project2_tam/share/ament_index
[2.166s] creating /home/samuel/ros2_humble/CSCE452-samuel.fafel/install/project2_tam/share/ament_index/resource_index
[2.166s] creating /home/samuel/ros2_humble/CSCE452-samuel.fafel/install/project2_tam/share/ament_index/resource_index/packages
[2.166s] copying resource/project2_tam -> /home/samuel/ros2_humble/CSCE452-samuel.fafel/install/project2_tam/share/ament_index/resource_index/packages
[2.166s] copying package.xml -> /home/samuel/ros2_humble/CSCE452-samuel.fafel/install/project2_tam/share/project2_tam
[2.166s] running install_egg_info
[2.169s] Copying ../../../build/project2_tam/project2_tam.egg-info to /home/samuel/ros2_humble/CSCE452-samuel.fafel/install/project2_tam/lib/python3.10/site-packages/project2_tam-0.0.0-py3.10.egg-info
[2.170s] running install_scripts
[2.206s] Installing background script to /home/samuel/ros2_humble/CSCE452-samuel.fafel/install/project2_tam/lib/project2_tam
[2.206s] Installing project2 script to /home/samuel/ros2_humble/CSCE452-samuel.fafel/install/project2_tam/lib/project2_tam
[2.206s] Installing tam_logo script to /home/samuel/ros2_humble/CSCE452-samuel.fafel/install/project2_tam/lib/project2_tam
[2.206s] writing list of installed files to '/home/samuel/ros2_humble/CSCE452-samuel.fafel/build/project2_tam/install.log'
[2.226s] Invoked command in '/home/samuel/ros2_humble/CSCE452-samuel.fafel/project2_ws/src/project2_tam' returned '0': PYTHONPATH=/home/samuel/ros2_humble/CSCE452-samuel.fafel/build/project2_tam/prefix_override:/home/samuel/ros2_humble/CSCE452-samuel.fafel/install/project2_tam/lib/python3.10/site-packages:${PYTHONPATH} /usr/bin/python3 setup.py egg_info --egg-base ../../../build/project2_tam build --build-base /home/samuel/ros2_humble/CSCE452-samuel.fafel/build/project2_tam/build install --record /home/samuel/ros2_humble/CSCE452-samuel.fafel/build/project2_tam/install.log --single-version-externally-managed
