[0.505s] DEBUG:colcon:Command line arguments: ['/usr/bin/colcon', 'build']
[0.505s] DEBUG:colcon:Parsed command line arguments: Namespace(log_base=None, log_level=None, verb_name='build', build_base='build', install_base='install', merge_install=False, symlink_install=False, test_result_base=None, continue_on_error=False, executor='parallel', parallel_workers=8, event_handlers=None, ignore_user_meta=False, metas=['./colcon.meta'], base_paths=['.'], packages_ignore=None, packages_ignore_regex=None, paths=None, packages_up_to=None, packages_up_to_regex=None, packages_above=None, packages_above_and_dependencies=None, packages_above_depth=None, packages_select_by_dep=None, packages_skip_by_dep=None, packages_skip_up_to=None, packages_select_build_failed=False, packages_skip_build_finished=False, packages_select_test_failures=False, packages_skip_test_passed=False, packages_select=None, packages_skip=None, packages_select_regex=None, packages_skip_regex=None, packages_start=None, packages_end=None, allow_overriding=[], cmake_args=None, cmake_target=None, cmake_target_skip_unavailable=False, cmake_clean_cache=False, cmake_clean_first=False, cmake_force_configure=False, ament_cmake_args=None, catkin_cmake_args=None, catkin_skip_building_tests=False, verb_parser=<colcon_defaults.argument_parser.defaults.DefaultArgumentsDecorator object at 0x7f11c2dc1b10>, verb_extension=<colcon_core.verb.build.BuildVerb object at 0x7f11c374a9e0>, main=<bound method BuildVerb.main of <colcon_core.verb.build.BuildVerb object at 0x7f11c374a9e0>>)
[0.541s] Level 1:colcon.colcon_core.package_discovery:discover_packages(colcon_meta) check parameters
[0.541s] Level 1:colcon.colcon_core.package_discovery:discover_packages(recursive) check parameters
[0.541s] Level 1:colcon.colcon_core.package_discovery:discover_packages(ignore) check parameters
[0.541s] Level 1:colcon.colcon_core.package_discovery:discover_packages(path) check parameters
[0.542s] Level 1:colcon.colcon_core.package_discovery:discover_packages(colcon_meta) discover
[0.542s] Level 1:colcon.colcon_core.package_discovery:discover_packages(recursive) discover
[0.542s] INFO:colcon.colcon_core.package_discovery:Crawling recursively for packages in '/home/samuel/ros2_humble/workspaces/project1_ws'
[0.542s] Level 1:colcon.colcon_core.package_identification:_identify(.) by extensions ['ignore', 'ignore_ament_install']
[0.542s] Level 1:colcon.colcon_core.package_identification:_identify(.) by extension 'ignore'
[0.542s] Level 1:colcon.colcon_core.package_identification:_identify(.) by extension 'ignore_ament_install'
[0.542s] Level 1:colcon.colcon_core.package_identification:_identify(.) by extensions ['colcon_pkg']
[0.542s] Level 1:colcon.colcon_core.package_identification:_identify(.) by extension 'colcon_pkg'
[0.542s] Level 1:colcon.colcon_core.package_identification:_identify(.) by extensions ['colcon_meta']
[0.542s] Level 1:colcon.colcon_core.package_identification:_identify(.) by extension 'colcon_meta'
[0.542s] Level 1:colcon.colcon_core.package_identification:_identify(.) by extensions ['ros']
[0.542s] Level 1:colcon.colcon_core.package_identification:_identify(.) by extension 'ros'
[0.552s] Level 1:colcon.colcon_core.package_identification:_identify(.) by extensions ['cmake', 'python']
[0.552s] Level 1:colcon.colcon_core.package_identification:_identify(.) by extension 'cmake'
[0.552s] Level 1:colcon.colcon_core.package_identification:_identify(.) by extension 'python'
[0.552s] Level 1:colcon.colcon_core.package_identification:_identify(.) by extensions ['python_setup_py']
[0.552s] Level 1:colcon.colcon_core.package_identification:_identify(.) by extension 'python_setup_py'
[0.552s] Level 1:colcon.colcon_core.package_identification:_identify(build) by extensions ['ignore', 'ignore_ament_install']
[0.552s] Level 1:colcon.colcon_core.package_identification:_identify(build) by extension 'ignore'
[0.552s] Level 1:colcon.colcon_core.package_identification:_identify(build) ignored
[0.553s] Level 1:colcon.colcon_core.package_identification:_identify(install) by extensions ['ignore', 'ignore_ament_install']
[0.553s] Level 1:colcon.colcon_core.package_identification:_identify(install) by extension 'ignore'
[0.553s] Level 1:colcon.colcon_core.package_identification:_identify(install) ignored
[0.553s] Level 1:colcon.colcon_core.package_identification:_identify(log) by extensions ['ignore', 'ignore_ament_install']
[0.553s] Level 1:colcon.colcon_core.package_identification:_identify(log) by extension 'ignore'
[0.553s] Level 1:colcon.colcon_core.package_identification:_identify(log) ignored
[0.553s] Level 1:colcon.colcon_core.package_identification:_identify(src) by extensions ['ignore', 'ignore_ament_install']
[0.553s] Level 1:colcon.colcon_core.package_identification:_identify(src) by extension 'ignore'
[0.553s] Level 1:colcon.colcon_core.package_identification:_identify(src) by extension 'ignore_ament_install'
[0.553s] Level 1:colcon.colcon_core.package_identification:_identify(src) by extensions ['colcon_pkg']
[0.553s] Level 1:colcon.colcon_core.package_identification:_identify(src) by extension 'colcon_pkg'
[0.553s] Level 1:colcon.colcon_core.package_identification:_identify(src) by extensions ['colcon_meta']
[0.553s] Level 1:colcon.colcon_core.package_identification:_identify(src) by extension 'colcon_meta'
[0.553s] Level 1:colcon.colcon_core.package_identification:_identify(src) by extensions ['ros']
[0.553s] Level 1:colcon.colcon_core.package_identification:_identify(src) by extension 'ros'
[0.553s] Level 1:colcon.colcon_core.package_identification:_identify(src) by extensions ['cmake', 'python']
[0.553s] Level 1:colcon.colcon_core.package_identification:_identify(src) by extension 'cmake'
[0.553s] Level 1:colcon.colcon_core.package_identification:_identify(src) by extension 'python'
[0.553s] Level 1:colcon.colcon_core.package_identification:_identify(src) by extensions ['python_setup_py']
[0.553s] Level 1:colcon.colcon_core.package_identification:_identify(src) by extension 'python_setup_py'
[0.553s] Level 1:colcon.colcon_core.package_identification:_identify(src/project1_pubsub) by extensions ['ignore', 'ignore_ament_install']
[0.553s] Level 1:colcon.colcon_core.package_identification:_identify(src/project1_pubsub) by extension 'ignore'
[0.553s] Level 1:colcon.colcon_core.package_identification:_identify(src/project1_pubsub) by extension 'ignore_ament_install'
[0.554s] Level 1:colcon.colcon_core.package_identification:_identify(src/project1_pubsub) by extensions ['colcon_pkg']
[0.554s] Level 1:colcon.colcon_core.package_identification:_identify(src/project1_pubsub) by extension 'colcon_pkg'
[0.554s] Level 1:colcon.colcon_core.package_identification:_identify(src/project1_pubsub) by extensions ['colcon_meta']
[0.554s] Level 1:colcon.colcon_core.package_identification:_identify(src/project1_pubsub) by extension 'colcon_meta'
[0.554s] Level 1:colcon.colcon_core.package_identification:_identify(src/project1_pubsub) by extensions ['ros']
[0.554s] Level 1:colcon.colcon_core.package_identification:_identify(src/project1_pubsub) by extension 'ros'
[0.555s] DEBUG:colcon.colcon_core.package_identification:Package 'src/project1_pubsub' with type 'ros.ament_python' and name 'project1_pubsub'
[0.555s] Level 1:colcon.colcon_core.package_identification:_identify(src/ros_tutorials) by extensions ['ignore', 'ignore_ament_install']
[0.556s] Level 1:colcon.colcon_core.package_identification:_identify(src/ros_tutorials) by extension 'ignore'
[0.556s] Level 1:colcon.colcon_core.package_identification:_identify(src/ros_tutorials) by extension 'ignore_ament_install'
[0.556s] Level 1:colcon.colcon_core.package_identification:_identify(src/ros_tutorials) by extensions ['colcon_pkg']
[0.556s] Level 1:colcon.colcon_core.package_identification:_identify(src/ros_tutorials) by extension 'colcon_pkg'
[0.556s] Level 1:colcon.colcon_core.package_identification:_identify(src/ros_tutorials) by extensions ['colcon_meta']
[0.556s] Level 1:colcon.colcon_core.package_identification:_identify(src/ros_tutorials) by extension 'colcon_meta'
[0.556s] Level 1:colcon.colcon_core.package_identification:_identify(src/ros_tutorials) by extensions ['ros']
[0.556s] Level 1:colcon.colcon_core.package_identification:_identify(src/ros_tutorials) by extension 'ros'
[0.556s] Level 1:colcon.colcon_core.package_identification:_identify(src/ros_tutorials) by extensions ['cmake', 'python']
[0.556s] Level 1:colcon.colcon_core.package_identification:_identify(src/ros_tutorials) by extension 'cmake'
[0.556s] Level 1:colcon.colcon_core.package_identification:_identify(src/ros_tutorials) by extension 'python'
[0.556s] Level 1:colcon.colcon_core.package_identification:_identify(src/ros_tutorials) by extensions ['python_setup_py']
[0.556s] Level 1:colcon.colcon_core.package_identification:_identify(src/ros_tutorials) by extension 'python_setup_py'
[0.556s] Level 1:colcon.colcon_core.package_identification:_identify(src/ros_tutorials/ros_tutorials) by extensions ['ignore', 'ignore_ament_install']
[0.556s] Level 1:colcon.colcon_core.package_identification:_identify(src/ros_tutorials/ros_tutorials) by extension 'ignore'
[0.556s] Level 1:colcon.colcon_core.package_identification:_identify(src/ros_tutorials/ros_tutorials) ignored
[0.556s] Level 1:colcon.colcon_core.package_identification:_identify(src/ros_tutorials/roscpp_tutorials) by extensions ['ignore', 'ignore_ament_install']
[0.556s] Level 1:colcon.colcon_core.package_identification:_identify(src/ros_tutorials/roscpp_tutorials) by extension 'ignore'
[0.556s] Level 1:colcon.colcon_core.package_identification:_identify(src/ros_tutorials/roscpp_tutorials) ignored
[0.556s] Level 1:colcon.colcon_core.package_identification:_identify(src/ros_tutorials/rospy_tutorials) by extensions ['ignore', 'ignore_ament_install']
[0.556s] Level 1:colcon.colcon_core.package_identification:_identify(src/ros_tutorials/rospy_tutorials) by extension 'ignore'
[0.557s] Level 1:colcon.colcon_core.package_identification:_identify(src/ros_tutorials/rospy_tutorials) ignored
[0.557s] Level 1:colcon.colcon_core.package_identification:_identify(src/ros_tutorials/turtlesim) by extensions ['ignore', 'ignore_ament_install']
[0.557s] Level 1:colcon.colcon_core.package_identification:_identify(src/ros_tutorials/turtlesim) by extension 'ignore'
[0.557s] Level 1:colcon.colcon_core.package_identification:_identify(src/ros_tutorials/turtlesim) by extension 'ignore_ament_install'
[0.557s] Level 1:colcon.colcon_core.package_identification:_identify(src/ros_tutorials/turtlesim) by extensions ['colcon_pkg']
[0.557s] Level 1:colcon.colcon_core.package_identification:_identify(src/ros_tutorials/turtlesim) by extension 'colcon_pkg'
[0.557s] Level 1:colcon.colcon_core.package_identification:_identify(src/ros_tutorials/turtlesim) by extensions ['colcon_meta']
[0.557s] Level 1:colcon.colcon_core.package_identification:_identify(src/ros_tutorials/turtlesim) by extension 'colcon_meta'
[0.557s] Level 1:colcon.colcon_core.package_identification:_identify(src/ros_tutorials/turtlesim) by extensions ['ros']
[0.557s] Level 1:colcon.colcon_core.package_identification:_identify(src/ros_tutorials/turtlesim) by extension 'ros'
[0.558s] DEBUG:colcon.colcon_core.package_identification:Package 'src/ros_tutorials/turtlesim' with type 'ros.ament_cmake' and name 'turtlesim'
[0.558s] Level 1:colcon.colcon_core.package_discovery:discover_packages(recursive) using defaults
[0.558s] Level 1:colcon.colcon_core.package_discovery:discover_packages(ignore) discover
[0.558s] Level 1:colcon.colcon_core.package_discovery:discover_packages(ignore) using defaults
[0.558s] Level 1:colcon.colcon_core.package_discovery:discover_packages(path) discover
[0.558s] Level 1:colcon.colcon_core.package_discovery:discover_packages(path) using defaults
[0.596s] Level 1:colcon.colcon_core.package_discovery:discover_packages(prefix_path) check parameters
[0.596s] Level 1:colcon.colcon_core.package_discovery:discover_packages(prefix_path) discover
[0.597s] WARNING:colcon.colcon_core.prefix_path.colcon:The path '/home/samuel/ros2_humble/workspaces/project1_ws/src/install' in the environment variable COLCON_PREFIX_PATH doesn't exist
[0.597s] WARNING:colcon.colcon_ros.prefix_path.ament:The path '/home/samuel/ros2_humble/workspaces/project1_ws/install/py_pubsub' in the environment variable AMENT_PREFIX_PATH doesn't exist
[0.597s] WARNING:colcon.colcon_ros.prefix_path.ament:The path '/home/samuel/ros2_humble/workspaces/project1_ws/install/my_package' in the environment variable AMENT_PREFIX_PATH doesn't exist
[0.597s] WARNING:colcon.colcon_ros.prefix_path.ament:The path '/home/samuel/ros2_humble/workspaces/project1_ws/src/install/project1_pubsub' in the environment variable AMENT_PREFIX_PATH doesn't exist
[0.598s] WARNING:colcon.colcon_ros.prefix_path.ament:The path '/home/samuel/ros2_humble/workspaces/project1_ws/src/install/turtlesim' in the environment variable AMENT_PREFIX_PATH doesn't exist
[0.607s] WARNING:colcon.colcon_ros.prefix_path.catkin:The path '/home/samuel/ros2_humble/workspaces/project1_ws/src/install/turtlesim' in the environment variable CMAKE_PREFIX_PATH doesn't exist
[0.609s] DEBUG:colcon.colcon_installed_package_information.package_discovery:Found 2 installed packages in /home/samuel/ros2_humble/workspaces/project1_ws/install
[0.617s] DEBUG:colcon.colcon_installed_package_information.package_discovery:Found 344 installed packages in /home/samuel/ros2_humble/install
[0.619s] Level 1:colcon.colcon_core.package_discovery:discover_packages(prefix_path) using defaults
[0.645s] Level 5:colcon.colcon_core.verb:set package 'turtlesim' build argument 'cmake_args' from command line to 'None'
[0.645s] Level 5:colcon.colcon_core.verb:set package 'turtlesim' build argument 'cmake_target' from command line to 'None'
[0.645s] Level 5:colcon.colcon_core.verb:set package 'turtlesim' build argument 'cmake_target_skip_unavailable' from command line to 'False'
[0.645s] Level 5:colcon.colcon_core.verb:set package 'turtlesim' build argument 'cmake_clean_cache' from command line to 'False'
[0.645s] Level 5:colcon.colcon_core.verb:set package 'turtlesim' build argument 'cmake_clean_first' from command line to 'False'
[0.645s] Level 5:colcon.colcon_core.verb:set package 'turtlesim' build argument 'cmake_force_configure' from command line to 'False'
[0.645s] Level 5:colcon.colcon_core.verb:set package 'turtlesim' build argument 'ament_cmake_args' from command line to 'None'
[0.645s] Level 5:colcon.colcon_core.verb:set package 'turtlesim' build argument 'catkin_cmake_args' from command line to 'None'
[0.645s] Level 5:colcon.colcon_core.verb:set package 'turtlesim' build argument 'catkin_skip_building_tests' from command line to 'False'
[0.645s] DEBUG:colcon.colcon_core.verb:Building package 'turtlesim' with the following arguments: {'ament_cmake_args': None, 'build_base': '/home/samuel/ros2_humble/workspaces/project1_ws/build/turtlesim', 'catkin_cmake_args': None, 'catkin_skip_building_tests': False, 'cmake_args': None, 'cmake_clean_cache': False, 'cmake_clean_first': False, 'cmake_force_configure': False, 'cmake_target': None, 'cmake_target_skip_unavailable': False, 'install_base': '/home/samuel/ros2_humble/workspaces/project1_ws/install/turtlesim', 'merge_install': False, 'path': '/home/samuel/ros2_humble/workspaces/project1_ws/src/ros_tutorials/turtlesim', 'symlink_install': False, 'test_result_base': None}
[0.647s] Level 5:colcon.colcon_core.verb:set package 'project1_pubsub' build argument 'cmake_args' from command line to 'None'
[0.647s] Level 5:colcon.colcon_core.verb:set package 'project1_pubsub' build argument 'cmake_target' from command line to 'None'
[0.647s] Level 5:colcon.colcon_core.verb:set package 'project1_pubsub' build argument 'cmake_target_skip_unavailable' from command line to 'False'
[0.647s] Level 5:colcon.colcon_core.verb:set package 'project1_pubsub' build argument 'cmake_clean_cache' from command line to 'False'
[0.647s] Level 5:colcon.colcon_core.verb:set package 'project1_pubsub' build argument 'cmake_clean_first' from command line to 'False'
[0.647s] Level 5:colcon.colcon_core.verb:set package 'project1_pubsub' build argument 'cmake_force_configure' from command line to 'False'
[0.647s] Level 5:colcon.colcon_core.verb:set package 'project1_pubsub' build argument 'ament_cmake_args' from command line to 'None'
[0.647s] Level 5:colcon.colcon_core.verb:set package 'project1_pubsub' build argument 'catkin_cmake_args' from command line to 'None'
[0.647s] Level 5:colcon.colcon_core.verb:set package 'project1_pubsub' build argument 'catkin_skip_building_tests' from command line to 'False'
[0.647s] DEBUG:colcon.colcon_core.verb:Building package 'project1_pubsub' with the following arguments: {'ament_cmake_args': None, 'build_base': '/home/samuel/ros2_humble/workspaces/project1_ws/build/project1_pubsub', 'catkin_cmake_args': None, 'catkin_skip_building_tests': False, 'cmake_args': None, 'cmake_clean_cache': False, 'cmake_clean_first': False, 'cmake_force_configure': False, 'cmake_target': None, 'cmake_target_skip_unavailable': False, 'install_base': '/home/samuel/ros2_humble/workspaces/project1_ws/install/project1_pubsub', 'merge_install': False, 'path': '/home/samuel/ros2_humble/workspaces/project1_ws/src/project1_pubsub', 'symlink_install': False, 'test_result_base': None}
[0.648s] INFO:colcon.colcon_core.executor:Executing jobs using 'parallel' executor
[0.653s] DEBUG:colcon.colcon_parallel_executor.executor.parallel:run_until_complete
[0.653s] INFO:colcon.colcon_ros.task.ament_cmake.build:Building ROS package in '/home/samuel/ros2_humble/workspaces/project1_ws/src/ros_tutorials/turtlesim' with build type 'ament_cmake'
[0.653s] INFO:colcon.colcon_cmake.task.cmake.build:Building CMake package in '/home/samuel/ros2_humble/workspaces/project1_ws/src/ros_tutorials/turtlesim'
[0.661s] INFO:colcon.colcon_core.plugin_system:Skipping extension 'colcon_core.shell.bat': Not used on non-Windows systems
[0.661s] INFO:colcon.colcon_core.shell:Skip shell extension 'powershell' for command environment: Not usable outside of PowerShell
[0.661s] DEBUG:colcon.colcon_core.shell:Skip shell extension 'dsv' for command environment
[0.696s] DEBUG:colcon.colcon_core.event_handler.log_command:Invoking command in '/home/samuel/ros2_humble/workspaces/project1_ws/build/turtlesim': CMAKE_PREFIX_PATH=${CMAKE_PREFIX_PATH}:/home/samuel/ros2_humble/workspaces/project1_ws/install/py_pubsub:/home/samuel/ros2_humble/workspaces/project1_ws/install/my_package:/home/samuel/ros2_humble/workspaces/project1_ws/install/project1_pubsub:/home/samuel/ros2_humble/workspaces/project1_ws/src/install/project1_pubsub:/home/samuel/ros2_humble/install/rqt_bag_plugins:/home/samuel/ros2_humble/install/rqt_bag:/home/samuel/ros2_humble/install/ros2bag:/home/samuel/ros2_humble/install/tracetools_test:/home/samuel/ros2_humble/install/tracetools_launch:/home/samuel/ros2_humble/install/topic_monitor:/home/samuel/ros2_humble/install/tf2_tools:/home/samuel/ros2_humble/install/examples_tf2_py:/home/samuel/ros2_humble/install/tf2_ros_py:/home/samuel/ros2_humble/install/sros2:/home/samuel/ros2_humble/install/rqt_topic:/home/samuel/ros2_humble/install/rqt_srv:/home/samuel/ros2_humble/install/rqt_shell:/home/samuel/ros2_humble/install/rqt_service_caller:/home/samuel/ros2_humble/install/rqt_reconfigure:/home/samuel/ros2_humble/install/rqt_py_console:/home/samuel/ros2_humble/install/rqt_publisher:/home/samuel/ros2_humble/install/rqt_plot:/home/samuel/ros2_humble/install/rqt_action:/home/samuel/ros2_humble/install/rqt_msg:/home/samuel/ros2_humble/install/rqt_console:/home/samuel/ros2_humble/install/rqt:/home/samuel/ros2_humble/install/rqt_graph:/home/samuel/ros2_humble/install/rqt_gui_py:/home/samuel/ros2_humble/install/rqt_gui:/home/samuel/ros2_humble/install/ros2trace:/home/samuel/ros2_humble/install/ros2topic:/home/samuel/ros2_humble/install/ros2test:/home/samuel/ros2_humble/install/ros2component:/home/samuel/ros2_humble/install/ros2param:/home/samuel/ros2_humble/install/ros2lifecycle:/home/samuel/ros2_humble/install/ros2service:/home/samuel/ros2_humble/install/ros2run:/home/samuel/ros2_humble/install/ros2launch:/home/samuel/ros2_humble/install/ros2pkg:/home/samuel/ros2_humble/install/ros2node:/home/samuel/ros2_humble/install/ros2multicast:/home/samuel/ros2_humble/install/ros2interface:/home/samuel/ros2_humble/install/ros2doctor:/home/samuel/ros2_humble/install/ros2action:/home/samuel/ros2_humble/install/ros2cli:/home/samuel/ros2_humble/install/quality_of_service_demo_py:/home/samuel/ros2_humble/install/lifecycle_py:/home/samuel/ros2_humble/install/launch_testing_ros:/home/samuel/ros2_humble/install/launch_ros:/home/samuel/ros2_humble/install/examples_rclpy_pointcloud_publisher:/home/samuel/ros2_humble/install/examples_rclpy_minimal_subscriber:/home/samuel/ros2_humble/install/examples_rclpy_minimal_service:/home/samuel/ros2_humble/install/examples_rclpy_minimal_publisher:/home/samuel/ros2_humble/install/examples_rclpy_minimal_client:/home/samuel/ros2_humble/install/examples_rclpy_minimal_action_server:/home/samuel/ros2_humble/install/examples_rclpy_minimal_action_client:/home/samuel/ros2_humble/install/examples_rclpy_guard_conditions:/home/samuel/ros2_humble/install/examples_rclpy_executors:/home/samuel/ros2_humble/install/demo_nodes_py:/home/samuel/ros2_humble/install/action_tutorials_py:/home/samuel/ros2_humble/install/ament_uncrustify:/home/samuel/ros2_humble/install/tracetools_trace:/home/samuel/ros2_humble/install/tracetools_read:/home/samuel/ros2_humble/install/test_tracetools_launch:/home/samuel/ros2_humble/install/test_launch_ros:/home/samuel/ros2_humble/install/sensor_msgs_py:/home/samuel/ros2_humble/install/rpyutils:/home/samuel/ros2_humble/install/rosidl_runtime_py:/home/samuel/ros2_humble/install/rosidl_cli:/home/samuel/ros2_humble/install/launch_pytest:/home/samuel/ros2_humble/install/launch_testing:/home/samuel/ros2_humble/install/launch_yaml:/home/samuel/ros2_humble/install/launch_xml:/home/samuel/ros2_humble/install/launch:/home/samuel/ros2_humble/install/osrf_pycommon:/home/samuel/ros2_humble/install/launch_testing_examples:/home/samuel/ros2_humble/install/domain_coordinator:/home/samuel/ros2_humble/install/ament_xmllint:/home/samuel/ros2_humble/install/ament_pyflakes:/home/samuel/ros2_humble/install/ament_pycodestyle:/home/samuel/ros2_humble/install/ament_pep257:/home/samuel/ros2_humble/install/ament_pclint:/home/samuel/ros2_humble/install/ament_package:/home/samuel/ros2_humble/install/ament_mypy:/home/samuel/ros2_humble/install/ament_lint_cmake:/home/samuel/ros2_humble/install/ament_flake8:/home/samuel/ros2_humble/install/ament_copyright:/home/samuel/ros2_humble/install/ament_lint:/home/samuel/ros2_humble/install/ament_index_python:/home/samuel/ros2_humble/install/ament_cpplint:/home/samuel/ros2_humble/install/ament_cppcheck:/home/samuel/ros2_humble/install/ament_clang_tidy:/home/samuel/ros2_humble/install/ament_clang_format /usr/bin/cmake --build /home/samuel/ros2_humble/workspaces/project1_ws/build/turtlesim -- -j8 -l8
[1.437s] DEBUG:colcon.colcon_core.event_handler.log_command:Invoked command in '/home/samuel/ros2_humble/workspaces/project1_ws/build/turtlesim' returned '0': CMAKE_PREFIX_PATH=${CMAKE_PREFIX_PATH}:/home/samuel/ros2_humble/workspaces/project1_ws/install/py_pubsub:/home/samuel/ros2_humble/workspaces/project1_ws/install/my_package:/home/samuel/ros2_humble/workspaces/project1_ws/install/project1_pubsub:/home/samuel/ros2_humble/workspaces/project1_ws/src/install/project1_pubsub:/home/samuel/ros2_humble/install/rqt_bag_plugins:/home/samuel/ros2_humble/install/rqt_bag:/home/samuel/ros2_humble/install/ros2bag:/home/samuel/ros2_humble/install/tracetools_test:/home/samuel/ros2_humble/install/tracetools_launch:/home/samuel/ros2_humble/install/topic_monitor:/home/samuel/ros2_humble/install/tf2_tools:/home/samuel/ros2_humble/install/examples_tf2_py:/home/samuel/ros2_humble/install/tf2_ros_py:/home/samuel/ros2_humble/install/sros2:/home/samuel/ros2_humble/install/rqt_topic:/home/samuel/ros2_humble/install/rqt_srv:/home/samuel/ros2_humble/install/rqt_shell:/home/samuel/ros2_humble/install/rqt_service_caller:/home/samuel/ros2_humble/install/rqt_reconfigure:/home/samuel/ros2_humble/install/rqt_py_console:/home/samuel/ros2_humble/install/rqt_publisher:/home/samuel/ros2_humble/install/rqt_plot:/home/samuel/ros2_humble/install/rqt_action:/home/samuel/ros2_humble/install/rqt_msg:/home/samuel/ros2_humble/install/rqt_console:/home/samuel/ros2_humble/install/rqt:/home/samuel/ros2_humble/install/rqt_graph:/home/samuel/ros2_humble/install/rqt_gui_py:/home/samuel/ros2_humble/install/rqt_gui:/home/samuel/ros2_humble/install/ros2trace:/home/samuel/ros2_humble/install/ros2topic:/home/samuel/ros2_humble/install/ros2test:/home/samuel/ros2_humble/install/ros2component:/home/samuel/ros2_humble/install/ros2param:/home/samuel/ros2_humble/install/ros2lifecycle:/home/samuel/ros2_humble/install/ros2service:/home/samuel/ros2_humble/install/ros2run:/home/samuel/ros2_humble/install/ros2launch:/home/samuel/ros2_humble/install/ros2pkg:/home/samuel/ros2_humble/install/ros2node:/home/samuel/ros2_humble/install/ros2multicast:/home/samuel/ros2_humble/install/ros2interface:/home/samuel/ros2_humble/install/ros2doctor:/home/samuel/ros2_humble/install/ros2action:/home/samuel/ros2_humble/install/ros2cli:/home/samuel/ros2_humble/install/quality_of_service_demo_py:/home/samuel/ros2_humble/install/lifecycle_py:/home/samuel/ros2_humble/install/launch_testing_ros:/home/samuel/ros2_humble/install/launch_ros:/home/samuel/ros2_humble/install/examples_rclpy_pointcloud_publisher:/home/samuel/ros2_humble/install/examples_rclpy_minimal_subscriber:/home/samuel/ros2_humble/install/examples_rclpy_minimal_service:/home/samuel/ros2_humble/install/examples_rclpy_minimal_publisher:/home/samuel/ros2_humble/install/examples_rclpy_minimal_client:/home/samuel/ros2_humble/install/examples_rclpy_minimal_action_server:/home/samuel/ros2_humble/install/examples_rclpy_minimal_action_client:/home/samuel/ros2_humble/install/examples_rclpy_guard_conditions:/home/samuel/ros2_humble/install/examples_rclpy_executors:/home/samuel/ros2_humble/install/demo_nodes_py:/home/samuel/ros2_humble/install/action_tutorials_py:/home/samuel/ros2_humble/install/ament_uncrustify:/home/samuel/ros2_humble/install/tracetools_trace:/home/samuel/ros2_humble/install/tracetools_read:/home/samuel/ros2_humble/install/test_tracetools_launch:/home/samuel/ros2_humble/install/test_launch_ros:/home/samuel/ros2_humble/install/sensor_msgs_py:/home/samuel/ros2_humble/install/rpyutils:/home/samuel/ros2_humble/install/rosidl_runtime_py:/home/samuel/ros2_humble/install/rosidl_cli:/home/samuel/ros2_humble/install/launch_pytest:/home/samuel/ros2_humble/install/launch_testing:/home/samuel/ros2_humble/install/launch_yaml:/home/samuel/ros2_humble/install/launch_xml:/home/samuel/ros2_humble/install/launch:/home/samuel/ros2_humble/install/osrf_pycommon:/home/samuel/ros2_humble/install/launch_testing_examples:/home/samuel/ros2_humble/install/domain_coordinator:/home/samuel/ros2_humble/install/ament_xmllint:/home/samuel/ros2_humble/install/ament_pyflakes:/home/samuel/ros2_humble/install/ament_pycodestyle:/home/samuel/ros2_humble/install/ament_pep257:/home/samuel/ros2_humble/install/ament_pclint:/home/samuel/ros2_humble/install/ament_package:/home/samuel/ros2_humble/install/ament_mypy:/home/samuel/ros2_humble/install/ament_lint_cmake:/home/samuel/ros2_humble/install/ament_flake8:/home/samuel/ros2_humble/install/ament_copyright:/home/samuel/ros2_humble/install/ament_lint:/home/samuel/ros2_humble/install/ament_index_python:/home/samuel/ros2_humble/install/ament_cpplint:/home/samuel/ros2_humble/install/ament_cppcheck:/home/samuel/ros2_humble/install/ament_clang_tidy:/home/samuel/ros2_humble/install/ament_clang_format /usr/bin/cmake --build /home/samuel/ros2_humble/workspaces/project1_ws/build/turtlesim -- -j8 -l8
[2.482s] DEBUG:colcon.colcon_core.event_handler.log_command:Invoking command in '/home/samuel/ros2_humble/workspaces/project1_ws/build/turtlesim': CMAKE_PREFIX_PATH=${CMAKE_PREFIX_PATH}:/home/samuel/ros2_humble/workspaces/project1_ws/install/py_pubsub:/home/samuel/ros2_humble/workspaces/project1_ws/install/my_package:/home/samuel/ros2_humble/workspaces/project1_ws/install/project1_pubsub:/home/samuel/ros2_humble/workspaces/project1_ws/src/install/project1_pubsub:/home/samuel/ros2_humble/install/rqt_bag_plugins:/home/samuel/ros2_humble/install/rqt_bag:/home/samuel/ros2_humble/install/ros2bag:/home/samuel/ros2_humble/install/tracetools_test:/home/samuel/ros2_humble/install/tracetools_launch:/home/samuel/ros2_humble/install/topic_monitor:/home/samuel/ros2_humble/install/tf2_tools:/home/samuel/ros2_humble/install/examples_tf2_py:/home/samuel/ros2_humble/install/tf2_ros_py:/home/samuel/ros2_humble/install/sros2:/home/samuel/ros2_humble/install/rqt_topic:/home/samuel/ros2_humble/install/rqt_srv:/home/samuel/ros2_humble/install/rqt_shell:/home/samuel/ros2_humble/install/rqt_service_caller:/home/samuel/ros2_humble/install/rqt_reconfigure:/home/samuel/ros2_humble/install/rqt_py_console:/home/samuel/ros2_humble/install/rqt_publisher:/home/samuel/ros2_humble/install/rqt_plot:/home/samuel/ros2_humble/install/rqt_action:/home/samuel/ros2_humble/install/rqt_msg:/home/samuel/ros2_humble/install/rqt_console:/home/samuel/ros2_humble/install/rqt:/home/samuel/ros2_humble/install/rqt_graph:/home/samuel/ros2_humble/install/rqt_gui_py:/home/samuel/ros2_humble/install/rqt_gui:/home/samuel/ros2_humble/install/ros2trace:/home/samuel/ros2_humble/install/ros2topic:/home/samuel/ros2_humble/install/ros2test:/home/samuel/ros2_humble/install/ros2component:/home/samuel/ros2_humble/install/ros2param:/home/samuel/ros2_humble/install/ros2lifecycle:/home/samuel/ros2_humble/install/ros2service:/home/samuel/ros2_humble/install/ros2run:/home/samuel/ros2_humble/install/ros2launch:/home/samuel/ros2_humble/install/ros2pkg:/home/samuel/ros2_humble/install/ros2node:/home/samuel/ros2_humble/install/ros2multicast:/home/samuel/ros2_humble/install/ros2interface:/home/samuel/ros2_humble/install/ros2doctor:/home/samuel/ros2_humble/install/ros2action:/home/samuel/ros2_humble/install/ros2cli:/home/samuel/ros2_humble/install/quality_of_service_demo_py:/home/samuel/ros2_humble/install/lifecycle_py:/home/samuel/ros2_humble/install/launch_testing_ros:/home/samuel/ros2_humble/install/launch_ros:/home/samuel/ros2_humble/install/examples_rclpy_pointcloud_publisher:/home/samuel/ros2_humble/install/examples_rclpy_minimal_subscriber:/home/samuel/ros2_humble/install/examples_rclpy_minimal_service:/home/samuel/ros2_humble/install/examples_rclpy_minimal_publisher:/home/samuel/ros2_humble/install/examples_rclpy_minimal_client:/home/samuel/ros2_humble/install/examples_rclpy_minimal_action_server:/home/samuel/ros2_humble/install/examples_rclpy_minimal_action_client:/home/samuel/ros2_humble/install/examples_rclpy_guard_conditions:/home/samuel/ros2_humble/install/examples_rclpy_executors:/home/samuel/ros2_humble/install/demo_nodes_py:/home/samuel/ros2_humble/install/action_tutorials_py:/home/samuel/ros2_humble/install/ament_uncrustify:/home/samuel/ros2_humble/install/tracetools_trace:/home/samuel/ros2_humble/install/tracetools_read:/home/samuel/ros2_humble/install/test_tracetools_launch:/home/samuel/ros2_humble/install/test_launch_ros:/home/samuel/ros2_humble/install/sensor_msgs_py:/home/samuel/ros2_humble/install/rpyutils:/home/samuel/ros2_humble/install/rosidl_runtime_py:/home/samuel/ros2_humble/install/rosidl_cli:/home/samuel/ros2_humble/install/launch_pytest:/home/samuel/ros2_humble/install/launch_testing:/home/samuel/ros2_humble/install/launch_yaml:/home/samuel/ros2_humble/install/launch_xml:/home/samuel/ros2_humble/install/launch:/home/samuel/ros2_humble/install/osrf_pycommon:/home/samuel/ros2_humble/install/launch_testing_examples:/home/samuel/ros2_humble/install/domain_coordinator:/home/samuel/ros2_humble/install/ament_xmllint:/home/samuel/ros2_humble/install/ament_pyflakes:/home/samuel/ros2_humble/install/ament_pycodestyle:/home/samuel/ros2_humble/install/ament_pep257:/home/samuel/ros2_humble/install/ament_pclint:/home/samuel/ros2_humble/install/ament_package:/home/samuel/ros2_humble/install/ament_mypy:/home/samuel/ros2_humble/install/ament_lint_cmake:/home/samuel/ros2_humble/install/ament_flake8:/home/samuel/ros2_humble/install/ament_copyright:/home/samuel/ros2_humble/install/ament_lint:/home/samuel/ros2_humble/install/ament_index_python:/home/samuel/ros2_humble/install/ament_cpplint:/home/samuel/ros2_humble/install/ament_cppcheck:/home/samuel/ros2_humble/install/ament_clang_tidy:/home/samuel/ros2_humble/install/ament_clang_format /usr/bin/cmake --install /home/samuel/ros2_humble/workspaces/project1_ws/build/turtlesim
[2.657s] Level 1:colcon.colcon_core.environment:create_environment_scripts_only(turtlesim)
[2.665s] DEBUG:colcon.colcon_core.event_handler.log_command:Invoked command in '/home/samuel/ros2_humble/workspaces/project1_ws/build/turtlesim' returned '0': CMAKE_PREFIX_PATH=${CMAKE_PREFIX_PATH}:/home/samuel/ros2_humble/workspaces/project1_ws/install/py_pubsub:/home/samuel/ros2_humble/workspaces/project1_ws/install/my_package:/home/samuel/ros2_humble/workspaces/project1_ws/install/project1_pubsub:/home/samuel/ros2_humble/workspaces/project1_ws/src/install/project1_pubsub:/home/samuel/ros2_humble/install/rqt_bag_plugins:/home/samuel/ros2_humble/install/rqt_bag:/home/samuel/ros2_humble/install/ros2bag:/home/samuel/ros2_humble/install/tracetools_test:/home/samuel/ros2_humble/install/tracetools_launch:/home/samuel/ros2_humble/install/topic_monitor:/home/samuel/ros2_humble/install/tf2_tools:/home/samuel/ros2_humble/install/examples_tf2_py:/home/samuel/ros2_humble/install/tf2_ros_py:/home/samuel/ros2_humble/install/sros2:/home/samuel/ros2_humble/install/rqt_topic:/home/samuel/ros2_humble/install/rqt_srv:/home/samuel/ros2_humble/install/rqt_shell:/home/samuel/ros2_humble/install/rqt_service_caller:/home/samuel/ros2_humble/install/rqt_reconfigure:/home/samuel/ros2_humble/install/rqt_py_console:/home/samuel/ros2_humble/install/rqt_publisher:/home/samuel/ros2_humble/install/rqt_plot:/home/samuel/ros2_humble/install/rqt_action:/home/samuel/ros2_humble/install/rqt_msg:/home/samuel/ros2_humble/install/rqt_console:/home/samuel/ros2_humble/install/rqt:/home/samuel/ros2_humble/install/rqt_graph:/home/samuel/ros2_humble/install/rqt_gui_py:/home/samuel/ros2_humble/install/rqt_gui:/home/samuel/ros2_humble/install/ros2trace:/home/samuel/ros2_humble/install/ros2topic:/home/samuel/ros2_humble/install/ros2test:/home/samuel/ros2_humble/install/ros2component:/home/samuel/ros2_humble/install/ros2param:/home/samuel/ros2_humble/install/ros2lifecycle:/home/samuel/ros2_humble/install/ros2service:/home/samuel/ros2_humble/install/ros2run:/home/samuel/ros2_humble/install/ros2launch:/home/samuel/ros2_humble/install/ros2pkg:/home/samuel/ros2_humble/install/ros2node:/home/samuel/ros2_humble/install/ros2multicast:/home/samuel/ros2_humble/install/ros2interface:/home/samuel/ros2_humble/install/ros2doctor:/home/samuel/ros2_humble/install/ros2action:/home/samuel/ros2_humble/install/ros2cli:/home/samuel/ros2_humble/install/quality_of_service_demo_py:/home/samuel/ros2_humble/install/lifecycle_py:/home/samuel/ros2_humble/install/launch_testing_ros:/home/samuel/ros2_humble/install/launch_ros:/home/samuel/ros2_humble/install/examples_rclpy_pointcloud_publisher:/home/samuel/ros2_humble/install/examples_rclpy_minimal_subscriber:/home/samuel/ros2_humble/install/examples_rclpy_minimal_service:/home/samuel/ros2_humble/install/examples_rclpy_minimal_publisher:/home/samuel/ros2_humble/install/examples_rclpy_minimal_client:/home/samuel/ros2_humble/install/examples_rclpy_minimal_action_server:/home/samuel/ros2_humble/install/examples_rclpy_minimal_action_client:/home/samuel/ros2_humble/install/examples_rclpy_guard_conditions:/home/samuel/ros2_humble/install/examples_rclpy_executors:/home/samuel/ros2_humble/install/demo_nodes_py:/home/samuel/ros2_humble/install/action_tutorials_py:/home/samuel/ros2_humble/install/ament_uncrustify:/home/samuel/ros2_humble/install/tracetools_trace:/home/samuel/ros2_humble/install/tracetools_read:/home/samuel/ros2_humble/install/test_tracetools_launch:/home/samuel/ros2_humble/install/test_launch_ros:/home/samuel/ros2_humble/install/sensor_msgs_py:/home/samuel/ros2_humble/install/rpyutils:/home/samuel/ros2_humble/install/rosidl_runtime_py:/home/samuel/ros2_humble/install/rosidl_cli:/home/samuel/ros2_humble/install/launch_pytest:/home/samuel/ros2_humble/install/launch_testing:/home/samuel/ros2_humble/install/launch_yaml:/home/samuel/ros2_humble/install/launch_xml:/home/samuel/ros2_humble/install/launch:/home/samuel/ros2_humble/install/osrf_pycommon:/home/samuel/ros2_humble/install/launch_testing_examples:/home/samuel/ros2_humble/install/domain_coordinator:/home/samuel/ros2_humble/install/ament_xmllint:/home/samuel/ros2_humble/install/ament_pyflakes:/home/samuel/ros2_humble/install/ament_pycodestyle:/home/samuel/ros2_humble/install/ament_pep257:/home/samuel/ros2_humble/install/ament_pclint:/home/samuel/ros2_humble/install/ament_package:/home/samuel/ros2_humble/install/ament_mypy:/home/samuel/ros2_humble/install/ament_lint_cmake:/home/samuel/ros2_humble/install/ament_flake8:/home/samuel/ros2_humble/install/ament_copyright:/home/samuel/ros2_humble/install/ament_lint:/home/samuel/ros2_humble/install/ament_index_python:/home/samuel/ros2_humble/install/ament_cpplint:/home/samuel/ros2_humble/install/ament_cppcheck:/home/samuel/ros2_humble/install/ament_clang_tidy:/home/samuel/ros2_humble/install/ament_clang_format /usr/bin/cmake --install /home/samuel/ros2_humble/workspaces/project1_ws/build/turtlesim
[2.673s] Level 1:colcon.colcon_core.environment:checking '/home/samuel/ros2_humble/workspaces/project1_ws/install/turtlesim' for CMake module files
[2.673s] Level 1:colcon.colcon_core.environment:checking '/home/samuel/ros2_humble/workspaces/project1_ws/install/turtlesim' for CMake config files
[2.674s] Level 1:colcon.colcon_core.shell:create_environment_hook('turtlesim', 'cmake_prefix_path')
[2.676s] INFO:colcon.colcon_core.shell:Creating environment hook '/home/samuel/ros2_humble/workspaces/project1_ws/install/turtlesim/share/turtlesim/hook/cmake_prefix_path.ps1'
[2.676s] INFO:colcon.colcon_core.shell:Creating environment descriptor '/home/samuel/ros2_humble/workspaces/project1_ws/install/turtlesim/share/turtlesim/hook/cmake_prefix_path.dsv'
[2.676s] INFO:colcon.colcon_core.shell:Creating environment hook '/home/samuel/ros2_humble/workspaces/project1_ws/install/turtlesim/share/turtlesim/hook/cmake_prefix_path.sh'
[2.677s] Level 1:colcon.colcon_core.environment:checking '/home/samuel/ros2_humble/workspaces/project1_ws/install/turtlesim/lib'
[2.677s] Level 1:colcon.colcon_core.shell:create_environment_hook('turtlesim', 'ld_library_path_lib')
[2.679s] INFO:colcon.colcon_core.shell:Creating environment hook '/home/samuel/ros2_humble/workspaces/project1_ws/install/turtlesim/share/turtlesim/hook/ld_library_path_lib.ps1'
[2.680s] INFO:colcon.colcon_core.shell:Creating environment descriptor '/home/samuel/ros2_humble/workspaces/project1_ws/install/turtlesim/share/turtlesim/hook/ld_library_path_lib.dsv'
[2.680s] INFO:colcon.colcon_core.shell:Creating environment hook '/home/samuel/ros2_humble/workspaces/project1_ws/install/turtlesim/share/turtlesim/hook/ld_library_path_lib.sh'
[2.680s] Level 1:colcon.colcon_core.environment:checking '/home/samuel/ros2_humble/workspaces/project1_ws/install/turtlesim/bin'
[2.680s] Level 1:colcon.colcon_core.environment:checking '/home/samuel/ros2_humble/workspaces/project1_ws/install/turtlesim/lib/pkgconfig/turtlesim.pc'
[2.683s] Level 1:colcon.colcon_core.environment:checking '/home/samuel/ros2_humble/workspaces/project1_ws/install/turtlesim/lib/python3.10/site-packages'
[2.683s] Level 1:colcon.colcon_core.environment:checking '/home/samuel/ros2_humble/workspaces/project1_ws/install/turtlesim/bin'
[2.687s] INFO:colcon.colcon_core.shell:Creating package script '/home/samuel/ros2_humble/workspaces/project1_ws/install/turtlesim/share/turtlesim/package.ps1'
[2.687s] INFO:colcon.colcon_core.shell:Creating package descriptor '/home/samuel/ros2_humble/workspaces/project1_ws/install/turtlesim/share/turtlesim/package.dsv'
[2.688s] INFO:colcon.colcon_core.shell:Creating package script '/home/samuel/ros2_humble/workspaces/project1_ws/install/turtlesim/share/turtlesim/package.sh'
[2.688s] INFO:colcon.colcon_core.shell:Creating package script '/home/samuel/ros2_humble/workspaces/project1_ws/install/turtlesim/share/turtlesim/package.bash'
[2.689s] INFO:colcon.colcon_core.shell:Creating package script '/home/samuel/ros2_humble/workspaces/project1_ws/install/turtlesim/share/turtlesim/package.zsh'
[2.689s] Level 1:colcon.colcon_core.environment:create_file_with_runtime_dependencies(/home/samuel/ros2_humble/workspaces/project1_ws/install/turtlesim/share/colcon-core/packages/turtlesim)
[3.719s] Level 1:colcon.colcon_core.environment:create_environment_scripts_only(turtlesim)
[3.722s] Level 1:colcon.colcon_core.environment:checking '/home/samuel/ros2_humble/workspaces/project1_ws/install/turtlesim' for CMake module files
[3.723s] Level 1:colcon.colcon_core.environment:checking '/home/samuel/ros2_humble/workspaces/project1_ws/install/turtlesim' for CMake config files
[3.723s] Level 1:colcon.colcon_core.shell:create_environment_hook('turtlesim', 'cmake_prefix_path')
[3.725s] INFO:colcon.colcon_core.shell:Creating environment hook '/home/samuel/ros2_humble/workspaces/project1_ws/install/turtlesim/share/turtlesim/hook/cmake_prefix_path.ps1'
[3.725s] INFO:colcon.colcon_core.shell:Creating environment descriptor '/home/samuel/ros2_humble/workspaces/project1_ws/install/turtlesim/share/turtlesim/hook/cmake_prefix_path.dsv'
[3.725s] INFO:colcon.colcon_core.shell:Creating environment hook '/home/samuel/ros2_humble/workspaces/project1_ws/install/turtlesim/share/turtlesim/hook/cmake_prefix_path.sh'
[3.726s] Level 1:colcon.colcon_core.environment:checking '/home/samuel/ros2_humble/workspaces/project1_ws/install/turtlesim/lib'
[3.726s] Level 1:colcon.colcon_core.shell:create_environment_hook('turtlesim', 'ld_library_path_lib')
[3.728s] INFO:colcon.colcon_core.shell:Creating environment hook '/home/samuel/ros2_humble/workspaces/project1_ws/install/turtlesim/share/turtlesim/hook/ld_library_path_lib.ps1'
[3.728s] INFO:colcon.colcon_core.shell:Creating environment descriptor '/home/samuel/ros2_humble/workspaces/project1_ws/install/turtlesim/share/turtlesim/hook/ld_library_path_lib.dsv'
[3.728s] INFO:colcon.colcon_core.shell:Creating environment hook '/home/samuel/ros2_humble/workspaces/project1_ws/install/turtlesim/share/turtlesim/hook/ld_library_path_lib.sh'
[3.728s] Level 1:colcon.colcon_core.environment:checking '/home/samuel/ros2_humble/workspaces/project1_ws/install/turtlesim/bin'
[3.728s] Level 1:colcon.colcon_core.environment:checking '/home/samuel/ros2_humble/workspaces/project1_ws/install/turtlesim/lib/pkgconfig/turtlesim.pc'
[3.729s] Level 1:colcon.colcon_core.environment:checking '/home/samuel/ros2_humble/workspaces/project1_ws/install/turtlesim/lib/python3.10/site-packages'
[3.729s] Level 1:colcon.colcon_core.environment:checking '/home/samuel/ros2_humble/workspaces/project1_ws/install/turtlesim/bin'
[3.731s] INFO:colcon.colcon_core.shell:Creating package script '/home/samuel/ros2_humble/workspaces/project1_ws/install/turtlesim/share/turtlesim/package.ps1'
[3.731s] INFO:colcon.colcon_core.shell:Creating package descriptor '/home/samuel/ros2_humble/workspaces/project1_ws/install/turtlesim/share/turtlesim/package.dsv'
[3.731s] INFO:colcon.colcon_core.shell:Creating package script '/home/samuel/ros2_humble/workspaces/project1_ws/install/turtlesim/share/turtlesim/package.sh'
[3.732s] INFO:colcon.colcon_core.shell:Creating package script '/home/samuel/ros2_humble/workspaces/project1_ws/install/turtlesim/share/turtlesim/package.bash'
[3.732s] INFO:colcon.colcon_core.shell:Creating package script '/home/samuel/ros2_humble/workspaces/project1_ws/install/turtlesim/share/turtlesim/package.zsh'
[3.732s] Level 1:colcon.colcon_core.environment:create_file_with_runtime_dependencies(/home/samuel/ros2_humble/workspaces/project1_ws/install/turtlesim/share/colcon-core/packages/turtlesim)
[3.732s] INFO:colcon.colcon_ros.task.ament_python.build:Building ROS package in '/home/samuel/ros2_humble/workspaces/project1_ws/src/project1_pubsub' with build type 'ament_python'
[3.733s] Level 1:colcon.colcon_core.shell:create_environment_hook('project1_pubsub', 'ament_prefix_path')
[3.734s] INFO:colcon.colcon_core.shell:Creating environment hook '/home/samuel/ros2_humble/workspaces/project1_ws/install/project1_pubsub/share/project1_pubsub/hook/ament_prefix_path.ps1'
[3.735s] INFO:colcon.colcon_core.shell:Creating environment descriptor '/home/samuel/ros2_humble/workspaces/project1_ws/install/project1_pubsub/share/project1_pubsub/hook/ament_prefix_path.dsv'
[3.735s] INFO:colcon.colcon_core.shell:Creating environment hook '/home/samuel/ros2_humble/workspaces/project1_ws/install/project1_pubsub/share/project1_pubsub/hook/ament_prefix_path.sh'
[3.737s] INFO:colcon.colcon_core.shell:Skip shell extension 'powershell' for command environment: Not usable outside of PowerShell
[3.737s] DEBUG:colcon.colcon_core.shell:Skip shell extension 'dsv' for command environment
[4.217s] INFO:colcon.colcon_core.task.python.build:Building Python package in '/home/samuel/ros2_humble/workspaces/project1_ws/src/project1_pubsub'
[4.219s] INFO:colcon.colcon_core.shell:Skip shell extension 'powershell' for command environment: Not usable outside of PowerShell
[4.219s] DEBUG:colcon.colcon_core.shell:Skip shell extension 'dsv' for command environment
[4.809s] DEBUG:colcon.colcon_core.event_handler.log_command:Invoking command in '/home/samuel/ros2_humble/workspaces/project1_ws/src/project1_pubsub': PYTHONPATH=/home/samuel/ros2_humble/workspaces/project1_ws/build/project1_pubsub/prefix_override:/home/samuel/ros2_humble/workspaces/project1_ws/install/project1_pubsub/lib/python3.10/site-packages:${PYTHONPATH} /usr/bin/python3 setup.py egg_info --egg-base ../../build/project1_pubsub build --build-base /home/samuel/ros2_humble/workspaces/project1_ws/build/project1_pubsub/build install --record /home/samuel/ros2_humble/workspaces/project1_ws/build/project1_pubsub/install.log --single-version-externally-managed
[5.289s] Level 1:colcon.colcon_core.environment:checking '/home/samuel/ros2_humble/workspaces/project1_ws/install/project1_pubsub' for CMake module files
[5.289s] DEBUG:colcon.colcon_core.event_handler.log_command:Invoked command in '/home/samuel/ros2_humble/workspaces/project1_ws/src/project1_pubsub' returned '0': PYTHONPATH=/home/samuel/ros2_humble/workspaces/project1_ws/build/project1_pubsub/prefix_override:/home/samuel/ros2_humble/workspaces/project1_ws/install/project1_pubsub/lib/python3.10/site-packages:${PYTHONPATH} /usr/bin/python3 setup.py egg_info --egg-base ../../build/project1_pubsub build --build-base /home/samuel/ros2_humble/workspaces/project1_ws/build/project1_pubsub/build install --record /home/samuel/ros2_humble/workspaces/project1_ws/build/project1_pubsub/install.log --single-version-externally-managed
[5.290s] Level 1:colcon.colcon_core.environment:checking '/home/samuel/ros2_humble/workspaces/project1_ws/install/project1_pubsub' for CMake config files
[5.291s] Level 1:colcon.colcon_core.environment:checking '/home/samuel/ros2_humble/workspaces/project1_ws/install/project1_pubsub/lib'
[5.291s] Level 1:colcon.colcon_core.environment:checking '/home/samuel/ros2_humble/workspaces/project1_ws/install/project1_pubsub/bin'
[5.291s] Level 1:colcon.colcon_core.environment:checking '/home/samuel/ros2_humble/workspaces/project1_ws/install/project1_pubsub/lib/pkgconfig/project1_pubsub.pc'
[5.291s] Level 1:colcon.colcon_core.environment:checking '/home/samuel/ros2_humble/workspaces/project1_ws/install/project1_pubsub/lib/python3.10/site-packages'
[5.291s] Level 1:colcon.colcon_core.shell:create_environment_hook('project1_pubsub', 'pythonpath')
[5.294s] INFO:colcon.colcon_core.shell:Creating environment hook '/home/samuel/ros2_humble/workspaces/project1_ws/install/project1_pubsub/share/project1_pubsub/hook/pythonpath.ps1'
[5.295s] INFO:colcon.colcon_core.shell:Creating environment descriptor '/home/samuel/ros2_humble/workspaces/project1_ws/install/project1_pubsub/share/project1_pubsub/hook/pythonpath.dsv'
[5.295s] INFO:colcon.colcon_core.shell:Creating environment hook '/home/samuel/ros2_humble/workspaces/project1_ws/install/project1_pubsub/share/project1_pubsub/hook/pythonpath.sh'
[5.296s] Level 1:colcon.colcon_core.environment:checking '/home/samuel/ros2_humble/workspaces/project1_ws/install/project1_pubsub/bin'
[5.296s] Level 1:colcon.colcon_core.environment:create_environment_scripts_only(project1_pubsub)
[5.299s] INFO:colcon.colcon_core.shell:Creating package script '/home/samuel/ros2_humble/workspaces/project1_ws/install/project1_pubsub/share/project1_pubsub/package.ps1'
[5.299s] INFO:colcon.colcon_core.shell:Creating package descriptor '/home/samuel/ros2_humble/workspaces/project1_ws/install/project1_pubsub/share/project1_pubsub/package.dsv'
[5.300s] INFO:colcon.colcon_core.shell:Creating package script '/home/samuel/ros2_humble/workspaces/project1_ws/install/project1_pubsub/share/project1_pubsub/package.sh'
[5.300s] INFO:colcon.colcon_core.shell:Creating package script '/home/samuel/ros2_humble/workspaces/project1_ws/install/project1_pubsub/share/project1_pubsub/package.bash'
[5.300s] INFO:colcon.colcon_core.shell:Creating package script '/home/samuel/ros2_humble/workspaces/project1_ws/install/project1_pubsub/share/project1_pubsub/package.zsh'
[5.300s] Level 1:colcon.colcon_core.environment:create_file_with_runtime_dependencies(/home/samuel/ros2_humble/workspaces/project1_ws/install/project1_pubsub/share/colcon-core/packages/project1_pubsub)
[5.301s] DEBUG:colcon.colcon_parallel_executor.executor.parallel:closing loop
[5.301s] DEBUG:colcon.colcon_parallel_executor.executor.parallel:loop closed
[5.301s] DEBUG:colcon.colcon_parallel_executor.executor.parallel:run_until_complete finished with '0'
[5.301s] DEBUG:colcon.colcon_core.event_reactor:joining thread
[5.312s] INFO:colcon.colcon_core.plugin_system:Skipping extension 'colcon_notification.desktop_notification.terminal_notifier': Not used on non-Darwin systems
[5.312s] INFO:colcon.colcon_core.plugin_system:Skipping extension 'colcon_notification.desktop_notification.win32': Not used on non-Windows systems
[5.312s] INFO:colcon.colcon_notification.desktop_notification:Sending desktop notification using 'notify2'
[5.322s] DEBUG:colcon.colcon_core.event_reactor:joined thread
[5.324s] INFO:colcon.colcon_core.shell:Creating prefix script '/home/samuel/ros2_humble/workspaces/project1_ws/install/local_setup.ps1'
[5.325s] INFO:colcon.colcon_core.shell:Creating prefix util module '/home/samuel/ros2_humble/workspaces/project1_ws/install/_local_setup_util_ps1.py'
[5.326s] INFO:colcon.colcon_core.shell:Creating prefix chain script '/home/samuel/ros2_humble/workspaces/project1_ws/install/setup.ps1'
[5.340s] INFO:colcon.colcon_core.shell:Creating prefix script '/home/samuel/ros2_humble/workspaces/project1_ws/install/local_setup.sh'
[5.340s] INFO:colcon.colcon_core.shell:Creating prefix util module '/home/samuel/ros2_humble/workspaces/project1_ws/install/_local_setup_util_sh.py'
[5.340s] INFO:colcon.colcon_core.shell:Creating prefix chain script '/home/samuel/ros2_humble/workspaces/project1_ws/install/setup.sh'
[5.353s] INFO:colcon.colcon_core.shell:Creating prefix script '/home/samuel/ros2_humble/workspaces/project1_ws/install/local_setup.bash'
[5.354s] INFO:colcon.colcon_core.shell:Creating prefix chain script '/home/samuel/ros2_humble/workspaces/project1_ws/install/setup.bash'
[5.367s] INFO:colcon.colcon_core.shell:Creating prefix script '/home/samuel/ros2_humble/workspaces/project1_ws/install/local_setup.zsh'
[5.367s] INFO:colcon.colcon_core.shell:Creating prefix chain script '/home/samuel/ros2_humble/workspaces/project1_ws/install/setup.zsh'
