[1.254s] Invoking command in '/home/samuel/ros2_humble/workspaces/project2_ws/src/project2_tam': PYTHONPATH=/home/samuel/ros2_humble/workspaces/project2_ws/src/project2_tam/build/project2_tam/prefix_override:/home/samuel/ros2_humble/workspaces/project2_ws/src/project2_tam/install/project2_tam/lib/python3.10/site-packages:${PYTHONPATH} /usr/bin/python3 setup.py egg_info --egg-base build/project2_tam build --build-base /home/samuel/ros2_humble/workspaces/project2_ws/src/project2_tam/build/project2_tam/build install --record /home/samuel/ros2_humble/workspaces/project2_ws/src/project2_tam/build/project2_tam/install.log --single-version-externally-managed
[1.650s] running egg_info
[1.650s] writing build/project2_tam/project2_tam.egg-info/PKG-INFO
[1.651s] writing dependency_links to build/project2_tam/project2_tam.egg-info/dependency_links.txt
[1.651s] writing entry points to build/project2_tam/project2_tam.egg-info/entry_points.txt
[1.651s] writing requirements to build/project2_tam/project2_tam.egg-info/requires.txt
[1.651s] writing top-level names to build/project2_tam/project2_tam.egg-info/top_level.txt
[1.652s] reading manifest file 'build/project2_tam/project2_tam.egg-info/SOURCES.txt'
[1.653s] writing manifest file 'build/project2_tam/project2_tam.egg-info/SOURCES.txt'
[1.653s] running build
[1.653s] running build_py
[1.653s] copying project2_tam/background.py -> /home/samuel/ros2_humble/workspaces/project2_ws/src/project2_tam/build/project2_tam/build/lib/project2_tam
[1.654s] copying project2_tam/tam_logo.py -> /home/samuel/ros2_humble/workspaces/project2_ws/src/project2_tam/build/project2_tam/build/lib/project2_tam
[1.654s] copying project2_tam/project2.py -> /home/samuel/ros2_humble/workspaces/project2_ws/src/project2_tam/build/project2_tam/build/lib/project2_tam
[1.654s] running install
[1.654s] /usr/lib/python3/dist-packages/setuptools/command/install.py:34: SetuptoolsDeprecationWarning: setup.py install is deprecated. Use build and pip and other standards-based tools.
[1.654s]   warnings.warn(
[1.654s] running install_lib
[1.655s] copying /home/samuel/ros2_humble/workspaces/project2_ws/src/project2_tam/build/project2_tam/build/lib/project2_tam/background.py -> /home/samuel/ros2_humble/workspaces/project2_ws/src/project2_tam/install/project2_tam/lib/python3.10/site-packages/project2_tam
[1.655s] copying /home/samuel/ros2_humble/workspaces/project2_ws/src/project2_tam/build/project2_tam/build/lib/project2_tam/tam_logo.py -> /home/samuel/ros2_humble/workspaces/project2_ws/src/project2_tam/install/project2_tam/lib/python3.10/site-packages/project2_tam
[1.655s] copying /home/samuel/ros2_humble/workspaces/project2_ws/src/project2_tam/build/project2_tam/build/lib/project2_tam/project2.py -> /home/samuel/ros2_humble/workspaces/project2_ws/src/project2_tam/install/project2_tam/lib/python3.10/site-packages/project2_tam
[1.657s] byte-compiling /home/samuel/ros2_humble/workspaces/project2_ws/src/project2_tam/install/project2_tam/lib/python3.10/site-packages/project2_tam/background.py to background.cpython-310.pyc
[1.657s] byte-compiling /home/samuel/ros2_humble/workspaces/project2_ws/src/project2_tam/install/project2_tam/lib/python3.10/site-packages/project2_tam/tam_logo.py to tam_logo.cpython-310.pyc
[1.658s] byte-compiling /home/samuel/ros2_humble/workspaces/project2_ws/src/project2_tam/install/project2_tam/lib/python3.10/site-packages/project2_tam/project2.py to project2.cpython-310.pyc
[1.658s] running install_data
[1.659s] running install_egg_info
[1.662s] removing '/home/samuel/ros2_humble/workspaces/project2_ws/src/project2_tam/install/project2_tam/lib/python3.10/site-packages/project2_tam-0.0.0-py3.10.egg-info' (and everything under it)
[1.662s] Copying build/project2_tam/project2_tam.egg-info to /home/samuel/ros2_humble/workspaces/project2_ws/src/project2_tam/install/project2_tam/lib/python3.10/site-packages/project2_tam-0.0.0-py3.10.egg-info
[1.663s] running install_scripts
[1.696s] Installing background script to /home/samuel/ros2_humble/workspaces/project2_ws/src/project2_tam/install/project2_tam/lib/project2_tam
[1.696s] writing list of installed files to '/home/samuel/ros2_humble/workspaces/project2_ws/src/project2_tam/build/project2_tam/install.log'
[1.714s] Invoked command in '/home/samuel/ros2_humble/workspaces/project2_ws/src/project2_tam' returned '0': PYTHONPATH=/home/samuel/ros2_humble/workspaces/project2_ws/src/project2_tam/build/project2_tam/prefix_override:/home/samuel/ros2_humble/workspaces/project2_ws/src/project2_tam/install/project2_tam/lib/python3.10/site-packages:${PYTHONPATH} /usr/bin/python3 setup.py egg_info --egg-base build/project2_tam build --build-base /home/samuel/ros2_humble/workspaces/project2_ws/src/project2_tam/build/project2_tam/build install --record /home/samuel/ros2_humble/workspaces/project2_ws/src/project2_tam/build/project2_tam/install.log --single-version-externally-managed
