[0.815s] DEBUG:colcon:Command line arguments: ['/usr/bin/colcon', 'build']
[0.815s] DEBUG:colcon:Parsed command line arguments: Namespace(log_base=None, log_level=None, verb_name='build', build_base='build', install_base='install', merge_install=False, symlink_install=False, test_result_base=None, continue_on_error=False, executor='parallel', parallel_workers=8, event_handlers=None, ignore_user_meta=False, metas=['./colcon.meta'], base_paths=['.'], packages_ignore=None, packages_ignore_regex=None, paths=None, packages_up_to=None, packages_up_to_regex=None, packages_above=None, packages_above_and_dependencies=None, packages_above_depth=None, packages_select_by_dep=None, packages_skip_by_dep=None, packages_skip_up_to=None, packages_select_build_failed=False, packages_skip_build_finished=False, packages_select_test_failures=False, packages_skip_test_passed=False, packages_select=None, packages_skip=None, packages_select_regex=None, packages_skip_regex=None, packages_start=None, packages_end=None, allow_overriding=[], cmake_args=None, cmake_target=None, cmake_target_skip_unavailable=False, cmake_clean_cache=False, cmake_clean_first=False, cmake_force_configure=False, ament_cmake_args=None, catkin_cmake_args=None, catkin_skip_building_tests=False, verb_parser=<colcon_defaults.argument_parser.defaults.DefaultArgumentsDecorator object at 0x7fea6d8cd960>, verb_extension=<colcon_core.verb.build.BuildVerb object at 0x7fea6e249c60>, main=<bound method BuildVerb.main of <colcon_core.verb.build.BuildVerb object at 0x7fea6e249c60>>)
[0.897s] Level 1:colcon.colcon_core.package_discovery:discover_packages(colcon_meta) check parameters
[0.897s] Level 1:colcon.colcon_core.package_discovery:discover_packages(recursive) check parameters
[0.897s] Level 1:colcon.colcon_core.package_discovery:discover_packages(ignore) check parameters
[0.897s] Level 1:colcon.colcon_core.package_discovery:discover_packages(path) check parameters
[0.897s] Level 1:colcon.colcon_core.package_discovery:discover_packages(colcon_meta) discover
[0.897s] Level 1:colcon.colcon_core.package_discovery:discover_packages(recursive) discover
[0.897s] INFO:colcon.colcon_core.package_discovery:Crawling recursively for packages in '/home/samuel/ros2_humble/workspaces/project1_ws'
[0.898s] Level 1:colcon.colcon_core.package_identification:_identify(.) by extensions ['ignore', 'ignore_ament_install']
[0.898s] Level 1:colcon.colcon_core.package_identification:_identify(.) by extension 'ignore'
[0.898s] Level 1:colcon.colcon_core.package_identification:_identify(.) by extension 'ignore_ament_install'
[0.898s] Level 1:colcon.colcon_core.package_identification:_identify(.) by extensions ['colcon_pkg']
[0.898s] Level 1:colcon.colcon_core.package_identification:_identify(.) by extension 'colcon_pkg'
[0.898s] Level 1:colcon.colcon_core.package_identification:_identify(.) by extensions ['colcon_meta']
[0.898s] Level 1:colcon.colcon_core.package_identification:_identify(.) by extension 'colcon_meta'
[0.898s] Level 1:colcon.colcon_core.package_identification:_identify(.) by extensions ['ros']
[0.898s] Level 1:colcon.colcon_core.package_identification:_identify(.) by extension 'ros'
[0.917s] Level 1:colcon.colcon_core.package_identification:_identify(.) by extensions ['cmake', 'python']
[0.917s] Level 1:colcon.colcon_core.package_identification:_identify(.) by extension 'cmake'
[0.917s] Level 1:colcon.colcon_core.package_identification:_identify(.) by extension 'python'
[0.917s] Level 1:colcon.colcon_core.package_identification:_identify(.) by extensions ['python_setup_py']
[0.917s] Level 1:colcon.colcon_core.package_identification:_identify(.) by extension 'python_setup_py'
[0.917s] Level 1:colcon.colcon_core.package_identification:_identify(build) by extensions ['ignore', 'ignore_ament_install']
[0.917s] Level 1:colcon.colcon_core.package_identification:_identify(build) by extension 'ignore'
[0.917s] Level 1:colcon.colcon_core.package_identification:_identify(build) ignored
[0.918s] Level 1:colcon.colcon_core.package_identification:_identify(install) by extensions ['ignore', 'ignore_ament_install']
[0.918s] Level 1:colcon.colcon_core.package_identification:_identify(install) by extension 'ignore'
[0.918s] Level 1:colcon.colcon_core.package_identification:_identify(install) ignored
[0.918s] Level 1:colcon.colcon_core.package_identification:_identify(log) by extensions ['ignore', 'ignore_ament_install']
[0.918s] Level 1:colcon.colcon_core.package_identification:_identify(log) by extension 'ignore'
[0.918s] Level 1:colcon.colcon_core.package_identification:_identify(log) ignored
[0.918s] Level 1:colcon.colcon_core.package_identification:_identify(src) by extensions ['ignore', 'ignore_ament_install']
[0.918s] Level 1:colcon.colcon_core.package_identification:_identify(src) by extension 'ignore'
[0.918s] Level 1:colcon.colcon_core.package_identification:_identify(src) by extension 'ignore_ament_install'
[0.918s] Level 1:colcon.colcon_core.package_identification:_identify(src) by extensions ['colcon_pkg']
[0.918s] Level 1:colcon.colcon_core.package_identification:_identify(src) by extension 'colcon_pkg'
[0.919s] Level 1:colcon.colcon_core.package_identification:_identify(src) by extensions ['colcon_meta']
[0.919s] Level 1:colcon.colcon_core.package_identification:_identify(src) by extension 'colcon_meta'
[0.919s] Level 1:colcon.colcon_core.package_identification:_identify(src) by extensions ['ros']
[0.919s] Level 1:colcon.colcon_core.package_identification:_identify(src) by extension 'ros'
[0.919s] Level 1:colcon.colcon_core.package_identification:_identify(src) by extensions ['cmake', 'python']
[0.919s] Level 1:colcon.colcon_core.package_identification:_identify(src) by extension 'cmake'
[0.919s] Level 1:colcon.colcon_core.package_identification:_identify(src) by extension 'python'
[0.919s] Level 1:colcon.colcon_core.package_identification:_identify(src) by extensions ['python_setup_py']
[0.919s] Level 1:colcon.colcon_core.package_identification:_identify(src) by extension 'python_setup_py'
[0.919s] Level 1:colcon.colcon_core.package_identification:_identify(src/project1_pubsub) by extensions ['ignore', 'ignore_ament_install']
[0.919s] Level 1:colcon.colcon_core.package_identification:_identify(src/project1_pubsub) by extension 'ignore'
[0.919s] Level 1:colcon.colcon_core.package_identification:_identify(src/project1_pubsub) by extension 'ignore_ament_install'
[0.919s] Level 1:colcon.colcon_core.package_identification:_identify(src/project1_pubsub) by extensions ['colcon_pkg']
[0.920s] Level 1:colcon.colcon_core.package_identification:_identify(src/project1_pubsub) by extension 'colcon_pkg'
[0.920s] Level 1:colcon.colcon_core.package_identification:_identify(src/project1_pubsub) by extensions ['colcon_meta']
[0.920s] Level 1:colcon.colcon_core.package_identification:_identify(src/project1_pubsub) by extension 'colcon_meta'
[0.920s] Level 1:colcon.colcon_core.package_identification:_identify(src/project1_pubsub) by extensions ['ros']
[0.920s] Level 1:colcon.colcon_core.package_identification:_identify(src/project1_pubsub) by extension 'ros'
[0.923s] DEBUG:colcon.colcon_core.package_identification:Package 'src/project1_pubsub' with type 'ros.ament_python' and name 'project1_pubsub'
[0.923s] Level 1:colcon.colcon_core.package_identification:_identify(src/ros_tutorials) by extensions ['ignore', 'ignore_ament_install']
[0.924s] Level 1:colcon.colcon_core.package_identification:_identify(src/ros_tutorials) by extension 'ignore'
[0.924s] Level 1:colcon.colcon_core.package_identification:_identify(src/ros_tutorials) by extension 'ignore_ament_install'
[0.924s] Level 1:colcon.colcon_core.package_identification:_identify(src/ros_tutorials) by extensions ['colcon_pkg']
[0.924s] Level 1:colcon.colcon_core.package_identification:_identify(src/ros_tutorials) by extension 'colcon_pkg'
[0.924s] Level 1:colcon.colcon_core.package_identification:_identify(src/ros_tutorials) by extensions ['colcon_meta']
[0.924s] Level 1:colcon.colcon_core.package_identification:_identify(src/ros_tutorials) by extension 'colcon_meta'
[0.924s] Level 1:colcon.colcon_core.package_identification:_identify(src/ros_tutorials) by extensions ['ros']
[0.924s] Level 1:colcon.colcon_core.package_identification:_identify(src/ros_tutorials) by extension 'ros'
[0.924s] Level 1:colcon.colcon_core.package_identification:_identify(src/ros_tutorials) by extensions ['cmake', 'python']
[0.924s] Level 1:colcon.colcon_core.package_identification:_identify(src/ros_tutorials) by extension 'cmake'
[0.924s] Level 1:colcon.colcon_core.package_identification:_identify(src/ros_tutorials) by extension 'python'
[0.924s] Level 1:colcon.colcon_core.package_identification:_identify(src/ros_tutorials) by extensions ['python_setup_py']
[0.924s] Level 1:colcon.colcon_core.package_identification:_identify(src/ros_tutorials) by extension 'python_setup_py'
[0.925s] Level 1:colcon.colcon_core.package_identification:_identify(src/ros_tutorials/ros_tutorials) by extensions ['ignore', 'ignore_ament_install']
[0.925s] Level 1:colcon.colcon_core.package_identification:_identify(src/ros_tutorials/ros_tutorials) by extension 'ignore'
[0.925s] Level 1:colcon.colcon_core.package_identification:_identify(src/ros_tutorials/ros_tutorials) ignored
[0.925s] Level 1:colcon.colcon_core.package_identification:_identify(src/ros_tutorials/roscpp_tutorials) by extensions ['ignore', 'ignore_ament_install']
[0.925s] Level 1:colcon.colcon_core.package_identification:_identify(src/ros_tutorials/roscpp_tutorials) by extension 'ignore'
[0.925s] Level 1:colcon.colcon_core.package_identification:_identify(src/ros_tutorials/roscpp_tutorials) ignored
[0.926s] Level 1:colcon.colcon_core.package_identification:_identify(src/ros_tutorials/rospy_tutorials) by extensions ['ignore', 'ignore_ament_install']
[0.926s] Level 1:colcon.colcon_core.package_identification:_identify(src/ros_tutorials/rospy_tutorials) by extension 'ignore'
[0.926s] Level 1:colcon.colcon_core.package_identification:_identify(src/ros_tutorials/rospy_tutorials) ignored
[0.926s] Level 1:colcon.colcon_core.package_identification:_identify(src/ros_tutorials/turtlesim) by extensions ['ignore', 'ignore_ament_install']
[0.926s] Level 1:colcon.colcon_core.package_identification:_identify(src/ros_tutorials/turtlesim) by extension 'ignore'
[0.926s] Level 1:colcon.colcon_core.package_identification:_identify(src/ros_tutorials/turtlesim) by extension 'ignore_ament_install'
[0.926s] Level 1:colcon.colcon_core.package_identification:_identify(src/ros_tutorials/turtlesim) by extensions ['colcon_pkg']
[0.926s] Level 1:colcon.colcon_core.package_identification:_identify(src/ros_tutorials/turtlesim) by extension 'colcon_pkg'
[0.926s] Level 1:colcon.colcon_core.package_identification:_identify(src/ros_tutorials/turtlesim) by extensions ['colcon_meta']
[0.926s] Level 1:colcon.colcon_core.package_identification:_identify(src/ros_tutorials/turtlesim) by extension 'colcon_meta'
[0.926s] Level 1:colcon.colcon_core.package_identification:_identify(src/ros_tutorials/turtlesim) by extensions ['ros']
[0.926s] Level 1:colcon.colcon_core.package_identification:_identify(src/ros_tutorials/turtlesim) by extension 'ros'
[0.928s] DEBUG:colcon.colcon_core.package_identification:Package 'src/ros_tutorials/turtlesim' with type 'ros.ament_cmake' and name 'turtlesim'
[0.929s] Level 1:colcon.colcon_core.package_discovery:discover_packages(recursive) using defaults
[0.929s] Level 1:colcon.colcon_core.package_discovery:discover_packages(ignore) discover
[0.929s] Level 1:colcon.colcon_core.package_discovery:discover_packages(ignore) using defaults
[0.929s] Level 1:colcon.colcon_core.package_discovery:discover_packages(path) discover
[0.929s] Level 1:colcon.colcon_core.package_discovery:discover_packages(path) using defaults
[1.014s] Level 1:colcon.colcon_core.package_discovery:discover_packages(prefix_path) check parameters
[1.014s] Level 1:colcon.colcon_core.package_discovery:discover_packages(prefix_path) discover
[1.049s] DEBUG:colcon.colcon_installed_package_information.package_discovery:Found 344 installed packages in /home/samuel/ros2_humble/install
[1.054s] Level 1:colcon.colcon_core.package_discovery:discover_packages(prefix_path) using defaults
[1.193s] Level 5:colcon.colcon_core.verb:set package 'turtlesim' build argument 'cmake_args' from command line to 'None'
[1.193s] Level 5:colcon.colcon_core.verb:set package 'turtlesim' build argument 'cmake_target' from command line to 'None'
[1.193s] Level 5:colcon.colcon_core.verb:set package 'turtlesim' build argument 'cmake_target_skip_unavailable' from command line to 'False'
[1.193s] Level 5:colcon.colcon_core.verb:set package 'turtlesim' build argument 'cmake_clean_cache' from command line to 'False'
[1.193s] Level 5:colcon.colcon_core.verb:set package 'turtlesim' build argument 'cmake_clean_first' from command line to 'False'
[1.193s] Level 5:colcon.colcon_core.verb:set package 'turtlesim' build argument 'cmake_force_configure' from command line to 'False'
[1.193s] Level 5:colcon.colcon_core.verb:set package 'turtlesim' build argument 'ament_cmake_args' from command line to 'None'
[1.193s] Level 5:colcon.colcon_core.verb:set package 'turtlesim' build argument 'catkin_cmake_args' from command line to 'None'
[1.193s] Level 5:colcon.colcon_core.verb:set package 'turtlesim' build argument 'catkin_skip_building_tests' from command line to 'False'
[1.193s] DEBUG:colcon.colcon_core.verb:Building package 'turtlesim' with the following arguments: {'ament_cmake_args': None, 'build_base': '/home/samuel/ros2_humble/workspaces/project1_ws/build/turtlesim', 'catkin_cmake_args': None, 'catkin_skip_building_tests': False, 'cmake_args': None, 'cmake_clean_cache': False, 'cmake_clean_first': False, 'cmake_force_configure': False, 'cmake_target': None, 'cmake_target_skip_unavailable': False, 'install_base': '/home/samuel/ros2_humble/workspaces/project1_ws/install/turtlesim', 'merge_install': False, 'path': '/home/samuel/ros2_humble/workspaces/project1_ws/src/ros_tutorials/turtlesim', 'symlink_install': False, 'test_result_base': None}
[1.196s] Level 5:colcon.colcon_core.verb:set package 'project1_pubsub' build argument 'cmake_args' from command line to 'None'
[1.196s] Level 5:colcon.colcon_core.verb:set package 'project1_pubsub' build argument 'cmake_target' from command line to 'None'
[1.196s] Level 5:colcon.colcon_core.verb:set package 'project1_pubsub' build argument 'cmake_target_skip_unavailable' from command line to 'False'
[1.196s] Level 5:colcon.colcon_core.verb:set package 'project1_pubsub' build argument 'cmake_clean_cache' from command line to 'False'
[1.196s] Level 5:colcon.colcon_core.verb:set package 'project1_pubsub' build argument 'cmake_clean_first' from command line to 'False'
[1.196s] Level 5:colcon.colcon_core.verb:set package 'project1_pubsub' build argument 'cmake_force_configure' from command line to 'False'
[1.196s] Level 5:colcon.colcon_core.verb:set package 'project1_pubsub' build argument 'ament_cmake_args' from command line to 'None'
[1.196s] Level 5:colcon.colcon_core.verb:set package 'project1_pubsub' build argument 'catkin_cmake_args' from command line to 'None'
[1.196s] Level 5:colcon.colcon_core.verb:set package 'project1_pubsub' build argument 'catkin_skip_building_tests' from command line to 'False'
[1.196s] DEBUG:colcon.colcon_core.verb:Building package 'project1_pubsub' with the following arguments: {'ament_cmake_args': None, 'build_base': '/home/samuel/ros2_humble/workspaces/project1_ws/build/project1_pubsub', 'catkin_cmake_args': None, 'catkin_skip_building_tests': False, 'cmake_args': None, 'cmake_clean_cache': False, 'cmake_clean_first': False, 'cmake_force_configure': False, 'cmake_target': None, 'cmake_target_skip_unavailable': False, 'install_base': '/home/samuel/ros2_humble/workspaces/project1_ws/install/project1_pubsub', 'merge_install': False, 'path': '/home/samuel/ros2_humble/workspaces/project1_ws/src/project1_pubsub', 'symlink_install': False, 'test_result_base': None}
[1.198s] INFO:colcon.colcon_core.executor:Executing jobs using 'parallel' executor
[1.209s] DEBUG:colcon.colcon_parallel_executor.executor.parallel:run_until_complete
[1.209s] INFO:colcon.colcon_ros.task.ament_cmake.build:Building ROS package in '/home/samuel/ros2_humble/workspaces/project1_ws/src/ros_tutorials/turtlesim' with build type 'ament_cmake'
[1.209s] INFO:colcon.colcon_cmake.task.cmake.build:Building CMake package in '/home/samuel/ros2_humble/workspaces/project1_ws/src/ros_tutorials/turtlesim'
[1.227s] INFO:colcon.colcon_core.plugin_system:Skipping extension 'colcon_core.shell.bat': Not used on non-Windows systems
[1.227s] INFO:colcon.colcon_core.shell:Skip shell extension 'powershell' for command environment: Not usable outside of PowerShell
[1.227s] DEBUG:colcon.colcon_core.shell:Skip shell extension 'dsv' for command environment
[1.277s] DEBUG:colcon.colcon_core.event_handler.log_command:Invoking command in '/home/samuel/ros2_humble/workspaces/project1_ws/build/turtlesim': CMAKE_PREFIX_PATH=${CMAKE_PREFIX_PATH}:/home/samuel/ros2_humble/install/rqt_bag_plugins:/home/samuel/ros2_humble/install/rqt_bag:/home/samuel/ros2_humble/install/ros2bag:/home/samuel/ros2_humble/install/tracetools_test:/home/samuel/ros2_humble/install/tracetools_launch:/home/samuel/ros2_humble/install/topic_monitor:/home/samuel/ros2_humble/install/tf2_tools:/home/samuel/ros2_humble/install/examples_tf2_py:/home/samuel/ros2_humble/install/tf2_ros_py:/home/samuel/ros2_humble/install/sros2:/home/samuel/ros2_humble/install/rqt_topic:/home/samuel/ros2_humble/install/rqt_srv:/home/samuel/ros2_humble/install/rqt_shell:/home/samuel/ros2_humble/install/rqt_service_caller:/home/samuel/ros2_humble/install/rqt_reconfigure:/home/samuel/ros2_humble/install/rqt_py_console:/home/samuel/ros2_humble/install/rqt_publisher:/home/samuel/ros2_humble/install/rqt_plot:/home/samuel/ros2_humble/install/rqt_action:/home/samuel/ros2_humble/install/rqt_msg:/home/samuel/ros2_humble/install/rqt_console:/home/samuel/ros2_humble/install/rqt:/home/samuel/ros2_humble/install/rqt_graph:/home/samuel/ros2_humble/install/rqt_gui_py:/home/samuel/ros2_humble/install/rqt_gui:/home/samuel/ros2_humble/install/ros2trace:/home/samuel/ros2_humble/install/ros2topic:/home/samuel/ros2_humble/install/ros2test:/home/samuel/ros2_humble/install/ros2component:/home/samuel/ros2_humble/install/ros2param:/home/samuel/ros2_humble/install/ros2lifecycle:/home/samuel/ros2_humble/install/ros2service:/home/samuel/ros2_humble/install/ros2run:/home/samuel/ros2_humble/install/ros2launch:/home/samuel/ros2_humble/install/ros2pkg:/home/samuel/ros2_humble/install/ros2node:/home/samuel/ros2_humble/install/ros2multicast:/home/samuel/ros2_humble/install/ros2interface:/home/samuel/ros2_humble/install/ros2doctor:/home/samuel/ros2_humble/install/ros2action:/home/samuel/ros2_humble/install/ros2cli:/home/samuel/ros2_humble/install/quality_of_service_demo_py:/home/samuel/ros2_humble/install/lifecycle_py:/home/samuel/ros2_humble/install/launch_testing_ros:/home/samuel/ros2_humble/install/launch_ros:/home/samuel/ros2_humble/install/examples_rclpy_pointcloud_publisher:/home/samuel/ros2_humble/install/examples_rclpy_minimal_subscriber:/home/samuel/ros2_humble/install/examples_rclpy_minimal_service:/home/samuel/ros2_humble/install/examples_rclpy_minimal_publisher:/home/samuel/ros2_humble/install/examples_rclpy_minimal_client:/home/samuel/ros2_humble/install/examples_rclpy_minimal_action_server:/home/samuel/ros2_humble/install/examples_rclpy_minimal_action_client:/home/samuel/ros2_humble/install/examples_rclpy_guard_conditions:/home/samuel/ros2_humble/install/examples_rclpy_executors:/home/samuel/ros2_humble/install/demo_nodes_py:/home/samuel/ros2_humble/install/action_tutorials_py:/home/samuel/ros2_humble/install/ament_uncrustify:/home/samuel/ros2_humble/install/tracetools_trace:/home/samuel/ros2_humble/install/tracetools_read:/home/samuel/ros2_humble/install/test_tracetools_launch:/home/samuel/ros2_humble/install/test_launch_ros:/home/samuel/ros2_humble/install/sensor_msgs_py:/home/samuel/ros2_humble/install/rpyutils:/home/samuel/ros2_humble/install/rosidl_runtime_py:/home/samuel/ros2_humble/install/rosidl_cli:/home/samuel/ros2_humble/install/launch_pytest:/home/samuel/ros2_humble/install/launch_testing:/home/samuel/ros2_humble/install/launch_yaml:/home/samuel/ros2_humble/install/launch_xml:/home/samuel/ros2_humble/install/launch:/home/samuel/ros2_humble/install/osrf_pycommon:/home/samuel/ros2_humble/install/launch_testing_examples:/home/samuel/ros2_humble/install/domain_coordinator:/home/samuel/ros2_humble/install/ament_xmllint:/home/samuel/ros2_humble/install/ament_pyflakes:/home/samuel/ros2_humble/install/ament_pycodestyle:/home/samuel/ros2_humble/install/ament_pep257:/home/samuel/ros2_humble/install/ament_pclint:/home/samuel/ros2_humble/install/ament_package:/home/samuel/ros2_humble/install/ament_mypy:/home/samuel/ros2_humble/install/ament_lint_cmake:/home/samuel/ros2_humble/install/ament_flake8:/home/samuel/ros2_humble/install/ament_copyright:/home/samuel/ros2_humble/install/ament_lint:/home/samuel/ros2_humble/install/ament_index_python:/home/samuel/ros2_humble/install/ament_cpplint:/home/samuel/ros2_humble/install/ament_cppcheck:/home/samuel/ros2_humble/install/ament_clang_tidy:/home/samuel/ros2_humble/install/ament_clang_format /usr/bin/cmake --build /home/samuel/ros2_humble/workspaces/project1_ws/build/turtlesim -- -j8 -l8
[2.124s] DEBUG:colcon.colcon_core.event_handler.log_command:Invoked command in '/home/samuel/ros2_humble/workspaces/project1_ws/build/turtlesim' returned '0': CMAKE_PREFIX_PATH=${CMAKE_PREFIX_PATH}:/home/samuel/ros2_humble/install/rqt_bag_plugins:/home/samuel/ros2_humble/install/rqt_bag:/home/samuel/ros2_humble/install/ros2bag:/home/samuel/ros2_humble/install/tracetools_test:/home/samuel/ros2_humble/install/tracetools_launch:/home/samuel/ros2_humble/install/topic_monitor:/home/samuel/ros2_humble/install/tf2_tools:/home/samuel/ros2_humble/install/examples_tf2_py:/home/samuel/ros2_humble/install/tf2_ros_py:/home/samuel/ros2_humble/install/sros2:/home/samuel/ros2_humble/install/rqt_topic:/home/samuel/ros2_humble/install/rqt_srv:/home/samuel/ros2_humble/install/rqt_shell:/home/samuel/ros2_humble/install/rqt_service_caller:/home/samuel/ros2_humble/install/rqt_reconfigure:/home/samuel/ros2_humble/install/rqt_py_console:/home/samuel/ros2_humble/install/rqt_publisher:/home/samuel/ros2_humble/install/rqt_plot:/home/samuel/ros2_humble/install/rqt_action:/home/samuel/ros2_humble/install/rqt_msg:/home/samuel/ros2_humble/install/rqt_console:/home/samuel/ros2_humble/install/rqt:/home/samuel/ros2_humble/install/rqt_graph:/home/samuel/ros2_humble/install/rqt_gui_py:/home/samuel/ros2_humble/install/rqt_gui:/home/samuel/ros2_humble/install/ros2trace:/home/samuel/ros2_humble/install/ros2topic:/home/samuel/ros2_humble/install/ros2test:/home/samuel/ros2_humble/install/ros2component:/home/samuel/ros2_humble/install/ros2param:/home/samuel/ros2_humble/install/ros2lifecycle:/home/samuel/ros2_humble/install/ros2service:/home/samuel/ros2_humble/install/ros2run:/home/samuel/ros2_humble/install/ros2launch:/home/samuel/ros2_humble/install/ros2pkg:/home/samuel/ros2_humble/install/ros2node:/home/samuel/ros2_humble/install/ros2multicast:/home/samuel/ros2_humble/install/ros2interface:/home/samuel/ros2_humble/install/ros2doctor:/home/samuel/ros2_humble/install/ros2action:/home/samuel/ros2_humble/install/ros2cli:/home/samuel/ros2_humble/install/quality_of_service_demo_py:/home/samuel/ros2_humble/install/lifecycle_py:/home/samuel/ros2_humble/install/launch_testing_ros:/home/samuel/ros2_humble/install/launch_ros:/home/samuel/ros2_humble/install/examples_rclpy_pointcloud_publisher:/home/samuel/ros2_humble/install/examples_rclpy_minimal_subscriber:/home/samuel/ros2_humble/install/examples_rclpy_minimal_service:/home/samuel/ros2_humble/install/examples_rclpy_minimal_publisher:/home/samuel/ros2_humble/install/examples_rclpy_minimal_client:/home/samuel/ros2_humble/install/examples_rclpy_minimal_action_server:/home/samuel/ros2_humble/install/examples_rclpy_minimal_action_client:/home/samuel/ros2_humble/install/examples_rclpy_guard_conditions:/home/samuel/ros2_humble/install/examples_rclpy_executors:/home/samuel/ros2_humble/install/demo_nodes_py:/home/samuel/ros2_humble/install/action_tutorials_py:/home/samuel/ros2_humble/install/ament_uncrustify:/home/samuel/ros2_humble/install/tracetools_trace:/home/samuel/ros2_humble/install/tracetools_read:/home/samuel/ros2_humble/install/test_tracetools_launch:/home/samuel/ros2_humble/install/test_launch_ros:/home/samuel/ros2_humble/install/sensor_msgs_py:/home/samuel/ros2_humble/install/rpyutils:/home/samuel/ros2_humble/install/rosidl_runtime_py:/home/samuel/ros2_humble/install/rosidl_cli:/home/samuel/ros2_humble/install/launch_pytest:/home/samuel/ros2_humble/install/launch_testing:/home/samuel/ros2_humble/install/launch_yaml:/home/samuel/ros2_humble/install/launch_xml:/home/samuel/ros2_humble/install/launch:/home/samuel/ros2_humble/install/osrf_pycommon:/home/samuel/ros2_humble/install/launch_testing_examples:/home/samuel/ros2_humble/install/domain_coordinator:/home/samuel/ros2_humble/install/ament_xmllint:/home/samuel/ros2_humble/install/ament_pyflakes:/home/samuel/ros2_humble/install/ament_pycodestyle:/home/samuel/ros2_humble/install/ament_pep257:/home/samuel/ros2_humble/install/ament_pclint:/home/samuel/ros2_humble/install/ament_package:/home/samuel/ros2_humble/install/ament_mypy:/home/samuel/ros2_humble/install/ament_lint_cmake:/home/samuel/ros2_humble/install/ament_flake8:/home/samuel/ros2_humble/install/ament_copyright:/home/samuel/ros2_humble/install/ament_lint:/home/samuel/ros2_humble/install/ament_index_python:/home/samuel/ros2_humble/install/ament_cpplint:/home/samuel/ros2_humble/install/ament_cppcheck:/home/samuel/ros2_humble/install/ament_clang_tidy:/home/samuel/ros2_humble/install/ament_clang_format /usr/bin/cmake --build /home/samuel/ros2_humble/workspaces/project1_ws/build/turtlesim -- -j8 -l8
[3.128s] DEBUG:colcon.colcon_core.event_handler.log_command:Invoking command in '/home/samuel/ros2_humble/workspaces/project1_ws/build/turtlesim': CMAKE_PREFIX_PATH=${CMAKE_PREFIX_PATH}:/home/samuel/ros2_humble/install/rqt_bag_plugins:/home/samuel/ros2_humble/install/rqt_bag:/home/samuel/ros2_humble/install/ros2bag:/home/samuel/ros2_humble/install/tracetools_test:/home/samuel/ros2_humble/install/tracetools_launch:/home/samuel/ros2_humble/install/topic_monitor:/home/samuel/ros2_humble/install/tf2_tools:/home/samuel/ros2_humble/install/examples_tf2_py:/home/samuel/ros2_humble/install/tf2_ros_py:/home/samuel/ros2_humble/install/sros2:/home/samuel/ros2_humble/install/rqt_topic:/home/samuel/ros2_humble/install/rqt_srv:/home/samuel/ros2_humble/install/rqt_shell:/home/samuel/ros2_humble/install/rqt_service_caller:/home/samuel/ros2_humble/install/rqt_reconfigure:/home/samuel/ros2_humble/install/rqt_py_console:/home/samuel/ros2_humble/install/rqt_publisher:/home/samuel/ros2_humble/install/rqt_plot:/home/samuel/ros2_humble/install/rqt_action:/home/samuel/ros2_humble/install/rqt_msg:/home/samuel/ros2_humble/install/rqt_console:/home/samuel/ros2_humble/install/rqt:/home/samuel/ros2_humble/install/rqt_graph:/home/samuel/ros2_humble/install/rqt_gui_py:/home/samuel/ros2_humble/install/rqt_gui:/home/samuel/ros2_humble/install/ros2trace:/home/samuel/ros2_humble/install/ros2topic:/home/samuel/ros2_humble/install/ros2test:/home/samuel/ros2_humble/install/ros2component:/home/samuel/ros2_humble/install/ros2param:/home/samuel/ros2_humble/install/ros2lifecycle:/home/samuel/ros2_humble/install/ros2service:/home/samuel/ros2_humble/install/ros2run:/home/samuel/ros2_humble/install/ros2launch:/home/samuel/ros2_humble/install/ros2pkg:/home/samuel/ros2_humble/install/ros2node:/home/samuel/ros2_humble/install/ros2multicast:/home/samuel/ros2_humble/install/ros2interface:/home/samuel/ros2_humble/install/ros2doctor:/home/samuel/ros2_humble/install/ros2action:/home/samuel/ros2_humble/install/ros2cli:/home/samuel/ros2_humble/install/quality_of_service_demo_py:/home/samuel/ros2_humble/install/lifecycle_py:/home/samuel/ros2_humble/install/launch_testing_ros:/home/samuel/ros2_humble/install/launch_ros:/home/samuel/ros2_humble/install/examples_rclpy_pointcloud_publisher:/home/samuel/ros2_humble/install/examples_rclpy_minimal_subscriber:/home/samuel/ros2_humble/install/examples_rclpy_minimal_service:/home/samuel/ros2_humble/install/examples_rclpy_minimal_publisher:/home/samuel/ros2_humble/install/examples_rclpy_minimal_client:/home/samuel/ros2_humble/install/examples_rclpy_minimal_action_server:/home/samuel/ros2_humble/install/examples_rclpy_minimal_action_client:/home/samuel/ros2_humble/install/examples_rclpy_guard_conditions:/home/samuel/ros2_humble/install/examples_rclpy_executors:/home/samuel/ros2_humble/install/demo_nodes_py:/home/samuel/ros2_humble/install/action_tutorials_py:/home/samuel/ros2_humble/install/ament_uncrustify:/home/samuel/ros2_humble/install/tracetools_trace:/home/samuel/ros2_humble/install/tracetools_read:/home/samuel/ros2_humble/install/test_tracetools_launch:/home/samuel/ros2_humble/install/test_launch_ros:/home/samuel/ros2_humble/install/sensor_msgs_py:/home/samuel/ros2_humble/install/rpyutils:/home/samuel/ros2_humble/install/rosidl_runtime_py:/home/samuel/ros2_humble/install/rosidl_cli:/home/samuel/ros2_humble/install/launch_pytest:/home/samuel/ros2_humble/install/launch_testing:/home/samuel/ros2_humble/install/launch_yaml:/home/samuel/ros2_humble/install/launch_xml:/home/samuel/ros2_humble/install/launch:/home/samuel/ros2_humble/install/osrf_pycommon:/home/samuel/ros2_humble/install/launch_testing_examples:/home/samuel/ros2_humble/install/domain_coordinator:/home/samuel/ros2_humble/install/ament_xmllint:/home/samuel/ros2_humble/install/ament_pyflakes:/home/samuel/ros2_humble/install/ament_pycodestyle:/home/samuel/ros2_humble/install/ament_pep257:/home/samuel/ros2_humble/install/ament_pclint:/home/samuel/ros2_humble/install/ament_package:/home/samuel/ros2_humble/install/ament_mypy:/home/samuel/ros2_humble/install/ament_lint_cmake:/home/samuel/ros2_humble/install/ament_flake8:/home/samuel/ros2_humble/install/ament_copyright:/home/samuel/ros2_humble/install/ament_lint:/home/samuel/ros2_humble/install/ament_index_python:/home/samuel/ros2_humble/install/ament_cpplint:/home/samuel/ros2_humble/install/ament_cppcheck:/home/samuel/ros2_humble/install/ament_clang_tidy:/home/samuel/ros2_humble/install/ament_clang_format /usr/bin/cmake --install /home/samuel/ros2_humble/workspaces/project1_ws/build/turtlesim
[3.301s] Level 1:colcon.colcon_core.environment:create_environment_scripts_only(turtlesim)
[3.302s] DEBUG:colcon.colcon_core.event_handler.log_command:Invoked command in '/home/samuel/ros2_humble/workspaces/project1_ws/build/turtlesim' returned '0': CMAKE_PREFIX_PATH=${CMAKE_PREFIX_PATH}:/home/samuel/ros2_humble/install/rqt_bag_plugins:/home/samuel/ros2_humble/install/rqt_bag:/home/samuel/ros2_humble/install/ros2bag:/home/samuel/ros2_humble/install/tracetools_test:/home/samuel/ros2_humble/install/tracetools_launch:/home/samuel/ros2_humble/install/topic_monitor:/home/samuel/ros2_humble/install/tf2_tools:/home/samuel/ros2_humble/install/examples_tf2_py:/home/samuel/ros2_humble/install/tf2_ros_py:/home/samuel/ros2_humble/install/sros2:/home/samuel/ros2_humble/install/rqt_topic:/home/samuel/ros2_humble/install/rqt_srv:/home/samuel/ros2_humble/install/rqt_shell:/home/samuel/ros2_humble/install/rqt_service_caller:/home/samuel/ros2_humble/install/rqt_reconfigure:/home/samuel/ros2_humble/install/rqt_py_console:/home/samuel/ros2_humble/install/rqt_publisher:/home/samuel/ros2_humble/install/rqt_plot:/home/samuel/ros2_humble/install/rqt_action:/home/samuel/ros2_humble/install/rqt_msg:/home/samuel/ros2_humble/install/rqt_console:/home/samuel/ros2_humble/install/rqt:/home/samuel/ros2_humble/install/rqt_graph:/home/samuel/ros2_humble/install/rqt_gui_py:/home/samuel/ros2_humble/install/rqt_gui:/home/samuel/ros2_humble/install/ros2trace:/home/samuel/ros2_humble/install/ros2topic:/home/samuel/ros2_humble/install/ros2test:/home/samuel/ros2_humble/install/ros2component:/home/samuel/ros2_humble/install/ros2param:/home/samuel/ros2_humble/install/ros2lifecycle:/home/samuel/ros2_humble/install/ros2service:/home/samuel/ros2_humble/install/ros2run:/home/samuel/ros2_humble/install/ros2launch:/home/samuel/ros2_humble/install/ros2pkg:/home/samuel/ros2_humble/install/ros2node:/home/samuel/ros2_humble/install/ros2multicast:/home/samuel/ros2_humble/install/ros2interface:/home/samuel/ros2_humble/install/ros2doctor:/home/samuel/ros2_humble/install/ros2action:/home/samuel/ros2_humble/install/ros2cli:/home/samuel/ros2_humble/install/quality_of_service_demo_py:/home/samuel/ros2_humble/install/lifecycle_py:/home/samuel/ros2_humble/install/launch_testing_ros:/home/samuel/ros2_humble/install/launch_ros:/home/samuel/ros2_humble/install/examples_rclpy_pointcloud_publisher:/home/samuel/ros2_humble/install/examples_rclpy_minimal_subscriber:/home/samuel/ros2_humble/install/examples_rclpy_minimal_service:/home/samuel/ros2_humble/install/examples_rclpy_minimal_publisher:/home/samuel/ros2_humble/install/examples_rclpy_minimal_client:/home/samuel/ros2_humble/install/examples_rclpy_minimal_action_server:/home/samuel/ros2_humble/install/examples_rclpy_minimal_action_client:/home/samuel/ros2_humble/install/examples_rclpy_guard_conditions:/home/samuel/ros2_humble/install/examples_rclpy_executors:/home/samuel/ros2_humble/install/demo_nodes_py:/home/samuel/ros2_humble/install/action_tutorials_py:/home/samuel/ros2_humble/install/ament_uncrustify:/home/samuel/ros2_humble/install/tracetools_trace:/home/samuel/ros2_humble/install/tracetools_read:/home/samuel/ros2_humble/install/test_tracetools_launch:/home/samuel/ros2_humble/install/test_launch_ros:/home/samuel/ros2_humble/install/sensor_msgs_py:/home/samuel/ros2_humble/install/rpyutils:/home/samuel/ros2_humble/install/rosidl_runtime_py:/home/samuel/ros2_humble/install/rosidl_cli:/home/samuel/ros2_humble/install/launch_pytest:/home/samuel/ros2_humble/install/launch_testing:/home/samuel/ros2_humble/install/launch_yaml:/home/samuel/ros2_humble/install/launch_xml:/home/samuel/ros2_humble/install/launch:/home/samuel/ros2_humble/install/osrf_pycommon:/home/samuel/ros2_humble/install/launch_testing_examples:/home/samuel/ros2_humble/install/domain_coordinator:/home/samuel/ros2_humble/install/ament_xmllint:/home/samuel/ros2_humble/install/ament_pyflakes:/home/samuel/ros2_humble/install/ament_pycodestyle:/home/samuel/ros2_humble/install/ament_pep257:/home/samuel/ros2_humble/install/ament_pclint:/home/samuel/ros2_humble/install/ament_package:/home/samuel/ros2_humble/install/ament_mypy:/home/samuel/ros2_humble/install/ament_lint_cmake:/home/samuel/ros2_humble/install/ament_flake8:/home/samuel/ros2_humble/install/ament_copyright:/home/samuel/ros2_humble/install/ament_lint:/home/samuel/ros2_humble/install/ament_index_python:/home/samuel/ros2_humble/install/ament_cpplint:/home/samuel/ros2_humble/install/ament_cppcheck:/home/samuel/ros2_humble/install/ament_clang_tidy:/home/samuel/ros2_humble/install/ament_clang_format /usr/bin/cmake --install /home/samuel/ros2_humble/workspaces/project1_ws/build/turtlesim
[3.314s] Level 1:colcon.colcon_core.environment:checking '/home/samuel/ros2_humble/workspaces/project1_ws/install/turtlesim' for CMake module files
[3.314s] Level 1:colcon.colcon_core.environment:checking '/home/samuel/ros2_humble/workspaces/project1_ws/install/turtlesim' for CMake config files
[3.315s] Level 1:colcon.colcon_core.shell:create_environment_hook('turtlesim', 'cmake_prefix_path')
[3.316s] INFO:colcon.colcon_core.shell:Creating environment hook '/home/samuel/ros2_humble/workspaces/project1_ws/install/turtlesim/share/turtlesim/hook/cmake_prefix_path.ps1'
[3.317s] INFO:colcon.colcon_core.shell:Creating environment descriptor '/home/samuel/ros2_humble/workspaces/project1_ws/install/turtlesim/share/turtlesim/hook/cmake_prefix_path.dsv'
[3.318s] INFO:colcon.colcon_core.shell:Creating environment hook '/home/samuel/ros2_humble/workspaces/project1_ws/install/turtlesim/share/turtlesim/hook/cmake_prefix_path.sh'
[3.319s] Level 1:colcon.colcon_core.environment:checking '/home/samuel/ros2_humble/workspaces/project1_ws/install/turtlesim/lib'
[3.319s] Level 1:colcon.colcon_core.shell:create_environment_hook('turtlesim', 'ld_library_path_lib')
[3.321s] INFO:colcon.colcon_core.shell:Creating environment hook '/home/samuel/ros2_humble/workspaces/project1_ws/install/turtlesim/share/turtlesim/hook/ld_library_path_lib.ps1'
[3.321s] INFO:colcon.colcon_core.shell:Creating environment descriptor '/home/samuel/ros2_humble/workspaces/project1_ws/install/turtlesim/share/turtlesim/hook/ld_library_path_lib.dsv'
[3.321s] INFO:colcon.colcon_core.shell:Creating environment hook '/home/samuel/ros2_humble/workspaces/project1_ws/install/turtlesim/share/turtlesim/hook/ld_library_path_lib.sh'
[3.321s] Level 1:colcon.colcon_core.environment:checking '/home/samuel/ros2_humble/workspaces/project1_ws/install/turtlesim/bin'
[3.322s] Level 1:colcon.colcon_core.environment:checking '/home/samuel/ros2_humble/workspaces/project1_ws/install/turtlesim/lib/pkgconfig/turtlesim.pc'
[3.324s] Level 1:colcon.colcon_core.environment:checking '/home/samuel/ros2_humble/workspaces/project1_ws/install/turtlesim/lib/python3.10/site-packages'
[3.324s] Level 1:colcon.colcon_core.environment:checking '/home/samuel/ros2_humble/workspaces/project1_ws/install/turtlesim/bin'
[3.326s] INFO:colcon.colcon_core.shell:Creating package script '/home/samuel/ros2_humble/workspaces/project1_ws/install/turtlesim/share/turtlesim/package.ps1'
[3.327s] INFO:colcon.colcon_core.shell:Creating package descriptor '/home/samuel/ros2_humble/workspaces/project1_ws/install/turtlesim/share/turtlesim/package.dsv'
[3.327s] INFO:colcon.colcon_core.shell:Creating package script '/home/samuel/ros2_humble/workspaces/project1_ws/install/turtlesim/share/turtlesim/package.sh'
[3.328s] INFO:colcon.colcon_core.shell:Creating package script '/home/samuel/ros2_humble/workspaces/project1_ws/install/turtlesim/share/turtlesim/package.bash'
[3.329s] INFO:colcon.colcon_core.shell:Creating package script '/home/samuel/ros2_humble/workspaces/project1_ws/install/turtlesim/share/turtlesim/package.zsh'
[3.330s] Level 1:colcon.colcon_core.environment:create_file_with_runtime_dependencies(/home/samuel/ros2_humble/workspaces/project1_ws/install/turtlesim/share/colcon-core/packages/turtlesim)
[4.394s] Level 1:colcon.colcon_core.environment:create_environment_scripts_only(turtlesim)
[4.398s] Level 1:colcon.colcon_core.environment:checking '/home/samuel/ros2_humble/workspaces/project1_ws/install/turtlesim' for CMake module files
[4.399s] Level 1:colcon.colcon_core.environment:checking '/home/samuel/ros2_humble/workspaces/project1_ws/install/turtlesim' for CMake config files
[4.399s] Level 1:colcon.colcon_core.shell:create_environment_hook('turtlesim', 'cmake_prefix_path')
[4.401s] INFO:colcon.colcon_core.shell:Creating environment hook '/home/samuel/ros2_humble/workspaces/project1_ws/install/turtlesim/share/turtlesim/hook/cmake_prefix_path.ps1'
[4.402s] INFO:colcon.colcon_core.shell:Creating environment descriptor '/home/samuel/ros2_humble/workspaces/project1_ws/install/turtlesim/share/turtlesim/hook/cmake_prefix_path.dsv'
[4.402s] INFO:colcon.colcon_core.shell:Creating environment hook '/home/samuel/ros2_humble/workspaces/project1_ws/install/turtlesim/share/turtlesim/hook/cmake_prefix_path.sh'
[4.403s] Level 1:colcon.colcon_core.environment:checking '/home/samuel/ros2_humble/workspaces/project1_ws/install/turtlesim/lib'
[4.403s] Level 1:colcon.colcon_core.shell:create_environment_hook('turtlesim', 'ld_library_path_lib')
[4.405s] INFO:colcon.colcon_core.shell:Creating environment hook '/home/samuel/ros2_humble/workspaces/project1_ws/install/turtlesim/share/turtlesim/hook/ld_library_path_lib.ps1'
[4.405s] INFO:colcon.colcon_core.shell:Creating environment descriptor '/home/samuel/ros2_humble/workspaces/project1_ws/install/turtlesim/share/turtlesim/hook/ld_library_path_lib.dsv'
[4.406s] INFO:colcon.colcon_core.shell:Creating environment hook '/home/samuel/ros2_humble/workspaces/project1_ws/install/turtlesim/share/turtlesim/hook/ld_library_path_lib.sh'
[4.406s] Level 1:colcon.colcon_core.environment:checking '/home/samuel/ros2_humble/workspaces/project1_ws/install/turtlesim/bin'
[4.406s] Level 1:colcon.colcon_core.environment:checking '/home/samuel/ros2_humble/workspaces/project1_ws/install/turtlesim/lib/pkgconfig/turtlesim.pc'
[4.406s] Level 1:colcon.colcon_core.environment:checking '/home/samuel/ros2_humble/workspaces/project1_ws/install/turtlesim/lib/python3.10/site-packages'
[4.406s] Level 1:colcon.colcon_core.environment:checking '/home/samuel/ros2_humble/workspaces/project1_ws/install/turtlesim/bin'
[4.409s] INFO:colcon.colcon_core.shell:Creating package script '/home/samuel/ros2_humble/workspaces/project1_ws/install/turtlesim/share/turtlesim/package.ps1'
[4.409s] INFO:colcon.colcon_core.shell:Creating package descriptor '/home/samuel/ros2_humble/workspaces/project1_ws/install/turtlesim/share/turtlesim/package.dsv'
[4.410s] INFO:colcon.colcon_core.shell:Creating package script '/home/samuel/ros2_humble/workspaces/project1_ws/install/turtlesim/share/turtlesim/package.sh'
[4.410s] INFO:colcon.colcon_core.shell:Creating package script '/home/samuel/ros2_humble/workspaces/project1_ws/install/turtlesim/share/turtlesim/package.bash'
[4.410s] INFO:colcon.colcon_core.shell:Creating package script '/home/samuel/ros2_humble/workspaces/project1_ws/install/turtlesim/share/turtlesim/package.zsh'
[4.411s] Level 1:colcon.colcon_core.environment:create_file_with_runtime_dependencies(/home/samuel/ros2_humble/workspaces/project1_ws/install/turtlesim/share/colcon-core/packages/turtlesim)
[4.411s] INFO:colcon.colcon_ros.task.ament_python.build:Building ROS package in '/home/samuel/ros2_humble/workspaces/project1_ws/src/project1_pubsub' with build type 'ament_python'
[4.411s] Level 1:colcon.colcon_core.shell:create_environment_hook('project1_pubsub', 'ament_prefix_path')
[4.413s] INFO:colcon.colcon_core.shell:Creating environment hook '/home/samuel/ros2_humble/workspaces/project1_ws/install/project1_pubsub/share/project1_pubsub/hook/ament_prefix_path.ps1'
[4.415s] INFO:colcon.colcon_core.shell:Creating environment descriptor '/home/samuel/ros2_humble/workspaces/project1_ws/install/project1_pubsub/share/project1_pubsub/hook/ament_prefix_path.dsv'
[4.415s] INFO:colcon.colcon_core.shell:Creating environment hook '/home/samuel/ros2_humble/workspaces/project1_ws/install/project1_pubsub/share/project1_pubsub/hook/ament_prefix_path.sh'
[4.417s] INFO:colcon.colcon_core.shell:Skip shell extension 'powershell' for command environment: Not usable outside of PowerShell
[4.417s] DEBUG:colcon.colcon_core.shell:Skip shell extension 'dsv' for command environment
[4.862s] INFO:colcon.colcon_core.task.python.build:Building Python package in '/home/samuel/ros2_humble/workspaces/project1_ws/src/project1_pubsub'
[4.864s] INFO:colcon.colcon_core.shell:Skip shell extension 'powershell' for command environment: Not usable outside of PowerShell
[4.864s] DEBUG:colcon.colcon_core.shell:Skip shell extension 'dsv' for command environment
[5.480s] DEBUG:colcon.colcon_core.event_handler.log_command:Invoking command in '/home/samuel/ros2_humble/workspaces/project1_ws/src/project1_pubsub': AMENT_PREFIX_PATH=/home/samuel/ros2_humble/workspaces/project1_ws/install/turtlesim:${AMENT_PREFIX_PATH} CMAKE_PREFIX_PATH=/home/samuel/ros2_humble/workspaces/project1_ws/install/turtlesim:${CMAKE_PREFIX_PATH} LD_LIBRARY_PATH=/home/samuel/ros2_humble/workspaces/project1_ws/install/turtlesim/lib:${LD_LIBRARY_PATH} PYTHONPATH=/home/samuel/ros2_humble/workspaces/project1_ws/build/project1_pubsub/prefix_override:/home/samuel/ros2_humble/workspaces/project1_ws/install/project1_pubsub/lib/python3.10/site-packages:/home/samuel/ros2_humble/workspaces/project1_ws/install/turtlesim/local/lib/python3.10/dist-packages:${PYTHONPATH} /usr/bin/python3 setup.py egg_info --egg-base ../../build/project1_pubsub build --build-base /home/samuel/ros2_humble/workspaces/project1_ws/build/project1_pubsub/build install --record /home/samuel/ros2_humble/workspaces/project1_ws/build/project1_pubsub/install.log --single-version-externally-managed
[5.935s] Level 1:colcon.colcon_core.environment:checking '/home/samuel/ros2_humble/workspaces/project1_ws/install/project1_pubsub' for CMake module files
[5.935s] DEBUG:colcon.colcon_core.event_handler.log_command:Invoked command in '/home/samuel/ros2_humble/workspaces/project1_ws/src/project1_pubsub' returned '0': AMENT_PREFIX_PATH=/home/samuel/ros2_humble/workspaces/project1_ws/install/turtlesim:${AMENT_PREFIX_PATH} CMAKE_PREFIX_PATH=/home/samuel/ros2_humble/workspaces/project1_ws/install/turtlesim:${CMAKE_PREFIX_PATH} LD_LIBRARY_PATH=/home/samuel/ros2_humble/workspaces/project1_ws/install/turtlesim/lib:${LD_LIBRARY_PATH} PYTHONPATH=/home/samuel/ros2_humble/workspaces/project1_ws/build/project1_pubsub/prefix_override:/home/samuel/ros2_humble/workspaces/project1_ws/install/project1_pubsub/lib/python3.10/site-packages:/home/samuel/ros2_humble/workspaces/project1_ws/install/turtlesim/local/lib/python3.10/dist-packages:${PYTHONPATH} /usr/bin/python3 setup.py egg_info --egg-base ../../build/project1_pubsub build --build-base /home/samuel/ros2_humble/workspaces/project1_ws/build/project1_pubsub/build install --record /home/samuel/ros2_humble/workspaces/project1_ws/build/project1_pubsub/install.log --single-version-externally-managed
[5.936s] Level 1:colcon.colcon_core.environment:checking '/home/samuel/ros2_humble/workspaces/project1_ws/install/project1_pubsub' for CMake config files
[5.936s] Level 1:colcon.colcon_core.environment:checking '/home/samuel/ros2_humble/workspaces/project1_ws/install/project1_pubsub/lib'
[5.936s] Level 1:colcon.colcon_core.environment:checking '/home/samuel/ros2_humble/workspaces/project1_ws/install/project1_pubsub/bin'
[5.936s] Level 1:colcon.colcon_core.environment:checking '/home/samuel/ros2_humble/workspaces/project1_ws/install/project1_pubsub/lib/pkgconfig/project1_pubsub.pc'
[5.937s] Level 1:colcon.colcon_core.environment:checking '/home/samuel/ros2_humble/workspaces/project1_ws/install/project1_pubsub/lib/python3.10/site-packages'
[5.937s] Level 1:colcon.colcon_core.shell:create_environment_hook('project1_pubsub', 'pythonpath')
[5.939s] INFO:colcon.colcon_core.shell:Creating environment hook '/home/samuel/ros2_humble/workspaces/project1_ws/install/project1_pubsub/share/project1_pubsub/hook/pythonpath.ps1'
[5.939s] INFO:colcon.colcon_core.shell:Creating environment descriptor '/home/samuel/ros2_humble/workspaces/project1_ws/install/project1_pubsub/share/project1_pubsub/hook/pythonpath.dsv'
[5.939s] INFO:colcon.colcon_core.shell:Creating environment hook '/home/samuel/ros2_humble/workspaces/project1_ws/install/project1_pubsub/share/project1_pubsub/hook/pythonpath.sh'
[5.940s] Level 1:colcon.colcon_core.environment:checking '/home/samuel/ros2_humble/workspaces/project1_ws/install/project1_pubsub/bin'
[5.940s] Level 1:colcon.colcon_core.environment:create_environment_scripts_only(project1_pubsub)
[5.941s] INFO:colcon.colcon_core.shell:Creating package script '/home/samuel/ros2_humble/workspaces/project1_ws/install/project1_pubsub/share/project1_pubsub/package.ps1'
[5.942s] INFO:colcon.colcon_core.shell:Creating package descriptor '/home/samuel/ros2_humble/workspaces/project1_ws/install/project1_pubsub/share/project1_pubsub/package.dsv'
[5.942s] INFO:colcon.colcon_core.shell:Creating package script '/home/samuel/ros2_humble/workspaces/project1_ws/install/project1_pubsub/share/project1_pubsub/package.sh'
[5.942s] INFO:colcon.colcon_core.shell:Creating package script '/home/samuel/ros2_humble/workspaces/project1_ws/install/project1_pubsub/share/project1_pubsub/package.bash'
[5.943s] INFO:colcon.colcon_core.shell:Creating package script '/home/samuel/ros2_humble/workspaces/project1_ws/install/project1_pubsub/share/project1_pubsub/package.zsh'
[5.943s] Level 1:colcon.colcon_core.environment:create_file_with_runtime_dependencies(/home/samuel/ros2_humble/workspaces/project1_ws/install/project1_pubsub/share/colcon-core/packages/project1_pubsub)
[5.943s] DEBUG:colcon.colcon_parallel_executor.executor.parallel:closing loop
[5.943s] DEBUG:colcon.colcon_parallel_executor.executor.parallel:loop closed
[5.943s] DEBUG:colcon.colcon_parallel_executor.executor.parallel:run_until_complete finished with '0'
[5.943s] DEBUG:colcon.colcon_core.event_reactor:joining thread
[5.956s] INFO:colcon.colcon_core.plugin_system:Skipping extension 'colcon_notification.desktop_notification.terminal_notifier': Not used on non-Darwin systems
[5.956s] INFO:colcon.colcon_core.plugin_system:Skipping extension 'colcon_notification.desktop_notification.win32': Not used on non-Windows systems
[5.956s] INFO:colcon.colcon_notification.desktop_notification:Sending desktop notification using 'notify2'
[5.966s] DEBUG:colcon.colcon_core.event_reactor:joined thread
[5.968s] INFO:colcon.colcon_core.shell:Creating prefix script '/home/samuel/ros2_humble/workspaces/project1_ws/install/local_setup.ps1'
[5.969s] INFO:colcon.colcon_core.shell:Creating prefix util module '/home/samuel/ros2_humble/workspaces/project1_ws/install/_local_setup_util_ps1.py'
[5.971s] INFO:colcon.colcon_core.shell:Creating prefix chain script '/home/samuel/ros2_humble/workspaces/project1_ws/install/setup.ps1'
[5.984s] INFO:colcon.colcon_core.shell:Creating prefix script '/home/samuel/ros2_humble/workspaces/project1_ws/install/local_setup.sh'
[5.985s] INFO:colcon.colcon_core.shell:Creating prefix util module '/home/samuel/ros2_humble/workspaces/project1_ws/install/_local_setup_util_sh.py'
[5.985s] INFO:colcon.colcon_core.shell:Creating prefix chain script '/home/samuel/ros2_humble/workspaces/project1_ws/install/setup.sh'
[5.999s] INFO:colcon.colcon_core.shell:Creating prefix script '/home/samuel/ros2_humble/workspaces/project1_ws/install/local_setup.bash'
[6.000s] INFO:colcon.colcon_core.shell:Creating prefix chain script '/home/samuel/ros2_humble/workspaces/project1_ws/install/setup.bash'
[6.014s] INFO:colcon.colcon_core.shell:Creating prefix script '/home/samuel/ros2_humble/workspaces/project1_ws/install/local_setup.zsh'
[6.014s] INFO:colcon.colcon_core.shell:Creating prefix chain script '/home/samuel/ros2_humble/workspaces/project1_ws/install/setup.zsh'
