[2.443s] Invoking command in '/home/samuel/ros2_humble/CSCE452-samuel.fafel/project4_ws/src/project4': PYTHONPATH=/home/samuel/ros2_humble/CSCE452-samuel.fafel/project4_ws/build/project4/prefix_override:/home/samuel/ros2_humble/CSCE452-samuel.fafel/project4_ws/install/project4/lib/python3.10/site-packages:${PYTHONPATH} /usr/bin/python3 setup.py egg_info --egg-base ../../build/project4 build --build-base /home/samuel/ros2_humble/CSCE452-samuel.fafel/project4_ws/build/project4/build install --record /home/samuel/ros2_humble/CSCE452-samuel.fafel/project4_ws/build/project4/install.log --single-version-externally-managed
[6.120s] running egg_info
[6.121s] writing ../../build/project4/project4.egg-info/PKG-INFO
[6.121s] writing dependency_links to ../../build/project4/project4.egg-info/dependency_links.txt
[6.121s] writing entry points to ../../build/project4/project4.egg-info/entry_points.txt
[6.121s] writing requirements to ../../build/project4/project4.egg-info/requires.txt
[6.121s] writing top-level names to ../../build/project4/project4.egg-info/top_level.txt
[6.124s] reading manifest file '../../build/project4/project4.egg-info/SOURCES.txt'
[6.126s] writing manifest file '../../build/project4/project4.egg-info/SOURCES.txt'
[6.126s] running build
[6.126s] running build_py
[6.126s] copying project4/simulator.py -> /home/samuel/ros2_humble/CSCE452-samuel.fafel/project4_ws/build/project4/build/lib/project4
[6.126s] running install
[6.126s] /usr/lib/python3/dist-packages/setuptools/command/install.py:34: SetuptoolsDeprecationWarning: setup.py install is deprecated. Use build and pip and other standards-based tools.
[6.127s]   warnings.warn(
[6.127s] running install_lib
[6.128s] copying /home/samuel/ros2_humble/CSCE452-samuel.fafel/project4_ws/build/project4/build/lib/project4/simulator.py -> /home/samuel/ros2_humble/CSCE452-samuel.fafel/project4_ws/install/project4/lib/python3.10/site-packages/project4
[6.131s] byte-compiling /home/samuel/ros2_humble/CSCE452-samuel.fafel/project4_ws/install/project4/lib/python3.10/site-packages/project4/simulator.py to simulator.cpython-310.pyc
[6.133s] running install_data
[6.133s] running install_egg_info
[6.137s] removing '/home/samuel/ros2_humble/CSCE452-samuel.fafel/project4_ws/install/project4/lib/python3.10/site-packages/project4-0.0.0-py3.10.egg-info' (and everything under it)
[6.137s] Copying ../../build/project4/project4.egg-info to /home/samuel/ros2_humble/CSCE452-samuel.fafel/project4_ws/install/project4/lib/python3.10/site-packages/project4-0.0.0-py3.10.egg-info
[6.138s] running install_scripts
[6.216s] Installing robot_state_publisher script to /home/samuel/ros2_humble/CSCE452-samuel.fafel/project4_ws/install/project4/lib/project4
[6.217s] Installing simulator script to /home/samuel/ros2_humble/CSCE452-samuel.fafel/project4_ws/install/project4/lib/project4
[6.217s] Installing velocity_translator script to /home/samuel/ros2_humble/CSCE452-samuel.fafel/project4_ws/install/project4/lib/project4
[6.217s] writing list of installed files to '/home/samuel/ros2_humble/CSCE452-samuel.fafel/project4_ws/build/project4/install.log'
[6.238s] Invoked command in '/home/samuel/ros2_humble/CSCE452-samuel.fafel/project4_ws/src/project4' returned '0': PYTHONPATH=/home/samuel/ros2_humble/CSCE452-samuel.fafel/project4_ws/build/project4/prefix_override:/home/samuel/ros2_humble/CSCE452-samuel.fafel/project4_ws/install/project4/lib/python3.10/site-packages:${PYTHONPATH} /usr/bin/python3 setup.py egg_info --egg-base ../../build/project4 build --build-base /home/samuel/ros2_humble/CSCE452-samuel.fafel/project4_ws/build/project4/build install --record /home/samuel/ros2_humble/CSCE452-samuel.fafel/project4_ws/build/project4/install.log --single-version-externally-managed
