[5.688s] DEBUG:colcon:Command line arguments: ['/usr/bin/colcon', 'build']
[5.688s] DEBUG:colcon:Parsed command line arguments: Namespace(log_base=None, log_level=None, verb_name='build', build_base='build', install_base='install', merge_install=False, symlink_install=False, test_result_base=None, continue_on_error=False, executor='parallel', parallel_workers=8, event_handlers=None, ignore_user_meta=False, metas=['./colcon.meta'], base_paths=['.'], packages_ignore=None, packages_ignore_regex=None, paths=None, packages_up_to=None, packages_up_to_regex=None, packages_above=None, packages_above_and_dependencies=None, packages_above_depth=None, packages_select_by_dep=None, packages_skip_by_dep=None, packages_skip_up_to=None, packages_select_build_failed=False, packages_skip_build_finished=False, packages_select_test_failures=False, packages_skip_test_passed=False, packages_select=None, packages_skip=None, packages_select_regex=None, packages_skip_regex=None, packages_start=None, packages_end=None, allow_overriding=[], cmake_args=None, cmake_target=None, cmake_target_skip_unavailable=False, cmake_clean_cache=False, cmake_clean_first=False, cmake_force_configure=False, ament_cmake_args=None, catkin_cmake_args=None, catkin_skip_building_tests=False, verb_parser=<colcon_defaults.argument_parser.defaults.DefaultArgumentsDecorator object at 0x7efc60a58e20>, verb_extension=<colcon_core.verb.build.BuildVerb object at 0x7efc610fc9a0>, main=<bound method BuildVerb.main of <colcon_core.verb.build.BuildVerb object at 0x7efc610fc9a0>>)
[5.836s] Level 1:colcon.colcon_core.package_discovery:discover_packages(colcon_meta) check parameters
[5.836s] Level 1:colcon.colcon_core.package_discovery:discover_packages(recursive) check parameters
[5.836s] Level 1:colcon.colcon_core.package_discovery:discover_packages(ignore) check parameters
[5.837s] Level 1:colcon.colcon_core.package_discovery:discover_packages(path) check parameters
[5.837s] Level 1:colcon.colcon_core.package_discovery:discover_packages(colcon_meta) discover
[5.837s] Level 1:colcon.colcon_core.package_discovery:discover_packages(recursive) discover
[5.837s] INFO:colcon.colcon_core.package_discovery:Crawling recursively for packages in '/home/samuel/ros2_humble/CSCE452-samuel.fafel/project4_ws'
[5.837s] Level 1:colcon.colcon_core.package_identification:_identify(.) by extensions ['ignore', 'ignore_ament_install']
[5.837s] Level 1:colcon.colcon_core.package_identification:_identify(.) by extension 'ignore'
[5.837s] Level 1:colcon.colcon_core.package_identification:_identify(.) by extension 'ignore_ament_install'
[5.837s] Level 1:colcon.colcon_core.package_identification:_identify(.) by extensions ['colcon_pkg']
[5.838s] Level 1:colcon.colcon_core.package_identification:_identify(.) by extension 'colcon_pkg'
[5.838s] Level 1:colcon.colcon_core.package_identification:_identify(.) by extensions ['colcon_meta']
[5.838s] Level 1:colcon.colcon_core.package_identification:_identify(.) by extension 'colcon_meta'
[5.838s] Level 1:colcon.colcon_core.package_identification:_identify(.) by extensions ['ros']
[5.838s] Level 1:colcon.colcon_core.package_identification:_identify(.) by extension 'ros'
[5.850s] Level 1:colcon.colcon_core.package_identification:_identify(.) by extensions ['cmake', 'python']
[5.850s] Level 1:colcon.colcon_core.package_identification:_identify(.) by extension 'cmake'
[5.850s] Level 1:colcon.colcon_core.package_identification:_identify(.) by extension 'python'
[5.850s] Level 1:colcon.colcon_core.package_identification:_identify(.) by extensions ['python_setup_py']
[5.850s] Level 1:colcon.colcon_core.package_identification:_identify(.) by extension 'python_setup_py'
[5.850s] Level 1:colcon.colcon_core.package_identification:_identify(build) by extensions ['ignore', 'ignore_ament_install']
[5.850s] Level 1:colcon.colcon_core.package_identification:_identify(build) by extension 'ignore'
[5.850s] Level 1:colcon.colcon_core.package_identification:_identify(build) ignored
[5.851s] Level 1:colcon.colcon_core.package_identification:_identify(install) by extensions ['ignore', 'ignore_ament_install']
[5.851s] Level 1:colcon.colcon_core.package_identification:_identify(install) by extension 'ignore'
[5.851s] Level 1:colcon.colcon_core.package_identification:_identify(install) ignored
[5.851s] Level 1:colcon.colcon_core.package_identification:_identify(log) by extensions ['ignore', 'ignore_ament_install']
[5.851s] Level 1:colcon.colcon_core.package_identification:_identify(log) by extension 'ignore'
[5.851s] Level 1:colcon.colcon_core.package_identification:_identify(log) ignored
[5.851s] Level 1:colcon.colcon_core.package_identification:_identify(src) by extensions ['ignore', 'ignore_ament_install']
[5.851s] Level 1:colcon.colcon_core.package_identification:_identify(src) by extension 'ignore'
[5.852s] Level 1:colcon.colcon_core.package_identification:_identify(src) by extension 'ignore_ament_install'
[5.852s] Level 1:colcon.colcon_core.package_identification:_identify(src) by extensions ['colcon_pkg']
[5.852s] Level 1:colcon.colcon_core.package_identification:_identify(src) by extension 'colcon_pkg'
[5.852s] Level 1:colcon.colcon_core.package_identification:_identify(src) by extensions ['colcon_meta']
[5.852s] Level 1:colcon.colcon_core.package_identification:_identify(src) by extension 'colcon_meta'
[5.852s] Level 1:colcon.colcon_core.package_identification:_identify(src) by extensions ['ros']
[5.852s] Level 1:colcon.colcon_core.package_identification:_identify(src) by extension 'ros'
[5.852s] Level 1:colcon.colcon_core.package_identification:_identify(src) by extensions ['cmake', 'python']
[5.852s] Level 1:colcon.colcon_core.package_identification:_identify(src) by extension 'cmake'
[5.852s] Level 1:colcon.colcon_core.package_identification:_identify(src) by extension 'python'
[5.852s] Level 1:colcon.colcon_core.package_identification:_identify(src) by extensions ['python_setup_py']
[5.852s] Level 1:colcon.colcon_core.package_identification:_identify(src) by extension 'python_setup_py'
[5.852s] Level 1:colcon.colcon_core.package_identification:_identify(src/project4) by extensions ['ignore', 'ignore_ament_install']
[5.852s] Level 1:colcon.colcon_core.package_identification:_identify(src/project4) by extension 'ignore'
[5.852s] Level 1:colcon.colcon_core.package_identification:_identify(src/project4) by extension 'ignore_ament_install'
[5.852s] Level 1:colcon.colcon_core.package_identification:_identify(src/project4) by extensions ['colcon_pkg']
[5.852s] Level 1:colcon.colcon_core.package_identification:_identify(src/project4) by extension 'colcon_pkg'
[5.852s] Level 1:colcon.colcon_core.package_identification:_identify(src/project4) by extensions ['colcon_meta']
[5.852s] Level 1:colcon.colcon_core.package_identification:_identify(src/project4) by extension 'colcon_meta'
[5.852s] Level 1:colcon.colcon_core.package_identification:_identify(src/project4) by extensions ['ros']
[5.852s] Level 1:colcon.colcon_core.package_identification:_identify(src/project4) by extension 'ros'
[5.855s] DEBUG:colcon.colcon_core.package_identification:Package 'src/project4' with type 'ros.ament_python' and name 'project4'
[5.855s] Level 1:colcon.colcon_core.package_discovery:discover_packages(recursive) using defaults
[5.855s] Level 1:colcon.colcon_core.package_discovery:discover_packages(ignore) discover
[5.855s] Level 1:colcon.colcon_core.package_discovery:discover_packages(ignore) using defaults
[5.855s] Level 1:colcon.colcon_core.package_discovery:discover_packages(path) discover
[5.855s] Level 1:colcon.colcon_core.package_discovery:discover_packages(path) using defaults
[6.133s] Level 1:colcon.colcon_core.package_discovery:discover_packages(prefix_path) check parameters
[6.133s] Level 1:colcon.colcon_core.package_discovery:discover_packages(prefix_path) discover
[6.237s] DEBUG:colcon.colcon_installed_package_information.package_discovery:Found 0 installed packages in /home/samuel/ros2_humble/CSCE452-samuel.fafel/project4_ws/src/project4/project4/install
[6.274s] DEBUG:colcon.colcon_installed_package_information.package_discovery:Found 1 installed packages in /home/samuel/ros2_humble/CSCE452-samuel.fafel/project4_ws/install
[6.342s] DEBUG:colcon.colcon_installed_package_information.package_discovery:Found 344 installed packages in /home/samuel/ros2_humble/install
[6.345s] Level 1:colcon.colcon_core.package_discovery:discover_packages(prefix_path) using defaults
[6.505s] Level 5:colcon.colcon_core.verb:set package 'project4' build argument 'cmake_args' from command line to 'None'
[6.505s] Level 5:colcon.colcon_core.verb:set package 'project4' build argument 'cmake_target' from command line to 'None'
[6.505s] Level 5:colcon.colcon_core.verb:set package 'project4' build argument 'cmake_target_skip_unavailable' from command line to 'False'
[6.505s] Level 5:colcon.colcon_core.verb:set package 'project4' build argument 'cmake_clean_cache' from command line to 'False'
[6.505s] Level 5:colcon.colcon_core.verb:set package 'project4' build argument 'cmake_clean_first' from command line to 'False'
[6.505s] Level 5:colcon.colcon_core.verb:set package 'project4' build argument 'cmake_force_configure' from command line to 'False'
[6.505s] Level 5:colcon.colcon_core.verb:set package 'project4' build argument 'ament_cmake_args' from command line to 'None'
[6.505s] Level 5:colcon.colcon_core.verb:set package 'project4' build argument 'catkin_cmake_args' from command line to 'None'
[6.505s] Level 5:colcon.colcon_core.verb:set package 'project4' build argument 'catkin_skip_building_tests' from command line to 'False'
[6.505s] DEBUG:colcon.colcon_core.verb:Building package 'project4' with the following arguments: {'ament_cmake_args': None, 'build_base': '/home/samuel/ros2_humble/CSCE452-samuel.fafel/project4_ws/build/project4', 'catkin_cmake_args': None, 'catkin_skip_building_tests': False, 'cmake_args': None, 'cmake_clean_cache': False, 'cmake_clean_first': False, 'cmake_force_configure': False, 'cmake_target': None, 'cmake_target_skip_unavailable': False, 'install_base': '/home/samuel/ros2_humble/CSCE452-samuel.fafel/project4_ws/install/project4', 'merge_install': False, 'path': '/home/samuel/ros2_humble/CSCE452-samuel.fafel/project4_ws/src/project4', 'symlink_install': False, 'test_result_base': None}
[6.535s] INFO:colcon.colcon_core.executor:Executing jobs using 'parallel' executor
[6.585s] DEBUG:colcon.colcon_parallel_executor.executor.parallel:run_until_complete
[6.585s] INFO:colcon.colcon_ros.task.ament_python.build:Building ROS package in '/home/samuel/ros2_humble/CSCE452-samuel.fafel/project4_ws/src/project4' with build type 'ament_python'
[6.586s] Level 1:colcon.colcon_core.shell:create_environment_hook('project4', 'ament_prefix_path')
[6.640s] INFO:colcon.colcon_core.plugin_system:Skipping extension 'colcon_core.shell.bat': Not used on non-Windows systems
[6.641s] INFO:colcon.colcon_core.shell:Creating environment hook '/home/samuel/ros2_humble/CSCE452-samuel.fafel/project4_ws/install/project4/share/project4/hook/ament_prefix_path.ps1'
[6.641s] INFO:colcon.colcon_core.shell:Creating environment descriptor '/home/samuel/ros2_humble/CSCE452-samuel.fafel/project4_ws/install/project4/share/project4/hook/ament_prefix_path.dsv'
[6.642s] INFO:colcon.colcon_core.shell:Creating environment hook '/home/samuel/ros2_humble/CSCE452-samuel.fafel/project4_ws/install/project4/share/project4/hook/ament_prefix_path.sh'
[6.681s] INFO:colcon.colcon_core.shell:Skip shell extension 'powershell' for command environment: Not usable outside of PowerShell
[6.681s] DEBUG:colcon.colcon_core.shell:Skip shell extension 'dsv' for command environment
[9.107s] INFO:colcon.colcon_core.task.python.build:Building Python package in '/home/samuel/ros2_humble/CSCE452-samuel.fafel/project4_ws/src/project4'
[9.148s] INFO:colcon.colcon_core.shell:Skip shell extension 'powershell' for command environment: Not usable outside of PowerShell
[9.148s] DEBUG:colcon.colcon_core.shell:Skip shell extension 'dsv' for command environment
[11.703s] DEBUG:colcon.colcon_core.event_handler.log_command:Invoking command in '/home/samuel/ros2_humble/CSCE452-samuel.fafel/project4_ws/src/project4': PYTHONPATH=/home/samuel/ros2_humble/CSCE452-samuel.fafel/project4_ws/build/project4/prefix_override:/home/samuel/ros2_humble/CSCE452-samuel.fafel/project4_ws/install/project4/lib/python3.10/site-packages:${PYTHONPATH} /usr/bin/python3 setup.py egg_info --egg-base ../../build/project4 build --build-base /home/samuel/ros2_humble/CSCE452-samuel.fafel/project4_ws/build/project4/build install --record /home/samuel/ros2_humble/CSCE452-samuel.fafel/project4_ws/build/project4/install.log --single-version-externally-managed
[12.585s] DEBUG:colcon.colcon_core.event_handler.log_command:Invoked command in '/home/samuel/ros2_humble/CSCE452-samuel.fafel/project4_ws/src/project4' returned '0': PYTHONPATH=/home/samuel/ros2_humble/CSCE452-samuel.fafel/project4_ws/build/project4/prefix_override:/home/samuel/ros2_humble/CSCE452-samuel.fafel/project4_ws/install/project4/lib/python3.10/site-packages:${PYTHONPATH} /usr/bin/python3 setup.py egg_info --egg-base ../../build/project4 build --build-base /home/samuel/ros2_humble/CSCE452-samuel.fafel/project4_ws/build/project4/build install --record /home/samuel/ros2_humble/CSCE452-samuel.fafel/project4_ws/build/project4/install.log --single-version-externally-managed
[12.652s] Level 1:colcon.colcon_core.environment:checking '/home/samuel/ros2_humble/CSCE452-samuel.fafel/project4_ws/install/project4' for CMake module files
[12.653s] Level 1:colcon.colcon_core.environment:checking '/home/samuel/ros2_humble/CSCE452-samuel.fafel/project4_ws/install/project4' for CMake config files
[12.654s] Level 1:colcon.colcon_core.environment:checking '/home/samuel/ros2_humble/CSCE452-samuel.fafel/project4_ws/install/project4/lib'
[12.655s] Level 1:colcon.colcon_core.environment:checking '/home/samuel/ros2_humble/CSCE452-samuel.fafel/project4_ws/install/project4/bin'
[12.655s] Level 1:colcon.colcon_core.environment:checking '/home/samuel/ros2_humble/CSCE452-samuel.fafel/project4_ws/install/project4/lib/pkgconfig/project4.pc'
[12.655s] Level 1:colcon.colcon_core.environment:checking '/home/samuel/ros2_humble/CSCE452-samuel.fafel/project4_ws/install/project4/lib/python3.10/site-packages'
[12.655s] Level 1:colcon.colcon_core.shell:create_environment_hook('project4', 'pythonpath')
[12.698s] INFO:colcon.colcon_core.shell:Creating environment hook '/home/samuel/ros2_humble/CSCE452-samuel.fafel/project4_ws/install/project4/share/project4/hook/pythonpath.ps1'
[12.699s] INFO:colcon.colcon_core.shell:Creating environment descriptor '/home/samuel/ros2_humble/CSCE452-samuel.fafel/project4_ws/install/project4/share/project4/hook/pythonpath.dsv'
[12.699s] INFO:colcon.colcon_core.shell:Creating environment hook '/home/samuel/ros2_humble/CSCE452-samuel.fafel/project4_ws/install/project4/share/project4/hook/pythonpath.sh'
[12.700s] Level 1:colcon.colcon_core.environment:checking '/home/samuel/ros2_humble/CSCE452-samuel.fafel/project4_ws/install/project4/bin'
[12.700s] Level 1:colcon.colcon_core.environment:create_environment_scripts_only(project4)
[12.733s] INFO:colcon.colcon_core.shell:Creating package script '/home/samuel/ros2_humble/CSCE452-samuel.fafel/project4_ws/install/project4/share/project4/package.ps1'
[12.734s] INFO:colcon.colcon_core.shell:Creating package descriptor '/home/samuel/ros2_humble/CSCE452-samuel.fafel/project4_ws/install/project4/share/project4/package.dsv'
[12.734s] INFO:colcon.colcon_core.shell:Creating package script '/home/samuel/ros2_humble/CSCE452-samuel.fafel/project4_ws/install/project4/share/project4/package.sh'
[12.735s] INFO:colcon.colcon_core.shell:Creating package script '/home/samuel/ros2_humble/CSCE452-samuel.fafel/project4_ws/install/project4/share/project4/package.bash'
[12.736s] INFO:colcon.colcon_core.shell:Creating package script '/home/samuel/ros2_humble/CSCE452-samuel.fafel/project4_ws/install/project4/share/project4/package.zsh'
[12.736s] Level 1:colcon.colcon_core.environment:create_file_with_runtime_dependencies(/home/samuel/ros2_humble/CSCE452-samuel.fafel/project4_ws/install/project4/share/colcon-core/packages/project4)
[12.737s] DEBUG:colcon.colcon_parallel_executor.executor.parallel:closing loop
[12.737s] DEBUG:colcon.colcon_parallel_executor.executor.parallel:loop closed
[12.737s] DEBUG:colcon.colcon_parallel_executor.executor.parallel:run_until_complete finished with '0'
[12.737s] DEBUG:colcon.colcon_core.event_reactor:joining thread
[12.816s] INFO:colcon.colcon_core.plugin_system:Skipping extension 'colcon_notification.desktop_notification.terminal_notifier': Not used on non-Darwin systems
[12.816s] INFO:colcon.colcon_core.plugin_system:Skipping extension 'colcon_notification.desktop_notification.win32': Not used on non-Windows systems
[12.816s] INFO:colcon.colcon_notification.desktop_notification:Sending desktop notification using 'notify2'
[12.827s] DEBUG:colcon.colcon_core.event_reactor:joined thread
[12.863s] INFO:colcon.colcon_core.shell:Creating prefix script '/home/samuel/ros2_humble/CSCE452-samuel.fafel/project4_ws/install/local_setup.ps1'
[12.864s] INFO:colcon.colcon_core.shell:Creating prefix util module '/home/samuel/ros2_humble/CSCE452-samuel.fafel/project4_ws/install/_local_setup_util_ps1.py'
[12.866s] INFO:colcon.colcon_core.shell:Creating prefix chain script '/home/samuel/ros2_humble/CSCE452-samuel.fafel/project4_ws/install/setup.ps1'
[12.936s] INFO:colcon.colcon_core.shell:Creating prefix script '/home/samuel/ros2_humble/CSCE452-samuel.fafel/project4_ws/install/local_setup.sh'
[12.938s] INFO:colcon.colcon_core.shell:Creating prefix util module '/home/samuel/ros2_humble/CSCE452-samuel.fafel/project4_ws/install/_local_setup_util_sh.py'
[12.939s] INFO:colcon.colcon_core.shell:Creating prefix chain script '/home/samuel/ros2_humble/CSCE452-samuel.fafel/project4_ws/install/setup.sh'
[12.988s] INFO:colcon.colcon_core.shell:Creating prefix script '/home/samuel/ros2_humble/CSCE452-samuel.fafel/project4_ws/install/local_setup.bash'
[12.988s] INFO:colcon.colcon_core.shell:Creating prefix chain script '/home/samuel/ros2_humble/CSCE452-samuel.fafel/project4_ws/install/setup.bash'
[13.071s] INFO:colcon.colcon_core.shell:Creating prefix script '/home/samuel/ros2_humble/CSCE452-samuel.fafel/project4_ws/install/local_setup.zsh'
[13.073s] INFO:colcon.colcon_core.shell:Creating prefix chain script '/home/samuel/ros2_humble/CSCE452-samuel.fafel/project4_ws/install/setup.zsh'
